2024-03-29 17:52:58,054 - ObjectDetectionLogger - INFO - Initialising the application
2024-03-29 17:52:58,054 - ObjectDetectionLogger - INFO - Output directory: '/home/aiden/Desktop/Github Repos/Sequre/data/output/2024-03-29/832db30e9c740df46284f9d4ff2b6a030031a1754785cc9c7f1ad1fe0f18ffdb'
2024-03-29 17:52:58,328 - ObjectDetectionLogger - INFO - Opening the video file..
2024-03-29 17:52:58,371 - ObjectDetectionLogger - INFO - Region of interest points loaded successfully. Num points: 5
2024-03-29 17:52:59,230 - ObjectDetectionLogger - INFO - 'truck' detected in the frame with confidence: 0.94
2024-03-29 17:52:59,231 - ObjectDetectionLogger - INFO - Grid coordinates of bounding box computed successfully
2024-03-29 17:52:59,231 - ObjectDetectionLogger - INFO - Percentage of points inside the ROI: 0.00%
2024-03-29 17:52:59,231 - ObjectDetectionLogger - INFO - 'person' detected in the frame with confidence: 0.48
2024-03-29 17:52:59,231 - ObjectDetectionLogger - INFO - Grid coordinates of bounding box computed successfully
2024-03-29 17:52:59,232 - ObjectDetectionLogger - INFO - Percentage of points inside the ROI: 0.00%
2024-03-29 17:52:59,232 - ObjectDetectionLogger - INFO - 'person' detected in the frame with confidence: 0.25
2024-03-29 17:52:59,232 - ObjectDetectionLogger - INFO - Grid coordinates of bounding box computed successfully
2024-03-29 17:52:59,232 - ObjectDetectionLogger - INFO - Percentage of points inside the ROI: 0.00%
2024-03-29 17:52:59,336 - ObjectDetectionLogger - INFO - 'truck' detected in the frame with confidence: 0.93
2024-03-29 17:52:59,336 - ObjectDetectionLogger - INFO - Grid coordinates of bounding box computed successfully
2024-03-29 17:52:59,336 - ObjectDetectionLogger - INFO - Percentage of points inside the ROI: 0.00%
2024-03-29 17:52:59,336 - ObjectDetectionLogger - INFO - 'person' detected in the frame with confidence: 0.63
2024-03-29 17:52:59,336 - ObjectDetectionLogger - INFO - Grid coordinates of bounding box computed successfully
2024-03-29 17:52:59,337 - ObjectDetectionLogger - INFO - Percentage of points inside the ROI: 0.00%
2024-03-29 17:52:59,337 - ObjectDetectionLogger - INFO - 'person' detected in the frame with confidence: 0.25
2024-03-29 17:52:59,337 - ObjectDetectionLogger - INFO - Grid coordinates of bounding box computed successfully
2024-03-29 17:52:59,337 - ObjectDetectionLogger - INFO - Percentage of points inside the ROI: 0.00%
2024-03-29 17:52:59,375 - ObjectDetectionLogger - INFO - 'truck' detected in the frame with confidence: 0.93
2024-03-29 17:52:59,375 - ObjectDetectionLogger - INFO - Grid coordinates of bounding box computed successfully
2024-03-29 17:52:59,376 - ObjectDetectionLogger - INFO - Percentage of points inside the ROI: 0.00%
2024-03-29 17:52:59,376 - ObjectDetectionLogger - INFO - 'person' detected in the frame with confidence: 0.68
2024-03-29 17:52:59,376 - ObjectDetectionLogger - INFO - Grid coordinates of bounding box computed successfully
2024-03-29 17:52:59,376 - ObjectDetectionLogger - INFO - Percentage of points inside the ROI: 0.00%
2024-03-29 17:52:59,376 - ObjectDetectionLogger - INFO - 'person' detected in the frame with confidence: 0.25
2024-03-29 17:52:59,377 - ObjectDetectionLogger - INFO - Grid coordinates of bounding box computed successfully
2024-03-29 17:52:59,377 - ObjectDetectionLogger - INFO - Percentage of points inside the ROI: 0.00%
2024-03-29 17:52:59,418 - ObjectDetectionLogger - INFO - 'truck' detected in the frame with confidence: 0.93
2024-03-29 17:52:59,418 - ObjectDetectionLogger - INFO - Grid coordinates of bounding box computed successfully
2024-03-29 17:52:59,419 - ObjectDetectionLogger - INFO - Percentage of points inside the ROI: 0.00%
2024-03-29 17:52:59,419 - ObjectDetectionLogger - INFO - 'person' detected in the frame with confidence: 0.38
2024-03-29 17:52:59,419 - ObjectDetectionLogger - INFO - Grid coordinates of bounding box computed successfully
2024-03-29 17:52:59,420 - ObjectDetectionLogger - INFO - Percentage of points inside the ROI: 0.00%
2024-03-29 17:52:59,420 - ObjectDetectionLogger - INFO - 'person' detected in the frame with confidence: 0.34
2024-03-29 17:52:59,420 - ObjectDetectionLogger - INFO - Grid coordinates of bounding box computed successfully
2024-03-29 17:52:59,420 - ObjectDetectionLogger - INFO - Percentage of points inside the ROI: 0.00%
2024-03-29 17:52:59,420 - ObjectDetectionLogger - INFO - 'person' detected in the frame with confidence: 0.26
2024-03-29 17:52:59,421 - ObjectDetectionLogger - INFO - Grid coordinates of bounding box computed successfully
2024-03-29 17:52:59,421 - ObjectDetectionLogger - INFO - Percentage of points inside the ROI: 0.00%
2024-03-29 17:52:59,460 - ObjectDetectionLogger - INFO - 'truck' detected in the frame with confidence: 0.93
2024-03-29 17:52:59,460 - ObjectDetectionLogger - INFO - Grid coordinates of bounding box computed successfully
2024-03-29 17:52:59,460 - ObjectDetectionLogger - INFO - Percentage of points inside the ROI: 0.00%
2024-03-29 17:52:59,460 - ObjectDetectionLogger - INFO - 'person' detected in the frame with confidence: 0.31
2024-03-29 17:52:59,461 - ObjectDetectionLogger - INFO - Grid coordinates of bounding box computed successfully
2024-03-29 17:52:59,461 - ObjectDetectionLogger - INFO - Percentage of points inside the ROI: 0.00%
2024-03-29 17:52:59,461 - ObjectDetectionLogger - INFO - 'person' detected in the frame with confidence: 0.25
2024-03-29 17:52:59,461 - ObjectDetectionLogger - INFO - Grid coordinates of bounding box computed successfully
2024-03-29 17:52:59,462 - ObjectDetectionLogger - INFO - Percentage of points inside the ROI: 0.00%
2024-03-29 17:52:59,498 - ObjectDetectionLogger - INFO - 'truck' detected in the frame with confidence: 0.93
2024-03-29 17:52:59,498 - ObjectDetectionLogger - INFO - Grid coordinates of bounding box computed successfully
2024-03-29 17:52:59,498 - ObjectDetectionLogger - INFO - Percentage of points inside the ROI: 0.00%
2024-03-29 17:52:59,498 - ObjectDetectionLogger - INFO - 'person' detected in the frame with confidence: 0.26
2024-03-29 17:52:59,499 - ObjectDetectionLogger - INFO - Grid coordinates of bounding box computed successfully
2024-03-29 17:52:59,499 - ObjectDetectionLogger - INFO - Percentage of points inside the ROI: 0.00%
2024-03-29 17:52:59,538 - ObjectDetectionLogger - INFO - 'truck' detected in the frame with confidence: 0.93
2024-03-29 17:52:59,538 - ObjectDetectionLogger - INFO - Grid coordinates of bounding box computed successfully
2024-03-29 17:52:59,538 - ObjectDetectionLogger - INFO - Percentage of points inside the ROI: 0.00%
2024-03-29 17:52:59,538 - ObjectDetectionLogger - INFO - 'person' detected in the frame with confidence: 0.25
2024-03-29 17:52:59,539 - ObjectDetectionLogger - INFO - Grid coordinates of bounding box computed successfully
2024-03-29 17:52:59,539 - ObjectDetectionLogger - INFO - Percentage of points inside the ROI: 0.00%
2024-03-29 17:52:59,576 - ObjectDetectionLogger - INFO - 'truck' detected in the frame with confidence: 0.94
2024-03-29 17:52:59,577 - ObjectDetectionLogger - INFO - Grid coordinates of bounding box computed successfully
2024-03-29 17:52:59,577 - ObjectDetectionLogger - INFO - Percentage of points inside the ROI: 0.00%
2024-03-29 17:52:59,616 - ObjectDetectionLogger - INFO - 'truck' detected in the frame with confidence: 0.93
2024-03-29 17:52:59,616 - ObjectDetectionLogger - INFO - Grid coordinates of bounding box computed successfully
2024-03-29 17:52:59,616 - ObjectDetectionLogger - INFO - Percentage of points inside the ROI: 0.00%
2024-03-29 17:52:59,617 - ObjectDetectionLogger - INFO - 'person' detected in the frame with confidence: 0.26
2024-03-29 17:52:59,617 - ObjectDetectionLogger - INFO - Grid coordinates of bounding box computed successfully
2024-03-29 17:52:59,617 - ObjectDetectionLogger - INFO - Percentage of points inside the ROI: 0.00%
2024-03-29 17:52:59,653 - ObjectDetectionLogger - INFO - 'truck' detected in the frame with confidence: 0.93
2024-03-29 17:52:59,653 - ObjectDetectionLogger - INFO - Grid coordinates of bounding box computed successfully
2024-03-29 17:52:59,653 - ObjectDetectionLogger - INFO - Percentage of points inside the ROI: 0.00%
2024-03-29 17:52:59,653 - ObjectDetectionLogger - INFO - 'person' detected in the frame with confidence: 0.26
2024-03-29 17:52:59,653 - ObjectDetectionLogger - INFO - Grid coordinates of bounding box computed successfully
2024-03-29 17:52:59,654 - ObjectDetectionLogger - INFO - Percentage of points inside the ROI: 0.00%
2024-03-29 17:52:59,696 - ObjectDetectionLogger - INFO - 'truck' detected in the frame with confidence: 0.92
2024-03-29 17:52:59,697 - ObjectDetectionLogger - INFO - Grid coordinates of bounding box computed successfully
2024-03-29 17:52:59,697 - ObjectDetectionLogger - INFO - Percentage of points inside the ROI: 0.00%
2024-03-29 17:52:59,697 - ObjectDetectionLogger - INFO - 'person' detected in the frame with confidence: 0.26
2024-03-29 17:52:59,697 - ObjectDetectionLogger - INFO - Grid coordinates of bounding box computed successfully
2024-03-29 17:52:59,698 - ObjectDetectionLogger - INFO - Percentage of points inside the ROI: 0.00%
2024-03-29 17:52:59,737 - ObjectDetectionLogger - INFO - 'truck' detected in the frame with confidence: 0.92
2024-03-29 17:52:59,738 - ObjectDetectionLogger - INFO - Grid coordinates of bounding box computed successfully
2024-03-29 17:52:59,738 - ObjectDetectionLogger - INFO - Percentage of points inside the ROI: 0.00%
2024-03-29 17:52:59,738 - ObjectDetectionLogger - INFO - 'person' detected in the frame with confidence: 0.26
2024-03-29 17:52:59,738 - ObjectDetectionLogger - INFO - Grid coordinates of bounding box computed successfully
2024-03-29 17:52:59,739 - ObjectDetectionLogger - INFO - Percentage of points inside the ROI: 0.00%
2024-03-29 17:52:59,779 - ObjectDetectionLogger - INFO - 'truck' detected in the frame with confidence: 0.93
2024-03-29 17:52:59,779 - ObjectDetectionLogger - INFO - Grid coordinates of bounding box computed successfully
2024-03-29 17:52:59,779 - ObjectDetectionLogger - INFO - Percentage of points inside the ROI: 0.00%
2024-03-29 17:52:59,779 - ObjectDetectionLogger - INFO - 'person' detected in the frame with confidence: 0.33
2024-03-29 17:52:59,780 - ObjectDetectionLogger - INFO - Grid coordinates of bounding box computed successfully
2024-03-29 17:52:59,780 - ObjectDetectionLogger - INFO - Percentage of points inside the ROI: 0.00%
2024-03-29 17:52:59,780 - ObjectDetectionLogger - INFO - 'person' detected in the frame with confidence: 0.26
2024-03-29 17:52:59,780 - ObjectDetectionLogger - INFO - Grid coordinates of bounding box computed successfully
2024-03-29 17:52:59,781 - ObjectDetectionLogger - INFO - Percentage of points inside the ROI: 0.00%
2024-03-29 17:52:59,821 - ObjectDetectionLogger - INFO - 'truck' detected in the frame with confidence: 0.92
2024-03-29 17:52:59,821 - ObjectDetectionLogger - INFO - Grid coordinates of bounding box computed successfully
2024-03-29 17:52:59,821 - ObjectDetectionLogger - INFO - Percentage of points inside the ROI: 0.00%
2024-03-29 17:52:59,821 - ObjectDetectionLogger - INFO - 'person' detected in the frame with confidence: 0.26
2024-03-29 17:52:59,822 - ObjectDetectionLogger - INFO - Grid coordinates of bounding box computed successfully
2024-03-29 17:52:59,822 - ObjectDetectionLogger - INFO - Percentage of points inside the ROI: 0.00%
2024-03-29 17:52:59,858 - ObjectDetectionLogger - INFO - 'truck' detected in the frame with confidence: 0.92
2024-03-29 17:52:59,858 - ObjectDetectionLogger - INFO - Grid coordinates of bounding box computed successfully
2024-03-29 17:52:59,858 - ObjectDetectionLogger - INFO - Percentage of points inside the ROI: 0.00%
2024-03-29 17:52:59,859 - ObjectDetectionLogger - INFO - 'person' detected in the frame with confidence: 0.31
2024-03-29 17:52:59,859 - ObjectDetectionLogger - INFO - Grid coordinates of bounding box computed successfully
2024-03-29 17:52:59,859 - ObjectDetectionLogger - INFO - Percentage of points inside the ROI: 0.00%
2024-03-29 17:52:59,859 - ObjectDetectionLogger - INFO - 'person' detected in the frame with confidence: 0.26
2024-03-29 17:52:59,859 - ObjectDetectionLogger - INFO - Grid coordinates of bounding box computed successfully
2024-03-29 17:52:59,860 - ObjectDetectionLogger - INFO - Percentage of points inside the ROI: 0.00%
2024-03-29 17:52:59,899 - ObjectDetectionLogger - INFO - 'truck' detected in the frame with confidence: 0.92
2024-03-29 17:52:59,900 - ObjectDetectionLogger - INFO - Grid coordinates of bounding box computed successfully
2024-03-29 17:52:59,900 - ObjectDetectionLogger - INFO - Percentage of points inside the ROI: 0.00%
2024-03-29 17:52:59,900 - ObjectDetectionLogger - INFO - 'person' detected in the frame with confidence: 0.34
2024-03-29 17:52:59,900 - ObjectDetectionLogger - INFO - Grid coordinates of bounding box computed successfully
2024-03-29 17:52:59,901 - ObjectDetectionLogger - INFO - Percentage of points inside the ROI: 0.00%
2024-03-29 17:52:59,901 - ObjectDetectionLogger - INFO - 'person' detected in the frame with confidence: 0.26
2024-03-29 17:52:59,901 - ObjectDetectionLogger - INFO - Grid coordinates of bounding box computed successfully
2024-03-29 17:52:59,901 - ObjectDetectionLogger - INFO - Percentage of points inside the ROI: 0.00%
2024-03-29 17:52:59,941 - ObjectDetectionLogger - INFO - 'truck' detected in the frame with confidence: 0.92
2024-03-29 17:52:59,942 - ObjectDetectionLogger - INFO - Grid coordinates of bounding box computed successfully
2024-03-29 17:52:59,943 - ObjectDetectionLogger - INFO - Percentage of points inside the ROI: 0.00%
2024-03-29 17:52:59,944 - ObjectDetectionLogger - INFO - 'person' detected in the frame with confidence: 0.53
2024-03-29 17:52:59,945 - ObjectDetectionLogger - INFO - Grid coordinates of bounding box computed successfully
2024-03-29 17:52:59,946 - ObjectDetectionLogger - INFO - Percentage of points inside the ROI: 0.00%
2024-03-29 17:52:59,946 - ObjectDetectionLogger - INFO - 'person' detected in the frame with confidence: 0.26
2024-03-29 17:52:59,946 - ObjectDetectionLogger - INFO - Grid coordinates of bounding box computed successfully
2024-03-29 17:52:59,947 - ObjectDetectionLogger - INFO - Percentage of points inside the ROI: 0.00%
2024-03-29 17:52:59,982 - ObjectDetectionLogger - INFO - 'truck' detected in the frame with confidence: 0.91
2024-03-29 17:52:59,982 - ObjectDetectionLogger - INFO - Grid coordinates of bounding box computed successfully
2024-03-29 17:52:59,982 - ObjectDetectionLogger - INFO - Percentage of points inside the ROI: 0.00%
2024-03-29 17:52:59,982 - ObjectDetectionLogger - INFO - 'person' detected in the frame with confidence: 0.58
2024-03-29 17:52:59,983 - ObjectDetectionLogger - INFO - Grid coordinates of bounding box computed successfully
2024-03-29 17:52:59,983 - ObjectDetectionLogger - INFO - Percentage of points inside the ROI: 0.00%
2024-03-29 17:52:59,983 - ObjectDetectionLogger - INFO - 'person' detected in the frame with confidence: 0.26
2024-03-29 17:52:59,983 - ObjectDetectionLogger - INFO - Grid coordinates of bounding box computed successfully
2024-03-29 17:52:59,983 - ObjectDetectionLogger - INFO - Percentage of points inside the ROI: 0.00%
2024-03-29 17:53:00,020 - ObjectDetectionLogger - INFO - 'truck' detected in the frame with confidence: 0.91
2024-03-29 17:53:00,020 - ObjectDetectionLogger - INFO - Grid coordinates of bounding box computed successfully
2024-03-29 17:53:00,021 - ObjectDetectionLogger - INFO - Percentage of points inside the ROI: 0.00%
2024-03-29 17:53:00,021 - ObjectDetectionLogger - INFO - 'person' detected in the frame with confidence: 0.72
2024-03-29 17:53:00,021 - ObjectDetectionLogger - INFO - Grid coordinates of bounding box computed successfully
2024-03-29 17:53:00,021 - ObjectDetectionLogger - INFO - Percentage of points inside the ROI: 0.00%
2024-03-29 17:53:00,021 - ObjectDetectionLogger - INFO - 'person' detected in the frame with confidence: 0.26
2024-03-29 17:53:00,021 - ObjectDetectionLogger - INFO - Grid coordinates of bounding box computed successfully
2024-03-29 17:53:00,022 - ObjectDetectionLogger - INFO - Percentage of points inside the ROI: 0.00%
2024-03-29 17:53:00,058 - ObjectDetectionLogger - INFO - 'truck' detected in the frame with confidence: 0.92
2024-03-29 17:53:00,058 - ObjectDetectionLogger - INFO - Grid coordinates of bounding box computed successfully
2024-03-29 17:53:00,058 - ObjectDetectionLogger - INFO - Percentage of points inside the ROI: 0.00%
2024-03-29 17:53:00,058 - ObjectDetectionLogger - INFO - 'person' detected in the frame with confidence: 0.76
2024-03-29 17:53:00,059 - ObjectDetectionLogger - INFO - Grid coordinates of bounding box computed successfully
2024-03-29 17:53:00,059 - ObjectDetectionLogger - INFO - Percentage of points inside the ROI: 0.00%
2024-03-29 17:53:00,059 - ObjectDetectionLogger - INFO - 'person' detected in the frame with confidence: 0.26
2024-03-29 17:53:00,059 - ObjectDetectionLogger - INFO - Grid coordinates of bounding box computed successfully
2024-03-29 17:53:00,059 - ObjectDetectionLogger - INFO - Percentage of points inside the ROI: 0.00%
2024-03-29 17:53:00,096 - ObjectDetectionLogger - INFO - 'truck' detected in the frame with confidence: 0.91
2024-03-29 17:53:00,097 - ObjectDetectionLogger - INFO - Grid coordinates of bounding box computed successfully
2024-03-29 17:53:00,097 - ObjectDetectionLogger - INFO - Percentage of points inside the ROI: 0.00%
2024-03-29 17:53:00,097 - ObjectDetectionLogger - INFO - 'person' detected in the frame with confidence: 0.76
2024-03-29 17:53:00,097 - ObjectDetectionLogger - INFO - Grid coordinates of bounding box computed successfully
2024-03-29 17:53:00,097 - ObjectDetectionLogger - INFO - Percentage of points inside the ROI: 0.00%
2024-03-29 17:53:00,098 - ObjectDetectionLogger - INFO - 'person' detected in the frame with confidence: 0.26
2024-03-29 17:53:00,098 - ObjectDetectionLogger - INFO - Grid coordinates of bounding box computed successfully
2024-03-29 17:53:00,098 - ObjectDetectionLogger - INFO - Percentage of points inside the ROI: 0.00%
2024-03-29 17:53:00,134 - ObjectDetectionLogger - INFO - 'truck' detected in the frame with confidence: 0.91
2024-03-29 17:53:00,135 - ObjectDetectionLogger - INFO - Grid coordinates of bounding box computed successfully
2024-03-29 17:53:00,135 - ObjectDetectionLogger - INFO - Percentage of points inside the ROI: 0.00%
2024-03-29 17:53:00,135 - ObjectDetectionLogger - INFO - 'person' detected in the frame with confidence: 0.77
2024-03-29 17:53:00,135 - ObjectDetectionLogger - INFO - Grid coordinates of bounding box computed successfully
2024-03-29 17:53:00,136 - ObjectDetectionLogger - INFO - Percentage of points inside the ROI: 0.00%
2024-03-29 17:53:00,136 - ObjectDetectionLogger - INFO - 'person' detected in the frame with confidence: 0.26
2024-03-29 17:53:00,136 - ObjectDetectionLogger - INFO - Grid coordinates of bounding box computed successfully
2024-03-29 17:53:00,136 - ObjectDetectionLogger - INFO - Percentage of points inside the ROI: 0.00%
2024-03-29 17:53:00,174 - ObjectDetectionLogger - INFO - 'truck' detected in the frame with confidence: 0.91
2024-03-29 17:53:00,174 - ObjectDetectionLogger - INFO - Grid coordinates of bounding box computed successfully
2024-03-29 17:53:00,174 - ObjectDetectionLogger - INFO - Percentage of points inside the ROI: 0.00%
2024-03-29 17:53:00,174 - ObjectDetectionLogger - INFO - 'person' detected in the frame with confidence: 0.79
2024-03-29 17:53:00,174 - ObjectDetectionLogger - INFO - Grid coordinates of bounding box computed successfully
2024-03-29 17:53:00,175 - ObjectDetectionLogger - INFO - Percentage of points inside the ROI: 0.00%
2024-03-29 17:53:00,175 - ObjectDetectionLogger - INFO - 'person' detected in the frame with confidence: 0.26
2024-03-29 17:53:00,175 - ObjectDetectionLogger - INFO - Grid coordinates of bounding box computed successfully
2024-03-29 17:53:00,175 - ObjectDetectionLogger - INFO - Percentage of points inside the ROI: 0.00%
2024-03-29 17:53:00,218 - ObjectDetectionLogger - INFO - 'truck' detected in the frame with confidence: 0.91
2024-03-29 17:53:00,218 - ObjectDetectionLogger - INFO - Grid coordinates of bounding box computed successfully
2024-03-29 17:53:00,218 - ObjectDetectionLogger - INFO - Percentage of points inside the ROI: 0.00%
2024-03-29 17:53:00,218 - ObjectDetectionLogger - INFO - 'person' detected in the frame with confidence: 0.73
2024-03-29 17:53:00,218 - ObjectDetectionLogger - INFO - Grid coordinates of bounding box computed successfully
2024-03-29 17:53:00,219 - ObjectDetectionLogger - INFO - Percentage of points inside the ROI: 0.00%
2024-03-29 17:53:00,219 - ObjectDetectionLogger - INFO - 'person' detected in the frame with confidence: 0.26
2024-03-29 17:53:00,219 - ObjectDetectionLogger - INFO - Grid coordinates of bounding box computed successfully
2024-03-29 17:53:00,219 - ObjectDetectionLogger - INFO - Percentage of points inside the ROI: 0.00%
2024-03-29 17:53:00,255 - ObjectDetectionLogger - INFO - 'truck' detected in the frame with confidence: 0.91
2024-03-29 17:53:00,255 - ObjectDetectionLogger - INFO - Grid coordinates of bounding box computed successfully
2024-03-29 17:53:00,255 - ObjectDetectionLogger - INFO - Percentage of points inside the ROI: 0.00%
2024-03-29 17:53:00,255 - ObjectDetectionLogger - INFO - 'person' detected in the frame with confidence: 0.72
2024-03-29 17:53:00,255 - ObjectDetectionLogger - INFO - Grid coordinates of bounding box computed successfully
2024-03-29 17:53:00,256 - ObjectDetectionLogger - INFO - Percentage of points inside the ROI: 0.00%
2024-03-29 17:53:00,256 - ObjectDetectionLogger - INFO - 'person' detected in the frame with confidence: 0.26
2024-03-29 17:53:00,256 - ObjectDetectionLogger - INFO - Grid coordinates of bounding box computed successfully
2024-03-29 17:53:00,256 - ObjectDetectionLogger - INFO - Percentage of points inside the ROI: 0.00%
2024-03-29 17:53:00,292 - ObjectDetectionLogger - INFO - 'truck' detected in the frame with confidence: 0.91
2024-03-29 17:53:00,292 - ObjectDetectionLogger - INFO - Grid coordinates of bounding box computed successfully
2024-03-29 17:53:00,292 - ObjectDetectionLogger - INFO - Percentage of points inside the ROI: 0.00%
2024-03-29 17:53:00,292 - ObjectDetectionLogger - INFO - 'person' detected in the frame with confidence: 0.77
2024-03-29 17:53:00,292 - ObjectDetectionLogger - INFO - Grid coordinates of bounding box computed successfully
2024-03-29 17:53:00,293 - ObjectDetectionLogger - INFO - Percentage of points inside the ROI: 0.00%
2024-03-29 17:53:00,293 - ObjectDetectionLogger - INFO - 'person' detected in the frame with confidence: 0.26
2024-03-29 17:53:00,293 - ObjectDetectionLogger - INFO - Grid coordinates of bounding box computed successfully
2024-03-29 17:53:00,293 - ObjectDetectionLogger - INFO - Percentage of points inside the ROI: 0.00%
2024-03-29 17:53:00,332 - ObjectDetectionLogger - INFO - 'truck' detected in the frame with confidence: 0.91
2024-03-29 17:53:00,332 - ObjectDetectionLogger - INFO - Grid coordinates of bounding box computed successfully
2024-03-29 17:53:00,333 - ObjectDetectionLogger - INFO - Percentage of points inside the ROI: 0.00%
2024-03-29 17:53:00,333 - ObjectDetectionLogger - INFO - 'person' detected in the frame with confidence: 0.77
2024-03-29 17:53:00,333 - ObjectDetectionLogger - INFO - Grid coordinates of bounding box computed successfully
2024-03-29 17:53:00,333 - ObjectDetectionLogger - INFO - Percentage of points inside the ROI: 0.00%
2024-03-29 17:53:00,334 - ObjectDetectionLogger - INFO - 'person' detected in the frame with confidence: 0.25
2024-03-29 17:53:00,334 - ObjectDetectionLogger - INFO - Grid coordinates of bounding box computed successfully
2024-03-29 17:53:00,334 - ObjectDetectionLogger - INFO - Percentage of points inside the ROI: 0.00%
2024-03-29 17:53:00,370 - ObjectDetectionLogger - INFO - 'truck' detected in the frame with confidence: 0.91
2024-03-29 17:53:00,370 - ObjectDetectionLogger - INFO - Grid coordinates of bounding box computed successfully
2024-03-29 17:53:00,370 - ObjectDetectionLogger - INFO - Percentage of points inside the ROI: 0.00%
2024-03-29 17:53:00,370 - ObjectDetectionLogger - INFO - 'person' detected in the frame with confidence: 0.80
2024-03-29 17:53:00,371 - ObjectDetectionLogger - INFO - Grid coordinates of bounding box computed successfully
2024-03-29 17:53:00,371 - ObjectDetectionLogger - INFO - Percentage of points inside the ROI: 0.00%
2024-03-29 17:53:00,371 - ObjectDetectionLogger - INFO - 'person' detected in the frame with confidence: 0.26
2024-03-29 17:53:00,371 - ObjectDetectionLogger - INFO - Grid coordinates of bounding box computed successfully
2024-03-29 17:53:00,372 - ObjectDetectionLogger - INFO - Percentage of points inside the ROI: 0.00%
2024-03-29 17:53:00,412 - ObjectDetectionLogger - INFO - 'truck' detected in the frame with confidence: 0.92
2024-03-29 17:53:00,412 - ObjectDetectionLogger - INFO - Grid coordinates of bounding box computed successfully
2024-03-29 17:53:00,412 - ObjectDetectionLogger - INFO - Percentage of points inside the ROI: 0.00%
2024-03-29 17:53:00,412 - ObjectDetectionLogger - INFO - 'person' detected in the frame with confidence: 0.80
2024-03-29 17:53:00,413 - ObjectDetectionLogger - INFO - Grid coordinates of bounding box computed successfully
2024-03-29 17:53:00,413 - ObjectDetectionLogger - INFO - Percentage of points inside the ROI: 0.00%
2024-03-29 17:53:00,413 - ObjectDetectionLogger - INFO - 'person' detected in the frame with confidence: 0.26
2024-03-29 17:53:00,414 - ObjectDetectionLogger - INFO - Grid coordinates of bounding box computed successfully
2024-03-29 17:53:00,414 - ObjectDetectionLogger - INFO - Percentage of points inside the ROI: 0.00%
2024-03-29 17:53:00,457 - ObjectDetectionLogger - INFO - 'truck' detected in the frame with confidence: 0.92
2024-03-29 17:53:00,458 - ObjectDetectionLogger - INFO - Grid coordinates of bounding box computed successfully
2024-03-29 17:53:00,458 - ObjectDetectionLogger - INFO - Percentage of points inside the ROI: 0.00%
2024-03-29 17:53:00,458 - ObjectDetectionLogger - INFO - 'person' detected in the frame with confidence: 0.77
2024-03-29 17:53:00,458 - ObjectDetectionLogger - INFO - Grid coordinates of bounding box computed successfully
2024-03-29 17:53:00,459 - ObjectDetectionLogger - INFO - Percentage of points inside the ROI: 0.00%
2024-03-29 17:53:00,459 - ObjectDetectionLogger - INFO - 'person' detected in the frame with confidence: 0.26
2024-03-29 17:53:00,459 - ObjectDetectionLogger - INFO - Grid coordinates of bounding box computed successfully
2024-03-29 17:53:00,459 - ObjectDetectionLogger - INFO - Percentage of points inside the ROI: 0.00%
2024-03-29 17:53:00,497 - ObjectDetectionLogger - INFO - 'truck' detected in the frame with confidence: 0.91
2024-03-29 17:53:00,497 - ObjectDetectionLogger - INFO - Grid coordinates of bounding box computed successfully
2024-03-29 17:53:00,498 - ObjectDetectionLogger - INFO - Percentage of points inside the ROI: 0.00%
2024-03-29 17:53:00,498 - ObjectDetectionLogger - INFO - 'person' detected in the frame with confidence: 0.76
2024-03-29 17:53:00,498 - ObjectDetectionLogger - INFO - Grid coordinates of bounding box computed successfully
2024-03-29 17:53:00,498 - ObjectDetectionLogger - INFO - Percentage of points inside the ROI: 0.00%
2024-03-29 17:53:00,498 - ObjectDetectionLogger - INFO - 'person' detected in the frame with confidence: 0.26
2024-03-29 17:53:00,499 - ObjectDetectionLogger - INFO - Grid coordinates of bounding box computed successfully
2024-03-29 17:53:00,499 - ObjectDetectionLogger - INFO - Percentage of points inside the ROI: 0.00%
2024-03-29 17:53:00,539 - ObjectDetectionLogger - INFO - 'truck' detected in the frame with confidence: 0.91
2024-03-29 17:53:00,539 - ObjectDetectionLogger - INFO - Grid coordinates of bounding box computed successfully
2024-03-29 17:53:00,539 - ObjectDetectionLogger - INFO - Percentage of points inside the ROI: 0.00%
2024-03-29 17:53:00,539 - ObjectDetectionLogger - INFO - 'person' detected in the frame with confidence: 0.70
2024-03-29 17:53:00,539 - ObjectDetectionLogger - INFO - Grid coordinates of bounding box computed successfully
2024-03-29 17:53:00,540 - ObjectDetectionLogger - INFO - Percentage of points inside the ROI: 0.00%
2024-03-29 17:53:00,540 - ObjectDetectionLogger - INFO - 'person' detected in the frame with confidence: 0.26
2024-03-29 17:53:00,540 - ObjectDetectionLogger - INFO - Grid coordinates of bounding box computed successfully
2024-03-29 17:53:00,540 - ObjectDetectionLogger - INFO - Percentage of points inside the ROI: 0.00%
2024-03-29 17:53:00,578 - ObjectDetectionLogger - INFO - 'truck' detected in the frame with confidence: 0.90
2024-03-29 17:53:00,579 - ObjectDetectionLogger - INFO - Grid coordinates of bounding box computed successfully
2024-03-29 17:53:00,579 - ObjectDetectionLogger - INFO - Percentage of points inside the ROI: 0.00%
2024-03-29 17:53:00,579 - ObjectDetectionLogger - INFO - 'person' detected in the frame with confidence: 0.68
2024-03-29 17:53:00,579 - ObjectDetectionLogger - INFO - Grid coordinates of bounding box computed successfully
2024-03-29 17:53:00,579 - ObjectDetectionLogger - INFO - Percentage of points inside the ROI: 0.00%
2024-03-29 17:53:00,580 - ObjectDetectionLogger - INFO - 'person' detected in the frame with confidence: 0.26
2024-03-29 17:53:00,580 - ObjectDetectionLogger - INFO - Grid coordinates of bounding box computed successfully
2024-03-29 17:53:00,580 - ObjectDetectionLogger - INFO - Percentage of points inside the ROI: 0.00%
2024-03-29 17:53:00,619 - ObjectDetectionLogger - INFO - 'truck' detected in the frame with confidence: 0.90
2024-03-29 17:53:00,619 - ObjectDetectionLogger - INFO - Grid coordinates of bounding box computed successfully
2024-03-29 17:53:00,620 - ObjectDetectionLogger - INFO - Percentage of points inside the ROI: 0.00%
2024-03-29 17:53:00,620 - ObjectDetectionLogger - INFO - 'person' detected in the frame with confidence: 0.59
2024-03-29 17:53:00,620 - ObjectDetectionLogger - INFO - Grid coordinates of bounding box computed successfully
2024-03-29 17:53:00,620 - ObjectDetectionLogger - INFO - Percentage of points inside the ROI: 0.00%
2024-03-29 17:53:00,620 - ObjectDetectionLogger - INFO - 'person' detected in the frame with confidence: 0.26
2024-03-29 17:53:00,620 - ObjectDetectionLogger - INFO - Grid coordinates of bounding box computed successfully
2024-03-29 17:53:00,621 - ObjectDetectionLogger - INFO - Percentage of points inside the ROI: 0.00%
2024-03-29 17:53:00,658 - ObjectDetectionLogger - INFO - 'truck' detected in the frame with confidence: 0.91
2024-03-29 17:53:00,658 - ObjectDetectionLogger - INFO - Grid coordinates of bounding box computed successfully
2024-03-29 17:53:00,658 - ObjectDetectionLogger - INFO - Percentage of points inside the ROI: 0.00%
2024-03-29 17:53:00,658 - ObjectDetectionLogger - INFO - 'person' detected in the frame with confidence: 0.61
2024-03-29 17:53:00,658 - ObjectDetectionLogger - INFO - Grid coordinates of bounding box computed successfully
2024-03-29 17:53:00,659 - ObjectDetectionLogger - INFO - Percentage of points inside the ROI: 0.00%
2024-03-29 17:53:00,659 - ObjectDetectionLogger - INFO - 'person' detected in the frame with confidence: 0.26
2024-03-29 17:53:00,659 - ObjectDetectionLogger - INFO - Grid coordinates of bounding box computed successfully
2024-03-29 17:53:00,659 - ObjectDetectionLogger - INFO - Percentage of points inside the ROI: 0.00%
2024-03-29 17:53:00,697 - ObjectDetectionLogger - INFO - 'truck' detected in the frame with confidence: 0.91
2024-03-29 17:53:00,698 - ObjectDetectionLogger - INFO - Grid coordinates of bounding box computed successfully
2024-03-29 17:53:00,698 - ObjectDetectionLogger - INFO - Percentage of points inside the ROI: 0.00%
2024-03-29 17:53:00,698 - ObjectDetectionLogger - INFO - 'person' detected in the frame with confidence: 0.62
2024-03-29 17:53:00,698 - ObjectDetectionLogger - INFO - Grid coordinates of bounding box computed successfully
2024-03-29 17:53:00,699 - ObjectDetectionLogger - INFO - Percentage of points inside the ROI: 0.00%
2024-03-29 17:53:00,699 - ObjectDetectionLogger - INFO - 'person' detected in the frame with confidence: 0.26
2024-03-29 17:53:00,699 - ObjectDetectionLogger - INFO - Grid coordinates of bounding box computed successfully
2024-03-29 17:53:00,699 - ObjectDetectionLogger - INFO - Percentage of points inside the ROI: 0.00%
2024-03-29 17:53:00,734 - ObjectDetectionLogger - INFO - 'truck' detected in the frame with confidence: 0.90
2024-03-29 17:53:00,734 - ObjectDetectionLogger - INFO - Grid coordinates of bounding box computed successfully
2024-03-29 17:53:00,735 - ObjectDetectionLogger - INFO - Percentage of points inside the ROI: 0.00%
2024-03-29 17:53:00,735 - ObjectDetectionLogger - INFO - 'person' detected in the frame with confidence: 0.58
2024-03-29 17:53:00,735 - ObjectDetectionLogger - INFO - Grid coordinates of bounding box computed successfully
2024-03-29 17:53:00,735 - ObjectDetectionLogger - INFO - Percentage of points inside the ROI: 0.00%
2024-03-29 17:53:00,735 - ObjectDetectionLogger - INFO - 'person' detected in the frame with confidence: 0.26
2024-03-29 17:53:00,735 - ObjectDetectionLogger - INFO - Grid coordinates of bounding box computed successfully
2024-03-29 17:53:00,736 - ObjectDetectionLogger - INFO - Percentage of points inside the ROI: 0.00%
2024-03-29 17:53:00,771 - ObjectDetectionLogger - INFO - 'truck' detected in the frame with confidence: 0.89
2024-03-29 17:53:00,771 - ObjectDetectionLogger - INFO - Grid coordinates of bounding box computed successfully
2024-03-29 17:53:00,772 - ObjectDetectionLogger - INFO - Percentage of points inside the ROI: 0.00%
2024-03-29 17:53:00,772 - ObjectDetectionLogger - INFO - 'person' detected in the frame with confidence: 0.43
2024-03-29 17:53:00,772 - ObjectDetectionLogger - INFO - Grid coordinates of bounding box computed successfully
2024-03-29 17:53:00,772 - ObjectDetectionLogger - INFO - Percentage of points inside the ROI: 0.00%
2024-03-29 17:53:00,772 - ObjectDetectionLogger - INFO - 'person' detected in the frame with confidence: 0.42
2024-03-29 17:53:00,773 - ObjectDetectionLogger - INFO - Grid coordinates of bounding box computed successfully
2024-03-29 17:53:00,773 - ObjectDetectionLogger - INFO - Percentage of points inside the ROI: 0.00%
2024-03-29 17:53:00,773 - ObjectDetectionLogger - INFO - 'person' detected in the frame with confidence: 0.26
2024-03-29 17:53:00,773 - ObjectDetectionLogger - INFO - Grid coordinates of bounding box computed successfully
2024-03-29 17:53:00,773 - ObjectDetectionLogger - INFO - Percentage of points inside the ROI: 0.00%
2024-03-29 17:53:00,809 - ObjectDetectionLogger - INFO - 'truck' detected in the frame with confidence: 0.91
2024-03-29 17:53:00,809 - ObjectDetectionLogger - INFO - Grid coordinates of bounding box computed successfully
2024-03-29 17:53:00,810 - ObjectDetectionLogger - INFO - Percentage of points inside the ROI: 0.00%
2024-03-29 17:53:00,810 - ObjectDetectionLogger - INFO - 'person' detected in the frame with confidence: 0.63
2024-03-29 17:53:00,810 - ObjectDetectionLogger - INFO - Grid coordinates of bounding box computed successfully
2024-03-29 17:53:00,810 - ObjectDetectionLogger - INFO - Percentage of points inside the ROI: 0.00%
2024-03-29 17:53:00,810 - ObjectDetectionLogger - INFO - 'person' detected in the frame with confidence: 0.35
2024-03-29 17:53:00,811 - ObjectDetectionLogger - INFO - Grid coordinates of bounding box computed successfully
2024-03-29 17:53:00,811 - ObjectDetectionLogger - INFO - Percentage of points inside the ROI: 0.00%
2024-03-29 17:53:00,811 - ObjectDetectionLogger - INFO - 'person' detected in the frame with confidence: 0.26
2024-03-29 17:53:00,811 - ObjectDetectionLogger - INFO - Grid coordinates of bounding box computed successfully
2024-03-29 17:53:00,811 - ObjectDetectionLogger - INFO - Percentage of points inside the ROI: 0.00%
2024-03-29 17:53:00,847 - ObjectDetectionLogger - INFO - 'truck' detected in the frame with confidence: 0.91
2024-03-29 17:53:00,847 - ObjectDetectionLogger - INFO - Grid coordinates of bounding box computed successfully
2024-03-29 17:53:00,848 - ObjectDetectionLogger - INFO - Percentage of points inside the ROI: 0.00%
2024-03-29 17:53:00,848 - ObjectDetectionLogger - INFO - 'person' detected in the frame with confidence: 0.63
2024-03-29 17:53:00,848 - ObjectDetectionLogger - INFO - Grid coordinates of bounding box computed successfully
2024-03-29 17:53:00,848 - ObjectDetectionLogger - INFO - Percentage of points inside the ROI: 0.00%
2024-03-29 17:53:00,848 - ObjectDetectionLogger - INFO - 'person' detected in the frame with confidence: 0.26
2024-03-29 17:53:00,848 - ObjectDetectionLogger - INFO - Grid coordinates of bounding box computed successfully
2024-03-29 17:53:00,849 - ObjectDetectionLogger - INFO - Percentage of points inside the ROI: 0.00%
2024-03-29 17:53:00,885 - ObjectDetectionLogger - INFO - 'truck' detected in the frame with confidence: 0.91
2024-03-29 17:53:00,885 - ObjectDetectionLogger - INFO - Grid coordinates of bounding box computed successfully
2024-03-29 17:53:00,885 - ObjectDetectionLogger - INFO - Percentage of points inside the ROI: 0.00%
2024-03-29 17:53:00,885 - ObjectDetectionLogger - INFO - 'person' detected in the frame with confidence: 0.63
2024-03-29 17:53:00,885 - ObjectDetectionLogger - INFO - Grid coordinates of bounding box computed successfully
2024-03-29 17:53:00,886 - ObjectDetectionLogger - INFO - Percentage of points inside the ROI: 0.00%
2024-03-29 17:53:00,886 - ObjectDetectionLogger - INFO - 'person' detected in the frame with confidence: 0.26
2024-03-29 17:53:00,886 - ObjectDetectionLogger - INFO - Grid coordinates of bounding box computed successfully
2024-03-29 17:53:00,886 - ObjectDetectionLogger - INFO - Percentage of points inside the ROI: 0.00%
2024-03-29 17:53:00,925 - ObjectDetectionLogger - INFO - 'truck' detected in the frame with confidence: 0.91
2024-03-29 17:53:00,925 - ObjectDetectionLogger - INFO - Grid coordinates of bounding box computed successfully
2024-03-29 17:53:00,926 - ObjectDetectionLogger - INFO - Percentage of points inside the ROI: 0.00%
2024-03-29 17:53:00,926 - ObjectDetectionLogger - INFO - 'person' detected in the frame with confidence: 0.67
2024-03-29 17:53:00,926 - ObjectDetectionLogger - INFO - Grid coordinates of bounding box computed successfully
2024-03-29 17:53:00,926 - ObjectDetectionLogger - INFO - Percentage of points inside the ROI: 0.00%
2024-03-29 17:53:00,926 - ObjectDetectionLogger - INFO - 'person' detected in the frame with confidence: 0.26
2024-03-29 17:53:00,926 - ObjectDetectionLogger - INFO - Grid coordinates of bounding box computed successfully
2024-03-29 17:53:00,927 - ObjectDetectionLogger - INFO - Percentage of points inside the ROI: 0.00%
2024-03-29 17:53:00,968 - ObjectDetectionLogger - INFO - 'truck' detected in the frame with confidence: 0.91
2024-03-29 17:53:00,969 - ObjectDetectionLogger - INFO - Grid coordinates of bounding box computed successfully
2024-03-29 17:53:00,969 - ObjectDetectionLogger - INFO - Percentage of points inside the ROI: 0.00%
2024-03-29 17:53:00,969 - ObjectDetectionLogger - INFO - 'person' detected in the frame with confidence: 0.69
2024-03-29 17:53:00,969 - ObjectDetectionLogger - INFO - Grid coordinates of bounding box computed successfully
2024-03-29 17:53:00,969 - ObjectDetectionLogger - INFO - Percentage of points inside the ROI: 0.00%
2024-03-29 17:53:00,970 - ObjectDetectionLogger - INFO - 'person' detected in the frame with confidence: 0.26
2024-03-29 17:53:00,970 - ObjectDetectionLogger - INFO - Grid coordinates of bounding box computed successfully
2024-03-29 17:53:00,970 - ObjectDetectionLogger - INFO - Percentage of points inside the ROI: 0.00%
2024-03-29 17:53:01,007 - ObjectDetectionLogger - INFO - 'truck' detected in the frame with confidence: 0.92
2024-03-29 17:53:01,008 - ObjectDetectionLogger - INFO - Grid coordinates of bounding box computed successfully
2024-03-29 17:53:01,008 - ObjectDetectionLogger - INFO - Percentage of points inside the ROI: 0.00%
2024-03-29 17:53:01,008 - ObjectDetectionLogger - INFO - 'person' detected in the frame with confidence: 0.73
2024-03-29 17:53:01,008 - ObjectDetectionLogger - INFO - Grid coordinates of bounding box computed successfully
2024-03-29 17:53:01,009 - ObjectDetectionLogger - INFO - Percentage of points inside the ROI: 0.00%
2024-03-29 17:53:01,009 - ObjectDetectionLogger - INFO - 'person' detected in the frame with confidence: 0.26
2024-03-29 17:53:01,009 - ObjectDetectionLogger - INFO - Grid coordinates of bounding box computed successfully
2024-03-29 17:53:01,009 - ObjectDetectionLogger - INFO - Percentage of points inside the ROI: 0.00%
2024-03-29 17:53:01,049 - ObjectDetectionLogger - INFO - 'truck' detected in the frame with confidence: 0.91
2024-03-29 17:53:01,050 - ObjectDetectionLogger - INFO - Grid coordinates of bounding box computed successfully
2024-03-29 17:53:01,050 - ObjectDetectionLogger - INFO - Percentage of points inside the ROI: 0.00%
2024-03-29 17:53:01,050 - ObjectDetectionLogger - INFO - 'person' detected in the frame with confidence: 0.71
2024-03-29 17:53:01,050 - ObjectDetectionLogger - INFO - Grid coordinates of bounding box computed successfully
2024-03-29 17:53:01,050 - ObjectDetectionLogger - INFO - Percentage of points inside the ROI: 0.00%
2024-03-29 17:53:01,051 - ObjectDetectionLogger - INFO - 'person' detected in the frame with confidence: 0.26
2024-03-29 17:53:01,051 - ObjectDetectionLogger - INFO - Grid coordinates of bounding box computed successfully
2024-03-29 17:53:01,051 - ObjectDetectionLogger - INFO - Percentage of points inside the ROI: 0.00%
2024-03-29 17:53:01,091 - ObjectDetectionLogger - INFO - 'truck' detected in the frame with confidence: 0.91
2024-03-29 17:53:01,091 - ObjectDetectionLogger - INFO - Grid coordinates of bounding box computed successfully
2024-03-29 17:53:01,092 - ObjectDetectionLogger - INFO - Percentage of points inside the ROI: 0.00%
2024-03-29 17:53:01,092 - ObjectDetectionLogger - INFO - 'person' detected in the frame with confidence: 0.70
2024-03-29 17:53:01,092 - ObjectDetectionLogger - INFO - Grid coordinates of bounding box computed successfully
2024-03-29 17:53:01,092 - ObjectDetectionLogger - INFO - Percentage of points inside the ROI: 0.00%
2024-03-29 17:53:01,092 - ObjectDetectionLogger - INFO - 'person' detected in the frame with confidence: 0.26
2024-03-29 17:53:01,092 - ObjectDetectionLogger - INFO - Grid coordinates of bounding box computed successfully
2024-03-29 17:53:01,093 - ObjectDetectionLogger - INFO - Percentage of points inside the ROI: 0.00%
2024-03-29 17:53:01,130 - ObjectDetectionLogger - INFO - 'truck' detected in the frame with confidence: 0.91
2024-03-29 17:53:01,130 - ObjectDetectionLogger - INFO - Grid coordinates of bounding box computed successfully
2024-03-29 17:53:01,130 - ObjectDetectionLogger - INFO - Percentage of points inside the ROI: 0.00%
2024-03-29 17:53:01,130 - ObjectDetectionLogger - INFO - 'person' detected in the frame with confidence: 0.68
2024-03-29 17:53:01,131 - ObjectDetectionLogger - INFO - Grid coordinates of bounding box computed successfully
2024-03-29 17:53:01,131 - ObjectDetectionLogger - INFO - Percentage of points inside the ROI: 0.00%
2024-03-29 17:53:01,131 - ObjectDetectionLogger - INFO - 'person' detected in the frame with confidence: 0.26
2024-03-29 17:53:01,131 - ObjectDetectionLogger - INFO - Grid coordinates of bounding box computed successfully
2024-03-29 17:53:01,132 - ObjectDetectionLogger - INFO - Percentage of points inside the ROI: 0.00%
2024-03-29 17:53:01,168 - ObjectDetectionLogger - INFO - 'truck' detected in the frame with confidence: 0.91
2024-03-29 17:53:01,169 - ObjectDetectionLogger - INFO - Grid coordinates of bounding box computed successfully
2024-03-29 17:53:01,169 - ObjectDetectionLogger - INFO - Percentage of points inside the ROI: 0.00%
2024-03-29 17:53:01,169 - ObjectDetectionLogger - INFO - 'person' detected in the frame with confidence: 0.63
2024-03-29 17:53:01,169 - ObjectDetectionLogger - INFO - Grid coordinates of bounding box computed successfully
2024-03-29 17:53:01,170 - ObjectDetectionLogger - INFO - Percentage of points inside the ROI: 0.00%
2024-03-29 17:53:01,170 - ObjectDetectionLogger - INFO - 'person' detected in the frame with confidence: 0.26
2024-03-29 17:53:01,170 - ObjectDetectionLogger - INFO - Grid coordinates of bounding box computed successfully
2024-03-29 17:53:01,170 - ObjectDetectionLogger - INFO - Percentage of points inside the ROI: 0.00%
2024-03-29 17:53:01,211 - ObjectDetectionLogger - INFO - 'truck' detected in the frame with confidence: 0.93
2024-03-29 17:53:01,211 - ObjectDetectionLogger - INFO - Grid coordinates of bounding box computed successfully
2024-03-29 17:53:01,212 - ObjectDetectionLogger - INFO - Percentage of points inside the ROI: 0.00%
2024-03-29 17:53:01,212 - ObjectDetectionLogger - INFO - 'person' detected in the frame with confidence: 0.52
2024-03-29 17:53:01,212 - ObjectDetectionLogger - INFO - Grid coordinates of bounding box computed successfully
2024-03-29 17:53:01,212 - ObjectDetectionLogger - INFO - Percentage of points inside the ROI: 0.00%
2024-03-29 17:53:01,212 - ObjectDetectionLogger - INFO - 'car' detected in the frame with confidence: 0.26
2024-03-29 17:53:01,213 - ObjectDetectionLogger - INFO - Grid coordinates of bounding box computed successfully
2024-03-29 17:53:01,213 - ObjectDetectionLogger - INFO - Percentage of points inside the ROI: 0.00%
2024-03-29 17:53:01,251 - ObjectDetectionLogger - INFO - 'truck' detected in the frame with confidence: 0.93
2024-03-29 17:53:01,252 - ObjectDetectionLogger - INFO - Grid coordinates of bounding box computed successfully
2024-03-29 17:53:01,252 - ObjectDetectionLogger - INFO - Percentage of points inside the ROI: 0.00%
2024-03-29 17:53:01,252 - ObjectDetectionLogger - INFO - 'person' detected in the frame with confidence: 0.34
2024-03-29 17:53:01,252 - ObjectDetectionLogger - INFO - Grid coordinates of bounding box computed successfully
2024-03-29 17:53:01,253 - ObjectDetectionLogger - INFO - Percentage of points inside the ROI: 0.00%
2024-03-29 17:53:01,253 - ObjectDetectionLogger - INFO - 'car' detected in the frame with confidence: 0.26
2024-03-29 17:53:01,253 - ObjectDetectionLogger - INFO - Grid coordinates of bounding box computed successfully
2024-03-29 17:53:01,253 - ObjectDetectionLogger - INFO - Percentage of points inside the ROI: 0.00%
2024-03-29 17:53:01,292 - ObjectDetectionLogger - INFO - 'truck' detected in the frame with confidence: 0.93
2024-03-29 17:53:01,293 - ObjectDetectionLogger - INFO - Grid coordinates of bounding box computed successfully
2024-03-29 17:53:01,293 - ObjectDetectionLogger - INFO - Percentage of points inside the ROI: 0.00%
2024-03-29 17:53:01,293 - ObjectDetectionLogger - INFO - 'person' detected in the frame with confidence: 0.55
2024-03-29 17:53:01,293 - ObjectDetectionLogger - INFO - Grid coordinates of bounding box computed successfully
2024-03-29 17:53:01,294 - ObjectDetectionLogger - INFO - Percentage of points inside the ROI: 0.00%
2024-03-29 17:53:01,294 - ObjectDetectionLogger - INFO - 'car' detected in the frame with confidence: 0.26
2024-03-29 17:53:01,294 - ObjectDetectionLogger - INFO - Grid coordinates of bounding box computed successfully
2024-03-29 17:53:01,294 - ObjectDetectionLogger - INFO - Percentage of points inside the ROI: 0.00%
2024-03-29 17:53:01,294 - ObjectDetectionLogger - INFO - 'car' detected in the frame with confidence: 0.26
2024-03-29 17:53:01,294 - ObjectDetectionLogger - INFO - Grid coordinates of bounding box computed successfully
2024-03-29 17:53:01,295 - ObjectDetectionLogger - INFO - Percentage of points inside the ROI: 0.00%
2024-03-29 17:53:01,332 - ObjectDetectionLogger - INFO - 'truck' detected in the frame with confidence: 0.93
2024-03-29 17:53:01,333 - ObjectDetectionLogger - INFO - Grid coordinates of bounding box computed successfully
2024-03-29 17:53:01,333 - ObjectDetectionLogger - INFO - Percentage of points inside the ROI: 0.00%
2024-03-29 17:53:01,333 - ObjectDetectionLogger - INFO - 'person' detected in the frame with confidence: 0.46
2024-03-29 17:53:01,333 - ObjectDetectionLogger - INFO - Grid coordinates of bounding box computed successfully
2024-03-29 17:53:01,333 - ObjectDetectionLogger - INFO - Percentage of points inside the ROI: 0.00%
2024-03-29 17:53:01,334 - ObjectDetectionLogger - INFO - 'car' detected in the frame with confidence: 0.39
2024-03-29 17:53:01,334 - ObjectDetectionLogger - INFO - Grid coordinates of bounding box computed successfully
2024-03-29 17:53:01,334 - ObjectDetectionLogger - INFO - Percentage of points inside the ROI: 0.00%
2024-03-29 17:53:01,334 - ObjectDetectionLogger - INFO - 'car' detected in the frame with confidence: 0.28
2024-03-29 17:53:01,334 - ObjectDetectionLogger - INFO - Grid coordinates of bounding box computed successfully
2024-03-29 17:53:01,335 - ObjectDetectionLogger - INFO - Percentage of points inside the ROI: 0.00%
2024-03-29 17:53:01,335 - ObjectDetectionLogger - INFO - 'car' detected in the frame with confidence: 0.27
2024-03-29 17:53:01,335 - ObjectDetectionLogger - INFO - Grid coordinates of bounding box computed successfully
2024-03-29 17:53:01,335 - ObjectDetectionLogger - INFO - Percentage of points inside the ROI: 0.00%
2024-03-29 17:53:01,372 - ObjectDetectionLogger - INFO - 'truck' detected in the frame with confidence: 0.92
2024-03-29 17:53:01,372 - ObjectDetectionLogger - INFO - Grid coordinates of bounding box computed successfully
2024-03-29 17:53:01,372 - ObjectDetectionLogger - INFO - Percentage of points inside the ROI: 0.00%
2024-03-29 17:53:01,373 - ObjectDetectionLogger - INFO - 'person' detected in the frame with confidence: 0.57
2024-03-29 17:53:01,373 - ObjectDetectionLogger - INFO - Grid coordinates of bounding box computed successfully
2024-03-29 17:53:01,373 - ObjectDetectionLogger - INFO - Percentage of points inside the ROI: 0.00%
2024-03-29 17:53:01,373 - ObjectDetectionLogger - INFO - 'car' detected in the frame with confidence: 0.43
2024-03-29 17:53:01,373 - ObjectDetectionLogger - INFO - Grid coordinates of bounding box computed successfully
2024-03-29 17:53:01,374 - ObjectDetectionLogger - INFO - Percentage of points inside the ROI: 0.00%
2024-03-29 17:53:01,374 - ObjectDetectionLogger - INFO - 'car' detected in the frame with confidence: 0.26
2024-03-29 17:53:01,374 - ObjectDetectionLogger - INFO - Grid coordinates of bounding box computed successfully
2024-03-29 17:53:01,374 - ObjectDetectionLogger - INFO - Percentage of points inside the ROI: 0.00%
2024-03-29 17:53:01,409 - ObjectDetectionLogger - INFO - 'truck' detected in the frame with confidence: 0.91
2024-03-29 17:53:01,409 - ObjectDetectionLogger - INFO - Grid coordinates of bounding box computed successfully
2024-03-29 17:53:01,409 - ObjectDetectionLogger - INFO - Percentage of points inside the ROI: 0.00%
2024-03-29 17:53:01,409 - ObjectDetectionLogger - INFO - 'person' detected in the frame with confidence: 0.52
2024-03-29 17:53:01,409 - ObjectDetectionLogger - INFO - Grid coordinates of bounding box computed successfully
2024-03-29 17:53:01,410 - ObjectDetectionLogger - INFO - Percentage of points inside the ROI: 0.00%
2024-03-29 17:53:01,410 - ObjectDetectionLogger - INFO - 'car' detected in the frame with confidence: 0.40
2024-03-29 17:53:01,410 - ObjectDetectionLogger - INFO - Grid coordinates of bounding box computed successfully
2024-03-29 17:53:01,410 - ObjectDetectionLogger - INFO - Percentage of points inside the ROI: 0.00%
2024-03-29 17:53:01,410 - ObjectDetectionLogger - INFO - 'car' detected in the frame with confidence: 0.36
2024-03-29 17:53:01,411 - ObjectDetectionLogger - INFO - Grid coordinates of bounding box computed successfully
2024-03-29 17:53:01,411 - ObjectDetectionLogger - INFO - Percentage of points inside the ROI: 0.00%
2024-03-29 17:53:01,411 - ObjectDetectionLogger - INFO - 'car' detected in the frame with confidence: 0.27
2024-03-29 17:53:01,411 - ObjectDetectionLogger - INFO - Grid coordinates of bounding box computed successfully
2024-03-29 17:53:01,411 - ObjectDetectionLogger - INFO - Percentage of points inside the ROI: 0.00%
2024-03-29 17:53:01,451 - ObjectDetectionLogger - INFO - 'truck' detected in the frame with confidence: 0.91
2024-03-29 17:53:01,451 - ObjectDetectionLogger - INFO - Grid coordinates of bounding box computed successfully
2024-03-29 17:53:01,451 - ObjectDetectionLogger - INFO - Percentage of points inside the ROI: 0.00%
2024-03-29 17:53:01,451 - ObjectDetectionLogger - INFO - 'person' detected in the frame with confidence: 0.62
2024-03-29 17:53:01,452 - ObjectDetectionLogger - INFO - Grid coordinates of bounding box computed successfully
2024-03-29 17:53:01,452 - ObjectDetectionLogger - INFO - Percentage of points inside the ROI: 0.00%
2024-03-29 17:53:01,452 - ObjectDetectionLogger - INFO - 'car' detected in the frame with confidence: 0.43
2024-03-29 17:53:01,452 - ObjectDetectionLogger - INFO - Grid coordinates of bounding box computed successfully
2024-03-29 17:53:01,452 - ObjectDetectionLogger - INFO - Percentage of points inside the ROI: 0.00%
2024-03-29 17:53:01,453 - ObjectDetectionLogger - INFO - 'car' detected in the frame with confidence: 0.38
2024-03-29 17:53:01,453 - ObjectDetectionLogger - INFO - Grid coordinates of bounding box computed successfully
2024-03-29 17:53:01,453 - ObjectDetectionLogger - INFO - Percentage of points inside the ROI: 0.00%
2024-03-29 17:53:01,453 - ObjectDetectionLogger - INFO - 'car' detected in the frame with confidence: 0.27
2024-03-29 17:53:01,453 - ObjectDetectionLogger - INFO - Grid coordinates of bounding box computed successfully
2024-03-29 17:53:01,454 - ObjectDetectionLogger - INFO - Percentage of points inside the ROI: 0.00%
2024-03-29 17:53:01,490 - ObjectDetectionLogger - INFO - 'truck' detected in the frame with confidence: 0.91
2024-03-29 17:53:01,490 - ObjectDetectionLogger - INFO - Grid coordinates of bounding box computed successfully
2024-03-29 17:53:01,490 - ObjectDetectionLogger - INFO - Percentage of points inside the ROI: 0.00%
2024-03-29 17:53:01,490 - ObjectDetectionLogger - INFO - 'person' detected in the frame with confidence: 0.65
2024-03-29 17:53:01,491 - ObjectDetectionLogger - INFO - Grid coordinates of bounding box computed successfully
2024-03-29 17:53:01,491 - ObjectDetectionLogger - INFO - Percentage of points inside the ROI: 0.00%
2024-03-29 17:53:01,491 - ObjectDetectionLogger - INFO - 'car' detected in the frame with confidence: 0.34
2024-03-29 17:53:01,491 - ObjectDetectionLogger - INFO - Grid coordinates of bounding box computed successfully
2024-03-29 17:53:01,491 - ObjectDetectionLogger - INFO - Percentage of points inside the ROI: 0.00%
2024-03-29 17:53:01,491 - ObjectDetectionLogger - INFO - 'car' detected in the frame with confidence: 0.33
2024-03-29 17:53:01,492 - ObjectDetectionLogger - INFO - Grid coordinates of bounding box computed successfully
2024-03-29 17:53:01,492 - ObjectDetectionLogger - INFO - Percentage of points inside the ROI: 0.00%
2024-03-29 17:53:01,492 - ObjectDetectionLogger - INFO - 'car' detected in the frame with confidence: 0.25
2024-03-29 17:53:01,492 - ObjectDetectionLogger - INFO - Grid coordinates of bounding box computed successfully
2024-03-29 17:53:01,492 - ObjectDetectionLogger - INFO - Percentage of points inside the ROI: 0.00%
2024-03-29 17:53:01,527 - ObjectDetectionLogger - INFO - 'truck' detected in the frame with confidence: 0.91
2024-03-29 17:53:01,527 - ObjectDetectionLogger - INFO - Grid coordinates of bounding box computed successfully
2024-03-29 17:53:01,528 - ObjectDetectionLogger - INFO - Percentage of points inside the ROI: 0.00%
2024-03-29 17:53:01,528 - ObjectDetectionLogger - INFO - 'person' detected in the frame with confidence: 0.73
2024-03-29 17:53:01,528 - ObjectDetectionLogger - INFO - Grid coordinates of bounding box computed successfully
2024-03-29 17:53:01,528 - ObjectDetectionLogger - INFO - Percentage of points inside the ROI: 0.00%
2024-03-29 17:53:01,528 - ObjectDetectionLogger - INFO - 'car' detected in the frame with confidence: 0.38
2024-03-29 17:53:01,528 - ObjectDetectionLogger - INFO - Grid coordinates of bounding box computed successfully
2024-03-29 17:53:01,529 - ObjectDetectionLogger - INFO - Percentage of points inside the ROI: 0.00%
2024-03-29 17:53:01,529 - ObjectDetectionLogger - INFO - 'car' detected in the frame with confidence: 0.28
2024-03-29 17:53:01,529 - ObjectDetectionLogger - INFO - Grid coordinates of bounding box computed successfully
2024-03-29 17:53:01,529 - ObjectDetectionLogger - INFO - Percentage of points inside the ROI: 0.00%
2024-03-29 17:53:01,574 - ObjectDetectionLogger - INFO - 'truck' detected in the frame with confidence: 0.90
2024-03-29 17:53:01,574 - ObjectDetectionLogger - INFO - Grid coordinates of bounding box computed successfully
2024-03-29 17:53:01,575 - ObjectDetectionLogger - INFO - Percentage of points inside the ROI: 0.00%
2024-03-29 17:53:01,575 - ObjectDetectionLogger - INFO - 'person' detected in the frame with confidence: 0.69
2024-03-29 17:53:01,575 - ObjectDetectionLogger - INFO - Grid coordinates of bounding box computed successfully
2024-03-29 17:53:01,575 - ObjectDetectionLogger - INFO - Percentage of points inside the ROI: 0.00%
2024-03-29 17:53:01,575 - ObjectDetectionLogger - INFO - 'car' detected in the frame with confidence: 0.50
2024-03-29 17:53:01,575 - ObjectDetectionLogger - INFO - Grid coordinates of bounding box computed successfully
2024-03-29 17:53:01,576 - ObjectDetectionLogger - INFO - Percentage of points inside the ROI: 0.00%
2024-03-29 17:53:01,576 - ObjectDetectionLogger - INFO - 'car' detected in the frame with confidence: 0.26
2024-03-29 17:53:01,576 - ObjectDetectionLogger - INFO - Grid coordinates of bounding box computed successfully
2024-03-29 17:53:01,576 - ObjectDetectionLogger - INFO - Percentage of points inside the ROI: 0.00%
2024-03-29 17:53:01,614 - ObjectDetectionLogger - INFO - 'truck' detected in the frame with confidence: 0.88
2024-03-29 17:53:01,614 - ObjectDetectionLogger - INFO - Grid coordinates of bounding box computed successfully
2024-03-29 17:53:01,614 - ObjectDetectionLogger - INFO - Percentage of points inside the ROI: 0.00%
2024-03-29 17:53:01,614 - ObjectDetectionLogger - INFO - 'person' detected in the frame with confidence: 0.66
2024-03-29 17:53:01,615 - ObjectDetectionLogger - INFO - Grid coordinates of bounding box computed successfully
2024-03-29 17:53:01,615 - ObjectDetectionLogger - INFO - Percentage of points inside the ROI: 0.00%
2024-03-29 17:53:01,615 - ObjectDetectionLogger - INFO - 'car' detected in the frame with confidence: 0.48
2024-03-29 17:53:01,615 - ObjectDetectionLogger - INFO - Grid coordinates of bounding box computed successfully
2024-03-29 17:53:01,615 - ObjectDetectionLogger - INFO - Percentage of points inside the ROI: 0.00%
2024-03-29 17:53:01,616 - ObjectDetectionLogger - INFO - 'car' detected in the frame with confidence: 0.27
2024-03-29 17:53:01,616 - ObjectDetectionLogger - INFO - Grid coordinates of bounding box computed successfully
2024-03-29 17:53:01,616 - ObjectDetectionLogger - INFO - Percentage of points inside the ROI: 0.00%
2024-03-29 17:53:01,651 - ObjectDetectionLogger - INFO - 'truck' detected in the frame with confidence: 0.89
2024-03-29 17:53:01,651 - ObjectDetectionLogger - INFO - Grid coordinates of bounding box computed successfully
2024-03-29 17:53:01,652 - ObjectDetectionLogger - INFO - Percentage of points inside the ROI: 0.00%
2024-03-29 17:53:01,652 - ObjectDetectionLogger - INFO - 'person' detected in the frame with confidence: 0.62
2024-03-29 17:53:01,652 - ObjectDetectionLogger - INFO - Grid coordinates of bounding box computed successfully
2024-03-29 17:53:01,652 - ObjectDetectionLogger - INFO - Percentage of points inside the ROI: 0.00%
2024-03-29 17:53:01,652 - ObjectDetectionLogger - INFO - 'car' detected in the frame with confidence: 0.45
2024-03-29 17:53:01,653 - ObjectDetectionLogger - INFO - Grid coordinates of bounding box computed successfully
2024-03-29 17:53:01,653 - ObjectDetectionLogger - INFO - Percentage of points inside the ROI: 0.00%
2024-03-29 17:53:01,689 - ObjectDetectionLogger - INFO - 'truck' detected in the frame with confidence: 0.89
2024-03-29 17:53:01,689 - ObjectDetectionLogger - INFO - Grid coordinates of bounding box computed successfully
2024-03-29 17:53:01,690 - ObjectDetectionLogger - INFO - Percentage of points inside the ROI: 0.00%
2024-03-29 17:53:01,691 - ObjectDetectionLogger - INFO - 'person' detected in the frame with confidence: 0.72
2024-03-29 17:53:01,692 - ObjectDetectionLogger - INFO - Grid coordinates of bounding box computed successfully
2024-03-29 17:53:01,692 - ObjectDetectionLogger - INFO - Percentage of points inside the ROI: 0.00%
2024-03-29 17:53:01,693 - ObjectDetectionLogger - INFO - 'car' detected in the frame with confidence: 0.51
2024-03-29 17:53:01,693 - ObjectDetectionLogger - INFO - Grid coordinates of bounding box computed successfully
2024-03-29 17:53:01,694 - ObjectDetectionLogger - INFO - Percentage of points inside the ROI: 0.00%
2024-03-29 17:53:01,732 - ObjectDetectionLogger - INFO - 'truck' detected in the frame with confidence: 0.89
2024-03-29 17:53:01,733 - ObjectDetectionLogger - INFO - Grid coordinates of bounding box computed successfully
2024-03-29 17:53:01,733 - ObjectDetectionLogger - INFO - Percentage of points inside the ROI: 0.00%
2024-03-29 17:53:01,733 - ObjectDetectionLogger - INFO - 'person' detected in the frame with confidence: 0.72
2024-03-29 17:53:01,733 - ObjectDetectionLogger - INFO - Grid coordinates of bounding box computed successfully
2024-03-29 17:53:01,734 - ObjectDetectionLogger - INFO - Percentage of points inside the ROI: 0.00%
2024-03-29 17:53:01,734 - ObjectDetectionLogger - INFO - 'car' detected in the frame with confidence: 0.48
2024-03-29 17:53:01,734 - ObjectDetectionLogger - INFO - Grid coordinates of bounding box computed successfully
2024-03-29 17:53:01,734 - ObjectDetectionLogger - INFO - Percentage of points inside the ROI: 0.00%
2024-03-29 17:53:01,770 - ObjectDetectionLogger - INFO - 'truck' detected in the frame with confidence: 0.86
2024-03-29 17:53:01,770 - ObjectDetectionLogger - INFO - Grid coordinates of bounding box computed successfully
2024-03-29 17:53:01,770 - ObjectDetectionLogger - INFO - Percentage of points inside the ROI: 0.00%
2024-03-29 17:53:01,770 - ObjectDetectionLogger - INFO - 'person' detected in the frame with confidence: 0.67
2024-03-29 17:53:01,770 - ObjectDetectionLogger - INFO - Grid coordinates of bounding box computed successfully
2024-03-29 17:53:01,771 - ObjectDetectionLogger - INFO - Percentage of points inside the ROI: 0.00%
2024-03-29 17:53:01,771 - ObjectDetectionLogger - INFO - 'car' detected in the frame with confidence: 0.43
2024-03-29 17:53:01,771 - ObjectDetectionLogger - INFO - Grid coordinates of bounding box computed successfully
2024-03-29 17:53:01,771 - ObjectDetectionLogger - INFO - Percentage of points inside the ROI: 0.00%
2024-03-29 17:53:01,771 - ObjectDetectionLogger - INFO - 'person' detected in the frame with confidence: 0.26
2024-03-29 17:53:01,772 - ObjectDetectionLogger - INFO - Grid coordinates of bounding box computed successfully
2024-03-29 17:53:01,772 - ObjectDetectionLogger - INFO - Percentage of points inside the ROI: 0.00%
2024-03-29 17:53:01,807 - ObjectDetectionLogger - INFO - 'truck' detected in the frame with confidence: 0.89
2024-03-29 17:53:01,807 - ObjectDetectionLogger - INFO - Grid coordinates of bounding box computed successfully
2024-03-29 17:53:01,808 - ObjectDetectionLogger - INFO - Percentage of points inside the ROI: 0.00%
2024-03-29 17:53:01,808 - ObjectDetectionLogger - INFO - 'person' detected in the frame with confidence: 0.74
2024-03-29 17:53:01,808 - ObjectDetectionLogger - INFO - Grid coordinates of bounding box computed successfully
2024-03-29 17:53:01,808 - ObjectDetectionLogger - INFO - Percentage of points inside the ROI: 0.00%
2024-03-29 17:53:01,808 - ObjectDetectionLogger - INFO - 'car' detected in the frame with confidence: 0.50
2024-03-29 17:53:01,808 - ObjectDetectionLogger - INFO - Grid coordinates of bounding box computed successfully
2024-03-29 17:53:01,809 - ObjectDetectionLogger - INFO - Percentage of points inside the ROI: 0.00%
2024-03-29 17:53:01,844 - ObjectDetectionLogger - INFO - 'truck' detected in the frame with confidence: 0.89
2024-03-29 17:53:01,844 - ObjectDetectionLogger - INFO - Grid coordinates of bounding box computed successfully
2024-03-29 17:53:01,844 - ObjectDetectionLogger - INFO - Percentage of points inside the ROI: 0.00%
2024-03-29 17:53:01,845 - ObjectDetectionLogger - INFO - 'person' detected in the frame with confidence: 0.71
2024-03-29 17:53:01,845 - ObjectDetectionLogger - INFO - Grid coordinates of bounding box computed successfully
2024-03-29 17:53:01,845 - ObjectDetectionLogger - INFO - Percentage of points inside the ROI: 0.00%
2024-03-29 17:53:01,845 - ObjectDetectionLogger - INFO - 'car' detected in the frame with confidence: 0.63
2024-03-29 17:53:01,845 - ObjectDetectionLogger - INFO - Grid coordinates of bounding box computed successfully
2024-03-29 17:53:01,846 - ObjectDetectionLogger - INFO - Percentage of points inside the ROI: 0.00%
2024-03-29 17:53:01,846 - ObjectDetectionLogger - INFO - 'traffic light' detected in the frame with confidence: 0.27
2024-03-29 17:53:01,846 - ObjectDetectionLogger - INFO - Grid coordinates of bounding box computed successfully
2024-03-29 17:53:01,846 - ObjectDetectionLogger - INFO - Percentage of points inside the ROI: 0.00%
2024-03-29 17:53:01,859 - ObjectDetectionLogger - INFO - Exiting the video processing..
2024-03-29 17:53:01,865 - ObjectDetectionLogger - INFO - Video processing completed
