2024-04-14 13:53:23,180 - ObjectDetectionLogger - INFO - Initialising the application
2024-04-14 13:53:23,181 - ObjectDetectionLogger - INFO - Output directory: 'C:\Users\aido\Desktop\Github Repos\Sequre\data\output\2024-04-14\7f7ff8144630be978f4da38238b5876800e3bcee3f78063edc231a70861cfb59'
2024-04-14 13:53:23,408 - ObjectDetectionLogger - INFO - Opening the video file..
2024-04-14 13:53:23,420 - ObjectDetectionLogger - INFO - Region of interest points loaded successfully. Num points: 8
2024-04-14 13:53:29,272 - ObjectDetectionLogger - INFO - 'car' detected in the frame with confidence: 0.76
2024-04-14 13:53:29,651 - ObjectDetectionLogger - INFO - Bounding box coordinates: tensor([4.2059e+02, 2.9445e-01, 4.8851e+02, 5.9549e+01])
2024-04-14 13:53:29,651 - ObjectDetectionLogger - INFO - Grid coordinates of bounding box computed successfully
2024-04-14 13:53:29,651 - ObjectDetectionLogger - INFO - Grid coordinates of bounding box computed successfully
2024-04-14 13:53:29,652 - ObjectDetectionLogger - INFO - Percentage of points inside the ROI: 0.00%
2024-04-14 13:53:29,652 - ObjectDetectionLogger - INFO - 'person' detected in the frame with confidence: 0.69
2024-04-14 13:53:29,653 - ObjectDetectionLogger - INFO - Bounding box coordinates: tensor([282.5490, 293.0264, 334.0182, 457.3082])
2024-04-14 13:53:29,664 - ObjectDetectionLogger - INFO - Grid coordinates of bounding box computed successfully
2024-04-14 13:53:29,671 - ObjectDetectionLogger - INFO - Grid coordinates of bounding box computed successfully
2024-04-14 13:53:29,678 - ObjectDetectionLogger - INFO - Percentage of points inside the ROI: 100.00%
2024-04-14 13:53:29,679 - ObjectDetectionLogger - INFO - 'person' detected inside the region of interest
2024-04-14 13:53:29,681 - ObjectDetectionLogger - INFO - 'motorcycle' detected in the frame with confidence: 0.33
2024-04-14 13:53:29,682 - ObjectDetectionLogger - INFO - Saving frame to: 'C:\Users\aido\Desktop\Github Repos\Sequre\data\output\2024-04-14\7f7ff8144630be978f4da38238b5876800e3bcee3f78063edc231a70861cfb59\person-2024-04-14-13:53:29.jpg'
2024-04-14 13:53:29,687 - ObjectDetectionLogger - INFO - Bounding box coordinates: tensor([  5.3354, 235.3467, 296.9272, 479.6258])
2024-04-14 13:53:29,690 - ObjectDetectionLogger - INFO - Grid coordinates of bounding box computed successfully
2024-04-14 13:53:29,691 - ObjectDetectionLogger - INFO - Grid coordinates of bounding box computed successfully
2024-04-14 13:53:29,692 - ObjectDetectionLogger - INFO - Percentage of points inside the ROI: 63.00%
2024-04-14 13:53:29,692 - ObjectDetectionLogger - INFO - 'motorcycle' detected inside the region of interest
2024-04-14 13:53:29,692 - ObjectDetectionLogger - INFO - Detected object class 'motorcycle' in ROI, though not in classes to monitor
2024-04-14 13:53:29,692 - ObjectDetectionLogger - INFO - 'motorcycle' detected in the frame with confidence: 0.28
2024-04-14 13:53:29,692 - ObjectDetectionLogger - INFO - Frame saved successfully
2024-04-14 13:53:29,693 - ObjectDetectionLogger - INFO - Bounding box coordinates: tensor([2.5226e-01, 8.3814e+01, 1.6441e+02, 3.3344e+02])
2024-04-14 13:53:29,693 - ObjectDetectionLogger - INFO - Grid coordinates of bounding box computed successfully
2024-04-14 13:53:29,694 - ObjectDetectionLogger - INFO - Grid coordinates of bounding box computed successfully
2024-04-14 13:53:29,694 - ObjectDetectionLogger - INFO - Percentage of points inside the ROI: 12.00%
2024-04-14 13:53:29,694 - ObjectDetectionLogger - INFO - 'motorcycle' detected inside the region of interest
2024-04-14 13:53:29,694 - ObjectDetectionLogger - INFO - Detected object class 'motorcycle' in ROI, though not in classes to monitor
2024-04-14 13:53:30,518 - ObjectDetectionLogger - INFO - 'car' detected in the frame with confidence: 0.78
2024-04-14 13:53:30,525 - ObjectDetectionLogger - INFO - Bounding box coordinates: tensor([4.1981e+02, 2.5807e-01, 4.8854e+02, 5.9522e+01])
2024-04-14 13:53:30,525 - ObjectDetectionLogger - INFO - Grid coordinates of bounding box computed successfully
2024-04-14 13:53:30,525 - ObjectDetectionLogger - INFO - Grid coordinates of bounding box computed successfully
2024-04-14 13:53:30,526 - ObjectDetectionLogger - INFO - Percentage of points inside the ROI: 0.00%
2024-04-14 13:53:30,526 - ObjectDetectionLogger - INFO - 'person' detected in the frame with confidence: 0.76
2024-04-14 13:53:30,527 - ObjectDetectionLogger - INFO - Bounding box coordinates: tensor([281.1234, 272.9792, 339.4239, 434.8827])
2024-04-14 13:53:30,527 - ObjectDetectionLogger - INFO - Grid coordinates of bounding box computed successfully
2024-04-14 13:53:30,528 - ObjectDetectionLogger - INFO - Grid coordinates of bounding box computed successfully
2024-04-14 13:53:30,528 - ObjectDetectionLogger - INFO - Percentage of points inside the ROI: 91.00%
2024-04-14 13:53:30,528 - ObjectDetectionLogger - INFO - 'person' detected inside the region of interest
2024-04-14 13:53:30,530 - ObjectDetectionLogger - INFO - 'car' detected in the frame with confidence: 0.68
2024-04-14 13:53:30,530 - ObjectDetectionLogger - INFO - Saving frame to: 'C:\Users\aido\Desktop\Github Repos\Sequre\data\output\2024-04-14\7f7ff8144630be978f4da38238b5876800e3bcee3f78063edc231a70861cfb59\person-2024-04-14-13:53:30.jpg'
2024-04-14 13:53:30,531 - ObjectDetectionLogger - INFO - Bounding box coordinates: tensor([ 43.3064, 235.4460, 294.0282, 479.6242])
2024-04-14 13:53:30,531 - ObjectDetectionLogger - INFO - Grid coordinates of bounding box computed successfully
2024-04-14 13:53:30,531 - ObjectDetectionLogger - INFO - Grid coordinates of bounding box computed successfully
2024-04-14 13:53:30,532 - ObjectDetectionLogger - INFO - Percentage of points inside the ROI: 70.00%
2024-04-14 13:53:30,532 - ObjectDetectionLogger - INFO - 'car' detected inside the region of interest
2024-04-14 13:53:30,534 - ObjectDetectionLogger - INFO - Frame saved successfully
2024-04-14 13:53:30,534 - ObjectDetectionLogger - INFO - 'motorcycle' detected in the frame with confidence: 0.32
2024-04-14 13:53:30,535 - ObjectDetectionLogger - INFO - Bounding box coordinates: tensor([2.6123e-01, 8.3859e+01, 1.6448e+02, 3.3406e+02])
2024-04-14 13:53:30,536 - ObjectDetectionLogger - INFO - Grid coordinates of bounding box computed successfully
2024-04-14 13:53:30,537 - ObjectDetectionLogger - INFO - Grid coordinates of bounding box computed successfully
2024-04-14 13:53:30,537 - ObjectDetectionLogger - INFO - Saving frame to: 'C:\Users\aido\Desktop\Github Repos\Sequre\data\output\2024-04-14\7f7ff8144630be978f4da38238b5876800e3bcee3f78063edc231a70861cfb59\car-2024-04-14-13:53:30.jpg'
2024-04-14 13:53:30,539 - ObjectDetectionLogger - INFO - Percentage of points inside the ROI: 12.00%
2024-04-14 13:53:30,549 - ObjectDetectionLogger - INFO - 'motorcycle' detected inside the region of interest
2024-04-14 13:53:30,549 - ObjectDetectionLogger - INFO - Detected object class 'motorcycle' in ROI, though not in classes to monitor
2024-04-14 13:53:30,551 - ObjectDetectionLogger - INFO - Frame saved successfully
2024-04-14 13:53:30,857 - ObjectDetectionLogger - INFO - 'car' detected in the frame with confidence: 0.81
2024-04-14 13:53:30,858 - ObjectDetectionLogger - INFO - Bounding box coordinates: tensor([4.1960e+02, 2.0801e-01, 4.8854e+02, 5.9436e+01])
2024-04-14 13:53:30,858 - ObjectDetectionLogger - INFO - Grid coordinates of bounding box computed successfully
2024-04-14 13:53:30,859 - ObjectDetectionLogger - INFO - Grid coordinates of bounding box computed successfully
2024-04-14 13:53:30,859 - ObjectDetectionLogger - INFO - Percentage of points inside the ROI: 0.00%
2024-04-14 13:53:30,859 - ObjectDetectionLogger - INFO - 'person' detected in the frame with confidence: 0.78
2024-04-14 13:53:30,860 - ObjectDetectionLogger - INFO - Bounding box coordinates: tensor([277.4532, 265.1371, 343.5742, 434.7123])
2024-04-14 13:53:30,860 - ObjectDetectionLogger - INFO - Grid coordinates of bounding box computed successfully
2024-04-14 13:53:30,861 - ObjectDetectionLogger - INFO - Grid coordinates of bounding box computed successfully
2024-04-14 13:53:30,861 - ObjectDetectionLogger - INFO - Percentage of points inside the ROI: 83.00%
2024-04-14 13:53:30,861 - ObjectDetectionLogger - INFO - 'person' detected inside the region of interest
2024-04-14 13:53:30,862 - ObjectDetectionLogger - INFO - 'car' detected in the frame with confidence: 0.72
2024-04-14 13:53:30,863 - ObjectDetectionLogger - INFO - Saving frame to: 'C:\Users\aido\Desktop\Github Repos\Sequre\data\output\2024-04-14\7f7ff8144630be978f4da38238b5876800e3bcee3f78063edc231a70861cfb59\person-2024-04-14-13:53:30.jpg'
2024-04-14 13:53:30,863 - ObjectDetectionLogger - INFO - Bounding box coordinates: tensor([ 38.3225, 234.9809, 292.7641, 479.6682])
2024-04-14 13:53:30,864 - ObjectDetectionLogger - INFO - Grid coordinates of bounding box computed successfully
2024-04-14 13:53:30,864 - ObjectDetectionLogger - INFO - Grid coordinates of bounding box computed successfully
2024-04-14 13:53:30,865 - ObjectDetectionLogger - INFO - Percentage of points inside the ROI: 69.00%
2024-04-14 13:53:30,865 - ObjectDetectionLogger - INFO - 'car' detected inside the region of interest
2024-04-14 13:53:30,866 - ObjectDetectionLogger - INFO - 'motorcycle' detected in the frame with confidence: 0.32
2024-04-14 13:53:30,866 - ObjectDetectionLogger - INFO - Frame saved successfully
2024-04-14 13:53:30,867 - ObjectDetectionLogger - INFO - Saving frame to: 'C:\Users\aido\Desktop\Github Repos\Sequre\data\output\2024-04-14\7f7ff8144630be978f4da38238b5876800e3bcee3f78063edc231a70861cfb59\car-2024-04-14-13:53:30.jpg'
2024-04-14 13:53:30,867 - ObjectDetectionLogger - INFO - Bounding box coordinates: tensor([2.7248e-01, 8.3600e+01, 1.6442e+02, 3.3393e+02])
2024-04-14 13:53:30,867 - ObjectDetectionLogger - INFO - Grid coordinates of bounding box computed successfully
2024-04-14 13:53:30,868 - ObjectDetectionLogger - INFO - Grid coordinates of bounding box computed successfully
2024-04-14 13:53:30,868 - ObjectDetectionLogger - INFO - Percentage of points inside the ROI: 12.00%
2024-04-14 13:53:30,868 - ObjectDetectionLogger - INFO - 'motorcycle' detected inside the region of interest
2024-04-14 13:53:30,869 - ObjectDetectionLogger - INFO - Detected object class 'motorcycle' in ROI, though not in classes to monitor
2024-04-14 13:53:30,869 - ObjectDetectionLogger - INFO - 'car' detected in the frame with confidence: 0.28
2024-04-14 13:53:30,869 - ObjectDetectionLogger - INFO - Bounding box coordinates: tensor([2.0055e-01, 8.3033e+01, 1.6420e+02, 3.3454e+02])
2024-04-14 13:53:30,870 - ObjectDetectionLogger - INFO - Grid coordinates of bounding box computed successfully
2024-04-14 13:53:30,870 - ObjectDetectionLogger - INFO - Grid coordinates of bounding box computed successfully
2024-04-14 13:53:30,870 - ObjectDetectionLogger - INFO - Frame saved successfully
2024-04-14 13:53:30,871 - ObjectDetectionLogger - INFO - Percentage of points inside the ROI: 12.00%
2024-04-14 13:53:30,871 - ObjectDetectionLogger - INFO - 'car' detected inside the region of interest
2024-04-14 13:53:30,873 - ObjectDetectionLogger - INFO - Saving frame to: 'C:\Users\aido\Desktop\Github Repos\Sequre\data\output\2024-04-14\7f7ff8144630be978f4da38238b5876800e3bcee3f78063edc231a70861cfb59\car-2024-04-14-13:53:30.jpg'
2024-04-14 13:53:30,876 - ObjectDetectionLogger - INFO - Frame saved successfully
2024-04-14 13:53:31,125 - ObjectDetectionLogger - INFO - 'car' detected in the frame with confidence: 0.82
2024-04-14 13:53:31,125 - ObjectDetectionLogger - INFO - Bounding box coordinates: tensor([ 46.3044, 235.4419, 297.5769, 479.6512])
2024-04-14 13:53:31,126 - ObjectDetectionLogger - INFO - Grid coordinates of bounding box computed successfully
2024-04-14 13:53:31,126 - ObjectDetectionLogger - INFO - Grid coordinates of bounding box computed successfully
2024-04-14 13:53:31,127 - ObjectDetectionLogger - INFO - Percentage of points inside the ROI: 70.00%
2024-04-14 13:53:31,127 - ObjectDetectionLogger - INFO - 'car' detected inside the region of interest
2024-04-14 13:53:31,128 - ObjectDetectionLogger - INFO - 'car' detected in the frame with confidence: 0.81
2024-04-14 13:53:31,129 - ObjectDetectionLogger - INFO - Saving frame to: 'C:\Users\aido\Desktop\Github Repos\Sequre\data\output\2024-04-14\7f7ff8144630be978f4da38238b5876800e3bcee3f78063edc231a70861cfb59\car-2024-04-14-13:53:31.jpg'
2024-04-14 13:53:31,129 - ObjectDetectionLogger - INFO - Bounding box coordinates: tensor([4.1937e+02, 1.9004e-01, 4.8851e+02, 5.9464e+01])
2024-04-14 13:53:31,130 - ObjectDetectionLogger - INFO - Grid coordinates of bounding box computed successfully
2024-04-14 13:53:31,130 - ObjectDetectionLogger - INFO - Grid coordinates of bounding box computed successfully
2024-04-14 13:53:31,131 - ObjectDetectionLogger - INFO - Percentage of points inside the ROI: 0.00%
2024-04-14 13:53:31,131 - ObjectDetectionLogger - INFO - 'person' detected in the frame with confidence: 0.75
2024-04-14 13:53:31,132 - ObjectDetectionLogger - INFO - Bounding box coordinates: tensor([279.7965, 249.7537, 347.0383, 428.3043])
2024-04-14 13:53:31,132 - ObjectDetectionLogger - INFO - Grid coordinates of bounding box computed successfully
2024-04-14 13:53:31,132 - ObjectDetectionLogger - INFO - Grid coordinates of bounding box computed successfully
2024-04-14 13:53:31,132 - ObjectDetectionLogger - INFO - Frame saved successfully
2024-04-14 13:53:31,133 - ObjectDetectionLogger - INFO - Percentage of points inside the ROI: 81.00%
2024-04-14 13:53:31,167 - ObjectDetectionLogger - INFO - 'person' detected inside the region of interest
2024-04-14 13:53:31,172 - ObjectDetectionLogger - INFO - 'car' detected in the frame with confidence: 0.41
2024-04-14 13:53:31,172 - ObjectDetectionLogger - INFO - Saving frame to: 'C:\Users\aido\Desktop\Github Repos\Sequre\data\output\2024-04-14\7f7ff8144630be978f4da38238b5876800e3bcee3f78063edc231a70861cfb59\person-2024-04-14-13:53:31.jpg'
2024-04-14 13:53:31,173 - ObjectDetectionLogger - INFO - Bounding box coordinates: tensor([1.9994e-01, 8.3093e+01, 1.6428e+02, 3.3472e+02])
2024-04-14 13:53:31,173 - ObjectDetectionLogger - INFO - Grid coordinates of bounding box computed successfully
2024-04-14 13:53:31,174 - ObjectDetectionLogger - INFO - Grid coordinates of bounding box computed successfully
2024-04-14 13:53:31,174 - ObjectDetectionLogger - INFO - Percentage of points inside the ROI: 12.00%
2024-04-14 13:53:31,176 - ObjectDetectionLogger - INFO - Frame saved successfully
2024-04-14 13:53:31,192 - ObjectDetectionLogger - INFO - 'car' detected inside the region of interest
2024-04-14 13:53:31,194 - ObjectDetectionLogger - INFO - Saving frame to: 'C:\Users\aido\Desktop\Github Repos\Sequre\data\output\2024-04-14\7f7ff8144630be978f4da38238b5876800e3bcee3f78063edc231a70861cfb59\car-2024-04-14-13:53:31.jpg'
2024-04-14 13:53:31,201 - ObjectDetectionLogger - INFO - Frame saved successfully
2024-04-14 13:53:31,473 - ObjectDetectionLogger - INFO - 'car' detected in the frame with confidence: 0.82
2024-04-14 13:53:31,477 - ObjectDetectionLogger - INFO - Bounding box coordinates: tensor([4.1908e+02, 1.8940e-01, 4.8850e+02, 5.9448e+01])
2024-04-14 13:53:31,511 - ObjectDetectionLogger - INFO - Grid coordinates of bounding box computed successfully
2024-04-14 13:53:31,511 - ObjectDetectionLogger - INFO - Grid coordinates of bounding box computed successfully
2024-04-14 13:53:31,512 - ObjectDetectionLogger - INFO - Percentage of points inside the ROI: 0.00%
2024-04-14 13:53:31,512 - ObjectDetectionLogger - INFO - 'car' detected in the frame with confidence: 0.81
2024-04-14 13:53:31,515 - ObjectDetectionLogger - INFO - Bounding box coordinates: tensor([ 46.7354, 235.6117, 293.1809, 479.6224])
2024-04-14 13:53:31,518 - ObjectDetectionLogger - INFO - Grid coordinates of bounding box computed successfully
2024-04-14 13:53:31,525 - ObjectDetectionLogger - INFO - Grid coordinates of bounding box computed successfully
2024-04-14 13:53:31,531 - ObjectDetectionLogger - INFO - Percentage of points inside the ROI: 70.00%
2024-04-14 13:53:31,533 - ObjectDetectionLogger - INFO - 'car' detected inside the region of interest
2024-04-14 13:53:31,536 - ObjectDetectionLogger - INFO - 'person' detected in the frame with confidence: 0.77
2024-04-14 13:53:31,537 - ObjectDetectionLogger - INFO - Bounding box coordinates: tensor([286.0180, 239.7077, 347.8318, 408.6148])
2024-04-14 13:53:31,538 - ObjectDetectionLogger - INFO - Grid coordinates of bounding box computed successfully
2024-04-14 13:53:31,539 - ObjectDetectionLogger - INFO - Grid coordinates of bounding box computed successfully
2024-04-14 13:53:31,539 - ObjectDetectionLogger - INFO - Percentage of points inside the ROI: 71.00%
2024-04-14 13:53:31,539 - ObjectDetectionLogger - INFO - 'person' detected inside the region of interest
2024-04-14 13:53:31,540 - ObjectDetectionLogger - INFO - Saving frame to: 'C:\Users\aido\Desktop\Github Repos\Sequre\data\output\2024-04-14\7f7ff8144630be978f4da38238b5876800e3bcee3f78063edc231a70861cfb59\car-2024-04-14-13:53:31.jpg'
2024-04-14 13:53:31,543 - ObjectDetectionLogger - INFO - Frame saved successfully
2024-04-14 13:53:31,544 - ObjectDetectionLogger - INFO - 'car' detected in the frame with confidence: 0.41
2024-04-14 13:53:31,545 - ObjectDetectionLogger - INFO - Bounding box coordinates: tensor([2.0454e-01, 8.3065e+01, 1.6442e+02, 3.3540e+02])
2024-04-14 13:53:31,546 - ObjectDetectionLogger - INFO - Saving frame to: 'C:\Users\aido\Desktop\Github Repos\Sequre\data\output\2024-04-14\7f7ff8144630be978f4da38238b5876800e3bcee3f78063edc231a70861cfb59\person-2024-04-14-13:53:31.jpg'
2024-04-14 13:53:31,546 - ObjectDetectionLogger - INFO - Grid coordinates of bounding box computed successfully
2024-04-14 13:53:31,547 - ObjectDetectionLogger - INFO - Grid coordinates of bounding box computed successfully
2024-04-14 13:53:31,547 - ObjectDetectionLogger - INFO - Percentage of points inside the ROI: 12.00%
2024-04-14 13:53:31,547 - ObjectDetectionLogger - INFO - 'car' detected inside the region of interest
2024-04-14 13:53:31,552 - ObjectDetectionLogger - INFO - Frame saved successfully
2024-04-14 13:53:31,555 - ObjectDetectionLogger - INFO - Saving frame to: 'C:\Users\aido\Desktop\Github Repos\Sequre\data\output\2024-04-14\7f7ff8144630be978f4da38238b5876800e3bcee3f78063edc231a70861cfb59\car-2024-04-14-13:53:31.jpg'
2024-04-14 13:53:31,562 - ObjectDetectionLogger - INFO - Frame saved successfully
2024-04-14 13:53:31,794 - ObjectDetectionLogger - INFO - 'person' detected in the frame with confidence: 0.86
2024-04-14 13:53:31,818 - ObjectDetectionLogger - INFO - Bounding box coordinates: tensor([285.9364, 219.7557, 348.3856, 376.8787])
2024-04-14 13:53:31,822 - ObjectDetectionLogger - INFO - Grid coordinates of bounding box computed successfully
2024-04-14 13:53:31,828 - ObjectDetectionLogger - INFO - Grid coordinates of bounding box computed successfully
2024-04-14 13:53:31,830 - ObjectDetectionLogger - INFO - Percentage of points inside the ROI: 60.00%
2024-04-14 13:53:31,831 - ObjectDetectionLogger - INFO - 'person' detected inside the region of interest
2024-04-14 13:53:31,833 - ObjectDetectionLogger - INFO - 'car' detected in the frame with confidence: 0.83
2024-04-14 13:53:31,835 - ObjectDetectionLogger - INFO - Saving frame to: 'C:\Users\aido\Desktop\Github Repos\Sequre\data\output\2024-04-14\7f7ff8144630be978f4da38238b5876800e3bcee3f78063edc231a70861cfb59\person-2024-04-14-13:53:31.jpg'
2024-04-14 13:53:31,837 - ObjectDetectionLogger - INFO - Bounding box coordinates: tensor([4.1903e+02, 1.8703e-01, 4.8850e+02, 5.9576e+01])
2024-04-14 13:53:31,838 - ObjectDetectionLogger - INFO - Grid coordinates of bounding box computed successfully
2024-04-14 13:53:31,839 - ObjectDetectionLogger - INFO - Grid coordinates of bounding box computed successfully
2024-04-14 13:53:31,839 - ObjectDetectionLogger - INFO - Percentage of points inside the ROI: 0.00%
2024-04-14 13:53:31,839 - ObjectDetectionLogger - INFO - 'car' detected in the frame with confidence: 0.77
2024-04-14 13:53:31,840 - ObjectDetectionLogger - INFO - Frame saved successfully
2024-04-14 13:53:31,840 - ObjectDetectionLogger - INFO - Bounding box coordinates: tensor([ 45.4836, 235.4657, 299.6244, 479.5743])
2024-04-14 13:53:31,840 - ObjectDetectionLogger - INFO - Grid coordinates of bounding box computed successfully
2024-04-14 13:53:31,841 - ObjectDetectionLogger - INFO - Grid coordinates of bounding box computed successfully
2024-04-14 13:53:31,841 - ObjectDetectionLogger - INFO - Percentage of points inside the ROI: 69.00%
2024-04-14 13:53:31,841 - ObjectDetectionLogger - INFO - 'car' detected inside the region of interest
2024-04-14 13:53:31,842 - ObjectDetectionLogger - INFO - 'car' detected in the frame with confidence: 0.36
2024-04-14 13:53:31,843 - ObjectDetectionLogger - INFO - Bounding box coordinates: tensor([2.0189e-01, 8.3086e+01, 1.6422e+02, 3.3521e+02])
2024-04-14 13:53:31,843 - ObjectDetectionLogger - INFO - Grid coordinates of bounding box computed successfully
2024-04-14 13:53:31,843 - ObjectDetectionLogger - INFO - Saving frame to: 'C:\Users\aido\Desktop\Github Repos\Sequre\data\output\2024-04-14\7f7ff8144630be978f4da38238b5876800e3bcee3f78063edc231a70861cfb59\car-2024-04-14-13:53:31.jpg'
2024-04-14 13:53:31,844 - ObjectDetectionLogger - INFO - Grid coordinates of bounding box computed successfully
2024-04-14 13:53:31,844 - ObjectDetectionLogger - INFO - Percentage of points inside the ROI: 12.00%
2024-04-14 13:53:31,844 - ObjectDetectionLogger - INFO - 'car' detected inside the region of interest
2024-04-14 13:53:31,845 - ObjectDetectionLogger - INFO - Saving frame to: 'C:\Users\aido\Desktop\Github Repos\Sequre\data\output\2024-04-14\7f7ff8144630be978f4da38238b5876800e3bcee3f78063edc231a70861cfb59\car-2024-04-14-13:53:31.jpg'
2024-04-14 13:53:31,846 - ObjectDetectionLogger - INFO - Frame saved successfully
2024-04-14 13:53:31,848 - ObjectDetectionLogger - INFO - Frame saved successfully
2024-04-14 13:53:32,070 - ObjectDetectionLogger - INFO - 'person' detected in the frame with confidence: 0.87
2024-04-14 13:53:32,071 - ObjectDetectionLogger - INFO - Bounding box coordinates: tensor([285.8906, 212.1642, 347.5963, 373.6469])
2024-04-14 13:53:32,071 - ObjectDetectionLogger - INFO - Grid coordinates of bounding box computed successfully
2024-04-14 13:53:32,072 - ObjectDetectionLogger - INFO - Grid coordinates of bounding box computed successfully
2024-04-14 13:53:32,072 - ObjectDetectionLogger - INFO - Percentage of points inside the ROI: 52.00%
2024-04-14 13:53:32,072 - ObjectDetectionLogger - INFO - 'person' detected inside the region of interest
2024-04-14 13:53:32,073 - ObjectDetectionLogger - INFO - 'car' detected in the frame with confidence: 0.83
2024-04-14 13:53:32,074 - ObjectDetectionLogger - INFO - Bounding box coordinates: tensor([4.1908e+02, 1.9518e-01, 4.8846e+02, 5.9578e+01])
2024-04-14 13:53:32,075 - ObjectDetectionLogger - INFO - Grid coordinates of bounding box computed successfully
2024-04-14 13:53:32,075 - ObjectDetectionLogger - INFO - Saving frame to: 'C:\Users\aido\Desktop\Github Repos\Sequre\data\output\2024-04-14\7f7ff8144630be978f4da38238b5876800e3bcee3f78063edc231a70861cfb59\person-2024-04-14-13:53:32.jpg'
2024-04-14 13:53:32,075 - ObjectDetectionLogger - INFO - Grid coordinates of bounding box computed successfully
2024-04-14 13:53:32,076 - ObjectDetectionLogger - INFO - Percentage of points inside the ROI: 0.00%
2024-04-14 13:53:32,076 - ObjectDetectionLogger - INFO - 'car' detected in the frame with confidence: 0.76
2024-04-14 13:53:32,076 - ObjectDetectionLogger - INFO - Bounding box coordinates: tensor([ 45.2056, 235.4602, 301.6589, 479.5692])
2024-04-14 13:53:32,077 - ObjectDetectionLogger - INFO - Grid coordinates of bounding box computed successfully
2024-04-14 13:53:32,077 - ObjectDetectionLogger - INFO - Grid coordinates of bounding box computed successfully
2024-04-14 13:53:32,078 - ObjectDetectionLogger - INFO - Percentage of points inside the ROI: 68.00%
2024-04-14 13:53:32,078 - ObjectDetectionLogger - INFO - 'car' detected inside the region of interest
2024-04-14 13:53:32,088 - ObjectDetectionLogger - INFO - Frame saved successfully
2024-04-14 13:53:32,088 - ObjectDetectionLogger - INFO - 'car' detected in the frame with confidence: 0.40
2024-04-14 13:53:32,089 - ObjectDetectionLogger - INFO - Bounding box coordinates: tensor([1.8773e-01, 8.3114e+01, 1.6414e+02, 3.3524e+02])
2024-04-14 13:53:32,090 - ObjectDetectionLogger - INFO - Grid coordinates of bounding box computed successfully
2024-04-14 13:53:32,091 - ObjectDetectionLogger - INFO - Grid coordinates of bounding box computed successfully
2024-04-14 13:53:32,091 - ObjectDetectionLogger - INFO - Saving frame to: 'C:\Users\aido\Desktop\Github Repos\Sequre\data\output\2024-04-14\7f7ff8144630be978f4da38238b5876800e3bcee3f78063edc231a70861cfb59\car-2024-04-14-13:53:32.jpg'
2024-04-14 13:53:32,093 - ObjectDetectionLogger - INFO - Percentage of points inside the ROI: 12.00%
2024-04-14 13:53:32,093 - ObjectDetectionLogger - INFO - 'car' detected inside the region of interest
2024-04-14 13:53:32,095 - ObjectDetectionLogger - INFO - Saving frame to: 'C:\Users\aido\Desktop\Github Repos\Sequre\data\output\2024-04-14\7f7ff8144630be978f4da38238b5876800e3bcee3f78063edc231a70861cfb59\car-2024-04-14-13:53:32.jpg'
2024-04-14 13:53:32,098 - ObjectDetectionLogger - INFO - Frame saved successfully
2024-04-14 13:53:32,101 - ObjectDetectionLogger - INFO - Frame saved successfully
2024-04-14 13:53:32,330 - ObjectDetectionLogger - INFO - 'person' detected in the frame with confidence: 0.85
2024-04-14 13:53:32,335 - ObjectDetectionLogger - INFO - Bounding box coordinates: tensor([283.6794, 200.5159, 341.9064, 374.2154])
2024-04-14 13:53:32,354 - ObjectDetectionLogger - INFO - Grid coordinates of bounding box computed successfully
2024-04-14 13:53:32,356 - ObjectDetectionLogger - INFO - Grid coordinates of bounding box computed successfully
2024-04-14 13:53:32,357 - ObjectDetectionLogger - INFO - Percentage of points inside the ROI: 51.00%
2024-04-14 13:53:32,357 - ObjectDetectionLogger - INFO - 'person' detected inside the region of interest
2024-04-14 13:53:32,358 - ObjectDetectionLogger - INFO - 'car' detected in the frame with confidence: 0.83
2024-04-14 13:53:32,359 - ObjectDetectionLogger - INFO - Saving frame to: 'C:\Users\aido\Desktop\Github Repos\Sequre\data\output\2024-04-14\7f7ff8144630be978f4da38238b5876800e3bcee3f78063edc231a70861cfb59\person-2024-04-14-13:53:32.jpg'
2024-04-14 13:53:32,359 - ObjectDetectionLogger - INFO - Bounding box coordinates: tensor([4.1902e+02, 1.9262e-01, 4.8848e+02, 5.9539e+01])
2024-04-14 13:53:32,360 - ObjectDetectionLogger - INFO - Grid coordinates of bounding box computed successfully
2024-04-14 13:53:32,360 - ObjectDetectionLogger - INFO - Grid coordinates of bounding box computed successfully
2024-04-14 13:53:32,361 - ObjectDetectionLogger - INFO - Percentage of points inside the ROI: 0.00%
2024-04-14 13:53:32,361 - ObjectDetectionLogger - INFO - 'car' detected in the frame with confidence: 0.81
2024-04-14 13:53:32,362 - ObjectDetectionLogger - INFO - Bounding box coordinates: tensor([ 45.7416, 235.3552, 300.6443, 479.5623])
2024-04-14 13:53:32,362 - ObjectDetectionLogger - INFO - Grid coordinates of bounding box computed successfully
2024-04-14 13:53:32,362 - ObjectDetectionLogger - INFO - Frame saved successfully
2024-04-14 13:53:32,363 - ObjectDetectionLogger - INFO - Grid coordinates of bounding box computed successfully
2024-04-14 13:53:32,363 - ObjectDetectionLogger - INFO - Percentage of points inside the ROI: 69.00%
2024-04-14 13:53:32,364 - ObjectDetectionLogger - INFO - 'car' detected inside the region of interest
2024-04-14 13:53:32,365 - ObjectDetectionLogger - INFO - 'car' detected in the frame with confidence: 0.40
2024-04-14 13:53:32,365 - ObjectDetectionLogger - INFO - Saving frame to: 'C:\Users\aido\Desktop\Github Repos\Sequre\data\output\2024-04-14\7f7ff8144630be978f4da38238b5876800e3bcee3f78063edc231a70861cfb59\car-2024-04-14-13:53:32.jpg'
2024-04-14 13:53:32,366 - ObjectDetectionLogger - INFO - Bounding box coordinates: tensor([1.9954e-01, 8.3115e+01, 1.6401e+02, 3.3519e+02])
2024-04-14 13:53:32,366 - ObjectDetectionLogger - INFO - Grid coordinates of bounding box computed successfully
2024-04-14 13:53:32,367 - ObjectDetectionLogger - INFO - Grid coordinates of bounding box computed successfully
2024-04-14 13:53:32,367 - ObjectDetectionLogger - INFO - Percentage of points inside the ROI: 12.00%
2024-04-14 13:53:32,367 - ObjectDetectionLogger - INFO - 'car' detected inside the region of interest
2024-04-14 13:53:32,369 - ObjectDetectionLogger - INFO - Frame saved successfully
2024-04-14 13:53:32,369 - ObjectDetectionLogger - INFO - Saving frame to: 'C:\Users\aido\Desktop\Github Repos\Sequre\data\output\2024-04-14\7f7ff8144630be978f4da38238b5876800e3bcee3f78063edc231a70861cfb59\car-2024-04-14-13:53:32.jpg'
2024-04-14 13:53:32,373 - ObjectDetectionLogger - INFO - Frame saved successfully
2024-04-14 13:53:33,217 - ObjectDetectionLogger - INFO - 'car' detected in the frame with confidence: 0.84
2024-04-14 13:53:33,218 - ObjectDetectionLogger - INFO - Bounding box coordinates: tensor([4.1885e+02, 2.1202e-01, 4.8839e+02, 5.9668e+01])
2024-04-14 13:53:33,218 - ObjectDetectionLogger - INFO - Grid coordinates of bounding box computed successfully
2024-04-14 13:53:33,218 - ObjectDetectionLogger - INFO - Grid coordinates of bounding box computed successfully
2024-04-14 13:53:33,219 - ObjectDetectionLogger - INFO - Percentage of points inside the ROI: 0.00%
2024-04-14 13:53:33,219 - ObjectDetectionLogger - INFO - 'car' detected in the frame with confidence: 0.81
2024-04-14 13:53:33,220 - ObjectDetectionLogger - INFO - Bounding box coordinates: tensor([ 44.9477, 235.3713, 300.3595, 479.5836])
2024-04-14 13:53:33,220 - ObjectDetectionLogger - INFO - Grid coordinates of bounding box computed successfully
2024-04-14 13:53:33,221 - ObjectDetectionLogger - INFO - Grid coordinates of bounding box computed successfully
2024-04-14 13:53:33,221 - ObjectDetectionLogger - INFO - Percentage of points inside the ROI: 69.00%
2024-04-14 13:53:33,221 - ObjectDetectionLogger - INFO - 'car' detected inside the region of interest
2024-04-14 13:53:33,222 - ObjectDetectionLogger - INFO - 'person' detected in the frame with confidence: 0.73
2024-04-14 13:53:33,223 - ObjectDetectionLogger - INFO - Bounding box coordinates: tensor([281.2745, 193.6626, 337.1234, 358.3156])
2024-04-14 13:53:33,223 - ObjectDetectionLogger - INFO - Saving frame to: 'C:\Users\aido\Desktop\Github Repos\Sequre\data\output\2024-04-14\7f7ff8144630be978f4da38238b5876800e3bcee3f78063edc231a70861cfb59\car-2024-04-14-13:53:33.jpg'
2024-04-14 13:53:33,224 - ObjectDetectionLogger - INFO - Grid coordinates of bounding box computed successfully
2024-04-14 13:53:33,224 - ObjectDetectionLogger - INFO - Grid coordinates of bounding box computed successfully
2024-04-14 13:53:33,225 - ObjectDetectionLogger - INFO - Percentage of points inside the ROI: 43.00%
2024-04-14 13:53:33,225 - ObjectDetectionLogger - INFO - 'person' detected inside the region of interest
2024-04-14 13:53:33,226 - ObjectDetectionLogger - INFO - 'car' detected in the frame with confidence: 0.46
2024-04-14 13:53:33,227 - ObjectDetectionLogger - INFO - Bounding box coordinates: tensor([1.5862e-01, 8.3457e+01, 1.6414e+02, 3.3459e+02])
2024-04-14 13:53:33,227 - ObjectDetectionLogger - INFO - Frame saved successfully
2024-04-14 13:53:33,227 - ObjectDetectionLogger - INFO - Grid coordinates of bounding box computed successfully
2024-04-14 13:53:33,228 - ObjectDetectionLogger - INFO - Grid coordinates of bounding box computed successfully
2024-04-14 13:53:33,228 - ObjectDetectionLogger - INFO - Saving frame to: 'C:\Users\aido\Desktop\Github Repos\Sequre\data\output\2024-04-14\7f7ff8144630be978f4da38238b5876800e3bcee3f78063edc231a70861cfb59\person-2024-04-14-13:53:33.jpg'
2024-04-14 13:53:33,229 - ObjectDetectionLogger - INFO - Percentage of points inside the ROI: 12.00%
2024-04-14 13:53:33,229 - ObjectDetectionLogger - INFO - 'car' detected inside the region of interest
2024-04-14 13:53:33,231 - ObjectDetectionLogger - INFO - Saving frame to: 'C:\Users\aido\Desktop\Github Repos\Sequre\data\output\2024-04-14\7f7ff8144630be978f4da38238b5876800e3bcee3f78063edc231a70861cfb59\car-2024-04-14-13:53:33.jpg'
2024-04-14 13:53:33,231 - ObjectDetectionLogger - INFO - Frame saved successfully
2024-04-14 13:53:33,234 - ObjectDetectionLogger - INFO - Frame saved successfully
2024-04-14 13:53:33,802 - ObjectDetectionLogger - INFO - 'person' detected in the frame with confidence: 0.85
2024-04-14 13:53:33,803 - ObjectDetectionLogger - INFO - Bounding box coordinates: tensor([276.1497, 180.5475, 329.4844, 329.2917])
2024-04-14 13:53:33,803 - ObjectDetectionLogger - INFO - Grid coordinates of bounding box computed successfully
2024-04-14 13:53:33,804 - ObjectDetectionLogger - INFO - Grid coordinates of bounding box computed successfully
2024-04-14 13:53:33,804 - ObjectDetectionLogger - INFO - Percentage of points inside the ROI: 33.00%
2024-04-14 13:53:33,804 - ObjectDetectionLogger - INFO - 'person' detected inside the region of interest
2024-04-14 13:53:33,809 - ObjectDetectionLogger - INFO - 'car' detected in the frame with confidence: 0.84
2024-04-14 13:53:33,810 - ObjectDetectionLogger - INFO - Bounding box coordinates: tensor([4.1875e+02, 2.2105e-01, 4.8840e+02, 5.9651e+01])
2024-04-14 13:53:33,810 - ObjectDetectionLogger - INFO - Grid coordinates of bounding box computed successfully
2024-04-14 13:53:33,811 - ObjectDetectionLogger - INFO - Grid coordinates of bounding box computed successfully
2024-04-14 13:53:33,812 - ObjectDetectionLogger - INFO - Percentage of points inside the ROI: 0.00%
2024-04-14 13:53:33,812 - ObjectDetectionLogger - INFO - 'car' detected in the frame with confidence: 0.80
2024-04-14 13:53:33,813 - ObjectDetectionLogger - INFO - Bounding box coordinates: tensor([ 44.7336, 234.5220, 300.6026, 479.5729])
2024-04-14 13:53:33,814 - ObjectDetectionLogger - INFO - Saving frame to: 'C:\Users\aido\Desktop\Github Repos\Sequre\data\output\2024-04-14\7f7ff8144630be978f4da38238b5876800e3bcee3f78063edc231a70861cfb59\person-2024-04-14-13:53:33.jpg'
2024-04-14 13:53:33,814 - ObjectDetectionLogger - INFO - Grid coordinates of bounding box computed successfully
2024-04-14 13:53:33,818 - ObjectDetectionLogger - INFO - Frame saved successfully
2024-04-14 13:53:33,840 - ObjectDetectionLogger - INFO - Grid coordinates of bounding box computed successfully
2024-04-14 13:53:33,841 - ObjectDetectionLogger - INFO - Percentage of points inside the ROI: 68.00%
2024-04-14 13:53:33,841 - ObjectDetectionLogger - INFO - 'car' detected inside the region of interest
2024-04-14 13:53:33,844 - ObjectDetectionLogger - INFO - 'car' detected in the frame with confidence: 0.45
2024-04-14 13:53:33,845 - ObjectDetectionLogger - INFO - Bounding box coordinates: tensor([1.7821e-01, 8.3491e+01, 1.6422e+02, 3.3432e+02])
2024-04-14 13:53:33,845 - ObjectDetectionLogger - INFO - Grid coordinates of bounding box computed successfully
2024-04-14 13:53:33,845 - ObjectDetectionLogger - INFO - Grid coordinates of bounding box computed successfully
2024-04-14 13:53:33,846 - ObjectDetectionLogger - INFO - Percentage of points inside the ROI: 12.00%
2024-04-14 13:53:33,846 - ObjectDetectionLogger - INFO - 'car' detected inside the region of interest
2024-04-14 13:53:33,847 - ObjectDetectionLogger - INFO - Saving frame to: 'C:\Users\aido\Desktop\Github Repos\Sequre\data\output\2024-04-14\7f7ff8144630be978f4da38238b5876800e3bcee3f78063edc231a70861cfb59\car-2024-04-14-13:53:33.jpg'
2024-04-14 13:53:33,849 - ObjectDetectionLogger - INFO - 'handbag' detected in the frame with confidence: 0.26
2024-04-14 13:53:33,850 - ObjectDetectionLogger - INFO - Bounding box coordinates: tensor([295.2694, 271.1434, 328.1572, 328.1299])
2024-04-14 13:53:33,850 - ObjectDetectionLogger - INFO - Frame saved successfully
2024-04-14 13:53:33,851 - ObjectDetectionLogger - INFO - Grid coordinates of bounding box computed successfully
2024-04-14 13:53:33,851 - ObjectDetectionLogger - INFO - Saving frame to: 'C:\Users\aido\Desktop\Github Repos\Sequre\data\output\2024-04-14\7f7ff8144630be978f4da38238b5876800e3bcee3f78063edc231a70861cfb59\car-2024-04-14-13:53:33.jpg'
2024-04-14 13:53:33,852 - ObjectDetectionLogger - INFO - Grid coordinates of bounding box computed successfully
2024-04-14 13:53:33,853 - ObjectDetectionLogger - INFO - Percentage of points inside the ROI: 71.00%
2024-04-14 13:53:33,853 - ObjectDetectionLogger - INFO - 'handbag' detected inside the region of interest
2024-04-14 13:53:33,853 - ObjectDetectionLogger - INFO - Detected object class 'handbag' in ROI, though not in classes to monitor
2024-04-14 13:53:33,855 - ObjectDetectionLogger - INFO - Frame saved successfully
2024-04-14 13:53:34,227 - ObjectDetectionLogger - INFO - 'person' detected in the frame with confidence: 0.84
2024-04-14 13:53:34,228 - ObjectDetectionLogger - INFO - Bounding box coordinates: tensor([273.7584, 175.9687, 326.9044, 323.4582])
2024-04-14 13:53:34,229 - ObjectDetectionLogger - INFO - Grid coordinates of bounding box computed successfully
2024-04-14 13:53:34,229 - ObjectDetectionLogger - INFO - Grid coordinates of bounding box computed successfully
2024-04-14 13:53:34,230 - ObjectDetectionLogger - INFO - Percentage of points inside the ROI: 33.00%
2024-04-14 13:53:34,230 - ObjectDetectionLogger - INFO - 'person' detected inside the region of interest
2024-04-14 13:53:34,231 - ObjectDetectionLogger - INFO - 'car' detected in the frame with confidence: 0.84
2024-04-14 13:53:34,233 - ObjectDetectionLogger - INFO - Bounding box coordinates: tensor([4.1878e+02, 2.2721e-01, 4.8839e+02, 5.9633e+01])
2024-04-14 13:53:34,233 - ObjectDetectionLogger - INFO - Grid coordinates of bounding box computed successfully
2024-04-14 13:53:34,234 - ObjectDetectionLogger - INFO - Grid coordinates of bounding box computed successfully
2024-04-14 13:53:34,234 - ObjectDetectionLogger - INFO - Saving frame to: 'C:\Users\aido\Desktop\Github Repos\Sequre\data\output\2024-04-14\7f7ff8144630be978f4da38238b5876800e3bcee3f78063edc231a70861cfb59\person-2024-04-14-13:53:34.jpg'
2024-04-14 13:53:34,235 - ObjectDetectionLogger - INFO - Percentage of points inside the ROI: 0.00%
2024-04-14 13:53:34,235 - ObjectDetectionLogger - INFO - 'car' detected in the frame with confidence: 0.82
2024-04-14 13:53:34,237 - ObjectDetectionLogger - INFO - Frame saved successfully
2024-04-14 13:53:34,250 - ObjectDetectionLogger - INFO - Bounding box coordinates: tensor([ 44.7084, 234.4957, 301.1722, 479.5725])
2024-04-14 13:53:34,250 - ObjectDetectionLogger - INFO - Grid coordinates of bounding box computed successfully
2024-04-14 13:53:34,251 - ObjectDetectionLogger - INFO - Grid coordinates of bounding box computed successfully
2024-04-14 13:53:34,251 - ObjectDetectionLogger - INFO - Percentage of points inside the ROI: 68.00%
2024-04-14 13:53:34,252 - ObjectDetectionLogger - INFO - 'car' detected inside the region of interest
2024-04-14 13:53:34,253 - ObjectDetectionLogger - INFO - 'car' detected in the frame with confidence: 0.44
2024-04-14 13:53:34,254 - ObjectDetectionLogger - INFO - Saving frame to: 'C:\Users\aido\Desktop\Github Repos\Sequre\data\output\2024-04-14\7f7ff8144630be978f4da38238b5876800e3bcee3f78063edc231a70861cfb59\car-2024-04-14-13:53:34.jpg'
2024-04-14 13:53:34,254 - ObjectDetectionLogger - INFO - Bounding box coordinates: tensor([1.8213e-01, 8.3487e+01, 1.6424e+02, 3.3436e+02])
2024-04-14 13:53:34,254 - ObjectDetectionLogger - INFO - Grid coordinates of bounding box computed successfully
2024-04-14 13:53:34,255 - ObjectDetectionLogger - INFO - Grid coordinates of bounding box computed successfully
2024-04-14 13:53:34,255 - ObjectDetectionLogger - INFO - Percentage of points inside the ROI: 12.00%
2024-04-14 13:53:34,255 - ObjectDetectionLogger - INFO - 'car' detected inside the region of interest
2024-04-14 13:53:34,256 - ObjectDetectionLogger - INFO - Frame saved successfully
2024-04-14 13:53:34,257 - ObjectDetectionLogger - INFO - Saving frame to: 'C:\Users\aido\Desktop\Github Repos\Sequre\data\output\2024-04-14\7f7ff8144630be978f4da38238b5876800e3bcee3f78063edc231a70861cfb59\car-2024-04-14-13:53:34.jpg'
2024-04-14 13:53:34,280 - ObjectDetectionLogger - INFO - Frame saved successfully
2024-04-14 13:53:34,495 - ObjectDetectionLogger - INFO - 'car' detected in the frame with confidence: 0.84
2024-04-14 13:53:35,591 - ObjectDetectionLogger - INFO - Bounding box coordinates: tensor([4.1852e+02, 2.0053e-01, 4.8840e+02, 5.9565e+01])
2024-04-14 13:53:35,591 - ObjectDetectionLogger - INFO - Grid coordinates of bounding box computed successfully
2024-04-14 13:53:35,592 - ObjectDetectionLogger - INFO - Grid coordinates of bounding box computed successfully
2024-04-14 13:53:35,623 - ObjectDetectionLogger - INFO - Percentage of points inside the ROI: 0.00%
2024-04-14 13:53:35,623 - ObjectDetectionLogger - INFO - 'person' detected in the frame with confidence: 0.83
2024-04-14 13:53:35,628 - ObjectDetectionLogger - INFO - Bounding box coordinates: tensor([270.1397, 165.5330, 320.3990, 323.9673])
2024-04-14 13:53:35,670 - ObjectDetectionLogger - INFO - Grid coordinates of bounding box computed successfully
2024-04-14 13:53:35,671 - ObjectDetectionLogger - INFO - Grid coordinates of bounding box computed successfully
2024-04-14 13:53:35,671 - ObjectDetectionLogger - INFO - Percentage of points inside the ROI: 32.00%
2024-04-14 13:53:35,671 - ObjectDetectionLogger - INFO - 'person' detected inside the region of interest
2024-04-14 13:53:35,673 - ObjectDetectionLogger - INFO - 'car' detected in the frame with confidence: 0.82
2024-04-14 13:53:35,675 - ObjectDetectionLogger - INFO - Saving frame to: 'C:\Users\aido\Desktop\Github Repos\Sequre\data\output\2024-04-14\7f7ff8144630be978f4da38238b5876800e3bcee3f78063edc231a70861cfb59\person-2024-04-14-13:53:35.jpg'
2024-04-14 13:53:35,676 - ObjectDetectionLogger - INFO - Bounding box coordinates: tensor([ 44.8216, 234.2413, 303.0668, 479.5751])
2024-04-14 13:53:35,678 - ObjectDetectionLogger - INFO - Frame saved successfully
2024-04-14 13:53:35,774 - ObjectDetectionLogger - INFO - Grid coordinates of bounding box computed successfully
2024-04-14 13:53:35,777 - ObjectDetectionLogger - INFO - Grid coordinates of bounding box computed successfully
2024-04-14 13:53:35,778 - ObjectDetectionLogger - INFO - Percentage of points inside the ROI: 68.00%
2024-04-14 13:53:35,778 - ObjectDetectionLogger - INFO - 'car' detected inside the region of interest
2024-04-14 13:53:35,779 - ObjectDetectionLogger - INFO - 'car' detected in the frame with confidence: 0.43
2024-04-14 13:53:35,780 - ObjectDetectionLogger - INFO - Saving frame to: 'C:\Users\aido\Desktop\Github Repos\Sequre\data\output\2024-04-14\7f7ff8144630be978f4da38238b5876800e3bcee3f78063edc231a70861cfb59\car-2024-04-14-13:53:35.jpg'
2024-04-14 13:53:35,826 - ObjectDetectionLogger - INFO - Bounding box coordinates: tensor([2.0563e-01, 8.3478e+01, 1.6415e+02, 3.3375e+02])
2024-04-14 13:53:35,827 - ObjectDetectionLogger - INFO - Grid coordinates of bounding box computed successfully
2024-04-14 13:53:35,828 - ObjectDetectionLogger - INFO - Grid coordinates of bounding box computed successfully
2024-04-14 13:53:35,829 - ObjectDetectionLogger - INFO - Percentage of points inside the ROI: 12.00%
2024-04-14 13:53:35,831 - ObjectDetectionLogger - INFO - Frame saved successfully
2024-04-14 13:53:35,877 - ObjectDetectionLogger - INFO - 'car' detected inside the region of interest
2024-04-14 13:53:35,883 - ObjectDetectionLogger - INFO - Saving frame to: 'C:\Users\aido\Desktop\Github Repos\Sequre\data\output\2024-04-14\7f7ff8144630be978f4da38238b5876800e3bcee3f78063edc231a70861cfb59\car-2024-04-14-13:53:35.jpg'
2024-04-14 13:53:35,961 - ObjectDetectionLogger - INFO - Frame saved successfully
2024-04-14 13:53:36,663 - ObjectDetectionLogger - INFO - 'car' detected in the frame with confidence: 0.84
2024-04-14 13:53:36,664 - ObjectDetectionLogger - INFO - Bounding box coordinates: tensor([4.1857e+02, 2.0272e-01, 4.8840e+02, 5.9559e+01])
2024-04-14 13:53:36,664 - ObjectDetectionLogger - INFO - Grid coordinates of bounding box computed successfully
2024-04-14 13:53:36,665 - ObjectDetectionLogger - INFO - Grid coordinates of bounding box computed successfully
2024-04-14 13:53:36,665 - ObjectDetectionLogger - INFO - Percentage of points inside the ROI: 0.00%
2024-04-14 13:53:36,666 - ObjectDetectionLogger - INFO - 'person' detected in the frame with confidence: 0.84
2024-04-14 13:53:36,666 - ObjectDetectionLogger - INFO - Bounding box coordinates: tensor([268.6102, 162.9467, 317.2175, 324.1658])
2024-04-14 13:53:36,667 - ObjectDetectionLogger - INFO - Grid coordinates of bounding box computed successfully
2024-04-14 13:53:36,667 - ObjectDetectionLogger - INFO - Grid coordinates of bounding box computed successfully
2024-04-14 13:53:36,668 - ObjectDetectionLogger - INFO - Percentage of points inside the ROI: 33.00%
2024-04-14 13:53:36,668 - ObjectDetectionLogger - INFO - 'person' detected inside the region of interest
2024-04-14 13:53:36,670 - ObjectDetectionLogger - INFO - 'car' detected in the frame with confidence: 0.83
2024-04-14 13:53:36,671 - ObjectDetectionLogger - INFO - Bounding box coordinates: tensor([ 44.8944, 234.3838, 303.1007, 479.5735])
2024-04-14 13:53:36,672 - ObjectDetectionLogger - INFO - Grid coordinates of bounding box computed successfully
2024-04-14 13:53:36,673 - ObjectDetectionLogger - INFO - Grid coordinates of bounding box computed successfully
2024-04-14 13:53:36,674 - ObjectDetectionLogger - INFO - Percentage of points inside the ROI: 68.00%
2024-04-14 13:53:36,674 - ObjectDetectionLogger - INFO - Saving frame to: 'C:\Users\aido\Desktop\Github Repos\Sequre\data\output\2024-04-14\7f7ff8144630be978f4da38238b5876800e3bcee3f78063edc231a70861cfb59\person-2024-04-14-13:53:36.jpg'
2024-04-14 13:53:36,674 - ObjectDetectionLogger - INFO - 'car' detected inside the region of interest
2024-04-14 13:53:36,675 - ObjectDetectionLogger - INFO - 'car' detected in the frame with confidence: 0.46
2024-04-14 13:53:36,676 - ObjectDetectionLogger - INFO - Saving frame to: 'C:\Users\aido\Desktop\Github Repos\Sequre\data\output\2024-04-14\7f7ff8144630be978f4da38238b5876800e3bcee3f78063edc231a70861cfb59\car-2024-04-14-13:53:36.jpg'
2024-04-14 13:53:36,676 - ObjectDetectionLogger - INFO - Bounding box coordinates: tensor([2.0569e-01, 8.3468e+01, 1.6426e+02, 3.3375e+02])
2024-04-14 13:53:36,677 - ObjectDetectionLogger - INFO - Grid coordinates of bounding box computed successfully
2024-04-14 13:53:36,677 - ObjectDetectionLogger - INFO - Grid coordinates of bounding box computed successfully
2024-04-14 13:53:36,677 - ObjectDetectionLogger - INFO - Frame saved successfully
2024-04-14 13:53:36,678 - ObjectDetectionLogger - INFO - Percentage of points inside the ROI: 12.00%
2024-04-14 13:53:36,679 - ObjectDetectionLogger - INFO - 'car' detected inside the region of interest
2024-04-14 13:53:36,679 - ObjectDetectionLogger - INFO - Frame saved successfully
2024-04-14 13:53:36,687 - ObjectDetectionLogger - INFO - Saving frame to: 'C:\Users\aido\Desktop\Github Repos\Sequre\data\output\2024-04-14\7f7ff8144630be978f4da38238b5876800e3bcee3f78063edc231a70861cfb59\car-2024-04-14-13:53:36.jpg'
2024-04-14 13:53:36,711 - ObjectDetectionLogger - INFO - Frame saved successfully
2024-04-14 13:53:37,578 - ObjectDetectionLogger - INFO - 'car' detected in the frame with confidence: 0.84
2024-04-14 13:53:37,580 - ObjectDetectionLogger - INFO - Bounding box coordinates: tensor([4.1857e+02, 2.0706e-01, 4.8839e+02, 5.9550e+01])
2024-04-14 13:53:37,581 - ObjectDetectionLogger - INFO - Grid coordinates of bounding box computed successfully
2024-04-14 13:53:37,582 - ObjectDetectionLogger - INFO - Grid coordinates of bounding box computed successfully
2024-04-14 13:53:37,585 - ObjectDetectionLogger - INFO - Percentage of points inside the ROI: 0.00%
2024-04-14 13:53:37,602 - ObjectDetectionLogger - INFO - 'person' detected in the frame with confidence: 0.83
2024-04-14 13:53:37,603 - ObjectDetectionLogger - INFO - Bounding box coordinates: tensor([263.1511, 154.4925, 307.4094, 303.2763])
2024-04-14 13:53:37,603 - ObjectDetectionLogger - INFO - Grid coordinates of bounding box computed successfully
2024-04-14 13:53:37,604 - ObjectDetectionLogger - INFO - Grid coordinates of bounding box computed successfully
2024-04-14 13:53:37,604 - ObjectDetectionLogger - INFO - Percentage of points inside the ROI: 22.00%
2024-04-14 13:53:37,605 - ObjectDetectionLogger - INFO - 'person' detected inside the region of interest
2024-04-14 13:53:37,609 - ObjectDetectionLogger - INFO - 'car' detected in the frame with confidence: 0.82
2024-04-14 13:53:37,611 - ObjectDetectionLogger - INFO - Bounding box coordinates: tensor([ 44.6736, 234.3861, 299.9857, 479.5747])
2024-04-14 13:53:37,612 - ObjectDetectionLogger - INFO - Grid coordinates of bounding box computed successfully
2024-04-14 13:53:37,612 - ObjectDetectionLogger - INFO - Grid coordinates of bounding box computed successfully
2024-04-14 13:53:37,614 - ObjectDetectionLogger - INFO - Percentage of points inside the ROI: 69.00%
2024-04-14 13:53:37,615 - ObjectDetectionLogger - INFO - 'car' detected inside the region of interest
2024-04-14 13:53:37,616 - ObjectDetectionLogger - INFO - Saving frame to: 'C:\Users\aido\Desktop\Github Repos\Sequre\data\output\2024-04-14\7f7ff8144630be978f4da38238b5876800e3bcee3f78063edc231a70861cfb59\person-2024-04-14-13:53:37.jpg'
2024-04-14 13:53:37,617 - ObjectDetectionLogger - INFO - 'car' detected in the frame with confidence: 0.46
2024-04-14 13:53:37,619 - ObjectDetectionLogger - INFO - Saving frame to: 'C:\Users\aido\Desktop\Github Repos\Sequre\data\output\2024-04-14\7f7ff8144630be978f4da38238b5876800e3bcee3f78063edc231a70861cfb59\car-2024-04-14-13:53:37.jpg'
2024-04-14 13:53:37,619 - ObjectDetectionLogger - INFO - Bounding box coordinates: tensor([2.0587e-01, 8.3430e+01, 1.6419e+02, 3.3376e+02])
2024-04-14 13:53:37,620 - ObjectDetectionLogger - INFO - Grid coordinates of bounding box computed successfully
2024-04-14 13:53:37,620 - ObjectDetectionLogger - INFO - Grid coordinates of bounding box computed successfully
2024-04-14 13:53:37,621 - ObjectDetectionLogger - INFO - Percentage of points inside the ROI: 12.00%
2024-04-14 13:53:37,621 - ObjectDetectionLogger - INFO - 'car' detected inside the region of interest
2024-04-14 13:53:37,623 - ObjectDetectionLogger - INFO - Frame saved successfully
2024-04-14 13:53:37,624 - ObjectDetectionLogger - INFO - Saving frame to: 'C:\Users\aido\Desktop\Github Repos\Sequre\data\output\2024-04-14\7f7ff8144630be978f4da38238b5876800e3bcee3f78063edc231a70861cfb59\car-2024-04-14-13:53:37.jpg'
2024-04-14 13:53:37,625 - ObjectDetectionLogger - INFO - Frame saved successfully
2024-04-14 13:53:37,642 - ObjectDetectionLogger - INFO - Frame saved successfully
2024-04-14 13:53:37,860 - ObjectDetectionLogger - INFO - 'car' detected in the frame with confidence: 0.84
2024-04-14 13:53:37,909 - ObjectDetectionLogger - INFO - Bounding box coordinates: tensor([4.1860e+02, 2.1098e-01, 4.8841e+02, 5.9549e+01])
2024-04-14 13:53:37,909 - ObjectDetectionLogger - INFO - Grid coordinates of bounding box computed successfully
2024-04-14 13:53:37,910 - ObjectDetectionLogger - INFO - Grid coordinates of bounding box computed successfully
2024-04-14 13:53:37,910 - ObjectDetectionLogger - INFO - Percentage of points inside the ROI: 0.00%
2024-04-14 13:53:37,911 - ObjectDetectionLogger - INFO - 'person' detected in the frame with confidence: 0.83
2024-04-14 13:53:37,911 - ObjectDetectionLogger - INFO - Bounding box coordinates: tensor([259.7493, 150.2421, 300.7292, 293.4070])
2024-04-14 13:53:37,912 - ObjectDetectionLogger - INFO - Grid coordinates of bounding box computed successfully
2024-04-14 13:53:37,912 - ObjectDetectionLogger - INFO - Grid coordinates of bounding box computed successfully
2024-04-14 13:53:37,913 - ObjectDetectionLogger - INFO - Percentage of points inside the ROI: 20.00%
2024-04-14 13:53:37,913 - ObjectDetectionLogger - INFO - 'person' detected inside the region of interest
2024-04-14 13:53:37,915 - ObjectDetectionLogger - INFO - 'car' detected in the frame with confidence: 0.73
2024-04-14 13:53:37,916 - ObjectDetectionLogger - INFO - Saving frame to: 'C:\Users\aido\Desktop\Github Repos\Sequre\data\output\2024-04-14\7f7ff8144630be978f4da38238b5876800e3bcee3f78063edc231a70861cfb59\person-2024-04-14-13:53:37.jpg'
2024-04-14 13:53:37,958 - ObjectDetectionLogger - INFO - Bounding box coordinates: tensor([ 44.0989, 234.2179, 299.8508, 479.5578])
2024-04-14 13:53:37,958 - ObjectDetectionLogger - INFO - Grid coordinates of bounding box computed successfully
2024-04-14 13:53:37,959 - ObjectDetectionLogger - INFO - Grid coordinates of bounding box computed successfully
2024-04-14 13:53:37,960 - ObjectDetectionLogger - INFO - Percentage of points inside the ROI: 69.00%
2024-04-14 13:53:37,960 - ObjectDetectionLogger - INFO - 'car' detected inside the region of interest
2024-04-14 13:53:37,960 - ObjectDetectionLogger - INFO - Frame saved successfully
2024-04-14 13:53:37,970 - ObjectDetectionLogger - INFO - 'car' detected in the frame with confidence: 0.44
2024-04-14 13:53:37,971 - ObjectDetectionLogger - INFO - Bounding box coordinates: tensor([2.0213e-01, 8.3473e+01, 1.6413e+02, 3.3390e+02])
2024-04-14 13:53:37,972 - ObjectDetectionLogger - INFO - Saving frame to: 'C:\Users\aido\Desktop\Github Repos\Sequre\data\output\2024-04-14\7f7ff8144630be978f4da38238b5876800e3bcee3f78063edc231a70861cfb59\car-2024-04-14-13:53:37.jpg'
2024-04-14 13:53:37,973 - ObjectDetectionLogger - INFO - Grid coordinates of bounding box computed successfully
2024-04-14 13:53:37,974 - ObjectDetectionLogger - INFO - Grid coordinates of bounding box computed successfully
2024-04-14 13:53:37,975 - ObjectDetectionLogger - INFO - Percentage of points inside the ROI: 12.00%
2024-04-14 13:53:37,975 - ObjectDetectionLogger - INFO - 'car' detected inside the region of interest
2024-04-14 13:53:37,976 - ObjectDetectionLogger - INFO - Frame saved successfully
2024-04-14 13:53:37,981 - ObjectDetectionLogger - INFO - Saving frame to: 'C:\Users\aido\Desktop\Github Repos\Sequre\data\output\2024-04-14\7f7ff8144630be978f4da38238b5876800e3bcee3f78063edc231a70861cfb59\car-2024-04-14-13:53:37.jpg'
2024-04-14 13:53:38,028 - ObjectDetectionLogger - INFO - Frame saved successfully
2024-04-14 13:53:38,193 - ObjectDetectionLogger - INFO - 'person' detected in the frame with confidence: 0.87
2024-04-14 13:53:38,218 - ObjectDetectionLogger - INFO - Bounding box coordinates: tensor([249.3137, 147.6145, 299.8066, 280.5177])
2024-04-14 13:53:38,219 - ObjectDetectionLogger - INFO - Grid coordinates of bounding box computed successfully
2024-04-14 13:53:38,219 - ObjectDetectionLogger - INFO - Grid coordinates of bounding box computed successfully
2024-04-14 13:53:38,220 - ObjectDetectionLogger - INFO - Percentage of points inside the ROI: 15.00%
2024-04-14 13:53:38,220 - ObjectDetectionLogger - INFO - 'person' detected inside the region of interest
2024-04-14 13:53:38,221 - ObjectDetectionLogger - INFO - 'car' detected in the frame with confidence: 0.84
2024-04-14 13:53:38,221 - ObjectDetectionLogger - INFO - Saving frame to: 'C:\Users\aido\Desktop\Github Repos\Sequre\data\output\2024-04-14\7f7ff8144630be978f4da38238b5876800e3bcee3f78063edc231a70861cfb59\person-2024-04-14-13:53:38.jpg'
2024-04-14 13:53:38,222 - ObjectDetectionLogger - INFO - Bounding box coordinates: tensor([4.1845e+02, 2.2337e-01, 4.8841e+02, 5.9584e+01])
2024-04-14 13:53:38,222 - ObjectDetectionLogger - INFO - Grid coordinates of bounding box computed successfully
2024-04-14 13:53:38,223 - ObjectDetectionLogger - INFO - Grid coordinates of bounding box computed successfully
2024-04-14 13:53:38,223 - ObjectDetectionLogger - INFO - Percentage of points inside the ROI: 0.00%
2024-04-14 13:53:38,226 - ObjectDetectionLogger - INFO - Frame saved successfully
2024-04-14 13:53:38,254 - ObjectDetectionLogger - INFO - 'car' detected in the frame with confidence: 0.57
2024-04-14 13:53:38,256 - ObjectDetectionLogger - INFO - Bounding box coordinates: tensor([ 43.8685, 235.5204, 299.7617, 479.5629])
2024-04-14 13:53:38,257 - ObjectDetectionLogger - INFO - Grid coordinates of bounding box computed successfully
2024-04-14 13:53:38,257 - ObjectDetectionLogger - INFO - Grid coordinates of bounding box computed successfully
2024-04-14 13:53:38,258 - ObjectDetectionLogger - INFO - Percentage of points inside the ROI: 70.00%
2024-04-14 13:53:38,258 - ObjectDetectionLogger - INFO - 'car' detected inside the region of interest
2024-04-14 13:53:38,264 - ObjectDetectionLogger - INFO - 'car' detected in the frame with confidence: 0.36
2024-04-14 13:53:38,265 - ObjectDetectionLogger - INFO - Saving frame to: 'C:\Users\aido\Desktop\Github Repos\Sequre\data\output\2024-04-14\7f7ff8144630be978f4da38238b5876800e3bcee3f78063edc231a70861cfb59\car-2024-04-14-13:53:38.jpg'
2024-04-14 13:53:38,333 - ObjectDetectionLogger - INFO - Bounding box coordinates: tensor([2.3547e-01, 8.3635e+01, 1.6431e+02, 3.3393e+02])
2024-04-14 13:53:38,337 - ObjectDetectionLogger - INFO - Grid coordinates of bounding box computed successfully
2024-04-14 13:53:38,338 - ObjectDetectionLogger - INFO - Grid coordinates of bounding box computed successfully
2024-04-14 13:53:38,339 - ObjectDetectionLogger - INFO - Frame saved successfully
2024-04-14 13:53:38,340 - ObjectDetectionLogger - INFO - Percentage of points inside the ROI: 12.00%
2024-04-14 13:53:38,340 - ObjectDetectionLogger - INFO - 'car' detected inside the region of interest
2024-04-14 13:53:38,346 - ObjectDetectionLogger - INFO - 'motorcycle' detected in the frame with confidence: 0.33
2024-04-14 13:53:38,346 - ObjectDetectionLogger - INFO - Saving frame to: 'C:\Users\aido\Desktop\Github Repos\Sequre\data\output\2024-04-14\7f7ff8144630be978f4da38238b5876800e3bcee3f78063edc231a70861cfb59\car-2024-04-14-13:53:38.jpg'
2024-04-14 13:53:38,395 - ObjectDetectionLogger - INFO - Bounding box coordinates: tensor([ 39.8018, 234.3246, 299.5018, 479.5913])
2024-04-14 13:53:38,396 - ObjectDetectionLogger - INFO - Grid coordinates of bounding box computed successfully
2024-04-14 13:53:38,396 - ObjectDetectionLogger - INFO - Grid coordinates of bounding box computed successfully
2024-04-14 13:53:38,397 - ObjectDetectionLogger - INFO - Percentage of points inside the ROI: 68.00%
2024-04-14 13:53:38,397 - ObjectDetectionLogger - INFO - 'motorcycle' detected inside the region of interest
2024-04-14 13:53:38,397 - ObjectDetectionLogger - INFO - Detected object class 'motorcycle' in ROI, though not in classes to monitor
2024-04-14 13:53:38,400 - ObjectDetectionLogger - INFO - Frame saved successfully
2024-04-14 13:53:39,809 - ObjectDetectionLogger - INFO - 'person' detected in the frame with confidence: 0.87
2024-04-14 13:53:39,810 - ObjectDetectionLogger - INFO - Bounding box coordinates: tensor([244.1367, 147.6901, 299.4609, 280.8260])
2024-04-14 13:53:39,810 - ObjectDetectionLogger - INFO - Grid coordinates of bounding box computed successfully
2024-04-14 13:53:39,811 - ObjectDetectionLogger - INFO - Grid coordinates of bounding box computed successfully
2024-04-14 13:53:39,811 - ObjectDetectionLogger - INFO - Percentage of points inside the ROI: 17.00%
2024-04-14 13:53:39,811 - ObjectDetectionLogger - INFO - 'person' detected inside the region of interest
2024-04-14 13:53:39,812 - ObjectDetectionLogger - INFO - 'car' detected in the frame with confidence: 0.83
2024-04-14 13:53:39,813 - ObjectDetectionLogger - INFO - Saving frame to: 'C:\Users\aido\Desktop\Github Repos\Sequre\data\output\2024-04-14\7f7ff8144630be978f4da38238b5876800e3bcee3f78063edc231a70861cfb59\person-2024-04-14-13:53:39.jpg'
2024-04-14 13:53:39,813 - ObjectDetectionLogger - INFO - Bounding box coordinates: tensor([4.1879e+02, 2.0492e-01, 4.8850e+02, 5.9606e+01])
2024-04-14 13:53:39,814 - ObjectDetectionLogger - INFO - Grid coordinates of bounding box computed successfully
2024-04-14 13:53:39,814 - ObjectDetectionLogger - INFO - Grid coordinates of bounding box computed successfully
2024-04-14 13:53:39,815 - ObjectDetectionLogger - INFO - Percentage of points inside the ROI: 0.00%
2024-04-14 13:53:39,815 - ObjectDetectionLogger - INFO - 'car' detected in the frame with confidence: 0.58
2024-04-14 13:53:39,816 - ObjectDetectionLogger - INFO - Bounding box coordinates: tensor([ 43.2165, 234.2632, 299.8760, 479.5615])
2024-04-14 13:53:39,816 - ObjectDetectionLogger - INFO - Grid coordinates of bounding box computed successfully
2024-04-14 13:53:39,816 - ObjectDetectionLogger - INFO - Frame saved successfully
2024-04-14 13:53:39,817 - ObjectDetectionLogger - INFO - Grid coordinates of bounding box computed successfully
2024-04-14 13:53:39,817 - ObjectDetectionLogger - INFO - Percentage of points inside the ROI: 69.00%
2024-04-14 13:53:39,817 - ObjectDetectionLogger - INFO - 'car' detected inside the region of interest
2024-04-14 13:53:39,818 - ObjectDetectionLogger - INFO - 'car' detected in the frame with confidence: 0.38
2024-04-14 13:53:39,819 - ObjectDetectionLogger - INFO - Saving frame to: 'C:\Users\aido\Desktop\Github Repos\Sequre\data\output\2024-04-14\7f7ff8144630be978f4da38238b5876800e3bcee3f78063edc231a70861cfb59\car-2024-04-14-13:53:39.jpg'
2024-04-14 13:53:39,819 - ObjectDetectionLogger - INFO - Bounding box coordinates: tensor([2.3544e-01, 8.3587e+01, 1.6429e+02, 3.3412e+02])
2024-04-14 13:53:39,820 - ObjectDetectionLogger - INFO - Grid coordinates of bounding box computed successfully
2024-04-14 13:53:39,820 - ObjectDetectionLogger - INFO - Grid coordinates of bounding box computed successfully
2024-04-14 13:53:39,821 - ObjectDetectionLogger - INFO - Percentage of points inside the ROI: 12.00%
2024-04-14 13:53:39,821 - ObjectDetectionLogger - INFO - 'car' detected inside the region of interest
2024-04-14 13:53:39,822 - ObjectDetectionLogger - INFO - Frame saved successfully
2024-04-14 13:53:39,827 - ObjectDetectionLogger - INFO - Saving frame to: 'C:\Users\aido\Desktop\Github Repos\Sequre\data\output\2024-04-14\7f7ff8144630be978f4da38238b5876800e3bcee3f78063edc231a70861cfb59\car-2024-04-14-13:53:39.jpg'
2024-04-14 13:53:39,843 - ObjectDetectionLogger - INFO - Frame saved successfully
2024-04-14 13:53:40,967 - ObjectDetectionLogger - INFO - 'car' detected in the frame with confidence: 0.84
2024-04-14 13:53:41,394 - ObjectDetectionLogger - INFO - Bounding box coordinates: tensor([4.1939e+02, 2.5847e-01, 4.8852e+02, 5.9746e+01])
2024-04-14 13:53:41,394 - ObjectDetectionLogger - INFO - Grid coordinates of bounding box computed successfully
2024-04-14 13:53:41,394 - ObjectDetectionLogger - INFO - Grid coordinates of bounding box computed successfully
2024-04-14 13:53:41,395 - ObjectDetectionLogger - INFO - Percentage of points inside the ROI: 0.00%
2024-04-14 13:53:41,395 - ObjectDetectionLogger - INFO - 'person' detected in the frame with confidence: 0.80
2024-04-14 13:53:41,396 - ObjectDetectionLogger - INFO - Bounding box coordinates: tensor([230.8504, 149.7368, 296.6760, 277.5956])
2024-04-14 13:53:41,396 - ObjectDetectionLogger - INFO - Grid coordinates of bounding box computed successfully
2024-04-14 13:53:41,397 - ObjectDetectionLogger - INFO - Grid coordinates of bounding box computed successfully
2024-04-14 13:53:41,397 - ObjectDetectionLogger - INFO - Percentage of points inside the ROI: 21.00%
2024-04-14 13:53:41,397 - ObjectDetectionLogger - INFO - 'person' detected inside the region of interest
2024-04-14 13:53:41,398 - ObjectDetectionLogger - INFO - 'car' detected in the frame with confidence: 0.52
2024-04-14 13:53:41,399 - ObjectDetectionLogger - INFO - Bounding box coordinates: tensor([ 43.8251, 234.0722, 300.0871, 479.5708])
2024-04-14 13:53:41,400 - ObjectDetectionLogger - INFO - Grid coordinates of bounding box computed successfully
2024-04-14 13:53:41,401 - ObjectDetectionLogger - INFO - Grid coordinates of bounding box computed successfully
2024-04-14 13:53:41,402 - ObjectDetectionLogger - INFO - Percentage of points inside the ROI: 68.00%
2024-04-14 13:53:41,402 - ObjectDetectionLogger - INFO - 'car' detected inside the region of interest
2024-04-14 13:53:41,403 - ObjectDetectionLogger - INFO - Saving frame to: 'C:\Users\aido\Desktop\Github Repos\Sequre\data\output\2024-04-14\7f7ff8144630be978f4da38238b5876800e3bcee3f78063edc231a70861cfb59\person-2024-04-14-13:53:41.jpg'
2024-04-14 13:53:41,403 - ObjectDetectionLogger - INFO - 'motorcycle' detected in the frame with confidence: 0.43
2024-04-14 13:53:41,405 - ObjectDetectionLogger - INFO - Bounding box coordinates: tensor([ 34.2781, 234.7180, 299.9400, 479.6023])
2024-04-14 13:53:41,406 - ObjectDetectionLogger - INFO - Grid coordinates of bounding box computed successfully
2024-04-14 13:53:41,406 - ObjectDetectionLogger - INFO - Grid coordinates of bounding box computed successfully
2024-04-14 13:53:41,407 - ObjectDetectionLogger - INFO - Percentage of points inside the ROI: 69.00%
2024-04-14 13:53:41,407 - ObjectDetectionLogger - INFO - 'motorcycle' detected inside the region of interest
2024-04-14 13:53:41,407 - ObjectDetectionLogger - INFO - Detected object class 'motorcycle' in ROI, though not in classes to monitor
2024-04-14 13:53:41,408 - ObjectDetectionLogger - INFO - 'car' detected in the frame with confidence: 0.40
2024-04-14 13:53:41,408 - ObjectDetectionLogger - INFO - Frame saved successfully
2024-04-14 13:53:41,410 - ObjectDetectionLogger - INFO - Bounding box coordinates: tensor([2.3553e-01, 8.3870e+01, 1.6382e+02, 3.3407e+02])
2024-04-14 13:53:41,411 - ObjectDetectionLogger - INFO - Saving frame to: 'C:\Users\aido\Desktop\Github Repos\Sequre\data\output\2024-04-14\7f7ff8144630be978f4da38238b5876800e3bcee3f78063edc231a70861cfb59\car-2024-04-14-13:53:41.jpg'
2024-04-14 13:53:41,412 - ObjectDetectionLogger - INFO - Grid coordinates of bounding box computed successfully
2024-04-14 13:53:41,412 - ObjectDetectionLogger - INFO - Grid coordinates of bounding box computed successfully
2024-04-14 13:53:41,413 - ObjectDetectionLogger - INFO - Percentage of points inside the ROI: 12.00%
2024-04-14 13:53:41,413 - ObjectDetectionLogger - INFO - 'car' detected inside the region of interest
2024-04-14 13:53:41,414 - ObjectDetectionLogger - INFO - 'car' detected in the frame with confidence: 0.40
2024-04-14 13:53:41,414 - ObjectDetectionLogger - INFO - Frame saved successfully
2024-04-14 13:53:41,415 - ObjectDetectionLogger - INFO - Saving frame to: 'C:\Users\aido\Desktop\Github Repos\Sequre\data\output\2024-04-14\7f7ff8144630be978f4da38238b5876800e3bcee3f78063edc231a70861cfb59\car-2024-04-14-13:53:41.jpg'
2024-04-14 13:53:41,415 - ObjectDetectionLogger - INFO - Bounding box coordinates: tensor([4.7654e+02, 6.2607e-02, 5.3543e+02, 3.7401e+01])
2024-04-14 13:53:41,415 - ObjectDetectionLogger - INFO - Grid coordinates of bounding box computed successfully
2024-04-14 13:53:41,416 - ObjectDetectionLogger - INFO - Grid coordinates of bounding box computed successfully
2024-04-14 13:53:41,416 - ObjectDetectionLogger - INFO - Percentage of points inside the ROI: 0.00%
2024-04-14 13:53:41,417 - ObjectDetectionLogger - INFO - Frame saved successfully
2024-04-14 13:53:41,424 - ObjectDetectionLogger - INFO - Exiting the video processing..
2024-04-14 13:53:41,493 - ObjectDetectionLogger - INFO - Video processing completed
