2024-04-14 14:29:43,769 - ObjectDetectionLogger - INFO - Initialising the application
2024-04-14 14:29:43,770 - ObjectDetectionLogger - INFO - Output directory: 'C:\Users\aido\Desktop\Github Repos\Sequre\data\output\2024-04-14\7f7ff8144630be978f4da38238b5876800e3bcee3f78063edc231a70861cfb59'
2024-04-14 14:29:43,977 - ObjectDetectionLogger - INFO - Opening the video file..
2024-04-14 14:29:43,989 - ObjectDetectionLogger - INFO - Region of interest points loaded successfully. Num points: 8
2024-04-14 14:29:47,641 - ObjectDetectionLogger - INFO - 'car' detected in the frame with confidence: 0.76
2024-04-14 14:29:47,641 - ObjectDetectionLogger - INFO - Grid coordinates of bounding box computed successfully
2024-04-14 14:29:47,642 - ObjectDetectionLogger - INFO - Percentage of points inside the ROI: 0.00%
2024-04-14 14:29:47,642 - ObjectDetectionLogger - INFO - 'person' detected in the frame with confidence: 0.69
2024-04-14 14:29:47,642 - ObjectDetectionLogger - INFO - Grid coordinates of bounding box computed successfully
2024-04-14 14:29:47,643 - ObjectDetectionLogger - INFO - Percentage of points inside the ROI: 100.00%
2024-04-14 14:29:47,643 - ObjectDetectionLogger - INFO - 'person' detected inside the region of interest
2024-04-14 14:29:47,643 - ObjectDetectionLogger - INFO - 'motorcycle' detected in the frame with confidence: 0.33
2024-04-14 14:29:47,643 - ObjectDetectionLogger - INFO - Grid coordinates of bounding box computed successfully
2024-04-14 14:29:47,643 - ObjectDetectionLogger - INFO - Percentage of points inside the ROI: 63.00%
2024-04-14 14:29:47,643 - ObjectDetectionLogger - INFO - 'motorcycle' detected inside the region of interest
2024-04-14 14:29:47,644 - ObjectDetectionLogger - INFO - 'motorcycle' detected in the frame with confidence: 0.28
2024-04-14 14:29:47,644 - ObjectDetectionLogger - INFO - Grid coordinates of bounding box computed successfully
2024-04-14 14:29:47,644 - ObjectDetectionLogger - INFO - Percentage of points inside the ROI: 12.00%
2024-04-14 14:29:47,644 - ObjectDetectionLogger - INFO - 'motorcycle' detected inside the region of interest
2024-04-14 14:29:48,109 - ObjectDetectionLogger - INFO - 'car' detected in the frame with confidence: 0.78
2024-04-14 14:29:48,109 - ObjectDetectionLogger - INFO - Grid coordinates of bounding box computed successfully
2024-04-14 14:29:48,110 - ObjectDetectionLogger - INFO - Percentage of points inside the ROI: 0.00%
2024-04-14 14:29:48,110 - ObjectDetectionLogger - INFO - 'person' detected in the frame with confidence: 0.76
2024-04-14 14:29:48,110 - ObjectDetectionLogger - INFO - Grid coordinates of bounding box computed successfully
2024-04-14 14:29:48,111 - ObjectDetectionLogger - INFO - Percentage of points inside the ROI: 91.00%
2024-04-14 14:29:48,111 - ObjectDetectionLogger - INFO - 'person' detected inside the region of interest
2024-04-14 14:29:48,111 - ObjectDetectionLogger - INFO - 'car' detected in the frame with confidence: 0.68
2024-04-14 14:29:48,111 - ObjectDetectionLogger - INFO - Grid coordinates of bounding box computed successfully
2024-04-14 14:29:48,112 - ObjectDetectionLogger - INFO - Percentage of points inside the ROI: 70.00%
2024-04-14 14:29:48,112 - ObjectDetectionLogger - INFO - 'car' detected inside the region of interest
2024-04-14 14:29:48,112 - ObjectDetectionLogger - INFO - 'motorcycle' detected in the frame with confidence: 0.32
2024-04-14 14:29:48,112 - ObjectDetectionLogger - INFO - Grid coordinates of bounding box computed successfully
2024-04-14 14:29:48,112 - ObjectDetectionLogger - INFO - Percentage of points inside the ROI: 12.00%
2024-04-14 14:29:48,113 - ObjectDetectionLogger - INFO - 'motorcycle' detected inside the region of interest
2024-04-14 14:29:48,292 - ObjectDetectionLogger - INFO - 'car' detected in the frame with confidence: 0.81
2024-04-14 14:29:48,292 - ObjectDetectionLogger - INFO - Grid coordinates of bounding box computed successfully
2024-04-14 14:29:48,293 - ObjectDetectionLogger - INFO - Percentage of points inside the ROI: 0.00%
2024-04-14 14:29:48,293 - ObjectDetectionLogger - INFO - 'person' detected in the frame with confidence: 0.78
2024-04-14 14:29:48,293 - ObjectDetectionLogger - INFO - Grid coordinates of bounding box computed successfully
2024-04-14 14:29:48,294 - ObjectDetectionLogger - INFO - Percentage of points inside the ROI: 83.00%
2024-04-14 14:29:48,294 - ObjectDetectionLogger - INFO - 'person' detected inside the region of interest
2024-04-14 14:29:48,294 - ObjectDetectionLogger - INFO - 'car' detected in the frame with confidence: 0.72
2024-04-14 14:29:48,294 - ObjectDetectionLogger - INFO - Grid coordinates of bounding box computed successfully
2024-04-14 14:29:48,295 - ObjectDetectionLogger - INFO - Percentage of points inside the ROI: 69.00%
2024-04-14 14:29:48,295 - ObjectDetectionLogger - INFO - 'car' detected inside the region of interest
2024-04-14 14:29:48,295 - ObjectDetectionLogger - INFO - 'motorcycle' detected in the frame with confidence: 0.32
2024-04-14 14:29:48,295 - ObjectDetectionLogger - INFO - Grid coordinates of bounding box computed successfully
2024-04-14 14:29:48,295 - ObjectDetectionLogger - INFO - Percentage of points inside the ROI: 12.00%
2024-04-14 14:29:48,296 - ObjectDetectionLogger - INFO - 'motorcycle' detected inside the region of interest
2024-04-14 14:29:48,296 - ObjectDetectionLogger - INFO - 'car' detected in the frame with confidence: 0.28
2024-04-14 14:29:48,296 - ObjectDetectionLogger - INFO - Grid coordinates of bounding box computed successfully
2024-04-14 14:29:48,296 - ObjectDetectionLogger - INFO - Percentage of points inside the ROI: 12.00%
2024-04-14 14:29:48,296 - ObjectDetectionLogger - INFO - 'car' detected inside the region of interest
2024-04-14 14:29:48,485 - ObjectDetectionLogger - INFO - 'car' detected in the frame with confidence: 0.82
2024-04-14 14:29:48,485 - ObjectDetectionLogger - INFO - Grid coordinates of bounding box computed successfully
2024-04-14 14:29:48,486 - ObjectDetectionLogger - INFO - Percentage of points inside the ROI: 70.00%
2024-04-14 14:29:48,486 - ObjectDetectionLogger - INFO - 'car' detected inside the region of interest
2024-04-14 14:29:48,486 - ObjectDetectionLogger - INFO - 'car' detected in the frame with confidence: 0.81
2024-04-14 14:29:48,486 - ObjectDetectionLogger - INFO - Grid coordinates of bounding box computed successfully
2024-04-14 14:29:48,487 - ObjectDetectionLogger - INFO - Percentage of points inside the ROI: 0.00%
2024-04-14 14:29:48,487 - ObjectDetectionLogger - INFO - 'person' detected in the frame with confidence: 0.75
2024-04-14 14:29:48,487 - ObjectDetectionLogger - INFO - Grid coordinates of bounding box computed successfully
2024-04-14 14:29:48,488 - ObjectDetectionLogger - INFO - Percentage of points inside the ROI: 81.00%
2024-04-14 14:29:48,488 - ObjectDetectionLogger - INFO - 'person' detected inside the region of interest
2024-04-14 14:29:48,488 - ObjectDetectionLogger - INFO - 'car' detected in the frame with confidence: 0.41
2024-04-14 14:29:48,488 - ObjectDetectionLogger - INFO - Grid coordinates of bounding box computed successfully
2024-04-14 14:29:48,489 - ObjectDetectionLogger - INFO - Percentage of points inside the ROI: 12.00%
2024-04-14 14:29:48,489 - ObjectDetectionLogger - INFO - 'car' detected inside the region of interest
2024-04-14 14:29:48,682 - ObjectDetectionLogger - INFO - 'car' detected in the frame with confidence: 0.82
2024-04-14 14:29:48,683 - ObjectDetectionLogger - INFO - Grid coordinates of bounding box computed successfully
2024-04-14 14:29:48,683 - ObjectDetectionLogger - INFO - Percentage of points inside the ROI: 0.00%
2024-04-14 14:29:48,683 - ObjectDetectionLogger - INFO - 'car' detected in the frame with confidence: 0.81
2024-04-14 14:29:48,684 - ObjectDetectionLogger - INFO - Grid coordinates of bounding box computed successfully
2024-04-14 14:29:48,684 - ObjectDetectionLogger - INFO - Percentage of points inside the ROI: 70.00%
2024-04-14 14:29:48,684 - ObjectDetectionLogger - INFO - 'car' detected inside the region of interest
2024-04-14 14:29:48,685 - ObjectDetectionLogger - INFO - 'person' detected in the frame with confidence: 0.77
2024-04-14 14:29:48,685 - ObjectDetectionLogger - INFO - Grid coordinates of bounding box computed successfully
2024-04-14 14:29:48,685 - ObjectDetectionLogger - INFO - Percentage of points inside the ROI: 71.00%
2024-04-14 14:29:48,685 - ObjectDetectionLogger - INFO - 'person' detected inside the region of interest
2024-04-14 14:29:48,686 - ObjectDetectionLogger - INFO - 'car' detected in the frame with confidence: 0.41
2024-04-14 14:29:48,686 - ObjectDetectionLogger - INFO - Grid coordinates of bounding box computed successfully
2024-04-14 14:29:48,686 - ObjectDetectionLogger - INFO - Percentage of points inside the ROI: 12.00%
2024-04-14 14:29:48,686 - ObjectDetectionLogger - INFO - 'car' detected inside the region of interest
2024-04-14 14:29:48,868 - ObjectDetectionLogger - INFO - 'person' detected in the frame with confidence: 0.86
2024-04-14 14:29:48,868 - ObjectDetectionLogger - INFO - Grid coordinates of bounding box computed successfully
2024-04-14 14:29:48,869 - ObjectDetectionLogger - INFO - Percentage of points inside the ROI: 60.00%
2024-04-14 14:29:48,869 - ObjectDetectionLogger - INFO - 'person' detected inside the region of interest
2024-04-14 14:29:48,869 - ObjectDetectionLogger - INFO - 'car' detected in the frame with confidence: 0.83
2024-04-14 14:29:48,869 - ObjectDetectionLogger - INFO - Grid coordinates of bounding box computed successfully
2024-04-14 14:29:48,870 - ObjectDetectionLogger - INFO - Percentage of points inside the ROI: 0.00%
2024-04-14 14:29:48,870 - ObjectDetectionLogger - INFO - 'car' detected in the frame with confidence: 0.77
2024-04-14 14:29:48,870 - ObjectDetectionLogger - INFO - Grid coordinates of bounding box computed successfully
2024-04-14 14:29:48,871 - ObjectDetectionLogger - INFO - Percentage of points inside the ROI: 69.00%
2024-04-14 14:29:48,871 - ObjectDetectionLogger - INFO - 'car' detected inside the region of interest
2024-04-14 14:29:48,871 - ObjectDetectionLogger - INFO - 'car' detected in the frame with confidence: 0.36
2024-04-14 14:29:48,871 - ObjectDetectionLogger - INFO - Grid coordinates of bounding box computed successfully
2024-04-14 14:29:48,872 - ObjectDetectionLogger - INFO - Percentage of points inside the ROI: 12.00%
2024-04-14 14:29:48,872 - ObjectDetectionLogger - INFO - 'car' detected inside the region of interest
2024-04-14 14:29:49,070 - ObjectDetectionLogger - INFO - 'person' detected in the frame with confidence: 0.87
2024-04-14 14:29:49,071 - ObjectDetectionLogger - INFO - Grid coordinates of bounding box computed successfully
2024-04-14 14:29:49,071 - ObjectDetectionLogger - INFO - Percentage of points inside the ROI: 52.00%
2024-04-14 14:29:49,072 - ObjectDetectionLogger - INFO - 'person' detected inside the region of interest
2024-04-14 14:29:49,072 - ObjectDetectionLogger - INFO - 'car' detected in the frame with confidence: 0.83
2024-04-14 14:29:49,072 - ObjectDetectionLogger - INFO - Grid coordinates of bounding box computed successfully
2024-04-14 14:29:49,072 - ObjectDetectionLogger - INFO - Percentage of points inside the ROI: 0.00%
2024-04-14 14:29:49,073 - ObjectDetectionLogger - INFO - 'car' detected in the frame with confidence: 0.76
2024-04-14 14:29:49,073 - ObjectDetectionLogger - INFO - Grid coordinates of bounding box computed successfully
2024-04-14 14:29:49,073 - ObjectDetectionLogger - INFO - Percentage of points inside the ROI: 68.00%
2024-04-14 14:29:49,073 - ObjectDetectionLogger - INFO - 'car' detected inside the region of interest
2024-04-14 14:29:49,073 - ObjectDetectionLogger - INFO - 'car' detected in the frame with confidence: 0.40
2024-04-14 14:29:49,074 - ObjectDetectionLogger - INFO - Grid coordinates of bounding box computed successfully
2024-04-14 14:29:49,074 - ObjectDetectionLogger - INFO - Percentage of points inside the ROI: 12.00%
2024-04-14 14:29:49,074 - ObjectDetectionLogger - INFO - 'car' detected inside the region of interest
2024-04-14 14:29:49,272 - ObjectDetectionLogger - INFO - 'person' detected in the frame with confidence: 0.85
2024-04-14 14:29:49,272 - ObjectDetectionLogger - INFO - Grid coordinates of bounding box computed successfully
2024-04-14 14:29:49,273 - ObjectDetectionLogger - INFO - Percentage of points inside the ROI: 51.00%
2024-04-14 14:29:49,273 - ObjectDetectionLogger - INFO - 'person' detected inside the region of interest
2024-04-14 14:29:49,273 - ObjectDetectionLogger - INFO - 'car' detected in the frame with confidence: 0.83
2024-04-14 14:29:49,273 - ObjectDetectionLogger - INFO - Grid coordinates of bounding box computed successfully
2024-04-14 14:29:49,274 - ObjectDetectionLogger - INFO - Percentage of points inside the ROI: 0.00%
2024-04-14 14:29:49,274 - ObjectDetectionLogger - INFO - 'car' detected in the frame with confidence: 0.81
2024-04-14 14:29:49,274 - ObjectDetectionLogger - INFO - Grid coordinates of bounding box computed successfully
2024-04-14 14:29:49,275 - ObjectDetectionLogger - INFO - Percentage of points inside the ROI: 69.00%
2024-04-14 14:29:49,275 - ObjectDetectionLogger - INFO - 'car' detected inside the region of interest
2024-04-14 14:29:49,275 - ObjectDetectionLogger - INFO - 'car' detected in the frame with confidence: 0.40
2024-04-14 14:29:49,275 - ObjectDetectionLogger - INFO - Grid coordinates of bounding box computed successfully
2024-04-14 14:29:49,276 - ObjectDetectionLogger - INFO - Percentage of points inside the ROI: 12.00%
2024-04-14 14:29:49,276 - ObjectDetectionLogger - INFO - 'car' detected inside the region of interest
2024-04-14 14:29:49,474 - ObjectDetectionLogger - INFO - 'car' detected in the frame with confidence: 0.84
2024-04-14 14:29:49,474 - ObjectDetectionLogger - INFO - Grid coordinates of bounding box computed successfully
2024-04-14 14:29:49,474 - ObjectDetectionLogger - INFO - Percentage of points inside the ROI: 0.00%
2024-04-14 14:29:49,475 - ObjectDetectionLogger - INFO - 'car' detected in the frame with confidence: 0.81
2024-04-14 14:29:49,475 - ObjectDetectionLogger - INFO - Grid coordinates of bounding box computed successfully
2024-04-14 14:29:49,475 - ObjectDetectionLogger - INFO - Percentage of points inside the ROI: 69.00%
2024-04-14 14:29:49,475 - ObjectDetectionLogger - INFO - 'car' detected inside the region of interest
2024-04-14 14:29:49,475 - ObjectDetectionLogger - INFO - 'person' detected in the frame with confidence: 0.73
2024-04-14 14:29:49,476 - ObjectDetectionLogger - INFO - Grid coordinates of bounding box computed successfully
2024-04-14 14:29:49,476 - ObjectDetectionLogger - INFO - Percentage of points inside the ROI: 43.00%
2024-04-14 14:29:49,476 - ObjectDetectionLogger - INFO - 'person' detected inside the region of interest
2024-04-14 14:29:49,476 - ObjectDetectionLogger - INFO - 'car' detected in the frame with confidence: 0.46
2024-04-14 14:29:49,477 - ObjectDetectionLogger - INFO - Grid coordinates of bounding box computed successfully
2024-04-14 14:29:49,477 - ObjectDetectionLogger - INFO - Percentage of points inside the ROI: 12.00%
2024-04-14 14:29:49,477 - ObjectDetectionLogger - INFO - 'car' detected inside the region of interest
2024-04-14 14:29:49,660 - ObjectDetectionLogger - INFO - 'person' detected in the frame with confidence: 0.85
2024-04-14 14:29:49,660 - ObjectDetectionLogger - INFO - Grid coordinates of bounding box computed successfully
2024-04-14 14:29:49,661 - ObjectDetectionLogger - INFO - Percentage of points inside the ROI: 33.00%
2024-04-14 14:29:49,661 - ObjectDetectionLogger - INFO - 'person' detected inside the region of interest
2024-04-14 14:29:49,661 - ObjectDetectionLogger - INFO - 'car' detected in the frame with confidence: 0.84
2024-04-14 14:29:49,661 - ObjectDetectionLogger - INFO - Grid coordinates of bounding box computed successfully
2024-04-14 14:29:49,662 - ObjectDetectionLogger - INFO - Percentage of points inside the ROI: 0.00%
2024-04-14 14:29:49,662 - ObjectDetectionLogger - INFO - 'car' detected in the frame with confidence: 0.80
2024-04-14 14:29:49,662 - ObjectDetectionLogger - INFO - Grid coordinates of bounding box computed successfully
2024-04-14 14:29:49,663 - ObjectDetectionLogger - INFO - Percentage of points inside the ROI: 68.00%
2024-04-14 14:29:49,663 - ObjectDetectionLogger - INFO - 'car' detected inside the region of interest
2024-04-14 14:29:49,663 - ObjectDetectionLogger - INFO - 'car' detected in the frame with confidence: 0.45
2024-04-14 14:29:49,663 - ObjectDetectionLogger - INFO - Grid coordinates of bounding box computed successfully
2024-04-14 14:29:49,664 - ObjectDetectionLogger - INFO - Percentage of points inside the ROI: 12.00%
2024-04-14 14:29:49,664 - ObjectDetectionLogger - INFO - 'car' detected inside the region of interest
2024-04-14 14:29:49,664 - ObjectDetectionLogger - INFO - 'handbag' detected in the frame with confidence: 0.26
2024-04-14 14:29:49,664 - ObjectDetectionLogger - INFO - Grid coordinates of bounding box computed successfully
2024-04-14 14:29:49,665 - ObjectDetectionLogger - INFO - Percentage of points inside the ROI: 71.00%
2024-04-14 14:29:49,665 - ObjectDetectionLogger - INFO - 'handbag' detected inside the region of interest
2024-04-14 14:29:49,854 - ObjectDetectionLogger - INFO - 'person' detected in the frame with confidence: 0.84
2024-04-14 14:29:49,854 - ObjectDetectionLogger - INFO - Grid coordinates of bounding box computed successfully
2024-04-14 14:29:49,854 - ObjectDetectionLogger - INFO - Percentage of points inside the ROI: 33.00%
2024-04-14 14:29:49,854 - ObjectDetectionLogger - INFO - 'person' detected inside the region of interest
2024-04-14 14:29:49,855 - ObjectDetectionLogger - INFO - 'car' detected in the frame with confidence: 0.84
2024-04-14 14:29:49,855 - ObjectDetectionLogger - INFO - Grid coordinates of bounding box computed successfully
2024-04-14 14:29:49,855 - ObjectDetectionLogger - INFO - Percentage of points inside the ROI: 0.00%
2024-04-14 14:29:49,855 - ObjectDetectionLogger - INFO - 'car' detected in the frame with confidence: 0.82
2024-04-14 14:29:49,855 - ObjectDetectionLogger - INFO - Grid coordinates of bounding box computed successfully
2024-04-14 14:29:49,856 - ObjectDetectionLogger - INFO - Percentage of points inside the ROI: 68.00%
2024-04-14 14:29:49,856 - ObjectDetectionLogger - INFO - 'car' detected inside the region of interest
2024-04-14 14:29:49,856 - ObjectDetectionLogger - INFO - 'car' detected in the frame with confidence: 0.44
2024-04-14 14:29:49,856 - ObjectDetectionLogger - INFO - Grid coordinates of bounding box computed successfully
2024-04-14 14:29:49,857 - ObjectDetectionLogger - INFO - Percentage of points inside the ROI: 12.00%
2024-04-14 14:29:49,857 - ObjectDetectionLogger - INFO - 'car' detected inside the region of interest
2024-04-14 14:29:50,049 - ObjectDetectionLogger - INFO - 'car' detected in the frame with confidence: 0.84
2024-04-14 14:29:50,049 - ObjectDetectionLogger - INFO - Grid coordinates of bounding box computed successfully
2024-04-14 14:29:50,049 - ObjectDetectionLogger - INFO - Percentage of points inside the ROI: 0.00%
2024-04-14 14:29:50,050 - ObjectDetectionLogger - INFO - 'person' detected in the frame with confidence: 0.83
2024-04-14 14:29:50,050 - ObjectDetectionLogger - INFO - Grid coordinates of bounding box computed successfully
2024-04-14 14:29:50,050 - ObjectDetectionLogger - INFO - Percentage of points inside the ROI: 32.00%
2024-04-14 14:29:50,050 - ObjectDetectionLogger - INFO - 'person' detected inside the region of interest
2024-04-14 14:29:50,051 - ObjectDetectionLogger - INFO - 'car' detected in the frame with confidence: 0.82
2024-04-14 14:29:50,051 - ObjectDetectionLogger - INFO - Grid coordinates of bounding box computed successfully
2024-04-14 14:29:50,051 - ObjectDetectionLogger - INFO - Percentage of points inside the ROI: 68.00%
2024-04-14 14:29:50,051 - ObjectDetectionLogger - INFO - 'car' detected inside the region of interest
2024-04-14 14:29:50,052 - ObjectDetectionLogger - INFO - 'car' detected in the frame with confidence: 0.43
2024-04-14 14:29:50,052 - ObjectDetectionLogger - INFO - Grid coordinates of bounding box computed successfully
2024-04-14 14:29:50,052 - ObjectDetectionLogger - INFO - Percentage of points inside the ROI: 12.00%
2024-04-14 14:29:50,052 - ObjectDetectionLogger - INFO - 'car' detected inside the region of interest
2024-04-14 14:29:50,254 - ObjectDetectionLogger - INFO - 'car' detected in the frame with confidence: 0.84
2024-04-14 14:29:50,254 - ObjectDetectionLogger - INFO - Grid coordinates of bounding box computed successfully
2024-04-14 14:29:50,255 - ObjectDetectionLogger - INFO - Percentage of points inside the ROI: 0.00%
2024-04-14 14:29:50,255 - ObjectDetectionLogger - INFO - 'person' detected in the frame with confidence: 0.84
2024-04-14 14:29:50,255 - ObjectDetectionLogger - INFO - Grid coordinates of bounding box computed successfully
2024-04-14 14:29:50,256 - ObjectDetectionLogger - INFO - Percentage of points inside the ROI: 33.00%
2024-04-14 14:29:50,256 - ObjectDetectionLogger - INFO - 'person' detected inside the region of interest
2024-04-14 14:29:50,256 - ObjectDetectionLogger - INFO - 'car' detected in the frame with confidence: 0.83
2024-04-14 14:29:50,256 - ObjectDetectionLogger - INFO - Grid coordinates of bounding box computed successfully
2024-04-14 14:29:50,257 - ObjectDetectionLogger - INFO - Percentage of points inside the ROI: 68.00%
2024-04-14 14:29:50,257 - ObjectDetectionLogger - INFO - 'car' detected inside the region of interest
2024-04-14 14:29:50,257 - ObjectDetectionLogger - INFO - 'car' detected in the frame with confidence: 0.46
2024-04-14 14:29:50,257 - ObjectDetectionLogger - INFO - Grid coordinates of bounding box computed successfully
2024-04-14 14:29:50,258 - ObjectDetectionLogger - INFO - Percentage of points inside the ROI: 12.00%
2024-04-14 14:29:50,258 - ObjectDetectionLogger - INFO - 'car' detected inside the region of interest
2024-04-14 14:29:50,459 - ObjectDetectionLogger - INFO - 'car' detected in the frame with confidence: 0.84
2024-04-14 14:29:50,460 - ObjectDetectionLogger - INFO - Grid coordinates of bounding box computed successfully
2024-04-14 14:29:50,460 - ObjectDetectionLogger - INFO - Percentage of points inside the ROI: 0.00%
2024-04-14 14:29:50,461 - ObjectDetectionLogger - INFO - 'person' detected in the frame with confidence: 0.83
2024-04-14 14:29:50,461 - ObjectDetectionLogger - INFO - Grid coordinates of bounding box computed successfully
2024-04-14 14:29:50,461 - ObjectDetectionLogger - INFO - Percentage of points inside the ROI: 22.00%
2024-04-14 14:29:50,462 - ObjectDetectionLogger - INFO - 'person' detected inside the region of interest
2024-04-14 14:29:50,462 - ObjectDetectionLogger - INFO - 'car' detected in the frame with confidence: 0.82
2024-04-14 14:29:50,462 - ObjectDetectionLogger - INFO - Grid coordinates of bounding box computed successfully
2024-04-14 14:29:50,462 - ObjectDetectionLogger - INFO - Percentage of points inside the ROI: 69.00%
2024-04-14 14:29:50,463 - ObjectDetectionLogger - INFO - 'car' detected inside the region of interest
2024-04-14 14:29:50,463 - ObjectDetectionLogger - INFO - 'car' detected in the frame with confidence: 0.46
2024-04-14 14:29:50,463 - ObjectDetectionLogger - INFO - Grid coordinates of bounding box computed successfully
2024-04-14 14:29:50,463 - ObjectDetectionLogger - INFO - Percentage of points inside the ROI: 12.00%
2024-04-14 14:29:50,463 - ObjectDetectionLogger - INFO - 'car' detected inside the region of interest
2024-04-14 14:29:50,661 - ObjectDetectionLogger - INFO - 'car' detected in the frame with confidence: 0.84
2024-04-14 14:29:50,662 - ObjectDetectionLogger - INFO - Grid coordinates of bounding box computed successfully
2024-04-14 14:29:50,662 - ObjectDetectionLogger - INFO - Percentage of points inside the ROI: 0.00%
2024-04-14 14:29:50,662 - ObjectDetectionLogger - INFO - 'person' detected in the frame with confidence: 0.83
2024-04-14 14:29:50,663 - ObjectDetectionLogger - INFO - Grid coordinates of bounding box computed successfully
2024-04-14 14:29:50,663 - ObjectDetectionLogger - INFO - Percentage of points inside the ROI: 20.00%
2024-04-14 14:29:50,663 - ObjectDetectionLogger - INFO - 'person' detected inside the region of interest
2024-04-14 14:29:50,663 - ObjectDetectionLogger - INFO - 'car' detected in the frame with confidence: 0.73
2024-04-14 14:29:50,664 - ObjectDetectionLogger - INFO - Grid coordinates of bounding box computed successfully
2024-04-14 14:29:50,664 - ObjectDetectionLogger - INFO - Percentage of points inside the ROI: 69.00%
2024-04-14 14:29:50,664 - ObjectDetectionLogger - INFO - 'car' detected inside the region of interest
2024-04-14 14:29:50,664 - ObjectDetectionLogger - INFO - 'car' detected in the frame with confidence: 0.44
2024-04-14 14:29:50,664 - ObjectDetectionLogger - INFO - Grid coordinates of bounding box computed successfully
2024-04-14 14:29:50,665 - ObjectDetectionLogger - INFO - Percentage of points inside the ROI: 12.00%
2024-04-14 14:29:50,665 - ObjectDetectionLogger - INFO - 'car' detected inside the region of interest
2024-04-14 14:29:50,860 - ObjectDetectionLogger - INFO - 'person' detected in the frame with confidence: 0.87
2024-04-14 14:29:50,860 - ObjectDetectionLogger - INFO - Grid coordinates of bounding box computed successfully
2024-04-14 14:29:50,861 - ObjectDetectionLogger - INFO - Percentage of points inside the ROI: 15.00%
2024-04-14 14:29:50,861 - ObjectDetectionLogger - INFO - 'person' detected inside the region of interest
2024-04-14 14:29:50,861 - ObjectDetectionLogger - INFO - 'car' detected in the frame with confidence: 0.84
2024-04-14 14:29:50,861 - ObjectDetectionLogger - INFO - Grid coordinates of bounding box computed successfully
2024-04-14 14:29:50,862 - ObjectDetectionLogger - INFO - Percentage of points inside the ROI: 0.00%
2024-04-14 14:29:50,862 - ObjectDetectionLogger - INFO - 'car' detected in the frame with confidence: 0.57
2024-04-14 14:29:50,862 - ObjectDetectionLogger - INFO - Grid coordinates of bounding box computed successfully
2024-04-14 14:29:50,863 - ObjectDetectionLogger - INFO - Percentage of points inside the ROI: 70.00%
2024-04-14 14:29:50,863 - ObjectDetectionLogger - INFO - 'car' detected inside the region of interest
2024-04-14 14:29:50,863 - ObjectDetectionLogger - INFO - 'car' detected in the frame with confidence: 0.36
2024-04-14 14:29:50,863 - ObjectDetectionLogger - INFO - Grid coordinates of bounding box computed successfully
2024-04-14 14:29:50,863 - ObjectDetectionLogger - INFO - Percentage of points inside the ROI: 12.00%
2024-04-14 14:29:50,864 - ObjectDetectionLogger - INFO - 'car' detected inside the region of interest
2024-04-14 14:29:50,864 - ObjectDetectionLogger - INFO - 'motorcycle' detected in the frame with confidence: 0.33
2024-04-14 14:29:50,864 - ObjectDetectionLogger - INFO - Grid coordinates of bounding box computed successfully
2024-04-14 14:29:50,864 - ObjectDetectionLogger - INFO - Percentage of points inside the ROI: 68.00%
2024-04-14 14:29:50,864 - ObjectDetectionLogger - INFO - 'motorcycle' detected inside the region of interest
2024-04-14 14:29:51,067 - ObjectDetectionLogger - INFO - 'person' detected in the frame with confidence: 0.87
2024-04-14 14:29:51,068 - ObjectDetectionLogger - INFO - Grid coordinates of bounding box computed successfully
2024-04-14 14:29:51,068 - ObjectDetectionLogger - INFO - Percentage of points inside the ROI: 17.00%
2024-04-14 14:29:51,068 - ObjectDetectionLogger - INFO - 'person' detected inside the region of interest
2024-04-14 14:29:51,068 - ObjectDetectionLogger - INFO - 'car' detected in the frame with confidence: 0.83
2024-04-14 14:29:51,069 - ObjectDetectionLogger - INFO - Grid coordinates of bounding box computed successfully
2024-04-14 14:29:51,069 - ObjectDetectionLogger - INFO - Percentage of points inside the ROI: 0.00%
2024-04-14 14:29:51,069 - ObjectDetectionLogger - INFO - 'car' detected in the frame with confidence: 0.58
2024-04-14 14:29:51,069 - ObjectDetectionLogger - INFO - Grid coordinates of bounding box computed successfully
2024-04-14 14:29:51,070 - ObjectDetectionLogger - INFO - Percentage of points inside the ROI: 69.00%
2024-04-14 14:29:51,070 - ObjectDetectionLogger - INFO - 'car' detected inside the region of interest
2024-04-14 14:29:51,070 - ObjectDetectionLogger - INFO - 'car' detected in the frame with confidence: 0.38
2024-04-14 14:29:51,070 - ObjectDetectionLogger - INFO - Grid coordinates of bounding box computed successfully
2024-04-14 14:29:51,071 - ObjectDetectionLogger - INFO - Percentage of points inside the ROI: 12.00%
2024-04-14 14:29:51,071 - ObjectDetectionLogger - INFO - 'car' detected inside the region of interest
2024-04-14 14:29:51,259 - ObjectDetectionLogger - INFO - 'car' detected in the frame with confidence: 0.84
2024-04-14 14:29:51,260 - ObjectDetectionLogger - INFO - Grid coordinates of bounding box computed successfully
2024-04-14 14:29:51,260 - ObjectDetectionLogger - INFO - Percentage of points inside the ROI: 0.00%
2024-04-14 14:29:51,260 - ObjectDetectionLogger - INFO - 'person' detected in the frame with confidence: 0.80
2024-04-14 14:29:51,261 - ObjectDetectionLogger - INFO - Grid coordinates of bounding box computed successfully
2024-04-14 14:29:51,261 - ObjectDetectionLogger - INFO - Percentage of points inside the ROI: 21.00%
2024-04-14 14:29:51,261 - ObjectDetectionLogger - INFO - 'person' detected inside the region of interest
2024-04-14 14:29:51,261 - ObjectDetectionLogger - INFO - 'car' detected in the frame with confidence: 0.52
2024-04-14 14:29:51,261 - ObjectDetectionLogger - INFO - Grid coordinates of bounding box computed successfully
2024-04-14 14:29:51,262 - ObjectDetectionLogger - INFO - Percentage of points inside the ROI: 68.00%
2024-04-14 14:29:51,262 - ObjectDetectionLogger - INFO - 'car' detected inside the region of interest
2024-04-14 14:29:51,262 - ObjectDetectionLogger - INFO - 'motorcycle' detected in the frame with confidence: 0.43
2024-04-14 14:29:51,262 - ObjectDetectionLogger - INFO - Grid coordinates of bounding box computed successfully
2024-04-14 14:29:51,263 - ObjectDetectionLogger - INFO - Percentage of points inside the ROI: 69.00%
2024-04-14 14:29:51,263 - ObjectDetectionLogger - INFO - 'motorcycle' detected inside the region of interest
2024-04-14 14:29:51,263 - ObjectDetectionLogger - INFO - 'car' detected in the frame with confidence: 0.40
2024-04-14 14:29:51,263 - ObjectDetectionLogger - INFO - Grid coordinates of bounding box computed successfully
2024-04-14 14:29:51,264 - ObjectDetectionLogger - INFO - Percentage of points inside the ROI: 12.00%
2024-04-14 14:29:51,264 - ObjectDetectionLogger - INFO - 'car' detected inside the region of interest
2024-04-14 14:29:51,264 - ObjectDetectionLogger - INFO - 'car' detected in the frame with confidence: 0.40
2024-04-14 14:29:51,264 - ObjectDetectionLogger - INFO - Grid coordinates of bounding box computed successfully
2024-04-14 14:29:51,264 - ObjectDetectionLogger - INFO - Percentage of points inside the ROI: 0.00%
2024-04-14 14:29:51,457 - ObjectDetectionLogger - INFO - 'car' detected in the frame with confidence: 0.83
2024-04-14 14:29:51,457 - ObjectDetectionLogger - INFO - Grid coordinates of bounding box computed successfully
2024-04-14 14:29:51,458 - ObjectDetectionLogger - INFO - Percentage of points inside the ROI: 0.00%
2024-04-14 14:29:51,458 - ObjectDetectionLogger - INFO - 'person' detected in the frame with confidence: 0.83
2024-04-14 14:29:51,458 - ObjectDetectionLogger - INFO - Grid coordinates of bounding box computed successfully
2024-04-14 14:29:51,458 - ObjectDetectionLogger - INFO - Percentage of points inside the ROI: 20.00%
2024-04-14 14:29:51,459 - ObjectDetectionLogger - INFO - 'person' detected inside the region of interest
2024-04-14 14:29:51,459 - ObjectDetectionLogger - INFO - 'car' detected in the frame with confidence: 0.49
2024-04-14 14:29:51,459 - ObjectDetectionLogger - INFO - Grid coordinates of bounding box computed successfully
2024-04-14 14:29:51,459 - ObjectDetectionLogger - INFO - Percentage of points inside the ROI: 68.00%
2024-04-14 14:29:51,459 - ObjectDetectionLogger - INFO - 'car' detected inside the region of interest
2024-04-14 14:29:51,460 - ObjectDetectionLogger - INFO - 'motorcycle' detected in the frame with confidence: 0.48
2024-04-14 14:29:51,460 - ObjectDetectionLogger - INFO - Grid coordinates of bounding box computed successfully
2024-04-14 14:29:51,460 - ObjectDetectionLogger - INFO - Percentage of points inside the ROI: 69.00%
2024-04-14 14:29:51,460 - ObjectDetectionLogger - INFO - 'motorcycle' detected inside the region of interest
2024-04-14 14:29:51,460 - ObjectDetectionLogger - INFO - 'car' detected in the frame with confidence: 0.43
2024-04-14 14:29:51,461 - ObjectDetectionLogger - INFO - Grid coordinates of bounding box computed successfully
2024-04-14 14:29:51,461 - ObjectDetectionLogger - INFO - Percentage of points inside the ROI: 12.00%
2024-04-14 14:29:51,461 - ObjectDetectionLogger - INFO - 'car' detected inside the region of interest
2024-04-14 14:29:51,461 - ObjectDetectionLogger - INFO - 'car' detected in the frame with confidence: 0.38
2024-04-14 14:29:51,461 - ObjectDetectionLogger - INFO - Grid coordinates of bounding box computed successfully
2024-04-14 14:29:51,462 - ObjectDetectionLogger - INFO - Percentage of points inside the ROI: 0.00%
2024-04-14 14:29:51,654 - ObjectDetectionLogger - INFO - 'car' detected in the frame with confidence: 0.83
2024-04-14 14:29:51,655 - ObjectDetectionLogger - INFO - Grid coordinates of bounding box computed successfully
2024-04-14 14:29:51,655 - ObjectDetectionLogger - INFO - Percentage of points inside the ROI: 0.00%
2024-04-14 14:29:51,655 - ObjectDetectionLogger - INFO - 'person' detected in the frame with confidence: 0.82
2024-04-14 14:29:51,655 - ObjectDetectionLogger - INFO - Grid coordinates of bounding box computed successfully
2024-04-14 14:29:51,656 - ObjectDetectionLogger - INFO - Percentage of points inside the ROI: 19.00%
2024-04-14 14:29:51,656 - ObjectDetectionLogger - INFO - 'person' detected inside the region of interest
2024-04-14 14:29:51,656 - ObjectDetectionLogger - INFO - 'car' detected in the frame with confidence: 0.49
2024-04-14 14:29:51,656 - ObjectDetectionLogger - INFO - Grid coordinates of bounding box computed successfully
2024-04-14 14:29:51,657 - ObjectDetectionLogger - INFO - Percentage of points inside the ROI: 68.00%
2024-04-14 14:29:51,657 - ObjectDetectionLogger - INFO - 'car' detected inside the region of interest
2024-04-14 14:29:51,657 - ObjectDetectionLogger - INFO - 'motorcycle' detected in the frame with confidence: 0.47
2024-04-14 14:29:51,657 - ObjectDetectionLogger - INFO - Grid coordinates of bounding box computed successfully
2024-04-14 14:29:51,657 - ObjectDetectionLogger - INFO - Percentage of points inside the ROI: 68.00%
2024-04-14 14:29:51,657 - ObjectDetectionLogger - INFO - 'motorcycle' detected inside the region of interest
2024-04-14 14:29:51,658 - ObjectDetectionLogger - INFO - 'car' detected in the frame with confidence: 0.42
2024-04-14 14:29:51,658 - ObjectDetectionLogger - INFO - Grid coordinates of bounding box computed successfully
2024-04-14 14:29:51,658 - ObjectDetectionLogger - INFO - Percentage of points inside the ROI: 12.00%
2024-04-14 14:29:51,658 - ObjectDetectionLogger - INFO - 'car' detected inside the region of interest
2024-04-14 14:29:51,658 - ObjectDetectionLogger - INFO - 'car' detected in the frame with confidence: 0.38
2024-04-14 14:29:51,659 - ObjectDetectionLogger - INFO - Grid coordinates of bounding box computed successfully
2024-04-14 14:29:51,659 - ObjectDetectionLogger - INFO - Percentage of points inside the ROI: 0.00%
2024-04-14 14:29:51,850 - ObjectDetectionLogger - INFO - 'car' detected in the frame with confidence: 0.83
2024-04-14 14:29:51,850 - ObjectDetectionLogger - INFO - Grid coordinates of bounding box computed successfully
2024-04-14 14:29:51,850 - ObjectDetectionLogger - INFO - Percentage of points inside the ROI: 0.00%
2024-04-14 14:29:51,851 - ObjectDetectionLogger - INFO - 'person' detected in the frame with confidence: 0.82
2024-04-14 14:29:51,851 - ObjectDetectionLogger - INFO - Grid coordinates of bounding box computed successfully
2024-04-14 14:29:51,851 - ObjectDetectionLogger - INFO - Percentage of points inside the ROI: 21.00%
2024-04-14 14:29:51,851 - ObjectDetectionLogger - INFO - 'person' detected inside the region of interest
2024-04-14 14:29:51,852 - ObjectDetectionLogger - INFO - 'car' detected in the frame with confidence: 0.49
2024-04-14 14:29:51,852 - ObjectDetectionLogger - INFO - Grid coordinates of bounding box computed successfully
2024-04-14 14:29:51,852 - ObjectDetectionLogger - INFO - Percentage of points inside the ROI: 68.00%
2024-04-14 14:29:51,852 - ObjectDetectionLogger - INFO - 'car' detected inside the region of interest
2024-04-14 14:29:51,853 - ObjectDetectionLogger - INFO - 'motorcycle' detected in the frame with confidence: 0.49
2024-04-14 14:29:51,853 - ObjectDetectionLogger - INFO - Grid coordinates of bounding box computed successfully
2024-04-14 14:29:51,853 - ObjectDetectionLogger - INFO - Percentage of points inside the ROI: 69.00%
2024-04-14 14:29:51,853 - ObjectDetectionLogger - INFO - 'motorcycle' detected inside the region of interest
2024-04-14 14:29:51,854 - ObjectDetectionLogger - INFO - 'car' detected in the frame with confidence: 0.42
2024-04-14 14:29:51,854 - ObjectDetectionLogger - INFO - Grid coordinates of bounding box computed successfully
2024-04-14 14:29:51,854 - ObjectDetectionLogger - INFO - Percentage of points inside the ROI: 12.00%
2024-04-14 14:29:51,854 - ObjectDetectionLogger - INFO - 'car' detected inside the region of interest
2024-04-14 14:29:51,854 - ObjectDetectionLogger - INFO - 'car' detected in the frame with confidence: 0.34
2024-04-14 14:29:51,855 - ObjectDetectionLogger - INFO - Grid coordinates of bounding box computed successfully
2024-04-14 14:29:51,855 - ObjectDetectionLogger - INFO - Percentage of points inside the ROI: 0.00%
2024-04-14 14:29:52,041 - ObjectDetectionLogger - INFO - 'car' detected in the frame with confidence: 0.83
2024-04-14 14:29:52,041 - ObjectDetectionLogger - INFO - Grid coordinates of bounding box computed successfully
2024-04-14 14:29:52,042 - ObjectDetectionLogger - INFO - Percentage of points inside the ROI: 0.00%
2024-04-14 14:29:52,042 - ObjectDetectionLogger - INFO - 'car' detected in the frame with confidence: 0.41
2024-04-14 14:29:52,042 - ObjectDetectionLogger - INFO - Grid coordinates of bounding box computed successfully
2024-04-14 14:29:52,043 - ObjectDetectionLogger - INFO - Percentage of points inside the ROI: 12.00%
2024-04-14 14:29:52,043 - ObjectDetectionLogger - INFO - 'car' detected inside the region of interest
2024-04-14 14:29:52,043 - ObjectDetectionLogger - INFO - 'motorcycle' detected in the frame with confidence: 0.37
2024-04-14 14:29:52,043 - ObjectDetectionLogger - INFO - Grid coordinates of bounding box computed successfully
2024-04-14 14:29:52,044 - ObjectDetectionLogger - INFO - Percentage of points inside the ROI: 67.00%
2024-04-14 14:29:52,044 - ObjectDetectionLogger - INFO - 'motorcycle' detected inside the region of interest
2024-04-14 14:29:52,044 - ObjectDetectionLogger - INFO - 'car' detected in the frame with confidence: 0.35
2024-04-14 14:29:52,044 - ObjectDetectionLogger - INFO - Grid coordinates of bounding box computed successfully
2024-04-14 14:29:52,045 - ObjectDetectionLogger - INFO - Percentage of points inside the ROI: 0.00%
2024-04-14 14:29:52,235 - ObjectDetectionLogger - INFO - 'car' detected in the frame with confidence: 0.83
2024-04-14 14:29:52,235 - ObjectDetectionLogger - INFO - Grid coordinates of bounding box computed successfully
2024-04-14 14:29:52,236 - ObjectDetectionLogger - INFO - Percentage of points inside the ROI: 0.00%
2024-04-14 14:29:52,236 - ObjectDetectionLogger - INFO - 'car' detected in the frame with confidence: 0.36
2024-04-14 14:29:52,236 - ObjectDetectionLogger - INFO - Grid coordinates of bounding box computed successfully
2024-04-14 14:29:52,237 - ObjectDetectionLogger - INFO - Percentage of points inside the ROI: 12.00%
2024-04-14 14:29:52,237 - ObjectDetectionLogger - INFO - 'car' detected inside the region of interest
2024-04-14 14:29:52,237 - ObjectDetectionLogger - INFO - 'car' detected in the frame with confidence: 0.35
2024-04-14 14:29:52,237 - ObjectDetectionLogger - INFO - Grid coordinates of bounding box computed successfully
2024-04-14 14:29:52,238 - ObjectDetectionLogger - INFO - Percentage of points inside the ROI: 0.00%
2024-04-14 14:29:52,238 - ObjectDetectionLogger - INFO - 'motorcycle' detected in the frame with confidence: 0.34
2024-04-14 14:29:52,238 - ObjectDetectionLogger - INFO - Grid coordinates of bounding box computed successfully
2024-04-14 14:29:52,238 - ObjectDetectionLogger - INFO - Percentage of points inside the ROI: 70.00%
2024-04-14 14:29:52,238 - ObjectDetectionLogger - INFO - 'motorcycle' detected inside the region of interest
2024-04-14 14:29:52,238 - ObjectDetectionLogger - INFO - 'car' detected in the frame with confidence: 0.30
2024-04-14 14:29:52,239 - ObjectDetectionLogger - INFO - Grid coordinates of bounding box computed successfully
2024-04-14 14:29:52,239 - ObjectDetectionLogger - INFO - Percentage of points inside the ROI: 70.00%
2024-04-14 14:29:52,239 - ObjectDetectionLogger - INFO - 'car' detected inside the region of interest
2024-04-14 14:29:52,422 - ObjectDetectionLogger - INFO - 'car' detected in the frame with confidence: 0.84
2024-04-14 14:29:52,422 - ObjectDetectionLogger - INFO - Grid coordinates of bounding box computed successfully
2024-04-14 14:29:52,423 - ObjectDetectionLogger - INFO - Percentage of points inside the ROI: 0.00%
2024-04-14 14:29:52,423 - ObjectDetectionLogger - INFO - 'person' detected in the frame with confidence: 0.60
2024-04-14 14:29:52,423 - ObjectDetectionLogger - INFO - Grid coordinates of bounding box computed successfully
2024-04-14 14:29:52,424 - ObjectDetectionLogger - INFO - Percentage of points inside the ROI: 18.00%
2024-04-14 14:29:52,424 - ObjectDetectionLogger - INFO - 'person' detected inside the region of interest
2024-04-14 14:29:52,424 - ObjectDetectionLogger - INFO - 'motorcycle' detected in the frame with confidence: 0.56
2024-04-14 14:29:52,424 - ObjectDetectionLogger - INFO - Grid coordinates of bounding box computed successfully
2024-04-14 14:29:52,425 - ObjectDetectionLogger - INFO - Percentage of points inside the ROI: 68.00%
2024-04-14 14:29:52,425 - ObjectDetectionLogger - INFO - 'motorcycle' detected inside the region of interest
2024-04-14 14:29:52,425 - ObjectDetectionLogger - INFO - 'car' detected in the frame with confidence: 0.44
2024-04-14 14:29:52,425 - ObjectDetectionLogger - INFO - Grid coordinates of bounding box computed successfully
2024-04-14 14:29:52,426 - ObjectDetectionLogger - INFO - Percentage of points inside the ROI: 69.00%
2024-04-14 14:29:52,426 - ObjectDetectionLogger - INFO - 'car' detected inside the region of interest
2024-04-14 14:29:52,426 - ObjectDetectionLogger - INFO - 'car' detected in the frame with confidence: 0.42
2024-04-14 14:29:52,426 - ObjectDetectionLogger - INFO - Grid coordinates of bounding box computed successfully
2024-04-14 14:29:52,426 - ObjectDetectionLogger - INFO - Percentage of points inside the ROI: 12.00%
2024-04-14 14:29:52,427 - ObjectDetectionLogger - INFO - 'car' detected inside the region of interest
2024-04-14 14:29:52,427 - ObjectDetectionLogger - INFO - 'car' detected in the frame with confidence: 0.35
2024-04-14 14:29:52,427 - ObjectDetectionLogger - INFO - Grid coordinates of bounding box computed successfully
2024-04-14 14:29:52,427 - ObjectDetectionLogger - INFO - Percentage of points inside the ROI: 0.00%
2024-04-14 14:29:52,614 - ObjectDetectionLogger - INFO - 'car' detected in the frame with confidence: 0.84
2024-04-14 14:29:52,614 - ObjectDetectionLogger - INFO - Grid coordinates of bounding box computed successfully
2024-04-14 14:29:52,614 - ObjectDetectionLogger - INFO - Percentage of points inside the ROI: 0.00%
2024-04-14 14:29:52,615 - ObjectDetectionLogger - INFO - 'person' detected in the frame with confidence: 0.55
2024-04-14 14:29:52,615 - ObjectDetectionLogger - INFO - Grid coordinates of bounding box computed successfully
2024-04-14 14:29:52,615 - ObjectDetectionLogger - INFO - Percentage of points inside the ROI: 22.00%
2024-04-14 14:29:52,615 - ObjectDetectionLogger - INFO - 'person' detected inside the region of interest
2024-04-14 14:29:52,615 - ObjectDetectionLogger - INFO - 'car' detected in the frame with confidence: 0.50
2024-04-14 14:29:52,616 - ObjectDetectionLogger - INFO - Grid coordinates of bounding box computed successfully
2024-04-14 14:29:52,616 - ObjectDetectionLogger - INFO - Percentage of points inside the ROI: 68.00%
2024-04-14 14:29:52,616 - ObjectDetectionLogger - INFO - 'car' detected inside the region of interest
2024-04-14 14:29:52,616 - ObjectDetectionLogger - INFO - 'motorcycle' detected in the frame with confidence: 0.41
2024-04-14 14:29:52,616 - ObjectDetectionLogger - INFO - Grid coordinates of bounding box computed successfully
2024-04-14 14:29:52,617 - ObjectDetectionLogger - INFO - Percentage of points inside the ROI: 68.00%
2024-04-14 14:29:52,617 - ObjectDetectionLogger - INFO - 'motorcycle' detected inside the region of interest
2024-04-14 14:29:52,617 - ObjectDetectionLogger - INFO - 'car' detected in the frame with confidence: 0.39
2024-04-14 14:29:52,617 - ObjectDetectionLogger - INFO - Grid coordinates of bounding box computed successfully
2024-04-14 14:29:52,618 - ObjectDetectionLogger - INFO - Percentage of points inside the ROI: 12.00%
2024-04-14 14:29:52,618 - ObjectDetectionLogger - INFO - 'car' detected inside the region of interest
2024-04-14 14:29:52,618 - ObjectDetectionLogger - INFO - 'car' detected in the frame with confidence: 0.30
2024-04-14 14:29:52,618 - ObjectDetectionLogger - INFO - Grid coordinates of bounding box computed successfully
2024-04-14 14:29:52,618 - ObjectDetectionLogger - INFO - Percentage of points inside the ROI: 0.00%
2024-04-14 14:29:52,804 - ObjectDetectionLogger - INFO - 'car' detected in the frame with confidence: 0.84
2024-04-14 14:29:52,804 - ObjectDetectionLogger - INFO - Grid coordinates of bounding box computed successfully
2024-04-14 14:29:52,804 - ObjectDetectionLogger - INFO - Percentage of points inside the ROI: 0.00%
2024-04-14 14:29:52,804 - ObjectDetectionLogger - INFO - 'car' detected in the frame with confidence: 0.53
2024-04-14 14:29:52,805 - ObjectDetectionLogger - INFO - Grid coordinates of bounding box computed successfully
2024-04-14 14:29:52,805 - ObjectDetectionLogger - INFO - Percentage of points inside the ROI: 68.00%
2024-04-14 14:29:52,805 - ObjectDetectionLogger - INFO - 'car' detected inside the region of interest
2024-04-14 14:29:52,805 - ObjectDetectionLogger - INFO - 'person' detected in the frame with confidence: 0.44
2024-04-14 14:29:52,805 - ObjectDetectionLogger - INFO - Grid coordinates of bounding box computed successfully
2024-04-14 14:29:52,806 - ObjectDetectionLogger - INFO - Percentage of points inside the ROI: 22.00%
2024-04-14 14:29:52,806 - ObjectDetectionLogger - INFO - 'person' detected inside the region of interest
2024-04-14 14:29:52,806 - ObjectDetectionLogger - INFO - 'motorcycle' detected in the frame with confidence: 0.42
2024-04-14 14:29:52,806 - ObjectDetectionLogger - INFO - Grid coordinates of bounding box computed successfully
2024-04-14 14:29:52,807 - ObjectDetectionLogger - INFO - Percentage of points inside the ROI: 69.00%
2024-04-14 14:29:52,807 - ObjectDetectionLogger - INFO - 'motorcycle' detected inside the region of interest
2024-04-14 14:29:52,807 - ObjectDetectionLogger - INFO - 'car' detected in the frame with confidence: 0.42
2024-04-14 14:29:52,807 - ObjectDetectionLogger - INFO - Grid coordinates of bounding box computed successfully
2024-04-14 14:29:52,808 - ObjectDetectionLogger - INFO - Percentage of points inside the ROI: 12.00%
2024-04-14 14:29:52,808 - ObjectDetectionLogger - INFO - 'car' detected inside the region of interest
2024-04-14 14:29:52,808 - ObjectDetectionLogger - INFO - 'car' detected in the frame with confidence: 0.31
2024-04-14 14:29:52,808 - ObjectDetectionLogger - INFO - Grid coordinates of bounding box computed successfully
2024-04-14 14:29:52,808 - ObjectDetectionLogger - INFO - Percentage of points inside the ROI: 0.00%
2024-04-14 14:29:53,006 - ObjectDetectionLogger - INFO - 'car' detected in the frame with confidence: 0.84
2024-04-14 14:29:53,006 - ObjectDetectionLogger - INFO - Grid coordinates of bounding box computed successfully
2024-04-14 14:29:53,007 - ObjectDetectionLogger - INFO - Percentage of points inside the ROI: 0.00%
2024-04-14 14:29:53,007 - ObjectDetectionLogger - INFO - 'person' detected in the frame with confidence: 0.61
2024-04-14 14:29:53,007 - ObjectDetectionLogger - INFO - Grid coordinates of bounding box computed successfully
2024-04-14 14:29:53,007 - ObjectDetectionLogger - INFO - Percentage of points inside the ROI: 25.00%
2024-04-14 14:29:53,007 - ObjectDetectionLogger - INFO - 'person' detected inside the region of interest
2024-04-14 14:29:53,008 - ObjectDetectionLogger - INFO - 'motorcycle' detected in the frame with confidence: 0.50
2024-04-14 14:29:53,008 - ObjectDetectionLogger - INFO - Grid coordinates of bounding box computed successfully
2024-04-14 14:29:53,008 - ObjectDetectionLogger - INFO - Percentage of points inside the ROI: 69.00%
2024-04-14 14:29:53,008 - ObjectDetectionLogger - INFO - 'motorcycle' detected inside the region of interest
2024-04-14 14:29:53,008 - ObjectDetectionLogger - INFO - 'car' detected in the frame with confidence: 0.44
2024-04-14 14:29:53,009 - ObjectDetectionLogger - INFO - Grid coordinates of bounding box computed successfully
2024-04-14 14:29:53,009 - ObjectDetectionLogger - INFO - Percentage of points inside the ROI: 69.00%
2024-04-14 14:29:53,009 - ObjectDetectionLogger - INFO - 'car' detected inside the region of interest
2024-04-14 14:29:53,009 - ObjectDetectionLogger - INFO - 'car' detected in the frame with confidence: 0.40
2024-04-14 14:29:53,009 - ObjectDetectionLogger - INFO - Grid coordinates of bounding box computed successfully
2024-04-14 14:29:53,010 - ObjectDetectionLogger - INFO - Percentage of points inside the ROI: 12.00%
2024-04-14 14:29:53,010 - ObjectDetectionLogger - INFO - 'car' detected inside the region of interest
2024-04-14 14:29:53,010 - ObjectDetectionLogger - INFO - 'car' detected in the frame with confidence: 0.31
2024-04-14 14:29:53,010 - ObjectDetectionLogger - INFO - Grid coordinates of bounding box computed successfully
2024-04-14 14:29:53,011 - ObjectDetectionLogger - INFO - Percentage of points inside the ROI: 0.00%
2024-04-14 14:29:53,197 - ObjectDetectionLogger - INFO - 'car' detected in the frame with confidence: 0.84
2024-04-14 14:29:53,198 - ObjectDetectionLogger - INFO - Grid coordinates of bounding box computed successfully
2024-04-14 14:29:53,198 - ObjectDetectionLogger - INFO - Percentage of points inside the ROI: 0.00%
2024-04-14 14:29:53,198 - ObjectDetectionLogger - INFO - 'car' detected in the frame with confidence: 0.56
2024-04-14 14:29:53,199 - ObjectDetectionLogger - INFO - Grid coordinates of bounding box computed successfully
2024-04-14 14:29:53,199 - ObjectDetectionLogger - INFO - Percentage of points inside the ROI: 69.00%
2024-04-14 14:29:53,199 - ObjectDetectionLogger - INFO - 'car' detected inside the region of interest
2024-04-14 14:29:53,200 - ObjectDetectionLogger - INFO - 'motorcycle' detected in the frame with confidence: 0.37
2024-04-14 14:29:53,200 - ObjectDetectionLogger - INFO - Grid coordinates of bounding box computed successfully
2024-04-14 14:29:53,201 - ObjectDetectionLogger - INFO - Percentage of points inside the ROI: 69.00%
2024-04-14 14:29:53,201 - ObjectDetectionLogger - INFO - 'motorcycle' detected inside the region of interest
2024-04-14 14:29:53,201 - ObjectDetectionLogger - INFO - 'car' detected in the frame with confidence: 0.32
2024-04-14 14:29:53,201 - ObjectDetectionLogger - INFO - Grid coordinates of bounding box computed successfully
2024-04-14 14:29:53,201 - ObjectDetectionLogger - INFO - Percentage of points inside the ROI: 12.00%
2024-04-14 14:29:53,202 - ObjectDetectionLogger - INFO - 'car' detected inside the region of interest
2024-04-14 14:29:53,202 - ObjectDetectionLogger - INFO - 'car' detected in the frame with confidence: 0.32
2024-04-14 14:29:53,202 - ObjectDetectionLogger - INFO - Grid coordinates of bounding box computed successfully
2024-04-14 14:29:53,202 - ObjectDetectionLogger - INFO - Percentage of points inside the ROI: 0.00%
2024-04-14 14:29:53,392 - ObjectDetectionLogger - INFO - 'car' detected in the frame with confidence: 0.84
2024-04-14 14:29:53,392 - ObjectDetectionLogger - INFO - Grid coordinates of bounding box computed successfully
2024-04-14 14:29:53,393 - ObjectDetectionLogger - INFO - Percentage of points inside the ROI: 0.00%
2024-04-14 14:29:53,393 - ObjectDetectionLogger - INFO - 'car' detected in the frame with confidence: 0.57
2024-04-14 14:29:53,393 - ObjectDetectionLogger - INFO - Grid coordinates of bounding box computed successfully
2024-04-14 14:29:53,394 - ObjectDetectionLogger - INFO - Percentage of points inside the ROI: 69.00%
2024-04-14 14:29:53,394 - ObjectDetectionLogger - INFO - 'car' detected inside the region of interest
2024-04-14 14:29:53,394 - ObjectDetectionLogger - INFO - 'truck' detected in the frame with confidence: 0.33
2024-04-14 14:29:53,394 - ObjectDetectionLogger - INFO - Grid coordinates of bounding box computed successfully
2024-04-14 14:29:53,394 - ObjectDetectionLogger - INFO - Percentage of points inside the ROI: 12.00%
2024-04-14 14:29:53,394 - ObjectDetectionLogger - INFO - 'truck' detected inside the region of interest
2024-04-14 14:29:53,395 - ObjectDetectionLogger - INFO - 'car' detected in the frame with confidence: 0.32
2024-04-14 14:29:53,395 - ObjectDetectionLogger - INFO - Grid coordinates of bounding box computed successfully
2024-04-14 14:29:53,395 - ObjectDetectionLogger - INFO - Percentage of points inside the ROI: 12.00%
2024-04-14 14:29:53,395 - ObjectDetectionLogger - INFO - 'car' detected inside the region of interest
2024-04-14 14:29:53,395 - ObjectDetectionLogger - INFO - 'car' detected in the frame with confidence: 0.32
2024-04-14 14:29:53,396 - ObjectDetectionLogger - INFO - Grid coordinates of bounding box computed successfully
2024-04-14 14:29:53,396 - ObjectDetectionLogger - INFO - Percentage of points inside the ROI: 0.00%
2024-04-14 14:29:53,396 - ObjectDetectionLogger - INFO - 'person' detected in the frame with confidence: 0.31
2024-04-14 14:29:53,396 - ObjectDetectionLogger - INFO - Grid coordinates of bounding box computed successfully
2024-04-14 14:29:53,397 - ObjectDetectionLogger - INFO - Percentage of points inside the ROI: 17.00%
2024-04-14 14:29:53,397 - ObjectDetectionLogger - INFO - 'person' detected inside the region of interest
2024-04-14 14:29:53,580 - ObjectDetectionLogger - INFO - 'car' detected in the frame with confidence: 0.84
2024-04-14 14:29:53,580 - ObjectDetectionLogger - INFO - Grid coordinates of bounding box computed successfully
2024-04-14 14:29:53,581 - ObjectDetectionLogger - INFO - Percentage of points inside the ROI: 0.00%
2024-04-14 14:29:53,581 - ObjectDetectionLogger - INFO - 'person' detected in the frame with confidence: 0.51
2024-04-14 14:29:53,581 - ObjectDetectionLogger - INFO - Grid coordinates of bounding box computed successfully
2024-04-14 14:29:53,581 - ObjectDetectionLogger - INFO - Percentage of points inside the ROI: 25.00%
2024-04-14 14:29:53,582 - ObjectDetectionLogger - INFO - 'person' detected inside the region of interest
2024-04-14 14:29:53,582 - ObjectDetectionLogger - INFO - 'car' detected in the frame with confidence: 0.48
2024-04-14 14:29:53,582 - ObjectDetectionLogger - INFO - Grid coordinates of bounding box computed successfully
2024-04-14 14:29:53,582 - ObjectDetectionLogger - INFO - Percentage of points inside the ROI: 69.00%
2024-04-14 14:29:53,582 - ObjectDetectionLogger - INFO - 'car' detected inside the region of interest
2024-04-14 14:29:53,582 - ObjectDetectionLogger - INFO - 'motorcycle' detected in the frame with confidence: 0.34
2024-04-14 14:29:53,583 - ObjectDetectionLogger - INFO - Grid coordinates of bounding box computed successfully
2024-04-14 14:29:53,583 - ObjectDetectionLogger - INFO - Percentage of points inside the ROI: 69.00%
2024-04-14 14:29:53,583 - ObjectDetectionLogger - INFO - 'motorcycle' detected inside the region of interest
2024-04-14 14:29:53,583 - ObjectDetectionLogger - INFO - 'car' detected in the frame with confidence: 0.32
2024-04-14 14:29:53,583 - ObjectDetectionLogger - INFO - Grid coordinates of bounding box computed successfully
2024-04-14 14:29:53,584 - ObjectDetectionLogger - INFO - Percentage of points inside the ROI: 0.00%
2024-04-14 14:29:53,769 - ObjectDetectionLogger - INFO - 'car' detected in the frame with confidence: 0.84
2024-04-14 14:29:53,769 - ObjectDetectionLogger - INFO - Grid coordinates of bounding box computed successfully
2024-04-14 14:29:53,770 - ObjectDetectionLogger - INFO - Percentage of points inside the ROI: 0.00%
2024-04-14 14:29:53,770 - ObjectDetectionLogger - INFO - 'person' detected in the frame with confidence: 0.65
2024-04-14 14:29:53,770 - ObjectDetectionLogger - INFO - Grid coordinates of bounding box computed successfully
2024-04-14 14:29:53,771 - ObjectDetectionLogger - INFO - Percentage of points inside the ROI: 28.00%
2024-04-14 14:29:53,771 - ObjectDetectionLogger - INFO - 'person' detected inside the region of interest
2024-04-14 14:29:53,771 - ObjectDetectionLogger - INFO - 'car' detected in the frame with confidence: 0.58
2024-04-14 14:29:53,771 - ObjectDetectionLogger - INFO - Grid coordinates of bounding box computed successfully
2024-04-14 14:29:53,772 - ObjectDetectionLogger - INFO - Percentage of points inside the ROI: 68.00%
2024-04-14 14:29:53,772 - ObjectDetectionLogger - INFO - 'car' detected inside the region of interest
2024-04-14 14:29:53,772 - ObjectDetectionLogger - INFO - 'car' detected in the frame with confidence: 0.33
2024-04-14 14:29:53,772 - ObjectDetectionLogger - INFO - Grid coordinates of bounding box computed successfully
2024-04-14 14:29:53,772 - ObjectDetectionLogger - INFO - Percentage of points inside the ROI: 0.00%
2024-04-14 14:29:53,964 - ObjectDetectionLogger - INFO - 'car' detected in the frame with confidence: 0.84
2024-04-14 14:29:53,964 - ObjectDetectionLogger - INFO - Grid coordinates of bounding box computed successfully
2024-04-14 14:29:53,965 - ObjectDetectionLogger - INFO - Percentage of points inside the ROI: 0.00%
2024-04-14 14:29:53,965 - ObjectDetectionLogger - INFO - 'person' detected in the frame with confidence: 0.71
2024-04-14 14:29:53,965 - ObjectDetectionLogger - INFO - Grid coordinates of bounding box computed successfully
2024-04-14 14:29:53,966 - ObjectDetectionLogger - INFO - Percentage of points inside the ROI: 28.00%
2024-04-14 14:29:53,966 - ObjectDetectionLogger - INFO - 'person' detected inside the region of interest
2024-04-14 14:29:53,966 - ObjectDetectionLogger - INFO - 'car' detected in the frame with confidence: 0.50
2024-04-14 14:29:53,966 - ObjectDetectionLogger - INFO - Grid coordinates of bounding box computed successfully
2024-04-14 14:29:53,967 - ObjectDetectionLogger - INFO - Percentage of points inside the ROI: 69.00%
2024-04-14 14:29:53,967 - ObjectDetectionLogger - INFO - 'car' detected inside the region of interest
2024-04-14 14:29:53,967 - ObjectDetectionLogger - INFO - 'car' detected in the frame with confidence: 0.33
2024-04-14 14:29:53,967 - ObjectDetectionLogger - INFO - Grid coordinates of bounding box computed successfully
2024-04-14 14:29:53,967 - ObjectDetectionLogger - INFO - Percentage of points inside the ROI: 0.00%
2024-04-14 14:29:53,967 - ObjectDetectionLogger - INFO - 'truck' detected in the frame with confidence: 0.32
2024-04-14 14:29:53,968 - ObjectDetectionLogger - INFO - Grid coordinates of bounding box computed successfully
2024-04-14 14:29:53,968 - ObjectDetectionLogger - INFO - Percentage of points inside the ROI: 12.00%
2024-04-14 14:29:53,968 - ObjectDetectionLogger - INFO - 'truck' detected inside the region of interest
2024-04-14 14:29:54,155 - ObjectDetectionLogger - INFO - 'car' detected in the frame with confidence: 0.84
2024-04-14 14:29:54,155 - ObjectDetectionLogger - INFO - Grid coordinates of bounding box computed successfully
2024-04-14 14:29:54,156 - ObjectDetectionLogger - INFO - Percentage of points inside the ROI: 0.00%
2024-04-14 14:29:54,156 - ObjectDetectionLogger - INFO - 'person' detected in the frame with confidence: 0.65
2024-04-14 14:29:54,156 - ObjectDetectionLogger - INFO - Grid coordinates of bounding box computed successfully
2024-04-14 14:29:54,156 - ObjectDetectionLogger - INFO - Percentage of points inside the ROI: 21.00%
2024-04-14 14:29:54,157 - ObjectDetectionLogger - INFO - 'person' detected inside the region of interest
2024-04-14 14:29:54,157 - ObjectDetectionLogger - INFO - 'car' detected in the frame with confidence: 0.59
2024-04-14 14:29:54,157 - ObjectDetectionLogger - INFO - Grid coordinates of bounding box computed successfully
2024-04-14 14:29:54,157 - ObjectDetectionLogger - INFO - Percentage of points inside the ROI: 68.00%
2024-04-14 14:29:54,158 - ObjectDetectionLogger - INFO - 'car' detected inside the region of interest
2024-04-14 14:29:54,340 - ObjectDetectionLogger - INFO - 'car' detected in the frame with confidence: 0.83
2024-04-14 14:29:54,341 - ObjectDetectionLogger - INFO - Grid coordinates of bounding box computed successfully
2024-04-14 14:29:54,341 - ObjectDetectionLogger - INFO - Percentage of points inside the ROI: 0.00%
2024-04-14 14:29:54,341 - ObjectDetectionLogger - INFO - 'person' detected in the frame with confidence: 0.65
2024-04-14 14:29:54,341 - ObjectDetectionLogger - INFO - Grid coordinates of bounding box computed successfully
2024-04-14 14:29:54,342 - ObjectDetectionLogger - INFO - Percentage of points inside the ROI: 20.00%
2024-04-14 14:29:54,342 - ObjectDetectionLogger - INFO - 'person' detected inside the region of interest
2024-04-14 14:29:54,342 - ObjectDetectionLogger - INFO - 'car' detected in the frame with confidence: 0.58
2024-04-14 14:29:54,342 - ObjectDetectionLogger - INFO - Grid coordinates of bounding box computed successfully
2024-04-14 14:29:54,343 - ObjectDetectionLogger - INFO - Percentage of points inside the ROI: 69.00%
2024-04-14 14:29:54,343 - ObjectDetectionLogger - INFO - 'car' detected inside the region of interest
2024-04-14 14:29:54,538 - ObjectDetectionLogger - INFO - 'car' detected in the frame with confidence: 0.84
2024-04-14 14:29:54,538 - ObjectDetectionLogger - INFO - Grid coordinates of bounding box computed successfully
2024-04-14 14:29:54,539 - ObjectDetectionLogger - INFO - Percentage of points inside the ROI: 0.00%
2024-04-14 14:29:54,539 - ObjectDetectionLogger - INFO - 'person' detected in the frame with confidence: 0.70
2024-04-14 14:29:54,539 - ObjectDetectionLogger - INFO - Grid coordinates of bounding box computed successfully
2024-04-14 14:29:54,540 - ObjectDetectionLogger - INFO - Percentage of points inside the ROI: 23.00%
2024-04-14 14:29:54,540 - ObjectDetectionLogger - INFO - 'person' detected inside the region of interest
2024-04-14 14:29:54,540 - ObjectDetectionLogger - INFO - 'car' detected in the frame with confidence: 0.65
2024-04-14 14:29:54,540 - ObjectDetectionLogger - INFO - Grid coordinates of bounding box computed successfully
2024-04-14 14:29:54,541 - ObjectDetectionLogger - INFO - Percentage of points inside the ROI: 69.00%
2024-04-14 14:29:54,541 - ObjectDetectionLogger - INFO - 'car' detected inside the region of interest
2024-04-14 14:29:54,725 - ObjectDetectionLogger - INFO - 'car' detected in the frame with confidence: 0.84
2024-04-14 14:29:54,725 - ObjectDetectionLogger - INFO - Grid coordinates of bounding box computed successfully
2024-04-14 14:29:54,726 - ObjectDetectionLogger - INFO - Percentage of points inside the ROI: 0.00%
2024-04-14 14:29:54,726 - ObjectDetectionLogger - INFO - 'person' detected in the frame with confidence: 0.73
2024-04-14 14:29:54,726 - ObjectDetectionLogger - INFO - Grid coordinates of bounding box computed successfully
2024-04-14 14:29:54,727 - ObjectDetectionLogger - INFO - Percentage of points inside the ROI: 32.00%
2024-04-14 14:29:54,727 - ObjectDetectionLogger - INFO - 'person' detected inside the region of interest
2024-04-14 14:29:54,727 - ObjectDetectionLogger - INFO - 'car' detected in the frame with confidence: 0.73
2024-04-14 14:29:54,727 - ObjectDetectionLogger - INFO - Grid coordinates of bounding box computed successfully
2024-04-14 14:29:54,728 - ObjectDetectionLogger - INFO - Percentage of points inside the ROI: 69.00%
2024-04-14 14:29:54,728 - ObjectDetectionLogger - INFO - 'car' detected inside the region of interest
2024-04-14 14:29:54,912 - ObjectDetectionLogger - INFO - 'car' detected in the frame with confidence: 0.84
2024-04-14 14:29:54,913 - ObjectDetectionLogger - INFO - Grid coordinates of bounding box computed successfully
2024-04-14 14:29:54,913 - ObjectDetectionLogger - INFO - Percentage of points inside the ROI: 0.00%
2024-04-14 14:29:54,913 - ObjectDetectionLogger - INFO - 'car' detected in the frame with confidence: 0.72
2024-04-14 14:29:54,913 - ObjectDetectionLogger - INFO - Grid coordinates of bounding box computed successfully
2024-04-14 14:29:54,914 - ObjectDetectionLogger - INFO - Percentage of points inside the ROI: 69.00%
2024-04-14 14:29:54,914 - ObjectDetectionLogger - INFO - 'car' detected inside the region of interest
2024-04-14 14:29:54,914 - ObjectDetectionLogger - INFO - 'person' detected in the frame with confidence: 0.65
2024-04-14 14:29:54,914 - ObjectDetectionLogger - INFO - Grid coordinates of bounding box computed successfully
2024-04-14 14:29:54,915 - ObjectDetectionLogger - INFO - Percentage of points inside the ROI: 28.00%
2024-04-14 14:29:54,915 - ObjectDetectionLogger - INFO - 'person' detected inside the region of interest
2024-04-14 14:29:54,918 - ObjectDetectionLogger - INFO - Exiting the video processing..
2024-04-14 14:29:54,928 - ObjectDetectionLogger - INFO - Video processing completed
