2024-05-18 13:46:08,709 - ObjectDetectionLogger - INFO - Model path: models/yolov8s.pt
2024-05-18 13:46:10,158 - ObjectDetectionLogger - INFO - Model loaded. Cuda available: True
2024-05-18 13:46:10,200 - ObjectDetectionLogger - WARNING - Input file does not exist or cannot be read: [Errno 2] No such file or directory: 'data\\output\\roi_points\\9a34ff493b328712faf755899e6d5008ff11c81e398ceb03b948032d96acefaa_roi_points.npy'
2024-05-18 13:46:10,295 - ObjectDetectionLogger - INFO - Setting region of interest points..
2024-05-18 13:46:25,290 - ObjectDetectionLogger - INFO - Region of interest points set successfully
2024-05-18 13:46:27,367 - ObjectDetectionLogger - INFO - Grid coordinates of bounding box computed successfully
2024-05-18 13:46:27,367 - ObjectDetectionLogger - INFO - Percentage of points inside the ROI: 0.00%
2024-05-18 13:46:27,367 - ObjectDetectionLogger - INFO - Grid coordinates of bounding box computed successfully
2024-05-18 13:46:27,368 - ObjectDetectionLogger - INFO - Percentage of points inside the ROI: 0.00%
2024-05-18 13:46:27,451 - ObjectDetectionLogger - INFO - Grid coordinates of bounding box computed successfully
2024-05-18 13:46:27,451 - ObjectDetectionLogger - INFO - Percentage of points inside the ROI: 0.00%
2024-05-18 13:46:27,452 - ObjectDetectionLogger - INFO - Grid coordinates of bounding box computed successfully
2024-05-18 13:46:27,452 - ObjectDetectionLogger - INFO - Percentage of points inside the ROI: 0.00%
2024-05-18 13:46:27,494 - ObjectDetectionLogger - INFO - Grid coordinates of bounding box computed successfully
2024-05-18 13:46:27,494 - ObjectDetectionLogger - INFO - Percentage of points inside the ROI: 0.00%
2024-05-18 13:46:27,495 - ObjectDetectionLogger - INFO - Grid coordinates of bounding box computed successfully
2024-05-18 13:46:27,495 - ObjectDetectionLogger - INFO - Percentage of points inside the ROI: 0.00%
2024-05-18 13:46:27,536 - ObjectDetectionLogger - INFO - Grid coordinates of bounding box computed successfully
2024-05-18 13:46:27,537 - ObjectDetectionLogger - INFO - Percentage of points inside the ROI: 0.00%
2024-05-18 13:46:27,537 - ObjectDetectionLogger - INFO - Grid coordinates of bounding box computed successfully
2024-05-18 13:46:27,538 - ObjectDetectionLogger - INFO - Percentage of points inside the ROI: 0.00%
2024-05-18 13:46:27,576 - ObjectDetectionLogger - INFO - Grid coordinates of bounding box computed successfully
2024-05-18 13:46:27,576 - ObjectDetectionLogger - INFO - Percentage of points inside the ROI: 0.00%
2024-05-18 13:46:27,578 - ObjectDetectionLogger - INFO - Grid coordinates of bounding box computed successfully
2024-05-18 13:46:27,578 - ObjectDetectionLogger - INFO - Percentage of points inside the ROI: 0.00%
2024-05-18 13:46:27,616 - ObjectDetectionLogger - INFO - Grid coordinates of bounding box computed successfully
2024-05-18 13:46:27,616 - ObjectDetectionLogger - INFO - Percentage of points inside the ROI: 0.00%
2024-05-18 13:46:27,653 - ObjectDetectionLogger - INFO - Grid coordinates of bounding box computed successfully
2024-05-18 13:46:27,654 - ObjectDetectionLogger - INFO - Percentage of points inside the ROI: 0.00%
2024-05-18 13:46:27,690 - ObjectDetectionLogger - INFO - Grid coordinates of bounding box computed successfully
2024-05-18 13:46:27,691 - ObjectDetectionLogger - INFO - Percentage of points inside the ROI: 0.00%
2024-05-18 13:46:27,726 - ObjectDetectionLogger - INFO - Grid coordinates of bounding box computed successfully
2024-05-18 13:46:27,727 - ObjectDetectionLogger - INFO - Percentage of points inside the ROI: 0.00%
2024-05-18 13:46:27,764 - ObjectDetectionLogger - INFO - Grid coordinates of bounding box computed successfully
2024-05-18 13:46:27,764 - ObjectDetectionLogger - INFO - Percentage of points inside the ROI: 0.00%
2024-05-18 13:46:27,800 - ObjectDetectionLogger - INFO - Grid coordinates of bounding box computed successfully
2024-05-18 13:46:27,800 - ObjectDetectionLogger - INFO - Percentage of points inside the ROI: 0.00%
2024-05-18 13:46:27,835 - ObjectDetectionLogger - INFO - Grid coordinates of bounding box computed successfully
2024-05-18 13:46:27,836 - ObjectDetectionLogger - INFO - Percentage of points inside the ROI: 0.00%
2024-05-18 13:46:27,870 - ObjectDetectionLogger - INFO - Grid coordinates of bounding box computed successfully
2024-05-18 13:46:27,871 - ObjectDetectionLogger - INFO - Percentage of points inside the ROI: 0.00%
2024-05-18 13:46:27,871 - ObjectDetectionLogger - INFO - Grid coordinates of bounding box computed successfully
2024-05-18 13:46:27,872 - ObjectDetectionLogger - INFO - Percentage of points inside the ROI: 0.00%
2024-05-18 13:46:27,908 - ObjectDetectionLogger - INFO - Grid coordinates of bounding box computed successfully
2024-05-18 13:46:27,909 - ObjectDetectionLogger - INFO - Percentage of points inside the ROI: 0.00%
2024-05-18 13:46:27,910 - ObjectDetectionLogger - INFO - Grid coordinates of bounding box computed successfully
2024-05-18 13:46:27,910 - ObjectDetectionLogger - INFO - Percentage of points inside the ROI: 0.00%
2024-05-18 13:46:27,947 - ObjectDetectionLogger - INFO - Grid coordinates of bounding box computed successfully
2024-05-18 13:46:27,948 - ObjectDetectionLogger - INFO - Percentage of points inside the ROI: 0.00%
2024-05-18 13:46:27,948 - ObjectDetectionLogger - INFO - Grid coordinates of bounding box computed successfully
2024-05-18 13:46:27,949 - ObjectDetectionLogger - INFO - Percentage of points inside the ROI: 0.00%
2024-05-18 13:46:27,985 - ObjectDetectionLogger - INFO - Grid coordinates of bounding box computed successfully
2024-05-18 13:46:27,985 - ObjectDetectionLogger - INFO - Percentage of points inside the ROI: 0.00%
2024-05-18 13:46:27,985 - ObjectDetectionLogger - INFO - Grid coordinates of bounding box computed successfully
2024-05-18 13:46:27,985 - ObjectDetectionLogger - INFO - Percentage of points inside the ROI: 0.00%
2024-05-18 13:46:28,020 - ObjectDetectionLogger - INFO - Grid coordinates of bounding box computed successfully
2024-05-18 13:46:28,021 - ObjectDetectionLogger - INFO - Percentage of points inside the ROI: 0.00%
2024-05-18 13:46:28,021 - ObjectDetectionLogger - INFO - Grid coordinates of bounding box computed successfully
2024-05-18 13:46:28,021 - ObjectDetectionLogger - INFO - Percentage of points inside the ROI: 0.00%
2024-05-18 13:46:28,058 - ObjectDetectionLogger - INFO - Grid coordinates of bounding box computed successfully
2024-05-18 13:46:28,059 - ObjectDetectionLogger - INFO - Percentage of points inside the ROI: 0.00%
2024-05-18 13:46:28,059 - ObjectDetectionLogger - INFO - Grid coordinates of bounding box computed successfully
2024-05-18 13:46:28,059 - ObjectDetectionLogger - INFO - Percentage of points inside the ROI: 0.00%
2024-05-18 13:46:28,096 - ObjectDetectionLogger - INFO - Grid coordinates of bounding box computed successfully
2024-05-18 13:46:28,096 - ObjectDetectionLogger - INFO - Percentage of points inside the ROI: 0.00%
2024-05-18 13:46:28,097 - ObjectDetectionLogger - INFO - Grid coordinates of bounding box computed successfully
2024-05-18 13:46:28,097 - ObjectDetectionLogger - INFO - Percentage of points inside the ROI: 0.00%
2024-05-18 13:46:28,133 - ObjectDetectionLogger - INFO - Grid coordinates of bounding box computed successfully
2024-05-18 13:46:28,133 - ObjectDetectionLogger - INFO - Percentage of points inside the ROI: 0.00%
2024-05-18 13:46:28,134 - ObjectDetectionLogger - INFO - Grid coordinates of bounding box computed successfully
2024-05-18 13:46:28,134 - ObjectDetectionLogger - INFO - Percentage of points inside the ROI: 0.00%
2024-05-18 13:46:28,168 - ObjectDetectionLogger - INFO - Grid coordinates of bounding box computed successfully
2024-05-18 13:46:28,169 - ObjectDetectionLogger - INFO - Percentage of points inside the ROI: 0.00%
2024-05-18 13:46:28,169 - ObjectDetectionLogger - INFO - Grid coordinates of bounding box computed successfully
2024-05-18 13:46:28,169 - ObjectDetectionLogger - INFO - Percentage of points inside the ROI: 0.00%
2024-05-18 13:46:28,206 - ObjectDetectionLogger - INFO - Grid coordinates of bounding box computed successfully
2024-05-18 13:46:28,206 - ObjectDetectionLogger - INFO - Percentage of points inside the ROI: 0.00%
2024-05-18 13:46:28,207 - ObjectDetectionLogger - INFO - Grid coordinates of bounding box computed successfully
2024-05-18 13:46:28,207 - ObjectDetectionLogger - INFO - Percentage of points inside the ROI: 0.00%
2024-05-18 13:46:28,243 - ObjectDetectionLogger - INFO - Grid coordinates of bounding box computed successfully
2024-05-18 13:46:28,243 - ObjectDetectionLogger - INFO - Percentage of points inside the ROI: 0.00%
2024-05-18 13:46:28,243 - ObjectDetectionLogger - INFO - Grid coordinates of bounding box computed successfully
2024-05-18 13:46:28,243 - ObjectDetectionLogger - INFO - Percentage of points inside the ROI: 0.00%
2024-05-18 13:46:28,279 - ObjectDetectionLogger - INFO - Grid coordinates of bounding box computed successfully
2024-05-18 13:46:28,279 - ObjectDetectionLogger - INFO - Percentage of points inside the ROI: 0.00%
2024-05-18 13:46:28,279 - ObjectDetectionLogger - INFO - Grid coordinates of bounding box computed successfully
2024-05-18 13:46:28,280 - ObjectDetectionLogger - INFO - Percentage of points inside the ROI: 0.00%
2024-05-18 13:46:28,314 - ObjectDetectionLogger - INFO - Grid coordinates of bounding box computed successfully
2024-05-18 13:46:28,314 - ObjectDetectionLogger - INFO - Percentage of points inside the ROI: 0.00%
2024-05-18 13:46:28,315 - ObjectDetectionLogger - INFO - Grid coordinates of bounding box computed successfully
2024-05-18 13:46:28,315 - ObjectDetectionLogger - INFO - Percentage of points inside the ROI: 0.00%
2024-05-18 13:46:28,352 - ObjectDetectionLogger - INFO - Grid coordinates of bounding box computed successfully
2024-05-18 13:46:28,352 - ObjectDetectionLogger - INFO - Percentage of points inside the ROI: 0.00%
2024-05-18 13:46:28,353 - ObjectDetectionLogger - INFO - Grid coordinates of bounding box computed successfully
2024-05-18 13:46:28,353 - ObjectDetectionLogger - INFO - Percentage of points inside the ROI: 0.00%
2024-05-18 13:46:28,393 - ObjectDetectionLogger - INFO - Grid coordinates of bounding box computed successfully
2024-05-18 13:46:28,394 - ObjectDetectionLogger - INFO - Percentage of points inside the ROI: 0.00%
2024-05-18 13:46:28,394 - ObjectDetectionLogger - INFO - Grid coordinates of bounding box computed successfully
2024-05-18 13:46:28,394 - ObjectDetectionLogger - INFO - Percentage of points inside the ROI: 0.00%
2024-05-18 13:46:28,436 - ObjectDetectionLogger - INFO - Grid coordinates of bounding box computed successfully
2024-05-18 13:46:28,437 - ObjectDetectionLogger - INFO - Percentage of points inside the ROI: 0.00%
2024-05-18 13:46:28,437 - ObjectDetectionLogger - INFO - Grid coordinates of bounding box computed successfully
2024-05-18 13:46:28,438 - ObjectDetectionLogger - INFO - Percentage of points inside the ROI: 0.00%
2024-05-18 13:46:28,483 - ObjectDetectionLogger - INFO - Grid coordinates of bounding box computed successfully
2024-05-18 13:46:28,483 - ObjectDetectionLogger - INFO - Percentage of points inside the ROI: 0.00%
2024-05-18 13:46:28,485 - ObjectDetectionLogger - INFO - Grid coordinates of bounding box computed successfully
2024-05-18 13:46:28,485 - ObjectDetectionLogger - INFO - Percentage of points inside the ROI: 0.00%
2024-05-18 13:46:28,521 - ObjectDetectionLogger - INFO - Grid coordinates of bounding box computed successfully
2024-05-18 13:46:28,522 - ObjectDetectionLogger - INFO - Percentage of points inside the ROI: 0.00%
2024-05-18 13:46:28,522 - ObjectDetectionLogger - INFO - Grid coordinates of bounding box computed successfully
2024-05-18 13:46:28,522 - ObjectDetectionLogger - INFO - Percentage of points inside the ROI: 0.00%
2024-05-18 13:46:28,560 - ObjectDetectionLogger - INFO - Grid coordinates of bounding box computed successfully
2024-05-18 13:46:28,560 - ObjectDetectionLogger - INFO - Percentage of points inside the ROI: 0.00%
2024-05-18 13:46:28,561 - ObjectDetectionLogger - INFO - Grid coordinates of bounding box computed successfully
2024-05-18 13:46:28,562 - ObjectDetectionLogger - INFO - Percentage of points inside the ROI: 0.00%
2024-05-18 13:46:28,597 - ObjectDetectionLogger - INFO - Grid coordinates of bounding box computed successfully
2024-05-18 13:46:28,597 - ObjectDetectionLogger - INFO - Percentage of points inside the ROI: 0.00%
2024-05-18 13:46:28,598 - ObjectDetectionLogger - INFO - Grid coordinates of bounding box computed successfully
2024-05-18 13:46:28,598 - ObjectDetectionLogger - INFO - Percentage of points inside the ROI: 0.00%
2024-05-18 13:46:28,632 - ObjectDetectionLogger - INFO - Grid coordinates of bounding box computed successfully
2024-05-18 13:46:28,633 - ObjectDetectionLogger - INFO - Percentage of points inside the ROI: 0.00%
2024-05-18 13:46:28,633 - ObjectDetectionLogger - INFO - Grid coordinates of bounding box computed successfully
2024-05-18 13:46:28,633 - ObjectDetectionLogger - INFO - Percentage of points inside the ROI: 0.00%
2024-05-18 13:46:28,667 - ObjectDetectionLogger - INFO - Grid coordinates of bounding box computed successfully
2024-05-18 13:46:28,668 - ObjectDetectionLogger - INFO - Percentage of points inside the ROI: 0.00%
2024-05-18 13:46:28,668 - ObjectDetectionLogger - INFO - Grid coordinates of bounding box computed successfully
2024-05-18 13:46:28,669 - ObjectDetectionLogger - INFO - Percentage of points inside the ROI: 0.00%
2024-05-18 13:46:28,704 - ObjectDetectionLogger - INFO - Grid coordinates of bounding box computed successfully
2024-05-18 13:46:28,704 - ObjectDetectionLogger - INFO - Percentage of points inside the ROI: 0.00%
2024-05-18 13:46:28,705 - ObjectDetectionLogger - INFO - Grid coordinates of bounding box computed successfully
2024-05-18 13:46:28,705 - ObjectDetectionLogger - INFO - Percentage of points inside the ROI: 0.00%
2024-05-18 13:46:28,706 - ObjectDetectionLogger - INFO - Grid coordinates of bounding box computed successfully
2024-05-18 13:46:28,706 - ObjectDetectionLogger - INFO - Percentage of points inside the ROI: 0.00%
2024-05-18 13:46:28,742 - ObjectDetectionLogger - INFO - Grid coordinates of bounding box computed successfully
2024-05-18 13:46:28,742 - ObjectDetectionLogger - INFO - Percentage of points inside the ROI: 0.00%
2024-05-18 13:46:28,743 - ObjectDetectionLogger - INFO - Grid coordinates of bounding box computed successfully
2024-05-18 13:46:28,743 - ObjectDetectionLogger - INFO - Percentage of points inside the ROI: 0.00%
2024-05-18 13:46:28,743 - ObjectDetectionLogger - INFO - Grid coordinates of bounding box computed successfully
2024-05-18 13:46:28,744 - ObjectDetectionLogger - INFO - Percentage of points inside the ROI: 0.00%
2024-05-18 13:46:28,778 - ObjectDetectionLogger - INFO - Grid coordinates of bounding box computed successfully
2024-05-18 13:46:28,778 - ObjectDetectionLogger - INFO - Percentage of points inside the ROI: 0.00%
2024-05-18 13:46:28,778 - ObjectDetectionLogger - INFO - Grid coordinates of bounding box computed successfully
2024-05-18 13:46:28,779 - ObjectDetectionLogger - INFO - Percentage of points inside the ROI: 0.00%
2024-05-18 13:46:28,813 - ObjectDetectionLogger - INFO - Grid coordinates of bounding box computed successfully
2024-05-18 13:46:28,814 - ObjectDetectionLogger - INFO - Percentage of points inside the ROI: 0.00%
2024-05-18 13:46:28,814 - ObjectDetectionLogger - INFO - Grid coordinates of bounding box computed successfully
2024-05-18 13:46:28,814 - ObjectDetectionLogger - INFO - Percentage of points inside the ROI: 0.00%
2024-05-18 13:46:28,815 - ObjectDetectionLogger - INFO - Grid coordinates of bounding box computed successfully
2024-05-18 13:46:28,815 - ObjectDetectionLogger - INFO - Percentage of points inside the ROI: 0.00%
2024-05-18 13:46:28,849 - ObjectDetectionLogger - INFO - Grid coordinates of bounding box computed successfully
2024-05-18 13:46:28,849 - ObjectDetectionLogger - INFO - Percentage of points inside the ROI: 0.00%
2024-05-18 13:46:28,850 - ObjectDetectionLogger - INFO - Grid coordinates of bounding box computed successfully
2024-05-18 13:46:28,850 - ObjectDetectionLogger - INFO - Percentage of points inside the ROI: 0.00%
2024-05-18 13:46:28,851 - ObjectDetectionLogger - INFO - Exiting the video processing..
2024-05-18 13:46:28,871 - ObjectDetectionLogger - INFO - Video processing completed
