2024-05-21 00:58:31,351 - ObjectDetectionLogger - INFO - Model path: models/yolov8s.pt
2024-05-21 00:58:33,130 - ObjectDetectionLogger - INFO - Model loaded. Cuda available: True
2024-05-21 00:58:33,142 - ObjectDetectionLogger - INFO - Region of interest points loaded successfully. Num points: 5
2024-05-21 00:58:40,390 - ObjectDetectionLogger - INFO - Bounding box coordinates: tensor([319.9714,  57.9091, 367.0164, 211.7242])
2024-05-21 00:58:40,393 - ObjectDetectionLogger - INFO - Grid coordinates of bounding box computed successfully
2024-05-21 00:58:40,394 - ObjectDetectionLogger - INFO - Grid coordinates of bounding box computed successfully
2024-05-21 00:58:40,420 - ObjectDetectionLogger - INFO - Percentage of points inside the ROI: 0.00%
2024-05-21 00:58:40,500 - ObjectDetectionLogger - INFO - Bounding box coordinates: tensor([315.3676,  60.0909, 366.6791, 212.1330])
2024-05-21 00:58:40,501 - ObjectDetectionLogger - INFO - Grid coordinates of bounding box computed successfully
2024-05-21 00:58:40,502 - ObjectDetectionLogger - INFO - Grid coordinates of bounding box computed successfully
2024-05-21 00:58:40,503 - ObjectDetectionLogger - INFO - Percentage of points inside the ROI: 0.00%
2024-05-21 00:58:40,733 - ObjectDetectionLogger - INFO - Bounding box coordinates: tensor([323.6244,  61.2661, 366.5051, 212.3515])
2024-05-21 00:58:40,734 - ObjectDetectionLogger - INFO - Grid coordinates of bounding box computed successfully
2024-05-21 00:58:40,735 - ObjectDetectionLogger - INFO - Grid coordinates of bounding box computed successfully
2024-05-21 00:58:40,736 - ObjectDetectionLogger - INFO - Percentage of points inside the ROI: 0.00%
2024-05-21 00:58:40,793 - ObjectDetectionLogger - INFO - Bounding box coordinates: tensor([301.6306,  60.0366, 366.3102, 222.8638])
2024-05-21 00:58:40,794 - ObjectDetectionLogger - INFO - Grid coordinates of bounding box computed successfully
2024-05-21 00:58:40,795 - ObjectDetectionLogger - INFO - Grid coordinates of bounding box computed successfully
2024-05-21 00:58:40,796 - ObjectDetectionLogger - INFO - Percentage of points inside the ROI: 0.00%
2024-05-21 00:58:40,849 - ObjectDetectionLogger - INFO - Bounding box coordinates: tensor([317.8477,  59.3607, 366.3387, 223.2634])
2024-05-21 00:58:40,850 - ObjectDetectionLogger - INFO - Grid coordinates of bounding box computed successfully
2024-05-21 00:58:40,851 - ObjectDetectionLogger - INFO - Grid coordinates of bounding box computed successfully
2024-05-21 00:58:40,852 - ObjectDetectionLogger - INFO - Percentage of points inside the ROI: 0.00%
2024-05-21 00:58:40,907 - ObjectDetectionLogger - INFO - Bounding box coordinates: tensor([313.7956,  59.6831, 364.5053, 221.3242])
2024-05-21 00:58:40,908 - ObjectDetectionLogger - INFO - Grid coordinates of bounding box computed successfully
2024-05-21 00:58:40,908 - ObjectDetectionLogger - INFO - Grid coordinates of bounding box computed successfully
2024-05-21 00:58:40,909 - ObjectDetectionLogger - INFO - Percentage of points inside the ROI: 0.00%
2024-05-21 00:58:40,963 - ObjectDetectionLogger - INFO - Bounding box coordinates: tensor([309.3268,  59.6888, 362.0405, 221.0215])
2024-05-21 00:58:40,964 - ObjectDetectionLogger - INFO - Grid coordinates of bounding box computed successfully
2024-05-21 00:58:40,965 - ObjectDetectionLogger - INFO - Grid coordinates of bounding box computed successfully
2024-05-21 00:58:40,966 - ObjectDetectionLogger - INFO - Percentage of points inside the ROI: 0.00%
2024-05-21 00:58:41,021 - ObjectDetectionLogger - INFO - Bounding box coordinates: tensor([304.9673,  63.3346, 357.1958, 222.3559])
2024-05-21 00:58:41,022 - ObjectDetectionLogger - INFO - Grid coordinates of bounding box computed successfully
2024-05-21 00:58:41,022 - ObjectDetectionLogger - INFO - Grid coordinates of bounding box computed successfully
2024-05-21 00:58:41,023 - ObjectDetectionLogger - INFO - Percentage of points inside the ROI: 0.00%
2024-05-21 00:58:41,077 - ObjectDetectionLogger - INFO - Bounding box coordinates: tensor([301.8434,  64.1999, 353.9686, 222.5424])
2024-05-21 00:58:41,078 - ObjectDetectionLogger - INFO - Grid coordinates of bounding box computed successfully
2024-05-21 00:58:41,079 - ObjectDetectionLogger - INFO - Grid coordinates of bounding box computed successfully
2024-05-21 00:58:41,079 - ObjectDetectionLogger - INFO - Percentage of points inside the ROI: 0.00%
2024-05-21 00:58:41,132 - ObjectDetectionLogger - INFO - Bounding box coordinates: tensor([295.0699,  65.5271, 351.9224, 219.1586])
2024-05-21 00:58:41,133 - ObjectDetectionLogger - INFO - Grid coordinates of bounding box computed successfully
2024-05-21 00:58:41,133 - ObjectDetectionLogger - INFO - Grid coordinates of bounding box computed successfully
2024-05-21 00:58:41,134 - ObjectDetectionLogger - INFO - Percentage of points inside the ROI: 0.00%
2024-05-21 00:58:41,187 - ObjectDetectionLogger - INFO - Bounding box coordinates: tensor([289.5013,  65.6104, 349.1371, 221.9974])
2024-05-21 00:58:41,188 - ObjectDetectionLogger - INFO - Grid coordinates of bounding box computed successfully
2024-05-21 00:58:41,188 - ObjectDetectionLogger - INFO - Grid coordinates of bounding box computed successfully
2024-05-21 00:58:41,189 - ObjectDetectionLogger - INFO - Percentage of points inside the ROI: 0.00%
2024-05-21 00:58:41,241 - ObjectDetectionLogger - INFO - Bounding box coordinates: tensor([292.0887,  66.1370, 347.0773, 218.1101])
2024-05-21 00:58:41,241 - ObjectDetectionLogger - INFO - Grid coordinates of bounding box computed successfully
2024-05-21 00:58:41,242 - ObjectDetectionLogger - INFO - Grid coordinates of bounding box computed successfully
2024-05-21 00:58:41,242 - ObjectDetectionLogger - INFO - Percentage of points inside the ROI: 0.00%
2024-05-21 00:58:41,298 - ObjectDetectionLogger - INFO - Bounding box coordinates: tensor([290.3708,  65.4651, 345.2305, 218.2065])
2024-05-21 00:58:41,298 - ObjectDetectionLogger - INFO - Grid coordinates of bounding box computed successfully
2024-05-21 00:58:41,299 - ObjectDetectionLogger - INFO - Grid coordinates of bounding box computed successfully
2024-05-21 00:58:41,300 - ObjectDetectionLogger - INFO - Percentage of points inside the ROI: 0.00%
2024-05-21 00:58:41,357 - ObjectDetectionLogger - INFO - Bounding box coordinates: tensor([288.1302,  63.8952, 341.5508, 217.0009])
2024-05-21 00:58:41,358 - ObjectDetectionLogger - INFO - Grid coordinates of bounding box computed successfully
2024-05-21 00:58:41,359 - ObjectDetectionLogger - INFO - Grid coordinates of bounding box computed successfully
2024-05-21 00:58:41,360 - ObjectDetectionLogger - INFO - Percentage of points inside the ROI: 0.00%
2024-05-21 00:58:41,417 - ObjectDetectionLogger - INFO - Bounding box coordinates: tensor([284.1572,  63.6110, 339.0508, 216.2720])
2024-05-21 00:58:41,418 - ObjectDetectionLogger - INFO - Grid coordinates of bounding box computed successfully
2024-05-21 00:58:41,419 - ObjectDetectionLogger - INFO - Grid coordinates of bounding box computed successfully
2024-05-21 00:58:41,420 - ObjectDetectionLogger - INFO - Percentage of points inside the ROI: 0.00%
2024-05-21 00:58:41,474 - ObjectDetectionLogger - INFO - Bounding box coordinates: tensor([278.1867,  63.1717, 336.1208, 225.9706])
2024-05-21 00:58:41,475 - ObjectDetectionLogger - INFO - Grid coordinates of bounding box computed successfully
2024-05-21 00:58:41,476 - ObjectDetectionLogger - INFO - Grid coordinates of bounding box computed successfully
2024-05-21 00:58:41,477 - ObjectDetectionLogger - INFO - Percentage of points inside the ROI: 0.00%
2024-05-21 00:58:41,537 - ObjectDetectionLogger - INFO - Bounding box coordinates: tensor([272.4568,  66.7985, 331.9528, 225.8589])
2024-05-21 00:58:41,538 - ObjectDetectionLogger - INFO - Grid coordinates of bounding box computed successfully
2024-05-21 00:58:41,538 - ObjectDetectionLogger - INFO - Grid coordinates of bounding box computed successfully
2024-05-21 00:58:41,539 - ObjectDetectionLogger - INFO - Percentage of points inside the ROI: 0.00%
2024-05-21 00:58:41,542 - ObjectDetectionLogger - INFO - Bounding box coordinates: tensor([337.7423,  70.8064, 367.0320, 192.6309])
2024-05-21 00:58:41,543 - ObjectDetectionLogger - INFO - Grid coordinates of bounding box computed successfully
2024-05-21 00:58:41,544 - ObjectDetectionLogger - INFO - Grid coordinates of bounding box computed successfully
2024-05-21 00:58:41,545 - ObjectDetectionLogger - INFO - Percentage of points inside the ROI: 0.00%
2024-05-21 00:58:41,597 - ObjectDetectionLogger - INFO - Bounding box coordinates: tensor([266.7971,  70.0824, 327.0448, 224.3078])
2024-05-21 00:58:41,598 - ObjectDetectionLogger - INFO - Grid coordinates of bounding box computed successfully
2024-05-21 00:58:41,599 - ObjectDetectionLogger - INFO - Grid coordinates of bounding box computed successfully
2024-05-21 00:58:41,600 - ObjectDetectionLogger - INFO - Percentage of points inside the ROI: 0.00%
2024-05-21 00:58:41,602 - ObjectDetectionLogger - INFO - Bounding box coordinates: tensor([338.3970,  70.4718, 367.0911, 207.2784])
2024-05-21 00:58:41,604 - ObjectDetectionLogger - INFO - Grid coordinates of bounding box computed successfully
2024-05-21 00:58:41,604 - ObjectDetectionLogger - INFO - Grid coordinates of bounding box computed successfully
2024-05-21 00:58:41,605 - ObjectDetectionLogger - INFO - Percentage of points inside the ROI: 0.00%
2024-05-21 00:58:41,660 - ObjectDetectionLogger - INFO - Bounding box coordinates: tensor([338.8217,  57.3935, 367.5120, 210.0533])
2024-05-21 00:58:41,661 - ObjectDetectionLogger - INFO - Grid coordinates of bounding box computed successfully
2024-05-21 00:58:41,662 - ObjectDetectionLogger - INFO - Grid coordinates of bounding box computed successfully
2024-05-21 00:58:41,663 - ObjectDetectionLogger - INFO - Percentage of points inside the ROI: 0.00%
2024-05-21 00:58:41,665 - ObjectDetectionLogger - INFO - Bounding box coordinates: tensor([261.4265,  72.7160, 322.1259, 259.1064])
2024-05-21 00:58:41,666 - ObjectDetectionLogger - INFO - Grid coordinates of bounding box computed successfully
2024-05-21 00:58:41,667 - ObjectDetectionLogger - INFO - Grid coordinates of bounding box computed successfully
2024-05-21 00:58:41,668 - ObjectDetectionLogger - INFO - Percentage of points inside the ROI: 13.00%
2024-05-21 00:58:41,723 - ObjectDetectionLogger - INFO - Bounding box coordinates: tensor([257.6982,  73.6191, 318.2617, 278.2722])
2024-05-21 00:58:41,724 - ObjectDetectionLogger - INFO - Grid coordinates of bounding box computed successfully
2024-05-21 00:58:41,725 - ObjectDetectionLogger - INFO - Grid coordinates of bounding box computed successfully
2024-05-21 00:58:41,726 - ObjectDetectionLogger - INFO - Percentage of points inside the ROI: 18.00%
2024-05-21 00:58:41,728 - ObjectDetectionLogger - INFO - Bounding box coordinates: tensor([335.1572,  55.6057, 367.3129, 216.7563])
2024-05-21 00:58:41,729 - ObjectDetectionLogger - INFO - Grid coordinates of bounding box computed successfully
2024-05-21 00:58:41,730 - ObjectDetectionLogger - INFO - Grid coordinates of bounding box computed successfully
2024-05-21 00:58:41,731 - ObjectDetectionLogger - INFO - Percentage of points inside the ROI: 0.00%
2024-05-21 00:58:41,784 - ObjectDetectionLogger - INFO - Bounding box coordinates: tensor([334.6169,  54.0511, 367.3297, 220.6309])
2024-05-21 00:58:41,785 - ObjectDetectionLogger - INFO - Grid coordinates of bounding box computed successfully
2024-05-21 00:58:41,786 - ObjectDetectionLogger - INFO - Grid coordinates of bounding box computed successfully
2024-05-21 00:58:41,787 - ObjectDetectionLogger - INFO - Percentage of points inside the ROI: 0.00%
2024-05-21 00:58:41,789 - ObjectDetectionLogger - INFO - Bounding box coordinates: tensor([254.3195,  74.8082, 316.8430, 288.4338])
2024-05-21 00:58:41,790 - ObjectDetectionLogger - INFO - Grid coordinates of bounding box computed successfully
2024-05-21 00:58:41,790 - ObjectDetectionLogger - INFO - Grid coordinates of bounding box computed successfully
2024-05-21 00:58:41,791 - ObjectDetectionLogger - INFO - Percentage of points inside the ROI: 25.00%
2024-05-21 00:58:41,806 - ObjectDetectionLogger - INFO - Frame with object 'person' saved to 'C:\Users\aiden\Desktop\GitHub\Sequre\data\output\2024-05-21\a67150d5fe6a976c8da7a3e114935402d28aff49c5c8ffb0b6533a4f24ad5f92\person-00-58-41.jpg'
2024-05-21 00:58:41,866 - ObjectDetectionLogger - INFO - Bounding box coordinates: tensor([332.9424,  54.3981, 366.9124, 215.3267])
2024-05-21 00:58:41,867 - ObjectDetectionLogger - INFO - Grid coordinates of bounding box computed successfully
2024-05-21 00:58:41,868 - ObjectDetectionLogger - INFO - Grid coordinates of bounding box computed successfully
2024-05-21 00:58:41,869 - ObjectDetectionLogger - INFO - Percentage of points inside the ROI: 0.00%
2024-05-21 00:58:41,871 - ObjectDetectionLogger - INFO - Bounding box coordinates: tensor([250.4026,  74.1407, 315.6123, 278.7670])
2024-05-21 00:58:41,872 - ObjectDetectionLogger - INFO - Grid coordinates of bounding box computed successfully
2024-05-21 00:58:41,872 - ObjectDetectionLogger - INFO - Grid coordinates of bounding box computed successfully
2024-05-21 00:58:41,873 - ObjectDetectionLogger - INFO - Percentage of points inside the ROI: 16.00%
2024-05-21 00:58:41,928 - ObjectDetectionLogger - INFO - Bounding box coordinates: tensor([332.2546,  56.1626, 366.9588, 217.0109])
2024-05-21 00:58:41,929 - ObjectDetectionLogger - INFO - Grid coordinates of bounding box computed successfully
2024-05-21 00:58:41,929 - ObjectDetectionLogger - INFO - Grid coordinates of bounding box computed successfully
2024-05-21 00:58:41,930 - ObjectDetectionLogger - INFO - Percentage of points inside the ROI: 0.00%
2024-05-21 00:58:41,932 - ObjectDetectionLogger - INFO - Bounding box coordinates: tensor([244.4935,  72.1978, 312.3727, 305.1776])
2024-05-21 00:58:41,933 - ObjectDetectionLogger - INFO - Grid coordinates of bounding box computed successfully
2024-05-21 00:58:41,934 - ObjectDetectionLogger - INFO - Grid coordinates of bounding box computed successfully
2024-05-21 00:58:41,935 - ObjectDetectionLogger - INFO - Percentage of points inside the ROI: 25.00%
2024-05-21 00:58:41,950 - ObjectDetectionLogger - INFO - Frame with object 'person' saved to 'C:\Users\aiden\Desktop\GitHub\Sequre\data\output\2024-05-21\a67150d5fe6a976c8da7a3e114935402d28aff49c5c8ffb0b6533a4f24ad5f92\person-00-58-41.jpg'
2024-05-21 00:58:42,014 - ObjectDetectionLogger - INFO - Bounding box coordinates: tensor([329.2695,  57.9330, 367.0142, 222.4770])
2024-05-21 00:58:42,015 - ObjectDetectionLogger - INFO - Grid coordinates of bounding box computed successfully
2024-05-21 00:58:42,016 - ObjectDetectionLogger - INFO - Grid coordinates of bounding box computed successfully
2024-05-21 00:58:42,017 - ObjectDetectionLogger - INFO - Percentage of points inside the ROI: 0.00%
2024-05-21 00:58:42,019 - ObjectDetectionLogger - INFO - Bounding box coordinates: tensor([239.7893,  71.5459, 307.0356, 289.4047])
2024-05-21 00:58:42,020 - ObjectDetectionLogger - INFO - Grid coordinates of bounding box computed successfully
2024-05-21 00:58:42,021 - ObjectDetectionLogger - INFO - Grid coordinates of bounding box computed successfully
2024-05-21 00:58:42,022 - ObjectDetectionLogger - INFO - Percentage of points inside the ROI: 20.00%
2024-05-21 00:58:42,101 - ObjectDetectionLogger - INFO - Bounding box coordinates: tensor([325.0886,  59.8773, 367.1517, 222.6111])
2024-05-21 00:58:42,102 - ObjectDetectionLogger - INFO - Grid coordinates of bounding box computed successfully
2024-05-21 00:58:42,102 - ObjectDetectionLogger - INFO - Grid coordinates of bounding box computed successfully
2024-05-21 00:58:42,103 - ObjectDetectionLogger - INFO - Percentage of points inside the ROI: 0.00%
2024-05-21 00:58:42,106 - ObjectDetectionLogger - INFO - Bounding box coordinates: tensor([229.4377,  72.7828, 304.6133, 353.8961])
2024-05-21 00:58:42,107 - ObjectDetectionLogger - INFO - Grid coordinates of bounding box computed successfully
2024-05-21 00:58:42,108 - ObjectDetectionLogger - INFO - Grid coordinates of bounding box computed successfully
2024-05-21 00:58:42,110 - ObjectDetectionLogger - INFO - Percentage of points inside the ROI: 33.00%
2024-05-21 00:58:42,123 - ObjectDetectionLogger - INFO - Frame with object 'person' saved to 'C:\Users\aiden\Desktop\GitHub\Sequre\data\output\2024-05-21\a67150d5fe6a976c8da7a3e114935402d28aff49c5c8ffb0b6533a4f24ad5f92\person-00-58-42.jpg'
2024-05-21 00:58:42,126 - ObjectDetectionLogger - INFO - Bounding box coordinates: tensor([230.4141,  72.4162, 304.2183, 257.1508])
2024-05-21 00:58:42,127 - ObjectDetectionLogger - INFO - Grid coordinates of bounding box computed successfully
2024-05-21 00:58:42,127 - ObjectDetectionLogger - INFO - Grid coordinates of bounding box computed successfully
2024-05-21 00:58:42,128 - ObjectDetectionLogger - INFO - Percentage of points inside the ROI: 7.00%
2024-05-21 00:58:42,189 - ObjectDetectionLogger - INFO - Bounding box coordinates: tensor([322.4471,  62.6886, 366.9995, 222.0763])
2024-05-21 00:58:42,191 - ObjectDetectionLogger - INFO - Grid coordinates of bounding box computed successfully
2024-05-21 00:58:42,192 - ObjectDetectionLogger - INFO - Grid coordinates of bounding box computed successfully
2024-05-21 00:58:42,193 - ObjectDetectionLogger - INFO - Percentage of points inside the ROI: 0.00%
2024-05-21 00:58:42,195 - ObjectDetectionLogger - INFO - Bounding box coordinates: tensor([212.8018,  75.7962, 302.9779, 365.0907])
2024-05-21 00:58:42,195 - ObjectDetectionLogger - INFO - Grid coordinates of bounding box computed successfully
2024-05-21 00:58:42,196 - ObjectDetectionLogger - INFO - Grid coordinates of bounding box computed successfully
2024-05-21 00:58:42,196 - ObjectDetectionLogger - INFO - Percentage of points inside the ROI: 33.00%
2024-05-21 00:58:42,204 - ObjectDetectionLogger - INFO - Frame with object 'person' saved to 'C:\Users\aiden\Desktop\GitHub\Sequre\data\output\2024-05-21\a67150d5fe6a976c8da7a3e114935402d28aff49c5c8ffb0b6533a4f24ad5f92\person-00-58-42.jpg'
2024-05-21 00:58:42,261 - ObjectDetectionLogger - INFO - Bounding box coordinates: tensor([202.8524,  81.6901, 298.8352, 366.3422])
2024-05-21 00:58:42,262 - ObjectDetectionLogger - INFO - Grid coordinates of bounding box computed successfully
2024-05-21 00:58:42,262 - ObjectDetectionLogger - INFO - Grid coordinates of bounding box computed successfully
2024-05-21 00:58:42,263 - ObjectDetectionLogger - INFO - Percentage of points inside the ROI: 32.00%
2024-05-21 00:58:42,270 - ObjectDetectionLogger - INFO - Frame with object 'person' saved to 'C:\Users\aiden\Desktop\GitHub\Sequre\data\output\2024-05-21\a67150d5fe6a976c8da7a3e114935402d28aff49c5c8ffb0b6533a4f24ad5f92\person-00-58-42.jpg'
2024-05-21 00:58:42,271 - ObjectDetectionLogger - INFO - Bounding box coordinates: tensor([319.5060,  64.2394, 366.9232, 222.7046])
2024-05-21 00:58:42,272 - ObjectDetectionLogger - INFO - Grid coordinates of bounding box computed successfully
2024-05-21 00:58:42,272 - ObjectDetectionLogger - INFO - Grid coordinates of bounding box computed successfully
2024-05-21 00:58:42,272 - ObjectDetectionLogger - INFO - Percentage of points inside the ROI: 0.00%
2024-05-21 00:58:42,324 - ObjectDetectionLogger - INFO - Bounding box coordinates: tensor([188.0025,  87.3457, 296.7688, 368.9125])
2024-05-21 00:58:42,325 - ObjectDetectionLogger - INFO - Grid coordinates of bounding box computed successfully
2024-05-21 00:58:42,325 - ObjectDetectionLogger - INFO - Grid coordinates of bounding box computed successfully
2024-05-21 00:58:42,326 - ObjectDetectionLogger - INFO - Percentage of points inside the ROI: 30.00%
2024-05-21 00:58:42,334 - ObjectDetectionLogger - INFO - Frame with object 'person' saved to 'C:\Users\aiden\Desktop\GitHub\Sequre\data\output\2024-05-21\a67150d5fe6a976c8da7a3e114935402d28aff49c5c8ffb0b6533a4f24ad5f92\person-00-58-42.jpg'
2024-05-21 00:58:42,335 - ObjectDetectionLogger - INFO - Bounding box coordinates: tensor([316.3714,  65.2325, 366.8811, 223.5291])
2024-05-21 00:58:42,336 - ObjectDetectionLogger - INFO - Grid coordinates of bounding box computed successfully
2024-05-21 00:58:42,336 - ObjectDetectionLogger - INFO - Grid coordinates of bounding box computed successfully
2024-05-21 00:58:42,336 - ObjectDetectionLogger - INFO - Percentage of points inside the ROI: 0.00%
2024-05-21 00:58:42,385 - ObjectDetectionLogger - INFO - Bounding box coordinates: tensor([184.1620,  92.2234, 293.8052, 367.9811])
2024-05-21 00:58:42,386 - ObjectDetectionLogger - INFO - Grid coordinates of bounding box computed successfully
2024-05-21 00:58:42,386 - ObjectDetectionLogger - INFO - Grid coordinates of bounding box computed successfully
2024-05-21 00:58:42,386 - ObjectDetectionLogger - INFO - Percentage of points inside the ROI: 28.00%
2024-05-21 00:58:42,396 - ObjectDetectionLogger - INFO - Frame with object 'person' saved to 'C:\Users\aiden\Desktop\GitHub\Sequre\data\output\2024-05-21\a67150d5fe6a976c8da7a3e114935402d28aff49c5c8ffb0b6533a4f24ad5f92\person-00-58-42.jpg'
2024-05-21 00:58:42,401 - ObjectDetectionLogger - INFO - Bounding box coordinates: tensor([312.7663,  65.4059, 364.5112, 223.2974])
2024-05-21 00:58:42,402 - ObjectDetectionLogger - INFO - Grid coordinates of bounding box computed successfully
2024-05-21 00:58:42,403 - ObjectDetectionLogger - INFO - Grid coordinates of bounding box computed successfully
2024-05-21 00:58:42,403 - ObjectDetectionLogger - INFO - Percentage of points inside the ROI: 0.00%
2024-05-21 00:58:42,456 - ObjectDetectionLogger - INFO - Bounding box coordinates: tensor([309.8848,  64.9427, 365.4066, 219.6003])
2024-05-21 00:58:42,457 - ObjectDetectionLogger - INFO - Grid coordinates of bounding box computed successfully
2024-05-21 00:58:42,457 - ObjectDetectionLogger - INFO - Grid coordinates of bounding box computed successfully
2024-05-21 00:58:42,458 - ObjectDetectionLogger - INFO - Percentage of points inside the ROI: 0.00%
2024-05-21 00:58:42,459 - ObjectDetectionLogger - INFO - Bounding box coordinates: tensor([170.0569,  93.4662, 287.9066, 366.1506])
2024-05-21 00:58:42,459 - ObjectDetectionLogger - INFO - Grid coordinates of bounding box computed successfully
2024-05-21 00:58:42,460 - ObjectDetectionLogger - INFO - Grid coordinates of bounding box computed successfully
2024-05-21 00:58:42,461 - ObjectDetectionLogger - INFO - Percentage of points inside the ROI: 23.00%
2024-05-21 00:58:42,514 - ObjectDetectionLogger - INFO - Bounding box coordinates: tensor([149.1906,  94.6780, 280.4584, 370.7095])
2024-05-21 00:58:42,514 - ObjectDetectionLogger - INFO - Grid coordinates of bounding box computed successfully
2024-05-21 00:58:42,515 - ObjectDetectionLogger - INFO - Grid coordinates of bounding box computed successfully
2024-05-21 00:58:42,516 - ObjectDetectionLogger - INFO - Percentage of points inside the ROI: 20.00%
2024-05-21 00:58:42,517 - ObjectDetectionLogger - INFO - Bounding box coordinates: tensor([306.2811,  65.4873, 361.4026, 220.8233])
2024-05-21 00:58:42,519 - ObjectDetectionLogger - INFO - Grid coordinates of bounding box computed successfully
2024-05-21 00:58:42,519 - ObjectDetectionLogger - INFO - Grid coordinates of bounding box computed successfully
2024-05-21 00:58:42,519 - ObjectDetectionLogger - INFO - Percentage of points inside the ROI: 0.00%
2024-05-21 00:58:42,577 - ObjectDetectionLogger - INFO - Bounding box coordinates: tensor([148.5942,  94.1755, 275.9833, 410.8643])
2024-05-21 00:58:42,578 - ObjectDetectionLogger - INFO - Grid coordinates of bounding box computed successfully
2024-05-21 00:58:42,579 - ObjectDetectionLogger - INFO - Grid coordinates of bounding box computed successfully
2024-05-21 00:58:42,580 - ObjectDetectionLogger - INFO - Percentage of points inside the ROI: 27.00%
2024-05-21 00:58:42,597 - ObjectDetectionLogger - INFO - Frame with object 'person' saved to 'C:\Users\aiden\Desktop\GitHub\Sequre\data\output\2024-05-21\a67150d5fe6a976c8da7a3e114935402d28aff49c5c8ffb0b6533a4f24ad5f92\person-00-58-42.jpg'
2024-05-21 00:58:42,600 - ObjectDetectionLogger - INFO - Bounding box coordinates: tensor([301.4597,  66.4390, 359.4191, 220.6956])
2024-05-21 00:58:42,601 - ObjectDetectionLogger - INFO - Grid coordinates of bounding box computed successfully
2024-05-21 00:58:42,602 - ObjectDetectionLogger - INFO - Grid coordinates of bounding box computed successfully
2024-05-21 00:58:42,603 - ObjectDetectionLogger - INFO - Percentage of points inside the ROI: 0.00%
2024-05-21 00:58:42,661 - ObjectDetectionLogger - INFO - Bounding box coordinates: tensor([140.1180,  95.1903, 275.6982, 420.7402])
2024-05-21 00:58:42,662 - ObjectDetectionLogger - INFO - Grid coordinates of bounding box computed successfully
2024-05-21 00:58:42,662 - ObjectDetectionLogger - INFO - Grid coordinates of bounding box computed successfully
2024-05-21 00:58:42,663 - ObjectDetectionLogger - INFO - Percentage of points inside the ROI: 27.00%
2024-05-21 00:58:42,675 - ObjectDetectionLogger - INFO - Frame with object 'person' saved to 'C:\Users\aiden\Desktop\GitHub\Sequre\data\output\2024-05-21\a67150d5fe6a976c8da7a3e114935402d28aff49c5c8ffb0b6533a4f24ad5f92\person-00-58-42.jpg'
2024-05-21 00:58:42,677 - ObjectDetectionLogger - INFO - Bounding box coordinates: tensor([295.4078,  69.2967, 356.8125, 220.0853])
2024-05-21 00:58:42,678 - ObjectDetectionLogger - INFO - Grid coordinates of bounding box computed successfully
2024-05-21 00:58:42,678 - ObjectDetectionLogger - INFO - Grid coordinates of bounding box computed successfully
2024-05-21 00:58:42,679 - ObjectDetectionLogger - INFO - Percentage of points inside the ROI: 0.00%
2024-05-21 00:58:42,737 - ObjectDetectionLogger - INFO - Bounding box coordinates: tensor([130.6159,  97.2925, 265.4749, 446.6162])
2024-05-21 00:58:42,738 - ObjectDetectionLogger - INFO - Grid coordinates of bounding box computed successfully
2024-05-21 00:58:42,739 - ObjectDetectionLogger - INFO - Grid coordinates of bounding box computed successfully
2024-05-21 00:58:42,740 - ObjectDetectionLogger - INFO - Percentage of points inside the ROI: 29.00%
2024-05-21 00:58:42,755 - ObjectDetectionLogger - INFO - Frame with object 'person' saved to 'C:\Users\aiden\Desktop\GitHub\Sequre\data\output\2024-05-21\a67150d5fe6a976c8da7a3e114935402d28aff49c5c8ffb0b6533a4f24ad5f92\person-00-58-42.jpg'
2024-05-21 00:58:42,757 - ObjectDetectionLogger - INFO - Bounding box coordinates: tensor([289.5709,  73.7603, 355.4065, 222.7342])
2024-05-21 00:58:42,759 - ObjectDetectionLogger - INFO - Grid coordinates of bounding box computed successfully
2024-05-21 00:58:42,759 - ObjectDetectionLogger - INFO - Grid coordinates of bounding box computed successfully
2024-05-21 00:58:42,759 - ObjectDetectionLogger - INFO - Percentage of points inside the ROI: 0.00%
2024-05-21 00:58:42,812 - ObjectDetectionLogger - INFO - Bounding box coordinates: tensor([121.8980, 101.8519, 247.5072, 470.0057])
2024-05-21 00:58:42,813 - ObjectDetectionLogger - INFO - Grid coordinates of bounding box computed successfully
2024-05-21 00:58:42,815 - ObjectDetectionLogger - INFO - Grid coordinates of bounding box computed successfully
2024-05-21 00:58:42,815 - ObjectDetectionLogger - INFO - Percentage of points inside the ROI: 20.00%
2024-05-21 00:58:42,817 - ObjectDetectionLogger - INFO - Bounding box coordinates: tensor([283.3790,  78.5824, 353.8845, 219.5271])
2024-05-21 00:58:42,818 - ObjectDetectionLogger - INFO - Grid coordinates of bounding box computed successfully
2024-05-21 00:58:42,818 - ObjectDetectionLogger - INFO - Grid coordinates of bounding box computed successfully
2024-05-21 00:58:42,818 - ObjectDetectionLogger - INFO - Percentage of points inside the ROI: 0.00%
2024-05-21 00:58:42,871 - ObjectDetectionLogger - INFO - Bounding box coordinates: tensor([105.7182, 109.5923, 239.2577, 474.2357])
2024-05-21 00:58:42,872 - ObjectDetectionLogger - INFO - Grid coordinates of bounding box computed successfully
2024-05-21 00:58:42,872 - ObjectDetectionLogger - INFO - Grid coordinates of bounding box computed successfully
2024-05-21 00:58:42,873 - ObjectDetectionLogger - INFO - Percentage of points inside the ROI: 16.00%
2024-05-21 00:58:42,875 - ObjectDetectionLogger - INFO - Bounding box coordinates: tensor([276.8989,  82.6903, 349.5087, 221.9747])
2024-05-21 00:58:42,875 - ObjectDetectionLogger - INFO - Grid coordinates of bounding box computed successfully
2024-05-21 00:58:42,876 - ObjectDetectionLogger - INFO - Grid coordinates of bounding box computed successfully
2024-05-21 00:58:42,877 - ObjectDetectionLogger - INFO - Percentage of points inside the ROI: 0.00%
2024-05-21 00:58:42,933 - ObjectDetectionLogger - INFO - Bounding box coordinates: tensor([ 89.4678, 118.6083, 235.3146, 476.5179])
2024-05-21 00:58:42,935 - ObjectDetectionLogger - INFO - Grid coordinates of bounding box computed successfully
2024-05-21 00:58:42,936 - ObjectDetectionLogger - INFO - Grid coordinates of bounding box computed successfully
2024-05-21 00:58:42,938 - ObjectDetectionLogger - INFO - Percentage of points inside the ROI: 15.00%
2024-05-21 00:58:42,941 - ObjectDetectionLogger - INFO - Bounding box coordinates: tensor([269.6771,  84.8947, 348.4141, 222.4456])
2024-05-21 00:58:42,942 - ObjectDetectionLogger - INFO - Grid coordinates of bounding box computed successfully
2024-05-21 00:58:42,943 - ObjectDetectionLogger - INFO - Grid coordinates of bounding box computed successfully
2024-05-21 00:58:42,944 - ObjectDetectionLogger - INFO - Percentage of points inside the ROI: 0.00%
2024-05-21 00:58:43,003 - ObjectDetectionLogger - INFO - Bounding box coordinates: tensor([ 67.3729, 127.3700, 225.2796, 477.6490])
2024-05-21 00:58:43,004 - ObjectDetectionLogger - INFO - Grid coordinates of bounding box computed successfully
2024-05-21 00:58:43,005 - ObjectDetectionLogger - INFO - Grid coordinates of bounding box computed successfully
2024-05-21 00:58:43,006 - ObjectDetectionLogger - INFO - Percentage of points inside the ROI: 12.00%
2024-05-21 00:58:43,008 - ObjectDetectionLogger - INFO - Bounding box coordinates: tensor([261.6539,  86.3880, 346.1635, 254.4700])
2024-05-21 00:58:43,010 - ObjectDetectionLogger - INFO - Grid coordinates of bounding box computed successfully
2024-05-21 00:58:43,010 - ObjectDetectionLogger - INFO - Grid coordinates of bounding box computed successfully
2024-05-21 00:58:43,011 - ObjectDetectionLogger - INFO - Percentage of points inside the ROI: 10.00%
2024-05-21 00:58:43,074 - ObjectDetectionLogger - INFO - Bounding box coordinates: tensor([ 42.8355, 131.9598, 212.1482, 479.4758])
2024-05-21 00:58:43,076 - ObjectDetectionLogger - INFO - Grid coordinates of bounding box computed successfully
2024-05-21 00:58:43,077 - ObjectDetectionLogger - INFO - Grid coordinates of bounding box computed successfully
2024-05-21 00:58:43,079 - ObjectDetectionLogger - INFO - Percentage of points inside the ROI: 10.00%
2024-05-21 00:58:43,083 - ObjectDetectionLogger - INFO - Bounding box coordinates: tensor([255.6689,  87.3098, 341.8432, 249.6674])
2024-05-21 00:58:43,085 - ObjectDetectionLogger - INFO - Grid coordinates of bounding box computed successfully
2024-05-21 00:58:43,087 - ObjectDetectionLogger - INFO - Grid coordinates of bounding box computed successfully
2024-05-21 00:58:43,089 - ObjectDetectionLogger - INFO - Percentage of points inside the ROI: 8.00%
2024-05-21 00:58:43,152 - ObjectDetectionLogger - INFO - Bounding box coordinates: tensor([ 38.1455, 134.9451, 201.5389, 479.4823])
2024-05-21 00:58:43,154 - ObjectDetectionLogger - INFO - Grid coordinates of bounding box computed successfully
2024-05-21 00:58:43,154 - ObjectDetectionLogger - INFO - Grid coordinates of bounding box computed successfully
2024-05-21 00:58:43,155 - ObjectDetectionLogger - INFO - Percentage of points inside the ROI: 8.00%
2024-05-21 00:58:43,158 - ObjectDetectionLogger - INFO - Bounding box coordinates: tensor([249.1808,  87.3631, 332.5767, 255.3860])
2024-05-21 00:58:43,159 - ObjectDetectionLogger - INFO - Grid coordinates of bounding box computed successfully
2024-05-21 00:58:43,160 - ObjectDetectionLogger - INFO - Grid coordinates of bounding box computed successfully
2024-05-21 00:58:43,161 - ObjectDetectionLogger - INFO - Percentage of points inside the ROI: 9.00%
2024-05-21 00:58:43,218 - ObjectDetectionLogger - INFO - Bounding box coordinates: tensor([ 31.9435, 137.6890, 188.5503, 458.8616])
2024-05-21 00:58:43,219 - ObjectDetectionLogger - INFO - Grid coordinates of bounding box computed successfully
2024-05-21 00:58:43,220 - ObjectDetectionLogger - INFO - Grid coordinates of bounding box computed successfully
2024-05-21 00:58:43,221 - ObjectDetectionLogger - INFO - Percentage of points inside the ROI: 8.00%
2024-05-21 00:58:43,223 - ObjectDetectionLogger - INFO - Bounding box coordinates: tensor([243.0188,  86.9254, 331.4222, 254.0141])
2024-05-21 00:58:43,225 - ObjectDetectionLogger - INFO - Grid coordinates of bounding box computed successfully
2024-05-21 00:58:43,225 - ObjectDetectionLogger - INFO - Grid coordinates of bounding box computed successfully
2024-05-21 00:58:43,226 - ObjectDetectionLogger - INFO - Percentage of points inside the ROI: 8.00%
2024-05-21 00:58:43,283 - ObjectDetectionLogger - INFO - Bounding box coordinates: tensor([ 20.7455, 141.5427, 180.7496, 458.5006])
2024-05-21 00:58:43,284 - ObjectDetectionLogger - INFO - Grid coordinates of bounding box computed successfully
2024-05-21 00:58:43,285 - ObjectDetectionLogger - INFO - Grid coordinates of bounding box computed successfully
2024-05-21 00:58:43,285 - ObjectDetectionLogger - INFO - Percentage of points inside the ROI: 7.00%
2024-05-21 00:58:43,288 - ObjectDetectionLogger - INFO - Bounding box coordinates: tensor([236.5931,  88.3622, 332.2820, 297.6451])
2024-05-21 00:58:43,289 - ObjectDetectionLogger - INFO - Grid coordinates of bounding box computed successfully
2024-05-21 00:58:43,290 - ObjectDetectionLogger - INFO - Grid coordinates of bounding box computed successfully
2024-05-21 00:58:43,291 - ObjectDetectionLogger - INFO - Percentage of points inside the ROI: 23.00%
2024-05-21 00:58:43,357 - ObjectDetectionLogger - INFO - Bounding box coordinates: tensor([231.2060,  91.1070, 325.3673, 304.2574])
2024-05-21 00:58:43,358 - ObjectDetectionLogger - INFO - Grid coordinates of bounding box computed successfully
2024-05-21 00:58:43,359 - ObjectDetectionLogger - INFO - Grid coordinates of bounding box computed successfully
2024-05-21 00:58:43,359 - ObjectDetectionLogger - INFO - Percentage of points inside the ROI: 23.00%
2024-05-21 00:58:43,361 - ObjectDetectionLogger - INFO - Bounding box coordinates: tensor([  3.2032, 149.9191, 164.0582, 453.4080])
2024-05-21 00:58:43,362 - ObjectDetectionLogger - INFO - Grid coordinates of bounding box computed successfully
2024-05-21 00:58:43,362 - ObjectDetectionLogger - INFO - Grid coordinates of bounding box computed successfully
2024-05-21 00:58:43,363 - ObjectDetectionLogger - INFO - Percentage of points inside the ROI: 4.00%
2024-05-21 00:58:43,426 - ObjectDetectionLogger - INFO - Bounding box coordinates: tensor([224.9207,  95.4963, 322.7349, 300.8792])
2024-05-21 00:58:43,428 - ObjectDetectionLogger - INFO - Grid coordinates of bounding box computed successfully
2024-05-21 00:58:43,429 - ObjectDetectionLogger - INFO - Grid coordinates of bounding box computed successfully
2024-05-21 00:58:43,430 - ObjectDetectionLogger - INFO - Percentage of points inside the ROI: 21.00%
2024-05-21 00:58:43,433 - ObjectDetectionLogger - INFO - Bounding box coordinates: tensor([4.2586e-01, 1.6801e+02, 1.5125e+02, 4.6175e+02])
2024-05-21 00:58:43,435 - ObjectDetectionLogger - INFO - Grid coordinates of bounding box computed successfully
2024-05-21 00:58:43,436 - ObjectDetectionLogger - INFO - Grid coordinates of bounding box computed successfully
2024-05-21 00:58:43,438 - ObjectDetectionLogger - INFO - Percentage of points inside the ROI: 3.00%
2024-05-21 00:58:43,519 - ObjectDetectionLogger - INFO - Bounding box coordinates: tensor([219.7989,  99.1561, 321.8450, 293.0448])
2024-05-21 00:58:43,520 - ObjectDetectionLogger - INFO - Grid coordinates of bounding box computed successfully
2024-05-21 00:58:43,520 - ObjectDetectionLogger - INFO - Grid coordinates of bounding box computed successfully
2024-05-21 00:58:43,521 - ObjectDetectionLogger - INFO - Percentage of points inside the ROI: 19.00%
2024-05-21 00:58:43,609 - ObjectDetectionLogger - INFO - Bounding box coordinates: tensor([214.3102, 102.9955, 318.0499, 295.7989])
2024-05-21 00:58:43,610 - ObjectDetectionLogger - INFO - Grid coordinates of bounding box computed successfully
2024-05-21 00:58:43,611 - ObjectDetectionLogger - INFO - Grid coordinates of bounding box computed successfully
2024-05-21 00:58:43,612 - ObjectDetectionLogger - INFO - Percentage of points inside the ROI: 18.00%
2024-05-21 00:58:43,700 - ObjectDetectionLogger - INFO - Bounding box coordinates: tensor([205.7330, 104.7735, 310.4225, 302.8453])
2024-05-21 00:58:43,701 - ObjectDetectionLogger - INFO - Grid coordinates of bounding box computed successfully
2024-05-21 00:58:43,701 - ObjectDetectionLogger - INFO - Grid coordinates of bounding box computed successfully
2024-05-21 00:58:43,703 - ObjectDetectionLogger - INFO - Percentage of points inside the ROI: 18.00%
2024-05-21 00:58:43,768 - ObjectDetectionLogger - INFO - Bounding box coordinates: tensor([197.1071, 105.9933, 304.4167, 341.7899])
2024-05-21 00:58:43,770 - ObjectDetectionLogger - INFO - Grid coordinates of bounding box computed successfully
2024-05-21 00:58:43,770 - ObjectDetectionLogger - INFO - Grid coordinates of bounding box computed successfully
2024-05-21 00:58:43,771 - ObjectDetectionLogger - INFO - Percentage of points inside the ROI: 27.00%
2024-05-21 00:58:43,784 - ObjectDetectionLogger - INFO - Frame with object 'person' saved to 'C:\Users\aiden\Desktop\GitHub\Sequre\data\output\2024-05-21\a67150d5fe6a976c8da7a3e114935402d28aff49c5c8ffb0b6533a4f24ad5f92\person-00-58-43.jpg'
2024-05-21 00:58:43,843 - ObjectDetectionLogger - INFO - Bounding box coordinates: tensor([189.4802, 107.8932, 301.5513, 372.7932])
2024-05-21 00:58:43,844 - ObjectDetectionLogger - INFO - Grid coordinates of bounding box computed successfully
2024-05-21 00:58:43,845 - ObjectDetectionLogger - INFO - Grid coordinates of bounding box computed successfully
2024-05-21 00:58:43,846 - ObjectDetectionLogger - INFO - Percentage of points inside the ROI: 33.00%
2024-05-21 00:58:43,860 - ObjectDetectionLogger - INFO - Frame with object 'person' saved to 'C:\Users\aiden\Desktop\GitHub\Sequre\data\output\2024-05-21\a67150d5fe6a976c8da7a3e114935402d28aff49c5c8ffb0b6533a4f24ad5f92\person-00-58-43.jpg'
2024-05-21 00:58:43,925 - ObjectDetectionLogger - INFO - Bounding box coordinates: tensor([184.3440, 111.7538, 296.9461, 388.3886])
2024-05-21 00:58:43,927 - ObjectDetectionLogger - INFO - Grid coordinates of bounding box computed successfully
2024-05-21 00:58:43,928 - ObjectDetectionLogger - INFO - Grid coordinates of bounding box computed successfully
2024-05-21 00:58:43,928 - ObjectDetectionLogger - INFO - Percentage of points inside the ROI: 34.00%
2024-05-21 00:58:43,939 - ObjectDetectionLogger - INFO - Frame with object 'person' saved to 'C:\Users\aiden\Desktop\GitHub\Sequre\data\output\2024-05-21\a67150d5fe6a976c8da7a3e114935402d28aff49c5c8ffb0b6533a4f24ad5f92\person-00-58-43.jpg'
2024-05-21 00:58:43,990 - ObjectDetectionLogger - INFO - Bounding box coordinates: tensor([166.9921, 117.2295, 292.2221, 402.1893])
2024-05-21 00:58:43,991 - ObjectDetectionLogger - INFO - Grid coordinates of bounding box computed successfully
2024-05-21 00:58:43,991 - ObjectDetectionLogger - INFO - Grid coordinates of bounding box computed successfully
2024-05-21 00:58:43,992 - ObjectDetectionLogger - INFO - Percentage of points inside the ROI: 35.00%
2024-05-21 00:58:44,003 - ObjectDetectionLogger - INFO - Frame with object 'person' saved to 'C:\Users\aiden\Desktop\GitHub\Sequre\data\output\2024-05-21\a67150d5fe6a976c8da7a3e114935402d28aff49c5c8ffb0b6533a4f24ad5f92\person-00-58-43.jpg'
2024-05-21 00:58:44,079 - ObjectDetectionLogger - INFO - Bounding box coordinates: tensor([154.6492, 124.2636, 288.9790, 408.1846])
2024-05-21 00:58:44,082 - ObjectDetectionLogger - INFO - Grid coordinates of bounding box computed successfully
2024-05-21 00:58:44,085 - ObjectDetectionLogger - INFO - Grid coordinates of bounding box computed successfully
2024-05-21 00:58:44,088 - ObjectDetectionLogger - INFO - Percentage of points inside the ROI: 33.00%
2024-05-21 00:58:44,107 - ObjectDetectionLogger - INFO - Frame with object 'person' saved to 'C:\Users\aiden\Desktop\GitHub\Sequre\data\output\2024-05-21\a67150d5fe6a976c8da7a3e114935402d28aff49c5c8ffb0b6533a4f24ad5f92\person-00-58-44.jpg'
2024-05-21 00:58:44,196 - ObjectDetectionLogger - INFO - Bounding box coordinates: tensor([143.4891, 133.8641, 283.6616, 408.6511])
2024-05-21 00:58:44,198 - ObjectDetectionLogger - INFO - Grid coordinates of bounding box computed successfully
2024-05-21 00:58:44,201 - ObjectDetectionLogger - INFO - Grid coordinates of bounding box computed successfully
2024-05-21 00:58:44,205 - ObjectDetectionLogger - INFO - Percentage of points inside the ROI: 30.00%
2024-05-21 00:58:44,216 - ObjectDetectionLogger - INFO - Frame with object 'person' saved to 'C:\Users\aiden\Desktop\GitHub\Sequre\data\output\2024-05-21\a67150d5fe6a976c8da7a3e114935402d28aff49c5c8ffb0b6533a4f24ad5f92\person-00-58-44.jpg'
2024-05-21 00:58:44,301 - ObjectDetectionLogger - INFO - Bounding box coordinates: tensor([128.0541, 141.2442, 286.2810, 408.9648])
2024-05-21 00:58:44,304 - ObjectDetectionLogger - INFO - Grid coordinates of bounding box computed successfully
2024-05-21 00:58:44,304 - ObjectDetectionLogger - INFO - Grid coordinates of bounding box computed successfully
2024-05-21 00:58:44,305 - ObjectDetectionLogger - INFO - Percentage of points inside the ROI: 29.00%
2024-05-21 00:58:44,324 - ObjectDetectionLogger - INFO - Frame with object 'person' saved to 'C:\Users\aiden\Desktop\GitHub\Sequre\data\output\2024-05-21\a67150d5fe6a976c8da7a3e114935402d28aff49c5c8ffb0b6533a4f24ad5f92\person-00-58-44.jpg'
2024-05-21 00:58:44,397 - ObjectDetectionLogger - INFO - Bounding box coordinates: tensor([111.2644, 148.1483, 274.9468, 409.0696])
2024-05-21 00:58:44,397 - ObjectDetectionLogger - INFO - Grid coordinates of bounding box computed successfully
2024-05-21 00:58:44,398 - ObjectDetectionLogger - INFO - Grid coordinates of bounding box computed successfully
2024-05-21 00:58:44,398 - ObjectDetectionLogger - INFO - Percentage of points inside the ROI: 25.00%
2024-05-21 00:58:44,409 - ObjectDetectionLogger - INFO - Frame with object 'person' saved to 'C:\Users\aiden\Desktop\GitHub\Sequre\data\output\2024-05-21\a67150d5fe6a976c8da7a3e114935402d28aff49c5c8ffb0b6533a4f24ad5f92\person-00-58-44.jpg'
2024-05-21 00:58:44,474 - ObjectDetectionLogger - INFO - Bounding box coordinates: tensor([ 96.9981, 154.1570, 276.7849, 421.6716])
2024-05-21 00:58:44,475 - ObjectDetectionLogger - INFO - Grid coordinates of bounding box computed successfully
2024-05-21 00:58:44,476 - ObjectDetectionLogger - INFO - Grid coordinates of bounding box computed successfully
2024-05-21 00:58:44,477 - ObjectDetectionLogger - INFO - Percentage of points inside the ROI: 28.00%
2024-05-21 00:58:44,487 - ObjectDetectionLogger - INFO - Frame with object 'person' saved to 'C:\Users\aiden\Desktop\GitHub\Sequre\data\output\2024-05-21\a67150d5fe6a976c8da7a3e114935402d28aff49c5c8ffb0b6533a4f24ad5f92\person-00-58-44.jpg'
2024-05-21 00:58:44,574 - ObjectDetectionLogger - INFO - Bounding box coordinates: tensor([ 83.0274, 160.5209, 256.3426, 413.0894])
2024-05-21 00:58:44,576 - ObjectDetectionLogger - INFO - Grid coordinates of bounding box computed successfully
2024-05-21 00:58:44,578 - ObjectDetectionLogger - INFO - Grid coordinates of bounding box computed successfully
2024-05-21 00:58:44,581 - ObjectDetectionLogger - INFO - Percentage of points inside the ROI: 21.00%
2024-05-21 00:58:44,658 - ObjectDetectionLogger - INFO - Bounding box coordinates: tensor([ 61.2065, 170.4959, 247.6277, 460.7902])
2024-05-21 00:58:44,659 - ObjectDetectionLogger - INFO - Grid coordinates of bounding box computed successfully
2024-05-21 00:58:44,659 - ObjectDetectionLogger - INFO - Grid coordinates of bounding box computed successfully
2024-05-21 00:58:44,660 - ObjectDetectionLogger - INFO - Percentage of points inside the ROI: 22.00%
2024-05-21 00:58:44,712 - ObjectDetectionLogger - INFO - Bounding box coordinates: tensor([ 45.6748, 181.9115, 257.4389, 454.9799])
2024-05-21 00:58:44,713 - ObjectDetectionLogger - INFO - Grid coordinates of bounding box computed successfully
2024-05-21 00:58:44,713 - ObjectDetectionLogger - INFO - Grid coordinates of bounding box computed successfully
2024-05-21 00:58:44,714 - ObjectDetectionLogger - INFO - Percentage of points inside the ROI: 23.00%
2024-05-21 00:58:44,768 - ObjectDetectionLogger - INFO - Bounding box coordinates: tensor([ 30.8380, 192.9590, 248.0772, 457.7867])
2024-05-21 00:58:44,768 - ObjectDetectionLogger - INFO - Grid coordinates of bounding box computed successfully
2024-05-21 00:58:44,769 - ObjectDetectionLogger - INFO - Grid coordinates of bounding box computed successfully
2024-05-21 00:58:44,769 - ObjectDetectionLogger - INFO - Percentage of points inside the ROI: 21.00%
2024-05-21 00:58:44,824 - ObjectDetectionLogger - INFO - Bounding box coordinates: tensor([ 23.3049, 208.8881, 232.6299, 464.2714])
2024-05-21 00:58:44,824 - ObjectDetectionLogger - INFO - Grid coordinates of bounding box computed successfully
2024-05-21 00:58:44,825 - ObjectDetectionLogger - INFO - Grid coordinates of bounding box computed successfully
2024-05-21 00:58:44,825 - ObjectDetectionLogger - INFO - Percentage of points inside the ROI: 19.00%
2024-05-21 00:58:44,879 - ObjectDetectionLogger - INFO - Bounding box coordinates: tensor([ 10.8271, 221.4798, 220.4476, 459.1149])
2024-05-21 00:58:44,880 - ObjectDetectionLogger - INFO - Grid coordinates of bounding box computed successfully
2024-05-21 00:58:44,880 - ObjectDetectionLogger - INFO - Grid coordinates of bounding box computed successfully
2024-05-21 00:58:44,880 - ObjectDetectionLogger - INFO - Percentage of points inside the ROI: 16.00%
2024-05-21 00:58:44,952 - ObjectDetectionLogger - INFO - Bounding box coordinates: tensor([  0.6690, 236.1865, 208.0642, 457.0703])
2024-05-21 00:58:44,952 - ObjectDetectionLogger - INFO - Grid coordinates of bounding box computed successfully
2024-05-21 00:58:44,953 - ObjectDetectionLogger - INFO - Grid coordinates of bounding box computed successfully
2024-05-21 00:58:44,954 - ObjectDetectionLogger - INFO - Percentage of points inside the ROI: 13.00%
2024-05-21 00:58:51,437 - ObjectDetectionLogger - INFO - End of the video file
2024-05-21 00:58:51,480 - ObjectDetectionLogger - INFO - Video processing completed
