2024-05-21 00:13:49,724 - ObjectDetectionLogger - INFO - Model path: models/yolov8s.pt
2024-05-21 00:13:51,473 - ObjectDetectionLogger - INFO - Model loaded. Cuda available: True
2024-05-21 00:13:51,557 - ObjectDetectionLogger - INFO - Region of interest points loaded successfully. Num points: 5
2024-05-21 00:13:55,121 - ObjectDetectionLogger - INFO - Bounding box coordinates: tensor([1.3406e+02, 6.6025e-02, 4.3368e+02, 1.7435e+02])
2024-05-21 00:13:55,122 - ObjectDetectionLogger - INFO - Grid coordinates of bounding box computed successfully
2024-05-21 00:13:55,123 - ObjectDetectionLogger - INFO - Grid coordinates of bounding box computed successfully
2024-05-21 00:13:55,124 - ObjectDetectionLogger - INFO - Percentage of points inside the ROI: 0.00%
2024-05-21 00:13:55,126 - ObjectDetectionLogger - INFO - Bounding box coordinates: tensor([323.1232,  27.9568, 351.0775, 107.9200])
2024-05-21 00:13:55,126 - ObjectDetectionLogger - INFO - Grid coordinates of bounding box computed successfully
2024-05-21 00:13:55,127 - ObjectDetectionLogger - INFO - Grid coordinates of bounding box computed successfully
2024-05-21 00:13:55,128 - ObjectDetectionLogger - INFO - Percentage of points inside the ROI: 0.00%
2024-05-21 00:13:55,346 - ObjectDetectionLogger - INFO - Bounding box coordinates: tensor([1.3418e+02, 6.1722e-02, 4.3360e+02, 1.7439e+02])
2024-05-21 00:13:55,346 - ObjectDetectionLogger - INFO - Grid coordinates of bounding box computed successfully
2024-05-21 00:13:55,348 - ObjectDetectionLogger - INFO - Grid coordinates of bounding box computed successfully
2024-05-21 00:13:55,348 - ObjectDetectionLogger - INFO - Percentage of points inside the ROI: 0.00%
2024-05-21 00:13:55,350 - ObjectDetectionLogger - INFO - Bounding box coordinates: tensor([323.1425,  28.0764, 352.4574, 108.2202])
2024-05-21 00:13:55,350 - ObjectDetectionLogger - INFO - Grid coordinates of bounding box computed successfully
2024-05-21 00:13:55,350 - ObjectDetectionLogger - INFO - Grid coordinates of bounding box computed successfully
2024-05-21 00:13:55,351 - ObjectDetectionLogger - INFO - Percentage of points inside the ROI: 0.00%
2024-05-21 00:13:55,430 - ObjectDetectionLogger - INFO - Bounding box coordinates: tensor([1.3454e+02, 6.7215e-02, 4.3363e+02, 1.7440e+02])
2024-05-21 00:13:55,431 - ObjectDetectionLogger - INFO - Grid coordinates of bounding box computed successfully
2024-05-21 00:13:55,432 - ObjectDetectionLogger - INFO - Grid coordinates of bounding box computed successfully
2024-05-21 00:13:55,432 - ObjectDetectionLogger - INFO - Percentage of points inside the ROI: 0.00%
2024-05-21 00:13:55,434 - ObjectDetectionLogger - INFO - Bounding box coordinates: tensor([322.7666,  27.9867, 352.3468, 108.3493])
2024-05-21 00:13:55,434 - ObjectDetectionLogger - INFO - Grid coordinates of bounding box computed successfully
2024-05-21 00:13:55,435 - ObjectDetectionLogger - INFO - Grid coordinates of bounding box computed successfully
2024-05-21 00:13:55,436 - ObjectDetectionLogger - INFO - Percentage of points inside the ROI: 0.00%
2024-05-21 00:13:55,519 - ObjectDetectionLogger - INFO - Bounding box coordinates: tensor([1.3457e+02, 5.4764e-02, 4.3353e+02, 1.7445e+02])
2024-05-21 00:13:55,520 - ObjectDetectionLogger - INFO - Grid coordinates of bounding box computed successfully
2024-05-21 00:13:55,523 - ObjectDetectionLogger - INFO - Grid coordinates of bounding box computed successfully
2024-05-21 00:13:55,525 - ObjectDetectionLogger - INFO - Percentage of points inside the ROI: 0.00%
2024-05-21 00:13:55,528 - ObjectDetectionLogger - INFO - Bounding box coordinates: tensor([323.5961,  30.6260, 351.6978, 108.1572])
2024-05-21 00:13:55,529 - ObjectDetectionLogger - INFO - Grid coordinates of bounding box computed successfully
2024-05-21 00:13:55,530 - ObjectDetectionLogger - INFO - Grid coordinates of bounding box computed successfully
2024-05-21 00:13:55,532 - ObjectDetectionLogger - INFO - Percentage of points inside the ROI: 0.00%
2024-05-21 00:13:55,614 - ObjectDetectionLogger - INFO - Bounding box coordinates: tensor([1.3454e+02, 5.7953e-02, 4.3356e+02, 1.7448e+02])
2024-05-21 00:13:55,616 - ObjectDetectionLogger - INFO - Grid coordinates of bounding box computed successfully
2024-05-21 00:13:55,618 - ObjectDetectionLogger - INFO - Grid coordinates of bounding box computed successfully
2024-05-21 00:13:55,620 - ObjectDetectionLogger - INFO - Percentage of points inside the ROI: 0.00%
2024-05-21 00:13:55,625 - ObjectDetectionLogger - INFO - Bounding box coordinates: tensor([323.5731,  33.0717, 351.7427, 108.1782])
2024-05-21 00:13:55,625 - ObjectDetectionLogger - INFO - Grid coordinates of bounding box computed successfully
2024-05-21 00:13:55,625 - ObjectDetectionLogger - INFO - Grid coordinates of bounding box computed successfully
2024-05-21 00:13:55,627 - ObjectDetectionLogger - INFO - Percentage of points inside the ROI: 0.00%
2024-05-21 00:13:55,690 - ObjectDetectionLogger - INFO - Bounding box coordinates: tensor([1.3475e+02, 6.9977e-02, 4.3351e+02, 1.7451e+02])
2024-05-21 00:13:55,691 - ObjectDetectionLogger - INFO - Grid coordinates of bounding box computed successfully
2024-05-21 00:13:55,692 - ObjectDetectionLogger - INFO - Grid coordinates of bounding box computed successfully
2024-05-21 00:13:55,693 - ObjectDetectionLogger - INFO - Percentage of points inside the ROI: 0.00%
2024-05-21 00:13:55,761 - ObjectDetectionLogger - INFO - Bounding box coordinates: tensor([1.3477e+02, 6.5979e-02, 4.3345e+02, 1.7455e+02])
2024-05-21 00:13:55,761 - ObjectDetectionLogger - INFO - Grid coordinates of bounding box computed successfully
2024-05-21 00:13:55,762 - ObjectDetectionLogger - INFO - Grid coordinates of bounding box computed successfully
2024-05-21 00:13:55,762 - ObjectDetectionLogger - INFO - Percentage of points inside the ROI: 0.00%
2024-05-21 00:13:55,837 - ObjectDetectionLogger - INFO - Bounding box coordinates: tensor([1.3472e+02, 6.5903e-02, 4.3339e+02, 1.7457e+02])
2024-05-21 00:13:55,838 - ObjectDetectionLogger - INFO - Grid coordinates of bounding box computed successfully
2024-05-21 00:13:55,839 - ObjectDetectionLogger - INFO - Grid coordinates of bounding box computed successfully
2024-05-21 00:13:55,839 - ObjectDetectionLogger - INFO - Percentage of points inside the ROI: 0.00%
2024-05-21 00:13:55,904 - ObjectDetectionLogger - INFO - Bounding box coordinates: tensor([1.3462e+02, 5.7632e-02, 4.3332e+02, 1.7451e+02])
2024-05-21 00:13:55,905 - ObjectDetectionLogger - INFO - Grid coordinates of bounding box computed successfully
2024-05-21 00:13:55,906 - ObjectDetectionLogger - INFO - Grid coordinates of bounding box computed successfully
2024-05-21 00:13:55,906 - ObjectDetectionLogger - INFO - Percentage of points inside the ROI: 0.00%
2024-05-21 00:13:55,971 - ObjectDetectionLogger - INFO - Bounding box coordinates: tensor([1.3471e+02, 5.0613e-02, 4.3331e+02, 1.7448e+02])
2024-05-21 00:13:55,972 - ObjectDetectionLogger - INFO - Grid coordinates of bounding box computed successfully
2024-05-21 00:13:55,974 - ObjectDetectionLogger - INFO - Grid coordinates of bounding box computed successfully
2024-05-21 00:13:55,974 - ObjectDetectionLogger - INFO - Percentage of points inside the ROI: 0.00%
2024-05-21 00:13:56,056 - ObjectDetectionLogger - INFO - Bounding box coordinates: tensor([1.3479e+02, 3.9078e-02, 4.3349e+02, 1.7440e+02])
2024-05-21 00:13:56,057 - ObjectDetectionLogger - INFO - Grid coordinates of bounding box computed successfully
2024-05-21 00:13:56,059 - ObjectDetectionLogger - INFO - Grid coordinates of bounding box computed successfully
2024-05-21 00:13:56,061 - ObjectDetectionLogger - INFO - Percentage of points inside the ROI: 0.00%
2024-05-21 00:13:56,159 - ObjectDetectionLogger - INFO - Bounding box coordinates: tensor([1.3488e+02, 3.4653e-02, 4.3387e+02, 1.7435e+02])
2024-05-21 00:13:56,160 - ObjectDetectionLogger - INFO - Grid coordinates of bounding box computed successfully
2024-05-21 00:13:56,162 - ObjectDetectionLogger - INFO - Grid coordinates of bounding box computed successfully
2024-05-21 00:13:56,163 - ObjectDetectionLogger - INFO - Percentage of points inside the ROI: 0.00%
2024-05-21 00:13:56,235 - ObjectDetectionLogger - INFO - Bounding box coordinates: tensor([1.3480e+02, 3.0396e-02, 4.3416e+02, 1.7449e+02])
2024-05-21 00:13:56,236 - ObjectDetectionLogger - INFO - Grid coordinates of bounding box computed successfully
2024-05-21 00:13:56,239 - ObjectDetectionLogger - INFO - Grid coordinates of bounding box computed successfully
2024-05-21 00:13:56,240 - ObjectDetectionLogger - INFO - Percentage of points inside the ROI: 0.00%
2024-05-21 00:13:56,244 - ObjectDetectionLogger - INFO - Bounding box coordinates: tensor([324.3083,  26.9202, 358.0544, 108.5965])
2024-05-21 00:13:56,245 - ObjectDetectionLogger - INFO - Grid coordinates of bounding box computed successfully
2024-05-21 00:13:56,246 - ObjectDetectionLogger - INFO - Grid coordinates of bounding box computed successfully
2024-05-21 00:13:56,248 - ObjectDetectionLogger - INFO - Percentage of points inside the ROI: 0.00%
2024-05-21 00:13:56,338 - ObjectDetectionLogger - INFO - Bounding box coordinates: tensor([1.3480e+02, 2.8305e-02, 4.3424e+02, 1.7439e+02])
2024-05-21 00:13:56,339 - ObjectDetectionLogger - INFO - Grid coordinates of bounding box computed successfully
2024-05-21 00:13:56,340 - ObjectDetectionLogger - INFO - Grid coordinates of bounding box computed successfully
2024-05-21 00:13:56,341 - ObjectDetectionLogger - INFO - Percentage of points inside the ROI: 0.00%
2024-05-21 00:13:56,343 - ObjectDetectionLogger - INFO - Bounding box coordinates: tensor([324.3251,  26.9938, 358.7369, 109.4117])
2024-05-21 00:13:56,343 - ObjectDetectionLogger - INFO - Grid coordinates of bounding box computed successfully
2024-05-21 00:13:56,344 - ObjectDetectionLogger - INFO - Grid coordinates of bounding box computed successfully
2024-05-21 00:13:56,346 - ObjectDetectionLogger - INFO - Percentage of points inside the ROI: 0.00%
2024-05-21 00:13:56,418 - ObjectDetectionLogger - INFO - Bounding box coordinates: tensor([1.3485e+02, 2.4872e-02, 4.3423e+02, 1.7427e+02])
2024-05-21 00:13:56,418 - ObjectDetectionLogger - INFO - Grid coordinates of bounding box computed successfully
2024-05-21 00:13:56,419 - ObjectDetectionLogger - INFO - Grid coordinates of bounding box computed successfully
2024-05-21 00:13:56,420 - ObjectDetectionLogger - INFO - Percentage of points inside the ROI: 0.00%
2024-05-21 00:13:56,422 - ObjectDetectionLogger - INFO - Bounding box coordinates: tensor([324.3796,  27.4642, 357.8047, 109.6469])
2024-05-21 00:13:56,424 - ObjectDetectionLogger - INFO - Grid coordinates of bounding box computed successfully
2024-05-21 00:13:56,425 - ObjectDetectionLogger - INFO - Grid coordinates of bounding box computed successfully
2024-05-21 00:13:56,427 - ObjectDetectionLogger - INFO - Percentage of points inside the ROI: 0.00%
2024-05-21 00:13:56,502 - ObjectDetectionLogger - INFO - Bounding box coordinates: tensor([1.3483e+02, 1.7197e-02, 4.3410e+02, 1.7424e+02])
2024-05-21 00:13:56,502 - ObjectDetectionLogger - INFO - Grid coordinates of bounding box computed successfully
2024-05-21 00:13:56,503 - ObjectDetectionLogger - INFO - Grid coordinates of bounding box computed successfully
2024-05-21 00:13:56,504 - ObjectDetectionLogger - INFO - Percentage of points inside the ROI: 0.00%
2024-05-21 00:13:56,505 - ObjectDetectionLogger - INFO - Bounding box coordinates: tensor([325.1092,  27.1250, 359.8057, 109.5004])
2024-05-21 00:13:56,506 - ObjectDetectionLogger - INFO - Grid coordinates of bounding box computed successfully
2024-05-21 00:13:56,506 - ObjectDetectionLogger - INFO - Grid coordinates of bounding box computed successfully
2024-05-21 00:13:56,506 - ObjectDetectionLogger - INFO - Percentage of points inside the ROI: 0.00%
2024-05-21 00:13:56,572 - ObjectDetectionLogger - INFO - Bounding box coordinates: tensor([1.3483e+02, 1.4725e-02, 4.3421e+02, 1.7417e+02])
2024-05-21 00:13:56,572 - ObjectDetectionLogger - INFO - Grid coordinates of bounding box computed successfully
2024-05-21 00:13:56,573 - ObjectDetectionLogger - INFO - Grid coordinates of bounding box computed successfully
2024-05-21 00:13:56,574 - ObjectDetectionLogger - INFO - Percentage of points inside the ROI: 0.00%
2024-05-21 00:13:56,577 - ObjectDetectionLogger - INFO - Bounding box coordinates: tensor([325.0437,  27.2553, 360.2988, 109.4052])
2024-05-21 00:13:56,578 - ObjectDetectionLogger - INFO - Grid coordinates of bounding box computed successfully
2024-05-21 00:13:56,579 - ObjectDetectionLogger - INFO - Grid coordinates of bounding box computed successfully
2024-05-21 00:13:56,581 - ObjectDetectionLogger - INFO - Percentage of points inside the ROI: 0.00%
2024-05-21 00:13:56,641 - ObjectDetectionLogger - INFO - Bounding box coordinates: tensor([1.3497e+02, 1.6083e-02, 4.3404e+02, 1.7414e+02])
2024-05-21 00:13:56,641 - ObjectDetectionLogger - INFO - Grid coordinates of bounding box computed successfully
2024-05-21 00:13:56,641 - ObjectDetectionLogger - INFO - Grid coordinates of bounding box computed successfully
2024-05-21 00:13:56,641 - ObjectDetectionLogger - INFO - Percentage of points inside the ROI: 0.00%
2024-05-21 00:13:56,643 - ObjectDetectionLogger - INFO - Bounding box coordinates: tensor([325.4408,  27.4047, 359.8865, 109.2782])
2024-05-21 00:13:56,643 - ObjectDetectionLogger - INFO - Grid coordinates of bounding box computed successfully
2024-05-21 00:13:56,643 - ObjectDetectionLogger - INFO - Grid coordinates of bounding box computed successfully
2024-05-21 00:13:56,643 - ObjectDetectionLogger - INFO - Percentage of points inside the ROI: 0.00%
2024-05-21 00:13:56,710 - ObjectDetectionLogger - INFO - Bounding box coordinates: tensor([1.3486e+02, 3.2288e-02, 4.3434e+02, 1.7407e+02])
2024-05-21 00:13:56,710 - ObjectDetectionLogger - INFO - Grid coordinates of bounding box computed successfully
2024-05-21 00:13:56,711 - ObjectDetectionLogger - INFO - Grid coordinates of bounding box computed successfully
2024-05-21 00:13:56,713 - ObjectDetectionLogger - INFO - Percentage of points inside the ROI: 0.00%
2024-05-21 00:13:56,714 - ObjectDetectionLogger - INFO - Bounding box coordinates: tensor([325.9479,  27.5753, 360.2900, 109.2309])
2024-05-21 00:13:56,714 - ObjectDetectionLogger - INFO - Grid coordinates of bounding box computed successfully
2024-05-21 00:13:56,715 - ObjectDetectionLogger - INFO - Grid coordinates of bounding box computed successfully
2024-05-21 00:13:56,715 - ObjectDetectionLogger - INFO - Percentage of points inside the ROI: 0.00%
2024-05-21 00:13:56,786 - ObjectDetectionLogger - INFO - Bounding box coordinates: tensor([1.3489e+02, 4.1916e-02, 4.3453e+02, 1.7403e+02])
2024-05-21 00:13:56,786 - ObjectDetectionLogger - INFO - Grid coordinates of bounding box computed successfully
2024-05-21 00:13:56,787 - ObjectDetectionLogger - INFO - Grid coordinates of bounding box computed successfully
2024-05-21 00:13:56,788 - ObjectDetectionLogger - INFO - Percentage of points inside the ROI: 0.00%
2024-05-21 00:13:56,790 - ObjectDetectionLogger - INFO - Bounding box coordinates: tensor([326.6027,  27.3304, 360.1466, 109.2611])
2024-05-21 00:13:56,790 - ObjectDetectionLogger - INFO - Grid coordinates of bounding box computed successfully
2024-05-21 00:13:56,790 - ObjectDetectionLogger - INFO - Grid coordinates of bounding box computed successfully
2024-05-21 00:13:56,791 - ObjectDetectionLogger - INFO - Percentage of points inside the ROI: 0.00%
2024-05-21 00:13:56,860 - ObjectDetectionLogger - INFO - Bounding box coordinates: tensor([1.3487e+02, 4.4296e-02, 4.3452e+02, 1.7401e+02])
2024-05-21 00:13:56,860 - ObjectDetectionLogger - INFO - Grid coordinates of bounding box computed successfully
2024-05-21 00:13:56,861 - ObjectDetectionLogger - INFO - Grid coordinates of bounding box computed successfully
2024-05-21 00:13:56,862 - ObjectDetectionLogger - INFO - Percentage of points inside the ROI: 0.00%
2024-05-21 00:13:56,863 - ObjectDetectionLogger - INFO - Bounding box coordinates: tensor([326.5099,  27.3317, 359.9933, 109.1634])
2024-05-21 00:13:56,863 - ObjectDetectionLogger - INFO - Grid coordinates of bounding box computed successfully
2024-05-21 00:13:56,864 - ObjectDetectionLogger - INFO - Grid coordinates of bounding box computed successfully
2024-05-21 00:13:56,864 - ObjectDetectionLogger - INFO - Percentage of points inside the ROI: 0.00%
2024-05-21 00:13:56,945 - ObjectDetectionLogger - INFO - Bounding box coordinates: tensor([1.3492e+02, 3.9246e-02, 4.3456e+02, 1.7404e+02])
2024-05-21 00:13:56,947 - ObjectDetectionLogger - INFO - Grid coordinates of bounding box computed successfully
2024-05-21 00:13:56,952 - ObjectDetectionLogger - INFO - Grid coordinates of bounding box computed successfully
2024-05-21 00:13:56,953 - ObjectDetectionLogger - INFO - Percentage of points inside the ROI: 0.00%
2024-05-21 00:13:56,957 - ObjectDetectionLogger - INFO - Bounding box coordinates: tensor([326.0502,  27.1795, 359.6647, 108.8365])
2024-05-21 00:13:56,958 - ObjectDetectionLogger - INFO - Grid coordinates of bounding box computed successfully
2024-05-21 00:13:56,959 - ObjectDetectionLogger - INFO - Grid coordinates of bounding box computed successfully
2024-05-21 00:13:56,961 - ObjectDetectionLogger - INFO - Percentage of points inside the ROI: 0.00%
2024-05-21 00:13:57,064 - ObjectDetectionLogger - INFO - Bounding box coordinates: tensor([1.3495e+02, 4.7989e-02, 4.3478e+02, 1.7395e+02])
2024-05-21 00:13:57,065 - ObjectDetectionLogger - INFO - Grid coordinates of bounding box computed successfully
2024-05-21 00:13:57,066 - ObjectDetectionLogger - INFO - Grid coordinates of bounding box computed successfully
2024-05-21 00:13:57,067 - ObjectDetectionLogger - INFO - Percentage of points inside the ROI: 0.00%
2024-05-21 00:13:57,070 - ObjectDetectionLogger - INFO - Bounding box coordinates: tensor([325.9973,  27.2550, 359.3633, 108.9756])
2024-05-21 00:13:57,070 - ObjectDetectionLogger - INFO - Grid coordinates of bounding box computed successfully
2024-05-21 00:13:57,071 - ObjectDetectionLogger - INFO - Grid coordinates of bounding box computed successfully
2024-05-21 00:13:57,072 - ObjectDetectionLogger - INFO - Percentage of points inside the ROI: 0.00%
2024-05-21 00:13:57,173 - ObjectDetectionLogger - INFO - Bounding box coordinates: tensor([1.3497e+02, 2.7542e-02, 4.3435e+02, 1.7389e+02])
2024-05-21 00:13:57,173 - ObjectDetectionLogger - INFO - Grid coordinates of bounding box computed successfully
2024-05-21 00:13:57,174 - ObjectDetectionLogger - INFO - Grid coordinates of bounding box computed successfully
2024-05-21 00:13:57,176 - ObjectDetectionLogger - INFO - Percentage of points inside the ROI: 0.00%
2024-05-21 00:13:57,178 - ObjectDetectionLogger - INFO - Bounding box coordinates: tensor([325.8627,  27.3828, 359.1291, 108.9947])
2024-05-21 00:13:57,178 - ObjectDetectionLogger - INFO - Grid coordinates of bounding box computed successfully
2024-05-21 00:13:57,179 - ObjectDetectionLogger - INFO - Grid coordinates of bounding box computed successfully
2024-05-21 00:13:57,179 - ObjectDetectionLogger - INFO - Percentage of points inside the ROI: 0.00%
2024-05-21 00:13:57,258 - ObjectDetectionLogger - INFO - Bounding box coordinates: tensor([1.3494e+02, 2.8320e-02, 4.3441e+02, 1.7396e+02])
2024-05-21 00:13:57,259 - ObjectDetectionLogger - INFO - Grid coordinates of bounding box computed successfully
2024-05-21 00:13:57,260 - ObjectDetectionLogger - INFO - Grid coordinates of bounding box computed successfully
2024-05-21 00:13:57,260 - ObjectDetectionLogger - INFO - Percentage of points inside the ROI: 0.00%
2024-05-21 00:13:57,261 - ObjectDetectionLogger - INFO - Bounding box coordinates: tensor([326.1655,  27.3912, 359.4700, 109.5212])
2024-05-21 00:13:57,262 - ObjectDetectionLogger - INFO - Grid coordinates of bounding box computed successfully
2024-05-21 00:13:57,262 - ObjectDetectionLogger - INFO - Grid coordinates of bounding box computed successfully
2024-05-21 00:13:57,263 - ObjectDetectionLogger - INFO - Percentage of points inside the ROI: 0.00%
2024-05-21 00:13:57,326 - ObjectDetectionLogger - INFO - Bounding box coordinates: tensor([1.3495e+02, 2.2003e-02, 4.3440e+02, 1.7399e+02])
2024-05-21 00:13:57,327 - ObjectDetectionLogger - INFO - Grid coordinates of bounding box computed successfully
2024-05-21 00:13:57,328 - ObjectDetectionLogger - INFO - Grid coordinates of bounding box computed successfully
2024-05-21 00:13:57,328 - ObjectDetectionLogger - INFO - Percentage of points inside the ROI: 0.00%
2024-05-21 00:13:57,330 - ObjectDetectionLogger - INFO - Bounding box coordinates: tensor([327.0966,  27.3074, 359.6630, 109.7889])
2024-05-21 00:13:57,330 - ObjectDetectionLogger - INFO - Grid coordinates of bounding box computed successfully
2024-05-21 00:13:57,330 - ObjectDetectionLogger - INFO - Grid coordinates of bounding box computed successfully
2024-05-21 00:13:57,331 - ObjectDetectionLogger - INFO - Percentage of points inside the ROI: 0.00%
2024-05-21 00:13:57,407 - ObjectDetectionLogger - INFO - Bounding box coordinates: tensor([1.3496e+02, 1.6144e-02, 4.3422e+02, 1.7396e+02])
2024-05-21 00:13:57,409 - ObjectDetectionLogger - INFO - Grid coordinates of bounding box computed successfully
2024-05-21 00:13:57,412 - ObjectDetectionLogger - INFO - Grid coordinates of bounding box computed successfully
2024-05-21 00:13:57,413 - ObjectDetectionLogger - INFO - Percentage of points inside the ROI: 0.00%
2024-05-21 00:13:57,418 - ObjectDetectionLogger - INFO - Bounding box coordinates: tensor([327.2155,  27.3022, 359.5951, 109.6389])
2024-05-21 00:13:57,419 - ObjectDetectionLogger - INFO - Grid coordinates of bounding box computed successfully
2024-05-21 00:13:57,420 - ObjectDetectionLogger - INFO - Grid coordinates of bounding box computed successfully
2024-05-21 00:13:57,422 - ObjectDetectionLogger - INFO - Percentage of points inside the ROI: 0.00%
2024-05-21 00:13:57,517 - ObjectDetectionLogger - INFO - Bounding box coordinates: tensor([1.3487e+02, 1.2558e-02, 4.3413e+02, 1.7406e+02])
2024-05-21 00:13:57,518 - ObjectDetectionLogger - INFO - Grid coordinates of bounding box computed successfully
2024-05-21 00:13:57,519 - ObjectDetectionLogger - INFO - Grid coordinates of bounding box computed successfully
2024-05-21 00:13:57,520 - ObjectDetectionLogger - INFO - Percentage of points inside the ROI: 0.00%
2024-05-21 00:13:57,521 - ObjectDetectionLogger - INFO - Bounding box coordinates: tensor([328.1945,  27.4042, 359.6357, 109.7280])
2024-05-21 00:13:57,521 - ObjectDetectionLogger - INFO - Grid coordinates of bounding box computed successfully
2024-05-21 00:13:57,522 - ObjectDetectionLogger - INFO - Grid coordinates of bounding box computed successfully
2024-05-21 00:13:57,522 - ObjectDetectionLogger - INFO - Percentage of points inside the ROI: 0.00%
2024-05-21 00:13:57,603 - ObjectDetectionLogger - INFO - Bounding box coordinates: tensor([1.3493e+02, 4.4556e-03, 4.3409e+02, 1.7411e+02])
2024-05-21 00:13:57,604 - ObjectDetectionLogger - INFO - Grid coordinates of bounding box computed successfully
2024-05-21 00:13:57,606 - ObjectDetectionLogger - INFO - Grid coordinates of bounding box computed successfully
2024-05-21 00:13:57,607 - ObjectDetectionLogger - INFO - Percentage of points inside the ROI: 0.00%
2024-05-21 00:13:57,609 - ObjectDetectionLogger - INFO - Bounding box coordinates: tensor([327.6160,  27.6352, 359.3979, 110.2023])
2024-05-21 00:13:57,609 - ObjectDetectionLogger - INFO - Grid coordinates of bounding box computed successfully
2024-05-21 00:13:57,610 - ObjectDetectionLogger - INFO - Grid coordinates of bounding box computed successfully
2024-05-21 00:13:57,611 - ObjectDetectionLogger - INFO - Percentage of points inside the ROI: 0.00%
2024-05-21 00:13:57,688 - ObjectDetectionLogger - INFO - Bounding box coordinates: tensor([1.3484e+02, 1.7044e-02, 4.3432e+02, 1.7412e+02])
2024-05-21 00:13:57,688 - ObjectDetectionLogger - INFO - Grid coordinates of bounding box computed successfully
2024-05-21 00:13:57,689 - ObjectDetectionLogger - INFO - Grid coordinates of bounding box computed successfully
2024-05-21 00:13:57,690 - ObjectDetectionLogger - INFO - Percentage of points inside the ROI: 0.00%
2024-05-21 00:13:57,692 - ObjectDetectionLogger - INFO - Bounding box coordinates: tensor([328.1351,  28.0273, 359.6807, 112.1720])
2024-05-21 00:13:57,693 - ObjectDetectionLogger - INFO - Grid coordinates of bounding box computed successfully
2024-05-21 00:13:57,693 - ObjectDetectionLogger - INFO - Grid coordinates of bounding box computed successfully
2024-05-21 00:13:57,694 - ObjectDetectionLogger - INFO - Percentage of points inside the ROI: 0.00%
2024-05-21 00:13:57,762 - ObjectDetectionLogger - INFO - Bounding box coordinates: tensor([1.3484e+02, 2.7283e-02, 4.3443e+02, 1.7405e+02])
2024-05-21 00:13:57,762 - ObjectDetectionLogger - INFO - Grid coordinates of bounding box computed successfully
2024-05-21 00:13:57,763 - ObjectDetectionLogger - INFO - Grid coordinates of bounding box computed successfully
2024-05-21 00:13:57,764 - ObjectDetectionLogger - INFO - Percentage of points inside the ROI: 0.00%
2024-05-21 00:13:57,766 - ObjectDetectionLogger - INFO - Bounding box coordinates: tensor([327.5311,  27.9016, 359.5943, 114.2932])
2024-05-21 00:13:57,766 - ObjectDetectionLogger - INFO - Grid coordinates of bounding box computed successfully
2024-05-21 00:13:57,766 - ObjectDetectionLogger - INFO - Grid coordinates of bounding box computed successfully
2024-05-21 00:13:57,767 - ObjectDetectionLogger - INFO - Percentage of points inside the ROI: 0.00%
2024-05-21 00:13:57,842 - ObjectDetectionLogger - INFO - Bounding box coordinates: tensor([1.3479e+02, 2.1347e-02, 4.3425e+02, 1.7410e+02])
2024-05-21 00:13:57,842 - ObjectDetectionLogger - INFO - Grid coordinates of bounding box computed successfully
2024-05-21 00:13:57,843 - ObjectDetectionLogger - INFO - Grid coordinates of bounding box computed successfully
2024-05-21 00:13:57,844 - ObjectDetectionLogger - INFO - Percentage of points inside the ROI: 0.00%
2024-05-21 00:13:57,845 - ObjectDetectionLogger - INFO - Bounding box coordinates: tensor([326.1335,  28.0300, 359.6415, 114.5631])
2024-05-21 00:13:57,846 - ObjectDetectionLogger - INFO - Grid coordinates of bounding box computed successfully
2024-05-21 00:13:57,846 - ObjectDetectionLogger - INFO - Grid coordinates of bounding box computed successfully
2024-05-21 00:13:57,847 - ObjectDetectionLogger - INFO - Percentage of points inside the ROI: 0.00%
2024-05-21 00:13:57,913 - ObjectDetectionLogger - INFO - Bounding box coordinates: tensor([1.3480e+02, 3.1097e-02, 4.3419e+02, 1.7415e+02])
2024-05-21 00:13:57,914 - ObjectDetectionLogger - INFO - Grid coordinates of bounding box computed successfully
2024-05-21 00:13:57,915 - ObjectDetectionLogger - INFO - Grid coordinates of bounding box computed successfully
2024-05-21 00:13:57,915 - ObjectDetectionLogger - INFO - Percentage of points inside the ROI: 0.00%
2024-05-21 00:13:57,916 - ObjectDetectionLogger - INFO - Bounding box coordinates: tensor([325.6186,  27.7976, 359.6703, 116.0507])
2024-05-21 00:13:57,917 - ObjectDetectionLogger - INFO - Grid coordinates of bounding box computed successfully
2024-05-21 00:13:57,917 - ObjectDetectionLogger - INFO - Grid coordinates of bounding box computed successfully
2024-05-21 00:13:57,917 - ObjectDetectionLogger - INFO - Percentage of points inside the ROI: 0.00%
2024-05-21 00:13:58,002 - ObjectDetectionLogger - INFO - Bounding box coordinates: tensor([1.3482e+02, 3.0457e-02, 4.3399e+02, 1.7414e+02])
2024-05-21 00:13:58,003 - ObjectDetectionLogger - INFO - Grid coordinates of bounding box computed successfully
2024-05-21 00:13:58,005 - ObjectDetectionLogger - INFO - Grid coordinates of bounding box computed successfully
2024-05-21 00:13:58,006 - ObjectDetectionLogger - INFO - Percentage of points inside the ROI: 0.00%
2024-05-21 00:13:58,008 - ObjectDetectionLogger - INFO - Bounding box coordinates: tensor([326.4197,  28.2692, 359.2128, 113.1700])
2024-05-21 00:13:58,009 - ObjectDetectionLogger - INFO - Grid coordinates of bounding box computed successfully
2024-05-21 00:13:58,010 - ObjectDetectionLogger - INFO - Grid coordinates of bounding box computed successfully
2024-05-21 00:13:58,011 - ObjectDetectionLogger - INFO - Percentage of points inside the ROI: 0.00%
2024-05-21 00:13:58,082 - ObjectDetectionLogger - INFO - Bounding box coordinates: tensor([1.3478e+02, 2.6764e-02, 4.3376e+02, 1.7411e+02])
2024-05-21 00:13:58,083 - ObjectDetectionLogger - INFO - Grid coordinates of bounding box computed successfully
2024-05-21 00:13:58,084 - ObjectDetectionLogger - INFO - Grid coordinates of bounding box computed successfully
2024-05-21 00:13:58,084 - ObjectDetectionLogger - INFO - Percentage of points inside the ROI: 0.00%
2024-05-21 00:13:58,086 - ObjectDetectionLogger - INFO - Bounding box coordinates: tensor([325.8784,  27.1031, 358.8847, 115.9271])
2024-05-21 00:13:58,086 - ObjectDetectionLogger - INFO - Grid coordinates of bounding box computed successfully
2024-05-21 00:13:58,087 - ObjectDetectionLogger - INFO - Grid coordinates of bounding box computed successfully
2024-05-21 00:13:58,087 - ObjectDetectionLogger - INFO - Percentage of points inside the ROI: 0.00%
2024-05-21 00:13:58,089 - ObjectDetectionLogger - INFO - Bounding box coordinates: tensor([328.2197,  38.1643, 355.4946, 113.1438])
2024-05-21 00:13:58,089 - ObjectDetectionLogger - INFO - Grid coordinates of bounding box computed successfully
2024-05-21 00:13:58,089 - ObjectDetectionLogger - INFO - Grid coordinates of bounding box computed successfully
2024-05-21 00:13:58,090 - ObjectDetectionLogger - INFO - Percentage of points inside the ROI: 0.00%
2024-05-21 00:13:58,166 - ObjectDetectionLogger - INFO - Bounding box coordinates: tensor([1.3481e+02, 3.0304e-02, 4.3383e+02, 1.7393e+02])
2024-05-21 00:13:58,166 - ObjectDetectionLogger - INFO - Grid coordinates of bounding box computed successfully
2024-05-21 00:13:58,168 - ObjectDetectionLogger - INFO - Grid coordinates of bounding box computed successfully
2024-05-21 00:13:58,169 - ObjectDetectionLogger - INFO - Percentage of points inside the ROI: 0.00%
2024-05-21 00:13:58,172 - ObjectDetectionLogger - INFO - Bounding box coordinates: tensor([325.3701,  26.4101, 358.9594, 120.2320])
2024-05-21 00:13:58,173 - ObjectDetectionLogger - INFO - Grid coordinates of bounding box computed successfully
2024-05-21 00:13:58,173 - ObjectDetectionLogger - INFO - Grid coordinates of bounding box computed successfully
2024-05-21 00:13:58,174 - ObjectDetectionLogger - INFO - Percentage of points inside the ROI: 0.00%
2024-05-21 00:13:58,177 - ObjectDetectionLogger - INFO - Bounding box coordinates: tensor([327.9781,  38.4851, 355.4281, 117.4478])
2024-05-21 00:13:58,177 - ObjectDetectionLogger - INFO - Grid coordinates of bounding box computed successfully
2024-05-21 00:13:58,178 - ObjectDetectionLogger - INFO - Grid coordinates of bounding box computed successfully
2024-05-21 00:13:58,179 - ObjectDetectionLogger - INFO - Percentage of points inside the ROI: 0.00%
2024-05-21 00:13:58,247 - ObjectDetectionLogger - INFO - Bounding box coordinates: tensor([1.3482e+02, 3.5080e-02, 4.3402e+02, 1.7384e+02])
2024-05-21 00:13:58,248 - ObjectDetectionLogger - INFO - Grid coordinates of bounding box computed successfully
2024-05-21 00:13:58,249 - ObjectDetectionLogger - INFO - Grid coordinates of bounding box computed successfully
2024-05-21 00:13:58,249 - ObjectDetectionLogger - INFO - Percentage of points inside the ROI: 0.00%
2024-05-21 00:13:58,250 - ObjectDetectionLogger - INFO - Bounding box coordinates: tensor([324.7531,  26.1066, 358.8610, 119.7580])
2024-05-21 00:13:58,251 - ObjectDetectionLogger - INFO - Grid coordinates of bounding box computed successfully
2024-05-21 00:13:58,251 - ObjectDetectionLogger - INFO - Grid coordinates of bounding box computed successfully
2024-05-21 00:13:58,251 - ObjectDetectionLogger - INFO - Percentage of points inside the ROI: 0.00%
2024-05-21 00:13:58,314 - ObjectDetectionLogger - INFO - Bounding box coordinates: tensor([1.3487e+02, 3.0594e-02, 4.3414e+02, 1.7380e+02])
2024-05-21 00:13:58,315 - ObjectDetectionLogger - INFO - Grid coordinates of bounding box computed successfully
2024-05-21 00:13:58,316 - ObjectDetectionLogger - INFO - Grid coordinates of bounding box computed successfully
2024-05-21 00:13:58,316 - ObjectDetectionLogger - INFO - Percentage of points inside the ROI: 0.00%
2024-05-21 00:13:58,318 - ObjectDetectionLogger - INFO - Bounding box coordinates: tensor([325.3087,  25.8708, 358.5800, 121.5184])
2024-05-21 00:13:58,319 - ObjectDetectionLogger - INFO - Grid coordinates of bounding box computed successfully
2024-05-21 00:13:58,319 - ObjectDetectionLogger - INFO - Grid coordinates of bounding box computed successfully
2024-05-21 00:13:58,320 - ObjectDetectionLogger - INFO - Percentage of points inside the ROI: 0.00%
2024-05-21 00:13:58,321 - ObjectDetectionLogger - INFO - Bounding box coordinates: tensor([327.6180,  31.5297, 353.0426, 118.8192])
2024-05-21 00:13:58,321 - ObjectDetectionLogger - INFO - Grid coordinates of bounding box computed successfully
2024-05-21 00:13:58,322 - ObjectDetectionLogger - INFO - Grid coordinates of bounding box computed successfully
2024-05-21 00:13:58,322 - ObjectDetectionLogger - INFO - Percentage of points inside the ROI: 0.00%
2024-05-21 00:13:58,387 - ObjectDetectionLogger - INFO - Bounding box coordinates: tensor([1.3486e+02, 3.0289e-02, 4.3419e+02, 1.7371e+02])
2024-05-21 00:13:58,388 - ObjectDetectionLogger - INFO - Grid coordinates of bounding box computed successfully
2024-05-21 00:13:58,389 - ObjectDetectionLogger - INFO - Grid coordinates of bounding box computed successfully
2024-05-21 00:13:58,389 - ObjectDetectionLogger - INFO - Percentage of points inside the ROI: 0.00%
2024-05-21 00:13:58,390 - ObjectDetectionLogger - INFO - Bounding box coordinates: tensor([325.7515,  26.1903, 356.9669, 121.1989])
2024-05-21 00:13:58,391 - ObjectDetectionLogger - INFO - Grid coordinates of bounding box computed successfully
2024-05-21 00:13:58,391 - ObjectDetectionLogger - INFO - Grid coordinates of bounding box computed successfully
2024-05-21 00:13:58,392 - ObjectDetectionLogger - INFO - Percentage of points inside the ROI: 0.00%
2024-05-21 00:13:58,455 - ObjectDetectionLogger - INFO - Bounding box coordinates: tensor([1.3484e+02, 3.4607e-02, 4.3400e+02, 1.7384e+02])
2024-05-21 00:13:58,456 - ObjectDetectionLogger - INFO - Grid coordinates of bounding box computed successfully
2024-05-21 00:13:58,457 - ObjectDetectionLogger - INFO - Grid coordinates of bounding box computed successfully
2024-05-21 00:13:58,457 - ObjectDetectionLogger - INFO - Percentage of points inside the ROI: 0.00%
2024-05-21 00:13:58,459 - ObjectDetectionLogger - INFO - Bounding box coordinates: tensor([325.4370,  26.4066, 355.7949, 121.0770])
2024-05-21 00:13:58,459 - ObjectDetectionLogger - INFO - Grid coordinates of bounding box computed successfully
2024-05-21 00:13:58,460 - ObjectDetectionLogger - INFO - Grid coordinates of bounding box computed successfully
2024-05-21 00:13:58,460 - ObjectDetectionLogger - INFO - Percentage of points inside the ROI: 0.00%
2024-05-21 00:13:58,531 - ObjectDetectionLogger - INFO - Bounding box coordinates: tensor([1.3479e+02, 4.6021e-02, 4.3398e+02, 1.7388e+02])
2024-05-21 00:13:58,532 - ObjectDetectionLogger - INFO - Grid coordinates of bounding box computed successfully
2024-05-21 00:13:58,533 - ObjectDetectionLogger - INFO - Grid coordinates of bounding box computed successfully
2024-05-21 00:13:58,533 - ObjectDetectionLogger - INFO - Percentage of points inside the ROI: 0.00%
2024-05-21 00:13:58,535 - ObjectDetectionLogger - INFO - Bounding box coordinates: tensor([325.0804,  26.5108, 353.4438, 127.5781])
2024-05-21 00:13:58,535 - ObjectDetectionLogger - INFO - Grid coordinates of bounding box computed successfully
2024-05-21 00:13:58,535 - ObjectDetectionLogger - INFO - Grid coordinates of bounding box computed successfully
2024-05-21 00:13:58,536 - ObjectDetectionLogger - INFO - Percentage of points inside the ROI: 0.00%
2024-05-21 00:13:58,616 - ObjectDetectionLogger - INFO - Bounding box coordinates: tensor([1.3492e+02, 4.0359e-02, 4.3396e+02, 1.7384e+02])
2024-05-21 00:13:58,617 - ObjectDetectionLogger - INFO - Grid coordinates of bounding box computed successfully
2024-05-21 00:13:58,620 - ObjectDetectionLogger - INFO - Grid coordinates of bounding box computed successfully
2024-05-21 00:13:58,622 - ObjectDetectionLogger - INFO - Percentage of points inside the ROI: 0.00%
2024-05-21 00:13:58,625 - ObjectDetectionLogger - INFO - Bounding box coordinates: tensor([324.8370,  26.8133, 354.5762, 130.1006])
2024-05-21 00:13:58,626 - ObjectDetectionLogger - INFO - Grid coordinates of bounding box computed successfully
2024-05-21 00:13:58,627 - ObjectDetectionLogger - INFO - Grid coordinates of bounding box computed successfully
2024-05-21 00:13:58,629 - ObjectDetectionLogger - INFO - Percentage of points inside the ROI: 0.00%
2024-05-21 00:13:58,707 - ObjectDetectionLogger - INFO - Bounding box coordinates: tensor([1.3495e+02, 3.5019e-02, 4.3413e+02, 1.7371e+02])
2024-05-21 00:13:58,708 - ObjectDetectionLogger - INFO - Grid coordinates of bounding box computed successfully
2024-05-21 00:13:58,709 - ObjectDetectionLogger - INFO - Grid coordinates of bounding box computed successfully
2024-05-21 00:13:58,709 - ObjectDetectionLogger - INFO - Percentage of points inside the ROI: 0.00%
2024-05-21 00:13:58,711 - ObjectDetectionLogger - INFO - Bounding box coordinates: tensor([325.6475,  27.0892, 354.7110, 126.0839])
2024-05-21 00:13:58,711 - ObjectDetectionLogger - INFO - Grid coordinates of bounding box computed successfully
2024-05-21 00:13:58,712 - ObjectDetectionLogger - INFO - Grid coordinates of bounding box computed successfully
2024-05-21 00:13:58,713 - ObjectDetectionLogger - INFO - Percentage of points inside the ROI: 0.00%
2024-05-21 00:13:58,784 - ObjectDetectionLogger - INFO - Bounding box coordinates: tensor([1.3495e+02, 2.1927e-02, 4.3416e+02, 1.7395e+02])
2024-05-21 00:13:58,785 - ObjectDetectionLogger - INFO - Grid coordinates of bounding box computed successfully
2024-05-21 00:13:58,786 - ObjectDetectionLogger - INFO - Grid coordinates of bounding box computed successfully
2024-05-21 00:13:58,786 - ObjectDetectionLogger - INFO - Percentage of points inside the ROI: 0.00%
2024-05-21 00:13:58,788 - ObjectDetectionLogger - INFO - Bounding box coordinates: tensor([325.9362,  27.5480, 358.1278, 124.5191])
2024-05-21 00:13:58,788 - ObjectDetectionLogger - INFO - Grid coordinates of bounding box computed successfully
2024-05-21 00:13:58,790 - ObjectDetectionLogger - INFO - Grid coordinates of bounding box computed successfully
2024-05-21 00:13:58,792 - ObjectDetectionLogger - INFO - Percentage of points inside the ROI: 0.00%
2024-05-21 00:13:58,863 - ObjectDetectionLogger - INFO - Bounding box coordinates: tensor([1.3496e+02, 2.1301e-02, 4.3408e+02, 1.7402e+02])
2024-05-21 00:13:58,863 - ObjectDetectionLogger - INFO - Grid coordinates of bounding box computed successfully
2024-05-21 00:13:58,864 - ObjectDetectionLogger - INFO - Grid coordinates of bounding box computed successfully
2024-05-21 00:13:58,864 - ObjectDetectionLogger - INFO - Percentage of points inside the ROI: 0.00%
2024-05-21 00:13:58,865 - ObjectDetectionLogger - INFO - Bounding box coordinates: tensor([325.5244,  27.5410, 359.0742, 126.1465])
2024-05-21 00:13:58,866 - ObjectDetectionLogger - INFO - Grid coordinates of bounding box computed successfully
2024-05-21 00:13:58,866 - ObjectDetectionLogger - INFO - Grid coordinates of bounding box computed successfully
2024-05-21 00:13:58,867 - ObjectDetectionLogger - INFO - Percentage of points inside the ROI: 0.00%
2024-05-21 00:13:58,963 - ObjectDetectionLogger - INFO - Bounding box coordinates: tensor([1.3492e+02, 2.9709e-02, 4.3415e+02, 1.7381e+02])
2024-05-21 00:13:58,964 - ObjectDetectionLogger - INFO - Grid coordinates of bounding box computed successfully
2024-05-21 00:13:58,965 - ObjectDetectionLogger - INFO - Grid coordinates of bounding box computed successfully
2024-05-21 00:13:58,966 - ObjectDetectionLogger - INFO - Percentage of points inside the ROI: 0.00%
2024-05-21 00:13:58,968 - ObjectDetectionLogger - INFO - Bounding box coordinates: tensor([325.1868,  27.8890, 358.9979, 130.3038])
2024-05-21 00:13:58,968 - ObjectDetectionLogger - INFO - Grid coordinates of bounding box computed successfully
2024-05-21 00:13:58,969 - ObjectDetectionLogger - INFO - Grid coordinates of bounding box computed successfully
2024-05-21 00:13:58,969 - ObjectDetectionLogger - INFO - Percentage of points inside the ROI: 0.00%
2024-05-21 00:13:59,037 - ObjectDetectionLogger - INFO - Bounding box coordinates: tensor([1.3510e+02, 2.9358e-02, 4.3412e+02, 1.7384e+02])
2024-05-21 00:13:59,037 - ObjectDetectionLogger - INFO - Grid coordinates of bounding box computed successfully
2024-05-21 00:13:59,038 - ObjectDetectionLogger - INFO - Grid coordinates of bounding box computed successfully
2024-05-21 00:13:59,039 - ObjectDetectionLogger - INFO - Percentage of points inside the ROI: 0.00%
2024-05-21 00:13:59,041 - ObjectDetectionLogger - INFO - Bounding box coordinates: tensor([324.6977,  27.7673, 358.8360, 133.4207])
2024-05-21 00:13:59,041 - ObjectDetectionLogger - INFO - Grid coordinates of bounding box computed successfully
2024-05-21 00:13:59,041 - ObjectDetectionLogger - INFO - Grid coordinates of bounding box computed successfully
2024-05-21 00:13:59,042 - ObjectDetectionLogger - INFO - Percentage of points inside the ROI: 0.00%
2024-05-21 00:13:59,137 - ObjectDetectionLogger - INFO - Bounding box coordinates: tensor([134.7535,   0.0000, 433.2786, 173.7032])
2024-05-21 00:13:59,137 - ObjectDetectionLogger - INFO - Grid coordinates of bounding box computed successfully
2024-05-21 00:13:59,138 - ObjectDetectionLogger - INFO - Grid coordinates of bounding box computed successfully
2024-05-21 00:13:59,138 - ObjectDetectionLogger - INFO - Percentage of points inside the ROI: 0.00%
2024-05-21 00:13:59,140 - ObjectDetectionLogger - INFO - Bounding box coordinates: tensor([323.8803,  27.9595, 358.7729, 133.8711])
2024-05-21 00:13:59,140 - ObjectDetectionLogger - INFO - Grid coordinates of bounding box computed successfully
2024-05-21 00:13:59,140 - ObjectDetectionLogger - INFO - Grid coordinates of bounding box computed successfully
2024-05-21 00:13:59,141 - ObjectDetectionLogger - INFO - Percentage of points inside the ROI: 0.00%
2024-05-21 00:13:59,204 - ObjectDetectionLogger - INFO - Bounding box coordinates: tensor([1.3584e+02, 3.3951e-02, 4.3347e+02, 1.7401e+02])
2024-05-21 00:13:59,205 - ObjectDetectionLogger - INFO - Grid coordinates of bounding box computed successfully
2024-05-21 00:13:59,206 - ObjectDetectionLogger - INFO - Grid coordinates of bounding box computed successfully
2024-05-21 00:13:59,206 - ObjectDetectionLogger - INFO - Percentage of points inside the ROI: 0.00%
2024-05-21 00:13:59,207 - ObjectDetectionLogger - INFO - Bounding box coordinates: tensor([323.9322,  29.2862, 359.3113, 137.4896])
2024-05-21 00:13:59,208 - ObjectDetectionLogger - INFO - Grid coordinates of bounding box computed successfully
2024-05-21 00:13:59,208 - ObjectDetectionLogger - INFO - Grid coordinates of bounding box computed successfully
2024-05-21 00:13:59,208 - ObjectDetectionLogger - INFO - Percentage of points inside the ROI: 0.00%
2024-05-21 00:13:59,274 - ObjectDetectionLogger - INFO - Bounding box coordinates: tensor([1.3582e+02, 3.4454e-02, 4.3341e+02, 1.7405e+02])
2024-05-21 00:13:59,274 - ObjectDetectionLogger - INFO - Grid coordinates of bounding box computed successfully
2024-05-21 00:13:59,275 - ObjectDetectionLogger - INFO - Grid coordinates of bounding box computed successfully
2024-05-21 00:13:59,276 - ObjectDetectionLogger - INFO - Percentage of points inside the ROI: 0.00%
2024-05-21 00:13:59,278 - ObjectDetectionLogger - INFO - Bounding box coordinates: tensor([323.3192,  32.6434, 351.5901, 138.8888])
2024-05-21 00:13:59,278 - ObjectDetectionLogger - INFO - Grid coordinates of bounding box computed successfully
2024-05-21 00:13:59,278 - ObjectDetectionLogger - INFO - Grid coordinates of bounding box computed successfully
2024-05-21 00:13:59,279 - ObjectDetectionLogger - INFO - Percentage of points inside the ROI: 0.00%
2024-05-21 00:13:59,280 - ObjectDetectionLogger - INFO - Bounding box coordinates: tensor([519.8250, 209.9629, 639.8102, 479.4620])
2024-05-21 00:13:59,280 - ObjectDetectionLogger - INFO - Grid coordinates of bounding box computed successfully
2024-05-21 00:13:59,281 - ObjectDetectionLogger - INFO - Grid coordinates of bounding box computed successfully
2024-05-21 00:13:59,281 - ObjectDetectionLogger - INFO - Percentage of points inside the ROI: 0.00%
2024-05-21 00:13:59,344 - ObjectDetectionLogger - INFO - Bounding box coordinates: tensor([1.3543e+02, 5.1514e-02, 4.3336e+02, 1.7444e+02])
2024-05-21 00:13:59,344 - ObjectDetectionLogger - INFO - Grid coordinates of bounding box computed successfully
2024-05-21 00:13:59,346 - ObjectDetectionLogger - INFO - Grid coordinates of bounding box computed successfully
2024-05-21 00:13:59,346 - ObjectDetectionLogger - INFO - Percentage of points inside the ROI: 0.00%
2024-05-21 00:13:59,347 - ObjectDetectionLogger - INFO - Bounding box coordinates: tensor([322.7263,  34.4662, 348.0814, 131.3423])
2024-05-21 00:13:59,348 - ObjectDetectionLogger - INFO - Grid coordinates of bounding box computed successfully
2024-05-21 00:13:59,348 - ObjectDetectionLogger - INFO - Grid coordinates of bounding box computed successfully
2024-05-21 00:13:59,349 - ObjectDetectionLogger - INFO - Percentage of points inside the ROI: 0.00%
2024-05-21 00:13:59,350 - ObjectDetectionLogger - INFO - Bounding box coordinates: tensor([519.7014, 209.9460, 639.8088, 479.4436])
2024-05-21 00:13:59,350 - ObjectDetectionLogger - INFO - Grid coordinates of bounding box computed successfully
2024-05-21 00:13:59,351 - ObjectDetectionLogger - INFO - Grid coordinates of bounding box computed successfully
2024-05-21 00:13:59,351 - ObjectDetectionLogger - INFO - Percentage of points inside the ROI: 0.00%
2024-05-21 00:13:59,427 - ObjectDetectionLogger - INFO - Bounding box coordinates: tensor([1.3603e+02, 4.0100e-02, 4.3330e+02, 1.7450e+02])
2024-05-21 00:13:59,428 - ObjectDetectionLogger - INFO - Grid coordinates of bounding box computed successfully
2024-05-21 00:13:59,430 - ObjectDetectionLogger - INFO - Grid coordinates of bounding box computed successfully
2024-05-21 00:13:59,431 - ObjectDetectionLogger - INFO - Percentage of points inside the ROI: 0.00%
2024-05-21 00:13:59,434 - ObjectDetectionLogger - INFO - Bounding box coordinates: tensor([519.7163, 209.9457, 639.8088, 479.4438])
2024-05-21 00:13:59,434 - ObjectDetectionLogger - INFO - Grid coordinates of bounding box computed successfully
2024-05-21 00:13:59,435 - ObjectDetectionLogger - INFO - Grid coordinates of bounding box computed successfully
2024-05-21 00:13:59,436 - ObjectDetectionLogger - INFO - Percentage of points inside the ROI: 0.00%
2024-05-21 00:13:59,439 - ObjectDetectionLogger - INFO - Bounding box coordinates: tensor([320.6810,  34.2956, 347.6679, 130.0796])
2024-05-21 00:13:59,440 - ObjectDetectionLogger - INFO - Grid coordinates of bounding box computed successfully
2024-05-21 00:13:59,440 - ObjectDetectionLogger - INFO - Grid coordinates of bounding box computed successfully
2024-05-21 00:13:59,441 - ObjectDetectionLogger - INFO - Percentage of points inside the ROI: 0.00%
2024-05-21 00:13:59,508 - ObjectDetectionLogger - INFO - Bounding box coordinates: tensor([1.3508e+02, 3.7369e-02, 4.3351e+02, 1.7441e+02])
2024-05-21 00:13:59,509 - ObjectDetectionLogger - INFO - Grid coordinates of bounding box computed successfully
2024-05-21 00:13:59,510 - ObjectDetectionLogger - INFO - Grid coordinates of bounding box computed successfully
2024-05-21 00:13:59,510 - ObjectDetectionLogger - INFO - Percentage of points inside the ROI: 0.00%
2024-05-21 00:13:59,512 - ObjectDetectionLogger - INFO - Bounding box coordinates: tensor([319.6691,  37.4990, 349.0797, 139.8348])
2024-05-21 00:13:59,512 - ObjectDetectionLogger - INFO - Grid coordinates of bounding box computed successfully
2024-05-21 00:13:59,512 - ObjectDetectionLogger - INFO - Grid coordinates of bounding box computed successfully
2024-05-21 00:13:59,512 - ObjectDetectionLogger - INFO - Percentage of points inside the ROI: 0.00%
2024-05-21 00:13:59,513 - ObjectDetectionLogger - INFO - Bounding box coordinates: tensor([119.7903,  57.7084, 139.1094,  79.9058])
2024-05-21 00:13:59,514 - ObjectDetectionLogger - INFO - Grid coordinates of bounding box computed successfully
2024-05-21 00:13:59,514 - ObjectDetectionLogger - INFO - Grid coordinates of bounding box computed successfully
2024-05-21 00:13:59,514 - ObjectDetectionLogger - INFO - Percentage of points inside the ROI: 0.00%
2024-05-21 00:13:59,516 - ObjectDetectionLogger - INFO - Bounding box coordinates: tensor([519.6980, 209.9414, 639.8093, 479.4443])
2024-05-21 00:13:59,516 - ObjectDetectionLogger - INFO - Grid coordinates of bounding box computed successfully
2024-05-21 00:13:59,516 - ObjectDetectionLogger - INFO - Grid coordinates of bounding box computed successfully
2024-05-21 00:13:59,516 - ObjectDetectionLogger - INFO - Percentage of points inside the ROI: 0.00%
2024-05-21 00:13:59,592 - ObjectDetectionLogger - INFO - Bounding box coordinates: tensor([1.3282e+02, 3.2135e-02, 4.3361e+02, 1.7426e+02])
2024-05-21 00:13:59,593 - ObjectDetectionLogger - INFO - Grid coordinates of bounding box computed successfully
2024-05-21 00:13:59,597 - ObjectDetectionLogger - INFO - Grid coordinates of bounding box computed successfully
2024-05-21 00:13:59,598 - ObjectDetectionLogger - INFO - Percentage of points inside the ROI: 0.00%
2024-05-21 00:13:59,602 - ObjectDetectionLogger - INFO - Bounding box coordinates: tensor([319.3504,  38.5435, 350.1251, 142.4001])
2024-05-21 00:13:59,603 - ObjectDetectionLogger - INFO - Grid coordinates of bounding box computed successfully
2024-05-21 00:13:59,605 - ObjectDetectionLogger - INFO - Grid coordinates of bounding box computed successfully
2024-05-21 00:13:59,606 - ObjectDetectionLogger - INFO - Percentage of points inside the ROI: 0.00%
2024-05-21 00:13:59,610 - ObjectDetectionLogger - INFO - Bounding box coordinates: tensor([519.7156, 209.9376, 639.8096, 479.4465])
2024-05-21 00:13:59,611 - ObjectDetectionLogger - INFO - Grid coordinates of bounding box computed successfully
2024-05-21 00:13:59,612 - ObjectDetectionLogger - INFO - Grid coordinates of bounding box computed successfully
2024-05-21 00:13:59,614 - ObjectDetectionLogger - INFO - Percentage of points inside the ROI: 0.00%
2024-05-21 00:13:59,698 - ObjectDetectionLogger - INFO - Bounding box coordinates: tensor([1.3258e+02, 4.0680e-02, 4.3379e+02, 1.7414e+02])
2024-05-21 00:13:59,698 - ObjectDetectionLogger - INFO - Grid coordinates of bounding box computed successfully
2024-05-21 00:13:59,699 - ObjectDetectionLogger - INFO - Grid coordinates of bounding box computed successfully
2024-05-21 00:13:59,700 - ObjectDetectionLogger - INFO - Percentage of points inside the ROI: 0.00%
2024-05-21 00:13:59,701 - ObjectDetectionLogger - INFO - Bounding box coordinates: tensor([318.7725,  36.2181, 351.6156, 143.7153])
2024-05-21 00:13:59,701 - ObjectDetectionLogger - INFO - Grid coordinates of bounding box computed successfully
2024-05-21 00:13:59,702 - ObjectDetectionLogger - INFO - Grid coordinates of bounding box computed successfully
2024-05-21 00:13:59,702 - ObjectDetectionLogger - INFO - Percentage of points inside the ROI: 0.00%
2024-05-21 00:13:59,703 - ObjectDetectionLogger - INFO - Bounding box coordinates: tensor([114.6356,  55.2257, 138.8195,  86.0102])
2024-05-21 00:13:59,703 - ObjectDetectionLogger - INFO - Grid coordinates of bounding box computed successfully
2024-05-21 00:13:59,704 - ObjectDetectionLogger - INFO - Grid coordinates of bounding box computed successfully
2024-05-21 00:13:59,704 - ObjectDetectionLogger - INFO - Percentage of points inside the ROI: 0.00%
2024-05-21 00:13:59,705 - ObjectDetectionLogger - INFO - Bounding box coordinates: tensor([519.7030, 209.9086, 639.8104, 479.4473])
2024-05-21 00:13:59,706 - ObjectDetectionLogger - INFO - Grid coordinates of bounding box computed successfully
2024-05-21 00:13:59,706 - ObjectDetectionLogger - INFO - Grid coordinates of bounding box computed successfully
2024-05-21 00:13:59,706 - ObjectDetectionLogger - INFO - Percentage of points inside the ROI: 0.00%
2024-05-21 00:13:59,783 - ObjectDetectionLogger - INFO - Bounding box coordinates: tensor([1.3567e+02, 4.4022e-02, 4.3379e+02, 1.7423e+02])
2024-05-21 00:13:59,784 - ObjectDetectionLogger - INFO - Grid coordinates of bounding box computed successfully
2024-05-21 00:13:59,785 - ObjectDetectionLogger - INFO - Grid coordinates of bounding box computed successfully
2024-05-21 00:13:59,785 - ObjectDetectionLogger - INFO - Percentage of points inside the ROI: 0.00%
2024-05-21 00:13:59,787 - ObjectDetectionLogger - INFO - Bounding box coordinates: tensor([318.3143,  37.4716, 349.3180, 144.2530])
2024-05-21 00:13:59,787 - ObjectDetectionLogger - INFO - Grid coordinates of bounding box computed successfully
2024-05-21 00:13:59,787 - ObjectDetectionLogger - INFO - Grid coordinates of bounding box computed successfully
2024-05-21 00:13:59,788 - ObjectDetectionLogger - INFO - Percentage of points inside the ROI: 0.00%
2024-05-21 00:13:59,791 - ObjectDetectionLogger - INFO - Bounding box coordinates: tensor([111.0023,  57.1348, 138.8372,  86.1616])
2024-05-21 00:13:59,793 - ObjectDetectionLogger - INFO - Grid coordinates of bounding box computed successfully
2024-05-21 00:13:59,794 - ObjectDetectionLogger - INFO - Grid coordinates of bounding box computed successfully
2024-05-21 00:13:59,796 - ObjectDetectionLogger - INFO - Percentage of points inside the ROI: 0.00%
2024-05-21 00:13:59,799 - ObjectDetectionLogger - INFO - Bounding box coordinates: tensor([519.6873, 209.9058, 639.8110, 479.4484])
2024-05-21 00:13:59,799 - ObjectDetectionLogger - INFO - Grid coordinates of bounding box computed successfully
2024-05-21 00:13:59,800 - ObjectDetectionLogger - INFO - Grid coordinates of bounding box computed successfully
2024-05-21 00:13:59,800 - ObjectDetectionLogger - INFO - Percentage of points inside the ROI: 0.00%
2024-05-21 00:13:59,873 - ObjectDetectionLogger - INFO - Bounding box coordinates: tensor([1.3441e+02, 1.4828e-01, 4.3308e+02, 1.7482e+02])
2024-05-21 00:13:59,874 - ObjectDetectionLogger - INFO - Grid coordinates of bounding box computed successfully
2024-05-21 00:13:59,875 - ObjectDetectionLogger - INFO - Grid coordinates of bounding box computed successfully
2024-05-21 00:13:59,876 - ObjectDetectionLogger - INFO - Percentage of points inside the ROI: 0.00%
2024-05-21 00:13:59,878 - ObjectDetectionLogger - INFO - Bounding box coordinates: tensor([316.5558,  40.0626, 349.8870, 143.7604])
2024-05-21 00:13:59,879 - ObjectDetectionLogger - INFO - Grid coordinates of bounding box computed successfully
2024-05-21 00:13:59,879 - ObjectDetectionLogger - INFO - Grid coordinates of bounding box computed successfully
2024-05-21 00:13:59,880 - ObjectDetectionLogger - INFO - Percentage of points inside the ROI: 0.00%
2024-05-21 00:13:59,882 - ObjectDetectionLogger - INFO - Bounding box coordinates: tensor([107.4823,  52.8880, 138.2860,  88.4330])
2024-05-21 00:13:59,883 - ObjectDetectionLogger - INFO - Grid coordinates of bounding box computed successfully
2024-05-21 00:13:59,884 - ObjectDetectionLogger - INFO - Grid coordinates of bounding box computed successfully
2024-05-21 00:13:59,885 - ObjectDetectionLogger - INFO - Percentage of points inside the ROI: 0.00%
2024-05-21 00:13:59,887 - ObjectDetectionLogger - INFO - Bounding box coordinates: tensor([519.6995, 209.9244, 639.8110, 479.4500])
2024-05-21 00:13:59,888 - ObjectDetectionLogger - INFO - Grid coordinates of bounding box computed successfully
2024-05-21 00:13:59,889 - ObjectDetectionLogger - INFO - Grid coordinates of bounding box computed successfully
2024-05-21 00:13:59,889 - ObjectDetectionLogger - INFO - Percentage of points inside the ROI: 0.00%
2024-05-21 00:13:59,969 - ObjectDetectionLogger - INFO - Bounding box coordinates: tensor([1.3396e+02, 1.4137e-01, 4.3310e+02, 1.7472e+02])
2024-05-21 00:13:59,969 - ObjectDetectionLogger - INFO - Grid coordinates of bounding box computed successfully
2024-05-21 00:13:59,970 - ObjectDetectionLogger - INFO - Grid coordinates of bounding box computed successfully
2024-05-21 00:13:59,971 - ObjectDetectionLogger - INFO - Percentage of points inside the ROI: 0.00%
2024-05-21 00:13:59,972 - ObjectDetectionLogger - INFO - Bounding box coordinates: tensor([315.7760,  39.0641, 350.1328, 144.5323])
2024-05-21 00:13:59,972 - ObjectDetectionLogger - INFO - Grid coordinates of bounding box computed successfully
2024-05-21 00:13:59,972 - ObjectDetectionLogger - INFO - Grid coordinates of bounding box computed successfully
2024-05-21 00:13:59,973 - ObjectDetectionLogger - INFO - Percentage of points inside the ROI: 0.00%
2024-05-21 00:13:59,974 - ObjectDetectionLogger - INFO - Bounding box coordinates: tensor([102.6699,  54.9897, 138.6162,  92.5469])
2024-05-21 00:13:59,974 - ObjectDetectionLogger - INFO - Grid coordinates of bounding box computed successfully
2024-05-21 00:13:59,975 - ObjectDetectionLogger - INFO - Grid coordinates of bounding box computed successfully
2024-05-21 00:13:59,975 - ObjectDetectionLogger - INFO - Percentage of points inside the ROI: 0.00%
2024-05-21 00:13:59,976 - ObjectDetectionLogger - INFO - Bounding box coordinates: tensor([519.6932, 209.9381, 639.8115, 479.4529])
2024-05-21 00:13:59,977 - ObjectDetectionLogger - INFO - Grid coordinates of bounding box computed successfully
2024-05-21 00:13:59,977 - ObjectDetectionLogger - INFO - Grid coordinates of bounding box computed successfully
2024-05-21 00:13:59,977 - ObjectDetectionLogger - INFO - Percentage of points inside the ROI: 0.00%
2024-05-21 00:14:00,043 - ObjectDetectionLogger - INFO - Bounding box coordinates: tensor([1.3407e+02, 1.4511e-01, 4.3309e+02, 1.7459e+02])
2024-05-21 00:14:00,044 - ObjectDetectionLogger - INFO - Grid coordinates of bounding box computed successfully
2024-05-21 00:14:00,045 - ObjectDetectionLogger - INFO - Grid coordinates of bounding box computed successfully
2024-05-21 00:14:00,045 - ObjectDetectionLogger - INFO - Percentage of points inside the ROI: 0.00%
2024-05-21 00:14:00,046 - ObjectDetectionLogger - INFO - Bounding box coordinates: tensor([315.2001,  42.4411, 348.9571, 146.0214])
2024-05-21 00:14:00,047 - ObjectDetectionLogger - INFO - Grid coordinates of bounding box computed successfully
2024-05-21 00:14:00,047 - ObjectDetectionLogger - INFO - Grid coordinates of bounding box computed successfully
2024-05-21 00:14:00,047 - ObjectDetectionLogger - INFO - Percentage of points inside the ROI: 0.00%
2024-05-21 00:14:00,048 - ObjectDetectionLogger - INFO - Bounding box coordinates: tensor([519.6844, 209.9568, 639.8112, 479.4527])
2024-05-21 00:14:00,049 - ObjectDetectionLogger - INFO - Grid coordinates of bounding box computed successfully
2024-05-21 00:14:00,049 - ObjectDetectionLogger - INFO - Grid coordinates of bounding box computed successfully
2024-05-21 00:14:00,050 - ObjectDetectionLogger - INFO - Percentage of points inside the ROI: 0.00%
2024-05-21 00:14:00,051 - ObjectDetectionLogger - INFO - Bounding box coordinates: tensor([ 99.5997,  54.8745, 137.4782,  94.1982])
2024-05-21 00:14:00,051 - ObjectDetectionLogger - INFO - Grid coordinates of bounding box computed successfully
2024-05-21 00:14:00,051 - ObjectDetectionLogger - INFO - Grid coordinates of bounding box computed successfully
2024-05-21 00:14:00,052 - ObjectDetectionLogger - INFO - Percentage of points inside the ROI: 0.00%
2024-05-21 00:14:00,113 - ObjectDetectionLogger - INFO - Bounding box coordinates: tensor([1.3423e+02, 1.7810e-01, 4.3308e+02, 1.7452e+02])
2024-05-21 00:14:00,113 - ObjectDetectionLogger - INFO - Grid coordinates of bounding box computed successfully
2024-05-21 00:14:00,114 - ObjectDetectionLogger - INFO - Grid coordinates of bounding box computed successfully
2024-05-21 00:14:00,115 - ObjectDetectionLogger - INFO - Percentage of points inside the ROI: 0.00%
2024-05-21 00:14:00,116 - ObjectDetectionLogger - INFO - Bounding box coordinates: tensor([312.6569,  44.1211, 347.1912, 147.2220])
2024-05-21 00:14:00,117 - ObjectDetectionLogger - INFO - Grid coordinates of bounding box computed successfully
2024-05-21 00:14:00,117 - ObjectDetectionLogger - INFO - Grid coordinates of bounding box computed successfully
2024-05-21 00:14:00,118 - ObjectDetectionLogger - INFO - Percentage of points inside the ROI: 0.00%
2024-05-21 00:14:00,119 - ObjectDetectionLogger - INFO - Bounding box coordinates: tensor([ 95.5017,  57.4116, 136.7097,  96.1998])
2024-05-21 00:14:00,119 - ObjectDetectionLogger - INFO - Grid coordinates of bounding box computed successfully
2024-05-21 00:14:00,119 - ObjectDetectionLogger - INFO - Grid coordinates of bounding box computed successfully
2024-05-21 00:14:00,120 - ObjectDetectionLogger - INFO - Percentage of points inside the ROI: 0.00%
2024-05-21 00:14:00,121 - ObjectDetectionLogger - INFO - Bounding box coordinates: tensor([519.6808, 209.9426, 639.8114, 479.4498])
2024-05-21 00:14:00,121 - ObjectDetectionLogger - INFO - Grid coordinates of bounding box computed successfully
2024-05-21 00:14:00,122 - ObjectDetectionLogger - INFO - Grid coordinates of bounding box computed successfully
2024-05-21 00:14:00,122 - ObjectDetectionLogger - INFO - Percentage of points inside the ROI: 0.00%
2024-05-21 00:14:00,204 - ObjectDetectionLogger - INFO - Bounding box coordinates: tensor([1.3389e+02, 2.0491e-01, 4.3306e+02, 1.7435e+02])
2024-05-21 00:14:00,205 - ObjectDetectionLogger - INFO - Grid coordinates of bounding box computed successfully
2024-05-21 00:14:00,210 - ObjectDetectionLogger - INFO - Grid coordinates of bounding box computed successfully
2024-05-21 00:14:00,211 - ObjectDetectionLogger - INFO - Percentage of points inside the ROI: 0.00%
2024-05-21 00:14:00,215 - ObjectDetectionLogger - INFO - Bounding box coordinates: tensor([310.8704,  46.9550, 352.4737, 149.2849])
2024-05-21 00:14:00,216 - ObjectDetectionLogger - INFO - Grid coordinates of bounding box computed successfully
2024-05-21 00:14:00,217 - ObjectDetectionLogger - INFO - Grid coordinates of bounding box computed successfully
2024-05-21 00:14:00,218 - ObjectDetectionLogger - INFO - Percentage of points inside the ROI: 0.00%
2024-05-21 00:14:00,222 - ObjectDetectionLogger - INFO - Bounding box coordinates: tensor([ 92.3897,  62.4818, 131.5732,  99.6246])
2024-05-21 00:14:00,222 - ObjectDetectionLogger - INFO - Grid coordinates of bounding box computed successfully
2024-05-21 00:14:00,223 - ObjectDetectionLogger - INFO - Grid coordinates of bounding box computed successfully
2024-05-21 00:14:00,224 - ObjectDetectionLogger - INFO - Percentage of points inside the ROI: 0.00%
2024-05-21 00:14:00,227 - ObjectDetectionLogger - INFO - Bounding box coordinates: tensor([519.6831, 209.9380, 639.8118, 479.4402])
2024-05-21 00:14:00,227 - ObjectDetectionLogger - INFO - Grid coordinates of bounding box computed successfully
2024-05-21 00:14:00,227 - ObjectDetectionLogger - INFO - Grid coordinates of bounding box computed successfully
2024-05-21 00:14:00,228 - ObjectDetectionLogger - INFO - Percentage of points inside the ROI: 0.00%
2024-05-21 00:14:00,304 - ObjectDetectionLogger - INFO - Bounding box coordinates: tensor([1.3433e+02, 1.9154e-01, 4.3296e+02, 1.7430e+02])
2024-05-21 00:14:00,304 - ObjectDetectionLogger - INFO - Grid coordinates of bounding box computed successfully
2024-05-21 00:14:00,305 - ObjectDetectionLogger - INFO - Grid coordinates of bounding box computed successfully
2024-05-21 00:14:00,306 - ObjectDetectionLogger - INFO - Percentage of points inside the ROI: 0.00%
2024-05-21 00:14:00,307 - ObjectDetectionLogger - INFO - Bounding box coordinates: tensor([309.9209,  48.5858, 351.2747, 148.4510])
2024-05-21 00:14:00,308 - ObjectDetectionLogger - INFO - Grid coordinates of bounding box computed successfully
2024-05-21 00:14:00,308 - ObjectDetectionLogger - INFO - Grid coordinates of bounding box computed successfully
2024-05-21 00:14:00,309 - ObjectDetectionLogger - INFO - Percentage of points inside the ROI: 0.00%
2024-05-21 00:14:00,310 - ObjectDetectionLogger - INFO - Bounding box coordinates: tensor([ 89.9388,  62.2019, 127.3842, 101.9568])
2024-05-21 00:14:00,311 - ObjectDetectionLogger - INFO - Grid coordinates of bounding box computed successfully
2024-05-21 00:14:00,311 - ObjectDetectionLogger - INFO - Grid coordinates of bounding box computed successfully
2024-05-21 00:14:00,312 - ObjectDetectionLogger - INFO - Percentage of points inside the ROI: 0.00%
2024-05-21 00:14:00,313 - ObjectDetectionLogger - INFO - Bounding box coordinates: tensor([519.6399, 209.9316, 639.8120, 479.4357])
2024-05-21 00:14:00,313 - ObjectDetectionLogger - INFO - Grid coordinates of bounding box computed successfully
2024-05-21 00:14:00,314 - ObjectDetectionLogger - INFO - Grid coordinates of bounding box computed successfully
2024-05-21 00:14:00,314 - ObjectDetectionLogger - INFO - Percentage of points inside the ROI: 0.00%
2024-05-21 00:14:00,392 - ObjectDetectionLogger - INFO - Bounding box coordinates: tensor([1.3477e+02, 1.9460e-01, 4.3296e+02, 1.7444e+02])
2024-05-21 00:14:00,393 - ObjectDetectionLogger - INFO - Grid coordinates of bounding box computed successfully
2024-05-21 00:14:00,395 - ObjectDetectionLogger - INFO - Grid coordinates of bounding box computed successfully
2024-05-21 00:14:00,396 - ObjectDetectionLogger - INFO - Percentage of points inside the ROI: 0.00%
2024-05-21 00:14:00,398 - ObjectDetectionLogger - INFO - Bounding box coordinates: tensor([309.1682,  49.6302, 346.2514, 151.1014])
2024-05-21 00:14:00,399 - ObjectDetectionLogger - INFO - Grid coordinates of bounding box computed successfully
2024-05-21 00:14:00,400 - ObjectDetectionLogger - INFO - Grid coordinates of bounding box computed successfully
2024-05-21 00:14:00,401 - ObjectDetectionLogger - INFO - Percentage of points inside the ROI: 0.00%
2024-05-21 00:14:00,403 - ObjectDetectionLogger - INFO - Bounding box coordinates: tensor([ 83.6198,  66.1595, 124.1016, 105.6227])
2024-05-21 00:14:00,403 - ObjectDetectionLogger - INFO - Grid coordinates of bounding box computed successfully
2024-05-21 00:14:00,404 - ObjectDetectionLogger - INFO - Grid coordinates of bounding box computed successfully
2024-05-21 00:14:00,405 - ObjectDetectionLogger - INFO - Percentage of points inside the ROI: 0.00%
2024-05-21 00:14:00,407 - ObjectDetectionLogger - INFO - Bounding box coordinates: tensor([519.6350, 209.9138, 639.8115, 479.4365])
2024-05-21 00:14:00,408 - ObjectDetectionLogger - INFO - Grid coordinates of bounding box computed successfully
2024-05-21 00:14:00,408 - ObjectDetectionLogger - INFO - Grid coordinates of bounding box computed successfully
2024-05-21 00:14:00,410 - ObjectDetectionLogger - INFO - Percentage of points inside the ROI: 0.00%
2024-05-21 00:14:00,483 - ObjectDetectionLogger - INFO - Bounding box coordinates: tensor([1.3548e+02, 5.6580e-02, 4.3287e+02, 1.7333e+02])
2024-05-21 00:14:00,483 - ObjectDetectionLogger - INFO - Grid coordinates of bounding box computed successfully
2024-05-21 00:14:00,485 - ObjectDetectionLogger - INFO - Grid coordinates of bounding box computed successfully
2024-05-21 00:14:00,485 - ObjectDetectionLogger - INFO - Percentage of points inside the ROI: 0.00%
2024-05-21 00:14:00,486 - ObjectDetectionLogger - INFO - Bounding box coordinates: tensor([307.1222,  50.3178, 347.5032, 165.3098])
2024-05-21 00:14:00,487 - ObjectDetectionLogger - INFO - Grid coordinates of bounding box computed successfully
2024-05-21 00:14:00,487 - ObjectDetectionLogger - INFO - Grid coordinates of bounding box computed successfully
2024-05-21 00:14:00,488 - ObjectDetectionLogger - INFO - Percentage of points inside the ROI: 0.00%
2024-05-21 00:14:00,489 - ObjectDetectionLogger - INFO - Bounding box coordinates: tensor([ 80.0240,  67.3363, 120.7378, 109.8882])
2024-05-21 00:14:00,490 - ObjectDetectionLogger - INFO - Grid coordinates of bounding box computed successfully
2024-05-21 00:14:00,490 - ObjectDetectionLogger - INFO - Grid coordinates of bounding box computed successfully
2024-05-21 00:14:00,491 - ObjectDetectionLogger - INFO - Percentage of points inside the ROI: 0.00%
2024-05-21 00:14:00,494 - ObjectDetectionLogger - INFO - Bounding box coordinates: tensor([519.6420, 209.9294, 639.8104, 479.4322])
2024-05-21 00:14:00,495 - ObjectDetectionLogger - INFO - Grid coordinates of bounding box computed successfully
2024-05-21 00:14:00,496 - ObjectDetectionLogger - INFO - Grid coordinates of bounding box computed successfully
2024-05-21 00:14:00,498 - ObjectDetectionLogger - INFO - Percentage of points inside the ROI: 0.00%
2024-05-21 00:14:00,589 - ObjectDetectionLogger - INFO - Bounding box coordinates: tensor([1.3607e+02, 6.0822e-02, 4.3274e+02, 1.7292e+02])
2024-05-21 00:14:00,589 - ObjectDetectionLogger - INFO - Grid coordinates of bounding box computed successfully
2024-05-21 00:14:00,590 - ObjectDetectionLogger - INFO - Grid coordinates of bounding box computed successfully
2024-05-21 00:14:00,591 - ObjectDetectionLogger - INFO - Percentage of points inside the ROI: 0.00%
2024-05-21 00:14:00,592 - ObjectDetectionLogger - INFO - Bounding box coordinates: tensor([305.1425,  52.8181, 347.4367, 169.8250])
2024-05-21 00:14:00,593 - ObjectDetectionLogger - INFO - Grid coordinates of bounding box computed successfully
2024-05-21 00:14:00,593 - ObjectDetectionLogger - INFO - Grid coordinates of bounding box computed successfully
2024-05-21 00:14:00,594 - ObjectDetectionLogger - INFO - Percentage of points inside the ROI: 0.00%
2024-05-21 00:14:00,595 - ObjectDetectionLogger - INFO - Bounding box coordinates: tensor([ 76.6468,  69.6504, 116.8391, 114.6963])
2024-05-21 00:14:00,596 - ObjectDetectionLogger - INFO - Grid coordinates of bounding box computed successfully
2024-05-21 00:14:00,596 - ObjectDetectionLogger - INFO - Grid coordinates of bounding box computed successfully
2024-05-21 00:14:00,597 - ObjectDetectionLogger - INFO - Percentage of points inside the ROI: 0.00%
2024-05-21 00:14:00,598 - ObjectDetectionLogger - INFO - Bounding box coordinates: tensor([519.6217, 209.9282, 639.8104, 479.4329])
2024-05-21 00:14:00,598 - ObjectDetectionLogger - INFO - Grid coordinates of bounding box computed successfully
2024-05-21 00:14:00,599 - ObjectDetectionLogger - INFO - Grid coordinates of bounding box computed successfully
2024-05-21 00:14:00,599 - ObjectDetectionLogger - INFO - Percentage of points inside the ROI: 0.00%
2024-05-21 00:14:00,668 - ObjectDetectionLogger - INFO - Bounding box coordinates: tensor([1.3511e+02, 2.1297e-01, 4.3305e+02, 1.7422e+02])
2024-05-21 00:14:00,668 - ObjectDetectionLogger - INFO - Grid coordinates of bounding box computed successfully
2024-05-21 00:14:00,669 - ObjectDetectionLogger - INFO - Grid coordinates of bounding box computed successfully
2024-05-21 00:14:00,670 - ObjectDetectionLogger - INFO - Percentage of points inside the ROI: 0.00%
2024-05-21 00:14:00,671 - ObjectDetectionLogger - INFO - Bounding box coordinates: tensor([302.1814,  53.2710, 346.8507, 173.2618])
2024-05-21 00:14:00,672 - ObjectDetectionLogger - INFO - Grid coordinates of bounding box computed successfully
2024-05-21 00:14:00,672 - ObjectDetectionLogger - INFO - Grid coordinates of bounding box computed successfully
2024-05-21 00:14:00,672 - ObjectDetectionLogger - INFO - Percentage of points inside the ROI: 0.00%
2024-05-21 00:14:00,674 - ObjectDetectionLogger - INFO - Bounding box coordinates: tensor([ 75.3898,  72.5643, 112.4640, 117.9313])
2024-05-21 00:14:00,674 - ObjectDetectionLogger - INFO - Grid coordinates of bounding box computed successfully
2024-05-21 00:14:00,674 - ObjectDetectionLogger - INFO - Grid coordinates of bounding box computed successfully
2024-05-21 00:14:00,675 - ObjectDetectionLogger - INFO - Percentage of points inside the ROI: 0.00%
2024-05-21 00:14:00,676 - ObjectDetectionLogger - INFO - Bounding box coordinates: tensor([519.6588, 209.9317, 639.8099, 479.4317])
2024-05-21 00:14:00,676 - ObjectDetectionLogger - INFO - Grid coordinates of bounding box computed successfully
2024-05-21 00:14:00,676 - ObjectDetectionLogger - INFO - Grid coordinates of bounding box computed successfully
2024-05-21 00:14:00,677 - ObjectDetectionLogger - INFO - Percentage of points inside the ROI: 0.00%
2024-05-21 00:14:00,743 - ObjectDetectionLogger - INFO - Bounding box coordinates: tensor([1.3635e+02, 3.6148e-02, 4.3281e+02, 1.7348e+02])
2024-05-21 00:14:00,744 - ObjectDetectionLogger - INFO - Grid coordinates of bounding box computed successfully
2024-05-21 00:14:00,745 - ObjectDetectionLogger - INFO - Grid coordinates of bounding box computed successfully
2024-05-21 00:14:00,745 - ObjectDetectionLogger - INFO - Percentage of points inside the ROI: 0.00%
2024-05-21 00:14:00,749 - ObjectDetectionLogger - INFO - Bounding box coordinates: tensor([300.9723,  54.6968, 344.2017, 178.1871])
2024-05-21 00:14:00,750 - ObjectDetectionLogger - INFO - Grid coordinates of bounding box computed successfully
2024-05-21 00:14:00,752 - ObjectDetectionLogger - INFO - Grid coordinates of bounding box computed successfully
2024-05-21 00:14:00,753 - ObjectDetectionLogger - INFO - Percentage of points inside the ROI: 0.00%
2024-05-21 00:14:00,756 - ObjectDetectionLogger - INFO - Bounding box coordinates: tensor([ 69.3292,  77.0990, 108.5320, 120.3350])
2024-05-21 00:14:00,756 - ObjectDetectionLogger - INFO - Grid coordinates of bounding box computed successfully
2024-05-21 00:14:00,757 - ObjectDetectionLogger - INFO - Grid coordinates of bounding box computed successfully
2024-05-21 00:14:00,757 - ObjectDetectionLogger - INFO - Percentage of points inside the ROI: 0.00%
2024-05-21 00:14:00,759 - ObjectDetectionLogger - INFO - Bounding box coordinates: tensor([315.3112, 101.3880, 336.7750, 178.8343])
2024-05-21 00:14:00,759 - ObjectDetectionLogger - INFO - Grid coordinates of bounding box computed successfully
2024-05-21 00:14:00,759 - ObjectDetectionLogger - INFO - Grid coordinates of bounding box computed successfully
2024-05-21 00:14:00,760 - ObjectDetectionLogger - INFO - Percentage of points inside the ROI: 0.00%
2024-05-21 00:14:00,761 - ObjectDetectionLogger - INFO - Bounding box coordinates: tensor([519.6313, 209.9161, 639.8098, 479.4332])
2024-05-21 00:14:00,762 - ObjectDetectionLogger - INFO - Grid coordinates of bounding box computed successfully
2024-05-21 00:14:00,762 - ObjectDetectionLogger - INFO - Grid coordinates of bounding box computed successfully
2024-05-21 00:14:00,764 - ObjectDetectionLogger - INFO - Percentage of points inside the ROI: 0.00%
2024-05-21 00:14:00,831 - ObjectDetectionLogger - INFO - Bounding box coordinates: tensor([1.3555e+02, 2.3822e-01, 4.3304e+02, 1.7450e+02])
2024-05-21 00:14:00,832 - ObjectDetectionLogger - INFO - Grid coordinates of bounding box computed successfully
2024-05-21 00:14:00,835 - ObjectDetectionLogger - INFO - Grid coordinates of bounding box computed successfully
2024-05-21 00:14:00,838 - ObjectDetectionLogger - INFO - Percentage of points inside the ROI: 0.00%
2024-05-21 00:14:00,841 - ObjectDetectionLogger - INFO - Bounding box coordinates: tensor([300.8960,  55.9891, 342.6505, 181.7534])
2024-05-21 00:14:00,842 - ObjectDetectionLogger - INFO - Grid coordinates of bounding box computed successfully
2024-05-21 00:14:00,842 - ObjectDetectionLogger - INFO - Grid coordinates of bounding box computed successfully
2024-05-21 00:14:00,843 - ObjectDetectionLogger - INFO - Percentage of points inside the ROI: 2.00%
2024-05-21 00:14:00,844 - ObjectDetectionLogger - INFO - Bounding box coordinates: tensor([ 65.8986,  77.4972, 105.2427, 125.9386])
2024-05-21 00:14:00,845 - ObjectDetectionLogger - INFO - Grid coordinates of bounding box computed successfully
2024-05-21 00:14:00,845 - ObjectDetectionLogger - INFO - Grid coordinates of bounding box computed successfully
2024-05-21 00:14:00,845 - ObjectDetectionLogger - INFO - Percentage of points inside the ROI: 0.00%
2024-05-21 00:14:00,847 - ObjectDetectionLogger - INFO - Bounding box coordinates: tensor([519.6232, 209.9363, 639.8090, 479.4375])
2024-05-21 00:14:00,847 - ObjectDetectionLogger - INFO - Grid coordinates of bounding box computed successfully
2024-05-21 00:14:00,847 - ObjectDetectionLogger - INFO - Grid coordinates of bounding box computed successfully
2024-05-21 00:14:00,848 - ObjectDetectionLogger - INFO - Percentage of points inside the ROI: 0.00%
2024-05-21 00:14:00,909 - ObjectDetectionLogger - INFO - Bounding box coordinates: tensor([302.3718,  59.5997, 342.7932, 185.8192])
2024-05-21 00:14:00,909 - ObjectDetectionLogger - INFO - Grid coordinates of bounding box computed successfully
2024-05-21 00:14:00,910 - ObjectDetectionLogger - INFO - Grid coordinates of bounding box computed successfully
2024-05-21 00:14:00,910 - ObjectDetectionLogger - INFO - Percentage of points inside the ROI: 10.00%
2024-05-21 00:14:00,912 - ObjectDetectionLogger - INFO - Bounding box coordinates: tensor([1.3577e+02, 2.7193e-01, 4.3302e+02, 1.7319e+02])
2024-05-21 00:14:00,912 - ObjectDetectionLogger - INFO - Grid coordinates of bounding box computed successfully
2024-05-21 00:14:00,912 - ObjectDetectionLogger - INFO - Grid coordinates of bounding box computed successfully
2024-05-21 00:14:00,913 - ObjectDetectionLogger - INFO - Percentage of points inside the ROI: 0.00%
2024-05-21 00:14:00,914 - ObjectDetectionLogger - INFO - Bounding box coordinates: tensor([ 58.7740,  81.3044, 101.1546, 128.4350])
2024-05-21 00:14:00,914 - ObjectDetectionLogger - INFO - Grid coordinates of bounding box computed successfully
2024-05-21 00:14:00,915 - ObjectDetectionLogger - INFO - Grid coordinates of bounding box computed successfully
2024-05-21 00:14:00,915 - ObjectDetectionLogger - INFO - Percentage of points inside the ROI: 0.00%
2024-05-21 00:14:00,916 - ObjectDetectionLogger - INFO - Bounding box coordinates: tensor([519.6388, 209.9324, 639.8082, 479.4360])
2024-05-21 00:14:00,917 - ObjectDetectionLogger - INFO - Grid coordinates of bounding box computed successfully
2024-05-21 00:14:00,917 - ObjectDetectionLogger - INFO - Grid coordinates of bounding box computed successfully
2024-05-21 00:14:00,917 - ObjectDetectionLogger - INFO - Percentage of points inside the ROI: 0.00%
2024-05-21 00:14:00,980 - ObjectDetectionLogger - INFO - Bounding box coordinates: tensor([301.3275,  62.3240, 341.5226, 189.9871])
2024-05-21 00:14:00,980 - ObjectDetectionLogger - INFO - Grid coordinates of bounding box computed successfully
2024-05-21 00:14:00,981 - ObjectDetectionLogger - INFO - Grid coordinates of bounding box computed successfully
2024-05-21 00:14:00,982 - ObjectDetectionLogger - INFO - Percentage of points inside the ROI: 10.00%
2024-05-21 00:14:00,984 - ObjectDetectionLogger - INFO - Bounding box coordinates: tensor([1.3526e+02, 2.2043e-01, 4.3281e+02, 1.7375e+02])
2024-05-21 00:14:00,984 - ObjectDetectionLogger - INFO - Grid coordinates of bounding box computed successfully
2024-05-21 00:14:00,985 - ObjectDetectionLogger - INFO - Grid coordinates of bounding box computed successfully
2024-05-21 00:14:00,985 - ObjectDetectionLogger - INFO - Percentage of points inside the ROI: 0.00%
2024-05-21 00:14:00,987 - ObjectDetectionLogger - INFO - Bounding box coordinates: tensor([ 56.4220,  83.1329,  97.0722, 133.3047])
2024-05-21 00:14:00,987 - ObjectDetectionLogger - INFO - Grid coordinates of bounding box computed successfully
2024-05-21 00:14:00,988 - ObjectDetectionLogger - INFO - Grid coordinates of bounding box computed successfully
2024-05-21 00:14:00,988 - ObjectDetectionLogger - INFO - Percentage of points inside the ROI: 0.00%
2024-05-21 00:14:00,989 - ObjectDetectionLogger - INFO - Bounding box coordinates: tensor([519.6474, 209.9181, 639.8071, 479.4484])
2024-05-21 00:14:00,990 - ObjectDetectionLogger - INFO - Grid coordinates of bounding box computed successfully
2024-05-21 00:14:00,990 - ObjectDetectionLogger - INFO - Grid coordinates of bounding box computed successfully
2024-05-21 00:14:00,990 - ObjectDetectionLogger - INFO - Percentage of points inside the ROI: 0.00%
2024-05-21 00:14:01,058 - ObjectDetectionLogger - INFO - Bounding box coordinates: tensor([1.3597e+02, 2.9518e-01, 4.3307e+02, 1.7320e+02])
2024-05-21 00:14:01,058 - ObjectDetectionLogger - INFO - Grid coordinates of bounding box computed successfully
2024-05-21 00:14:01,059 - ObjectDetectionLogger - INFO - Grid coordinates of bounding box computed successfully
2024-05-21 00:14:01,060 - ObjectDetectionLogger - INFO - Percentage of points inside the ROI: 0.00%
2024-05-21 00:14:01,061 - ObjectDetectionLogger - INFO - Bounding box coordinates: tensor([296.6062,  66.3310, 339.3608, 191.8541])
2024-05-21 00:14:01,061 - ObjectDetectionLogger - INFO - Grid coordinates of bounding box computed successfully
2024-05-21 00:14:01,062 - ObjectDetectionLogger - INFO - Grid coordinates of bounding box computed successfully
2024-05-21 00:14:01,062 - ObjectDetectionLogger - INFO - Percentage of points inside the ROI: 10.00%
2024-05-21 00:14:01,063 - ObjectDetectionLogger - INFO - Bounding box coordinates: tensor([ 53.2994,  90.0897,  92.1748, 135.1368])
2024-05-21 00:14:01,063 - ObjectDetectionLogger - INFO - Grid coordinates of bounding box computed successfully
2024-05-21 00:14:01,064 - ObjectDetectionLogger - INFO - Grid coordinates of bounding box computed successfully
2024-05-21 00:14:01,064 - ObjectDetectionLogger - INFO - Percentage of points inside the ROI: 0.00%
2024-05-21 00:14:01,066 - ObjectDetectionLogger - INFO - Bounding box coordinates: tensor([519.6079, 209.8992, 639.8068, 479.4539])
2024-05-21 00:14:01,066 - ObjectDetectionLogger - INFO - Grid coordinates of bounding box computed successfully
2024-05-21 00:14:01,066 - ObjectDetectionLogger - INFO - Grid coordinates of bounding box computed successfully
2024-05-21 00:14:01,067 - ObjectDetectionLogger - INFO - Percentage of points inside the ROI: 0.00%
2024-05-21 00:14:01,132 - ObjectDetectionLogger - INFO - Bounding box coordinates: tensor([1.3599e+02, 2.9031e-01, 4.3315e+02, 1.7308e+02])
2024-05-21 00:14:01,133 - ObjectDetectionLogger - INFO - Grid coordinates of bounding box computed successfully
2024-05-21 00:14:01,133 - ObjectDetectionLogger - INFO - Grid coordinates of bounding box computed successfully
2024-05-21 00:14:01,134 - ObjectDetectionLogger - INFO - Percentage of points inside the ROI: 0.00%
2024-05-21 00:14:01,135 - ObjectDetectionLogger - INFO - Bounding box coordinates: tensor([296.4387,  69.9234, 339.4564, 192.1772])
2024-05-21 00:14:01,136 - ObjectDetectionLogger - INFO - Grid coordinates of bounding box computed successfully
2024-05-21 00:14:01,136 - ObjectDetectionLogger - INFO - Grid coordinates of bounding box computed successfully
2024-05-21 00:14:01,136 - ObjectDetectionLogger - INFO - Percentage of points inside the ROI: 10.00%
2024-05-21 00:14:01,138 - ObjectDetectionLogger - INFO - Bounding box coordinates: tensor([ 50.0903,  88.0239,  89.3969, 140.8943])
2024-05-21 00:14:01,138 - ObjectDetectionLogger - INFO - Grid coordinates of bounding box computed successfully
2024-05-21 00:14:01,138 - ObjectDetectionLogger - INFO - Grid coordinates of bounding box computed successfully
2024-05-21 00:14:01,139 - ObjectDetectionLogger - INFO - Percentage of points inside the ROI: 0.00%
2024-05-21 00:14:01,200 - ObjectDetectionLogger - INFO - Bounding box coordinates: tensor([1.3581e+02, 3.0844e-01, 4.3287e+02, 1.7294e+02])
2024-05-21 00:14:01,201 - ObjectDetectionLogger - INFO - Grid coordinates of bounding box computed successfully
2024-05-21 00:14:01,202 - ObjectDetectionLogger - INFO - Grid coordinates of bounding box computed successfully
2024-05-21 00:14:01,202 - ObjectDetectionLogger - INFO - Percentage of points inside the ROI: 0.00%
2024-05-21 00:14:01,203 - ObjectDetectionLogger - INFO - Bounding box coordinates: tensor([290.7300,  71.9565, 335.7188, 192.5625])
2024-05-21 00:14:01,204 - ObjectDetectionLogger - INFO - Grid coordinates of bounding box computed successfully
2024-05-21 00:14:01,204 - ObjectDetectionLogger - INFO - Grid coordinates of bounding box computed successfully
2024-05-21 00:14:01,204 - ObjectDetectionLogger - INFO - Percentage of points inside the ROI: 10.00%
2024-05-21 00:14:01,206 - ObjectDetectionLogger - INFO - Bounding box coordinates: tensor([ 44.4030,  96.3033,  84.1896, 146.3636])
2024-05-21 00:14:01,208 - ObjectDetectionLogger - INFO - Grid coordinates of bounding box computed successfully
2024-05-21 00:14:01,209 - ObjectDetectionLogger - INFO - Grid coordinates of bounding box computed successfully
2024-05-21 00:14:01,211 - ObjectDetectionLogger - INFO - Percentage of points inside the ROI: 0.00%
2024-05-21 00:14:01,274 - ObjectDetectionLogger - INFO - Bounding box coordinates: tensor([1.3552e+02, 2.4345e-01, 4.3260e+02, 1.7374e+02])
2024-05-21 00:14:01,274 - ObjectDetectionLogger - INFO - Grid coordinates of bounding box computed successfully
2024-05-21 00:14:01,276 - ObjectDetectionLogger - INFO - Grid coordinates of bounding box computed successfully
2024-05-21 00:14:01,276 - ObjectDetectionLogger - INFO - Percentage of points inside the ROI: 0.00%
2024-05-21 00:14:01,278 - ObjectDetectionLogger - INFO - Bounding box coordinates: tensor([296.8790,  74.1953, 332.0372, 192.8318])
2024-05-21 00:14:01,278 - ObjectDetectionLogger - INFO - Grid coordinates of bounding box computed successfully
2024-05-21 00:14:01,278 - ObjectDetectionLogger - INFO - Grid coordinates of bounding box computed successfully
2024-05-21 00:14:01,279 - ObjectDetectionLogger - INFO - Percentage of points inside the ROI: 10.00%
2024-05-21 00:14:01,280 - ObjectDetectionLogger - INFO - Bounding box coordinates: tensor([ 39.9762,  96.9767,  80.8726, 149.2497])
2024-05-21 00:14:01,280 - ObjectDetectionLogger - INFO - Grid coordinates of bounding box computed successfully
2024-05-21 00:14:01,281 - ObjectDetectionLogger - INFO - Grid coordinates of bounding box computed successfully
2024-05-21 00:14:01,281 - ObjectDetectionLogger - INFO - Percentage of points inside the ROI: 0.00%
2024-05-21 00:14:01,343 - ObjectDetectionLogger - INFO - Bounding box coordinates: tensor([1.3591e+02, 2.9878e-01, 4.3259e+02, 1.7324e+02])
2024-05-21 00:14:01,344 - ObjectDetectionLogger - INFO - Grid coordinates of bounding box computed successfully
2024-05-21 00:14:01,345 - ObjectDetectionLogger - INFO - Grid coordinates of bounding box computed successfully
2024-05-21 00:14:01,345 - ObjectDetectionLogger - INFO - Percentage of points inside the ROI: 0.00%
2024-05-21 00:14:01,346 - ObjectDetectionLogger - INFO - Bounding box coordinates: tensor([293.3234,  76.2043, 332.2995, 192.5007])
2024-05-21 00:14:01,346 - ObjectDetectionLogger - INFO - Grid coordinates of bounding box computed successfully
2024-05-21 00:14:01,347 - ObjectDetectionLogger - INFO - Grid coordinates of bounding box computed successfully
2024-05-21 00:14:01,347 - ObjectDetectionLogger - INFO - Percentage of points inside the ROI: 10.00%
2024-05-21 00:14:01,348 - ObjectDetectionLogger - INFO - Bounding box coordinates: tensor([ 38.2588, 101.1569,  75.4137, 150.7781])
2024-05-21 00:14:01,349 - ObjectDetectionLogger - INFO - Grid coordinates of bounding box computed successfully
2024-05-21 00:14:01,349 - ObjectDetectionLogger - INFO - Grid coordinates of bounding box computed successfully
2024-05-21 00:14:01,349 - ObjectDetectionLogger - INFO - Percentage of points inside the ROI: 0.00%
2024-05-21 00:14:01,416 - ObjectDetectionLogger - INFO - Bounding box coordinates: tensor([1.3629e+02, 2.9388e-01, 4.3250e+02, 1.7316e+02])
2024-05-21 00:14:01,416 - ObjectDetectionLogger - INFO - Grid coordinates of bounding box computed successfully
2024-05-21 00:14:01,417 - ObjectDetectionLogger - INFO - Grid coordinates of bounding box computed successfully
2024-05-21 00:14:01,418 - ObjectDetectionLogger - INFO - Percentage of points inside the ROI: 0.00%
2024-05-21 00:14:01,420 - ObjectDetectionLogger - INFO - Bounding box coordinates: tensor([291.6384,  77.0304, 328.8019, 192.2096])
2024-05-21 00:14:01,422 - ObjectDetectionLogger - INFO - Grid coordinates of bounding box computed successfully
2024-05-21 00:14:01,423 - ObjectDetectionLogger - INFO - Grid coordinates of bounding box computed successfully
2024-05-21 00:14:01,425 - ObjectDetectionLogger - INFO - Percentage of points inside the ROI: 10.00%
2024-05-21 00:14:01,429 - ObjectDetectionLogger - INFO - Bounding box coordinates: tensor([ 36.7057, 104.5750,  72.9953, 150.4592])
2024-05-21 00:14:01,430 - ObjectDetectionLogger - INFO - Grid coordinates of bounding box computed successfully
2024-05-21 00:14:01,430 - ObjectDetectionLogger - INFO - Grid coordinates of bounding box computed successfully
2024-05-21 00:14:01,431 - ObjectDetectionLogger - INFO - Percentage of points inside the ROI: 0.00%
2024-05-21 00:14:01,508 - ObjectDetectionLogger - INFO - Bounding box coordinates: tensor([1.3588e+02, 2.4101e-01, 4.3251e+02, 1.7376e+02])
2024-05-21 00:14:01,509 - ObjectDetectionLogger - INFO - Grid coordinates of bounding box computed successfully
2024-05-21 00:14:01,514 - ObjectDetectionLogger - INFO - Grid coordinates of bounding box computed successfully
2024-05-21 00:14:01,514 - ObjectDetectionLogger - INFO - Percentage of points inside the ROI: 0.00%
2024-05-21 00:14:01,519 - ObjectDetectionLogger - INFO - Bounding box coordinates: tensor([284.5278,  78.8430, 326.3893, 197.3965])
2024-05-21 00:14:01,520 - ObjectDetectionLogger - INFO - Grid coordinates of bounding box computed successfully
2024-05-21 00:14:01,521 - ObjectDetectionLogger - INFO - Grid coordinates of bounding box computed successfully
2024-05-21 00:14:01,523 - ObjectDetectionLogger - INFO - Percentage of points inside the ROI: 20.00%
2024-05-21 00:14:01,527 - ObjectDetectionLogger - INFO - Exiting the video processing..
2024-05-21 00:14:01,596 - ObjectDetectionLogger - INFO - Video processing completed
