2024-05-18 13:46:34,631 - ObjectDetectionLogger - INFO - Model path: models/yolov8s.pt
2024-05-18 13:46:35,767 - ObjectDetectionLogger - INFO - Model loaded. Cuda available: True
2024-05-18 13:46:35,812 - ObjectDetectionLogger - INFO - Region of interest points loaded successfully. Num points: 4
2024-05-18 13:46:38,270 - ObjectDetectionLogger - INFO - Grid coordinates of bounding box computed successfully
2024-05-18 13:46:38,271 - ObjectDetectionLogger - INFO - Percentage of points inside the ROI: 0.00%
2024-05-18 13:46:38,271 - ObjectDetectionLogger - INFO - Grid coordinates of bounding box computed successfully
2024-05-18 13:46:38,272 - ObjectDetectionLogger - INFO - Percentage of points inside the ROI: 0.00%
2024-05-18 13:46:38,348 - ObjectDetectionLogger - INFO - Grid coordinates of bounding box computed successfully
2024-05-18 13:46:38,348 - ObjectDetectionLogger - INFO - Percentage of points inside the ROI: 0.00%
2024-05-18 13:46:38,349 - ObjectDetectionLogger - INFO - Grid coordinates of bounding box computed successfully
2024-05-18 13:46:38,349 - ObjectDetectionLogger - INFO - Percentage of points inside the ROI: 0.00%
2024-05-18 13:46:38,388 - ObjectDetectionLogger - INFO - Grid coordinates of bounding box computed successfully
2024-05-18 13:46:38,389 - ObjectDetectionLogger - INFO - Percentage of points inside the ROI: 0.00%
2024-05-18 13:46:38,389 - ObjectDetectionLogger - INFO - Grid coordinates of bounding box computed successfully
2024-05-18 13:46:38,390 - ObjectDetectionLogger - INFO - Percentage of points inside the ROI: 0.00%
2024-05-18 13:46:38,427 - ObjectDetectionLogger - INFO - Grid coordinates of bounding box computed successfully
2024-05-18 13:46:38,427 - ObjectDetectionLogger - INFO - Percentage of points inside the ROI: 0.00%
2024-05-18 13:46:38,427 - ObjectDetectionLogger - INFO - Grid coordinates of bounding box computed successfully
2024-05-18 13:46:38,428 - ObjectDetectionLogger - INFO - Percentage of points inside the ROI: 0.00%
2024-05-18 13:46:38,473 - ObjectDetectionLogger - INFO - Grid coordinates of bounding box computed successfully
2024-05-18 13:46:38,474 - ObjectDetectionLogger - INFO - Percentage of points inside the ROI: 0.00%
2024-05-18 13:46:38,474 - ObjectDetectionLogger - INFO - Grid coordinates of bounding box computed successfully
2024-05-18 13:46:38,476 - ObjectDetectionLogger - INFO - Percentage of points inside the ROI: 0.00%
2024-05-18 13:46:38,523 - ObjectDetectionLogger - INFO - Grid coordinates of bounding box computed successfully
2024-05-18 13:46:38,523 - ObjectDetectionLogger - INFO - Percentage of points inside the ROI: 0.00%
2024-05-18 13:46:38,562 - ObjectDetectionLogger - INFO - Grid coordinates of bounding box computed successfully
2024-05-18 13:46:38,562 - ObjectDetectionLogger - INFO - Percentage of points inside the ROI: 0.00%
2024-05-18 13:46:38,598 - ObjectDetectionLogger - INFO - Grid coordinates of bounding box computed successfully
2024-05-18 13:46:38,598 - ObjectDetectionLogger - INFO - Percentage of points inside the ROI: 0.00%
2024-05-18 13:46:38,632 - ObjectDetectionLogger - INFO - Grid coordinates of bounding box computed successfully
2024-05-18 13:46:38,632 - ObjectDetectionLogger - INFO - Percentage of points inside the ROI: 0.00%
2024-05-18 13:46:38,667 - ObjectDetectionLogger - INFO - Grid coordinates of bounding box computed successfully
2024-05-18 13:46:38,667 - ObjectDetectionLogger - INFO - Percentage of points inside the ROI: 0.00%
2024-05-18 13:46:38,701 - ObjectDetectionLogger - INFO - Grid coordinates of bounding box computed successfully
2024-05-18 13:46:38,701 - ObjectDetectionLogger - INFO - Percentage of points inside the ROI: 0.00%
2024-05-18 13:46:38,736 - ObjectDetectionLogger - INFO - Grid coordinates of bounding box computed successfully
2024-05-18 13:46:38,737 - ObjectDetectionLogger - INFO - Percentage of points inside the ROI: 0.00%
2024-05-18 13:46:38,770 - ObjectDetectionLogger - INFO - Grid coordinates of bounding box computed successfully
2024-05-18 13:46:38,771 - ObjectDetectionLogger - INFO - Percentage of points inside the ROI: 0.00%
2024-05-18 13:46:38,771 - ObjectDetectionLogger - INFO - Grid coordinates of bounding box computed successfully
2024-05-18 13:46:38,771 - ObjectDetectionLogger - INFO - Percentage of points inside the ROI: 0.00%
2024-05-18 13:46:38,806 - ObjectDetectionLogger - INFO - Grid coordinates of bounding box computed successfully
2024-05-18 13:46:38,806 - ObjectDetectionLogger - INFO - Percentage of points inside the ROI: 0.00%
2024-05-18 13:46:38,806 - ObjectDetectionLogger - INFO - Grid coordinates of bounding box computed successfully
2024-05-18 13:46:38,808 - ObjectDetectionLogger - INFO - Percentage of points inside the ROI: 0.00%
2024-05-18 13:46:38,843 - ObjectDetectionLogger - INFO - Grid coordinates of bounding box computed successfully
2024-05-18 13:46:38,844 - ObjectDetectionLogger - INFO - Percentage of points inside the ROI: 0.00%
2024-05-18 13:46:38,845 - ObjectDetectionLogger - INFO - Grid coordinates of bounding box computed successfully
2024-05-18 13:46:38,845 - ObjectDetectionLogger - INFO - Percentage of points inside the ROI: 0.00%
2024-05-18 13:46:38,880 - ObjectDetectionLogger - INFO - Grid coordinates of bounding box computed successfully
2024-05-18 13:46:38,880 - ObjectDetectionLogger - INFO - Percentage of points inside the ROI: 0.00%
2024-05-18 13:46:38,881 - ObjectDetectionLogger - INFO - Grid coordinates of bounding box computed successfully
2024-05-18 13:46:38,881 - ObjectDetectionLogger - INFO - Percentage of points inside the ROI: 0.00%
2024-05-18 13:46:38,916 - ObjectDetectionLogger - INFO - Grid coordinates of bounding box computed successfully
2024-05-18 13:46:38,916 - ObjectDetectionLogger - INFO - Percentage of points inside the ROI: 0.00%
2024-05-18 13:46:38,917 - ObjectDetectionLogger - INFO - Grid coordinates of bounding box computed successfully
2024-05-18 13:46:38,917 - ObjectDetectionLogger - INFO - Percentage of points inside the ROI: 0.00%
2024-05-18 13:46:38,952 - ObjectDetectionLogger - INFO - Grid coordinates of bounding box computed successfully
2024-05-18 13:46:38,952 - ObjectDetectionLogger - INFO - Percentage of points inside the ROI: 0.00%
2024-05-18 13:46:38,953 - ObjectDetectionLogger - INFO - Grid coordinates of bounding box computed successfully
2024-05-18 13:46:38,953 - ObjectDetectionLogger - INFO - Percentage of points inside the ROI: 0.00%
2024-05-18 13:46:38,991 - ObjectDetectionLogger - INFO - Grid coordinates of bounding box computed successfully
2024-05-18 13:46:38,991 - ObjectDetectionLogger - INFO - Percentage of points inside the ROI: 0.00%
2024-05-18 13:46:38,992 - ObjectDetectionLogger - INFO - Grid coordinates of bounding box computed successfully
2024-05-18 13:46:38,992 - ObjectDetectionLogger - INFO - Percentage of points inside the ROI: 0.00%
2024-05-18 13:46:39,028 - ObjectDetectionLogger - INFO - Grid coordinates of bounding box computed successfully
2024-05-18 13:46:39,028 - ObjectDetectionLogger - INFO - Percentage of points inside the ROI: 0.00%
2024-05-18 13:46:39,029 - ObjectDetectionLogger - INFO - Grid coordinates of bounding box computed successfully
2024-05-18 13:46:39,029 - ObjectDetectionLogger - INFO - Percentage of points inside the ROI: 0.00%
2024-05-18 13:46:39,064 - ObjectDetectionLogger - INFO - Grid coordinates of bounding box computed successfully
2024-05-18 13:46:39,064 - ObjectDetectionLogger - INFO - Percentage of points inside the ROI: 0.00%
2024-05-18 13:46:39,065 - ObjectDetectionLogger - INFO - Grid coordinates of bounding box computed successfully
2024-05-18 13:46:39,065 - ObjectDetectionLogger - INFO - Percentage of points inside the ROI: 0.00%
2024-05-18 13:46:39,102 - ObjectDetectionLogger - INFO - Grid coordinates of bounding box computed successfully
2024-05-18 13:46:39,103 - ObjectDetectionLogger - INFO - Percentage of points inside the ROI: 0.00%
2024-05-18 13:46:39,103 - ObjectDetectionLogger - INFO - Grid coordinates of bounding box computed successfully
2024-05-18 13:46:39,104 - ObjectDetectionLogger - INFO - Percentage of points inside the ROI: 0.00%
2024-05-18 13:46:39,139 - ObjectDetectionLogger - INFO - Grid coordinates of bounding box computed successfully
2024-05-18 13:46:39,139 - ObjectDetectionLogger - INFO - Percentage of points inside the ROI: 0.00%
2024-05-18 13:46:39,140 - ObjectDetectionLogger - INFO - Grid coordinates of bounding box computed successfully
2024-05-18 13:46:39,141 - ObjectDetectionLogger - INFO - Percentage of points inside the ROI: 0.00%
2024-05-18 13:46:39,178 - ObjectDetectionLogger - INFO - Grid coordinates of bounding box computed successfully
2024-05-18 13:46:39,180 - ObjectDetectionLogger - INFO - Percentage of points inside the ROI: 0.00%
2024-05-18 13:46:39,182 - ObjectDetectionLogger - INFO - Grid coordinates of bounding box computed successfully
2024-05-18 13:46:39,183 - ObjectDetectionLogger - INFO - Percentage of points inside the ROI: 0.00%
2024-05-18 13:46:39,229 - ObjectDetectionLogger - INFO - Grid coordinates of bounding box computed successfully
2024-05-18 13:46:39,229 - ObjectDetectionLogger - INFO - Percentage of points inside the ROI: 0.00%
2024-05-18 13:46:39,229 - ObjectDetectionLogger - INFO - Grid coordinates of bounding box computed successfully
2024-05-18 13:46:39,230 - ObjectDetectionLogger - INFO - Percentage of points inside the ROI: 0.00%
2024-05-18 13:46:39,265 - ObjectDetectionLogger - INFO - Grid coordinates of bounding box computed successfully
2024-05-18 13:46:39,266 - ObjectDetectionLogger - INFO - Percentage of points inside the ROI: 0.00%
2024-05-18 13:46:39,266 - ObjectDetectionLogger - INFO - Grid coordinates of bounding box computed successfully
2024-05-18 13:46:39,266 - ObjectDetectionLogger - INFO - Percentage of points inside the ROI: 0.00%
2024-05-18 13:46:39,301 - ObjectDetectionLogger - INFO - Grid coordinates of bounding box computed successfully
2024-05-18 13:46:39,301 - ObjectDetectionLogger - INFO - Percentage of points inside the ROI: 0.00%
2024-05-18 13:46:39,301 - ObjectDetectionLogger - INFO - Grid coordinates of bounding box computed successfully
2024-05-18 13:46:39,302 - ObjectDetectionLogger - INFO - Percentage of points inside the ROI: 0.00%
2024-05-18 13:46:39,336 - ObjectDetectionLogger - INFO - Grid coordinates of bounding box computed successfully
2024-05-18 13:46:39,336 - ObjectDetectionLogger - INFO - Percentage of points inside the ROI: 0.00%
2024-05-18 13:46:39,337 - ObjectDetectionLogger - INFO - Grid coordinates of bounding box computed successfully
2024-05-18 13:46:39,337 - ObjectDetectionLogger - INFO - Percentage of points inside the ROI: 0.00%
2024-05-18 13:46:39,372 - ObjectDetectionLogger - INFO - Grid coordinates of bounding box computed successfully
2024-05-18 13:46:39,372 - ObjectDetectionLogger - INFO - Percentage of points inside the ROI: 0.00%
2024-05-18 13:46:39,373 - ObjectDetectionLogger - INFO - Grid coordinates of bounding box computed successfully
2024-05-18 13:46:39,373 - ObjectDetectionLogger - INFO - Percentage of points inside the ROI: 0.00%
2024-05-18 13:46:39,407 - ObjectDetectionLogger - INFO - Grid coordinates of bounding box computed successfully
2024-05-18 13:46:39,408 - ObjectDetectionLogger - INFO - Percentage of points inside the ROI: 0.00%
2024-05-18 13:46:39,408 - ObjectDetectionLogger - INFO - Grid coordinates of bounding box computed successfully
2024-05-18 13:46:39,409 - ObjectDetectionLogger - INFO - Percentage of points inside the ROI: 0.00%
2024-05-18 13:46:39,443 - ObjectDetectionLogger - INFO - Grid coordinates of bounding box computed successfully
2024-05-18 13:46:39,443 - ObjectDetectionLogger - INFO - Percentage of points inside the ROI: 0.00%
2024-05-18 13:46:39,444 - ObjectDetectionLogger - INFO - Grid coordinates of bounding box computed successfully
2024-05-18 13:46:39,444 - ObjectDetectionLogger - INFO - Percentage of points inside the ROI: 0.00%
2024-05-18 13:46:39,482 - ObjectDetectionLogger - INFO - Grid coordinates of bounding box computed successfully
2024-05-18 13:46:39,482 - ObjectDetectionLogger - INFO - Percentage of points inside the ROI: 0.00%
2024-05-18 13:46:39,484 - ObjectDetectionLogger - INFO - Grid coordinates of bounding box computed successfully
2024-05-18 13:46:39,484 - ObjectDetectionLogger - INFO - Percentage of points inside the ROI: 0.00%
2024-05-18 13:46:39,520 - ObjectDetectionLogger - INFO - Grid coordinates of bounding box computed successfully
2024-05-18 13:46:39,521 - ObjectDetectionLogger - INFO - Percentage of points inside the ROI: 0.00%
2024-05-18 13:46:39,521 - ObjectDetectionLogger - INFO - Grid coordinates of bounding box computed successfully
2024-05-18 13:46:39,521 - ObjectDetectionLogger - INFO - Percentage of points inside the ROI: 0.00%
2024-05-18 13:46:39,560 - ObjectDetectionLogger - INFO - Grid coordinates of bounding box computed successfully
2024-05-18 13:46:39,560 - ObjectDetectionLogger - INFO - Percentage of points inside the ROI: 0.00%
2024-05-18 13:46:39,561 - ObjectDetectionLogger - INFO - Grid coordinates of bounding box computed successfully
2024-05-18 13:46:39,561 - ObjectDetectionLogger - INFO - Percentage of points inside the ROI: 0.00%
2024-05-18 13:46:39,595 - ObjectDetectionLogger - INFO - Grid coordinates of bounding box computed successfully
2024-05-18 13:46:39,596 - ObjectDetectionLogger - INFO - Percentage of points inside the ROI: 0.00%
2024-05-18 13:46:39,596 - ObjectDetectionLogger - INFO - Grid coordinates of bounding box computed successfully
2024-05-18 13:46:39,596 - ObjectDetectionLogger - INFO - Percentage of points inside the ROI: 0.00%
2024-05-18 13:46:39,597 - ObjectDetectionLogger - INFO - Grid coordinates of bounding box computed successfully
2024-05-18 13:46:39,597 - ObjectDetectionLogger - INFO - Percentage of points inside the ROI: 0.00%
2024-05-18 13:46:39,632 - ObjectDetectionLogger - INFO - Grid coordinates of bounding box computed successfully
2024-05-18 13:46:39,632 - ObjectDetectionLogger - INFO - Percentage of points inside the ROI: 0.00%
2024-05-18 13:46:39,632 - ObjectDetectionLogger - INFO - Grid coordinates of bounding box computed successfully
2024-05-18 13:46:39,632 - ObjectDetectionLogger - INFO - Percentage of points inside the ROI: 0.00%
2024-05-18 13:46:39,633 - ObjectDetectionLogger - INFO - Grid coordinates of bounding box computed successfully
2024-05-18 13:46:39,634 - ObjectDetectionLogger - INFO - Percentage of points inside the ROI: 0.00%
2024-05-18 13:46:39,667 - ObjectDetectionLogger - INFO - Grid coordinates of bounding box computed successfully
2024-05-18 13:46:39,668 - ObjectDetectionLogger - INFO - Percentage of points inside the ROI: 0.00%
2024-05-18 13:46:39,668 - ObjectDetectionLogger - INFO - Grid coordinates of bounding box computed successfully
2024-05-18 13:46:39,668 - ObjectDetectionLogger - INFO - Percentage of points inside the ROI: 0.00%
2024-05-18 13:46:39,703 - ObjectDetectionLogger - INFO - Grid coordinates of bounding box computed successfully
2024-05-18 13:46:39,704 - ObjectDetectionLogger - INFO - Percentage of points inside the ROI: 0.00%
2024-05-18 13:46:39,704 - ObjectDetectionLogger - INFO - Grid coordinates of bounding box computed successfully
2024-05-18 13:46:39,704 - ObjectDetectionLogger - INFO - Percentage of points inside the ROI: 0.00%
2024-05-18 13:46:39,705 - ObjectDetectionLogger - INFO - Grid coordinates of bounding box computed successfully
2024-05-18 13:46:39,705 - ObjectDetectionLogger - INFO - Percentage of points inside the ROI: 0.00%
2024-05-18 13:46:39,739 - ObjectDetectionLogger - INFO - Grid coordinates of bounding box computed successfully
2024-05-18 13:46:39,740 - ObjectDetectionLogger - INFO - Percentage of points inside the ROI: 0.00%
2024-05-18 13:46:39,740 - ObjectDetectionLogger - INFO - Grid coordinates of bounding box computed successfully
2024-05-18 13:46:39,741 - ObjectDetectionLogger - INFO - Percentage of points inside the ROI: 0.00%
2024-05-18 13:46:39,774 - ObjectDetectionLogger - INFO - Grid coordinates of bounding box computed successfully
2024-05-18 13:46:39,775 - ObjectDetectionLogger - INFO - Percentage of points inside the ROI: 0.00%
2024-05-18 13:46:39,775 - ObjectDetectionLogger - INFO - Grid coordinates of bounding box computed successfully
2024-05-18 13:46:39,776 - ObjectDetectionLogger - INFO - Percentage of points inside the ROI: 0.00%
2024-05-18 13:46:39,813 - ObjectDetectionLogger - INFO - Grid coordinates of bounding box computed successfully
2024-05-18 13:46:39,813 - ObjectDetectionLogger - INFO - Percentage of points inside the ROI: 0.00%
2024-05-18 13:46:39,813 - ObjectDetectionLogger - INFO - Grid coordinates of bounding box computed successfully
2024-05-18 13:46:39,814 - ObjectDetectionLogger - INFO - Percentage of points inside the ROI: 0.00%
2024-05-18 13:46:39,849 - ObjectDetectionLogger - INFO - Grid coordinates of bounding box computed successfully
2024-05-18 13:46:39,849 - ObjectDetectionLogger - INFO - Percentage of points inside the ROI: 0.00%
2024-05-18 13:46:39,850 - ObjectDetectionLogger - INFO - Grid coordinates of bounding box computed successfully
2024-05-18 13:46:39,850 - ObjectDetectionLogger - INFO - Percentage of points inside the ROI: 0.00%
2024-05-18 13:46:39,885 - ObjectDetectionLogger - INFO - Grid coordinates of bounding box computed successfully
2024-05-18 13:46:39,885 - ObjectDetectionLogger - INFO - Percentage of points inside the ROI: 0.00%
2024-05-18 13:46:39,886 - ObjectDetectionLogger - INFO - Grid coordinates of bounding box computed successfully
2024-05-18 13:46:39,886 - ObjectDetectionLogger - INFO - Percentage of points inside the ROI: 0.00%
2024-05-18 13:46:39,921 - ObjectDetectionLogger - INFO - Grid coordinates of bounding box computed successfully
2024-05-18 13:46:39,922 - ObjectDetectionLogger - INFO - Percentage of points inside the ROI: 0.00%
2024-05-18 13:46:39,922 - ObjectDetectionLogger - INFO - Grid coordinates of bounding box computed successfully
2024-05-18 13:46:39,922 - ObjectDetectionLogger - INFO - Percentage of points inside the ROI: 0.00%
2024-05-18 13:46:39,955 - ObjectDetectionLogger - INFO - Grid coordinates of bounding box computed successfully
2024-05-18 13:46:39,955 - ObjectDetectionLogger - INFO - Percentage of points inside the ROI: 0.00%
2024-05-18 13:46:39,956 - ObjectDetectionLogger - INFO - Grid coordinates of bounding box computed successfully
2024-05-18 13:46:39,957 - ObjectDetectionLogger - INFO - Percentage of points inside the ROI: 0.00%
2024-05-18 13:46:39,991 - ObjectDetectionLogger - INFO - Grid coordinates of bounding box computed successfully
2024-05-18 13:46:39,991 - ObjectDetectionLogger - INFO - Percentage of points inside the ROI: 0.00%
2024-05-18 13:46:39,991 - ObjectDetectionLogger - INFO - Grid coordinates of bounding box computed successfully
2024-05-18 13:46:39,991 - ObjectDetectionLogger - INFO - Percentage of points inside the ROI: 0.00%
2024-05-18 13:46:40,026 - ObjectDetectionLogger - INFO - Grid coordinates of bounding box computed successfully
2024-05-18 13:46:40,026 - ObjectDetectionLogger - INFO - Percentage of points inside the ROI: 0.00%
2024-05-18 13:46:40,026 - ObjectDetectionLogger - INFO - Grid coordinates of bounding box computed successfully
2024-05-18 13:46:40,027 - ObjectDetectionLogger - INFO - Percentage of points inside the ROI: 0.00%
2024-05-18 13:46:40,063 - ObjectDetectionLogger - INFO - Grid coordinates of bounding box computed successfully
2024-05-18 13:46:40,063 - ObjectDetectionLogger - INFO - Percentage of points inside the ROI: 0.00%
2024-05-18 13:46:40,064 - ObjectDetectionLogger - INFO - Grid coordinates of bounding box computed successfully
2024-05-18 13:46:40,064 - ObjectDetectionLogger - INFO - Percentage of points inside the ROI: 0.00%
2024-05-18 13:46:40,101 - ObjectDetectionLogger - INFO - Grid coordinates of bounding box computed successfully
2024-05-18 13:46:40,102 - ObjectDetectionLogger - INFO - Percentage of points inside the ROI: 0.00%
2024-05-18 13:46:40,102 - ObjectDetectionLogger - INFO - Grid coordinates of bounding box computed successfully
2024-05-18 13:46:40,102 - ObjectDetectionLogger - INFO - Percentage of points inside the ROI: 0.00%
2024-05-18 13:46:40,137 - ObjectDetectionLogger - INFO - Grid coordinates of bounding box computed successfully
2024-05-18 13:46:40,137 - ObjectDetectionLogger - INFO - Percentage of points inside the ROI: 0.00%
2024-05-18 13:46:40,137 - ObjectDetectionLogger - INFO - Grid coordinates of bounding box computed successfully
2024-05-18 13:46:40,137 - ObjectDetectionLogger - INFO - Percentage of points inside the ROI: 0.00%
2024-05-18 13:46:40,138 - ObjectDetectionLogger - INFO - Grid coordinates of bounding box computed successfully
2024-05-18 13:46:40,138 - ObjectDetectionLogger - INFO - Percentage of points inside the ROI: 0.00%
2024-05-18 13:46:40,172 - ObjectDetectionLogger - INFO - Grid coordinates of bounding box computed successfully
2024-05-18 13:46:40,173 - ObjectDetectionLogger - INFO - Percentage of points inside the ROI: 0.00%
2024-05-18 13:46:40,173 - ObjectDetectionLogger - INFO - Grid coordinates of bounding box computed successfully
2024-05-18 13:46:40,173 - ObjectDetectionLogger - INFO - Percentage of points inside the ROI: 0.00%
2024-05-18 13:46:40,174 - ObjectDetectionLogger - INFO - Grid coordinates of bounding box computed successfully
2024-05-18 13:46:40,174 - ObjectDetectionLogger - INFO - Percentage of points inside the ROI: 0.00%
2024-05-18 13:46:40,209 - ObjectDetectionLogger - INFO - Grid coordinates of bounding box computed successfully
2024-05-18 13:46:40,209 - ObjectDetectionLogger - INFO - Percentage of points inside the ROI: 0.00%
2024-05-18 13:46:40,210 - ObjectDetectionLogger - INFO - Grid coordinates of bounding box computed successfully
2024-05-18 13:46:40,210 - ObjectDetectionLogger - INFO - Percentage of points inside the ROI: 0.00%
2024-05-18 13:46:40,210 - ObjectDetectionLogger - INFO - Grid coordinates of bounding box computed successfully
2024-05-18 13:46:40,211 - ObjectDetectionLogger - INFO - Percentage of points inside the ROI: 0.00%
