2024-05-21 00:13:21,421 - ObjectDetectionLogger - INFO - Model path: models/yolov8s.pt
2024-05-21 00:13:23,028 - ObjectDetectionLogger - INFO - Model loaded. Cuda available: True
2024-05-21 00:13:23,080 - ObjectDetectionLogger - INFO - Region of interest points loaded successfully. Num points: 5
2024-05-21 00:13:26,559 - ObjectDetectionLogger - INFO - Grid coordinates of bounding box computed successfully
2024-05-21 00:13:26,559 - ObjectDetectionLogger - INFO - Percentage of points inside the ROI: 0.00%
2024-05-21 00:13:26,561 - ObjectDetectionLogger - INFO - Grid coordinates of bounding box computed successfully
2024-05-21 00:13:26,563 - ObjectDetectionLogger - INFO - Percentage of points inside the ROI: 0.00%
2024-05-21 00:13:26,712 - ObjectDetectionLogger - INFO - Grid coordinates of bounding box computed successfully
2024-05-21 00:13:26,712 - ObjectDetectionLogger - INFO - Percentage of points inside the ROI: 0.00%
2024-05-21 00:13:26,713 - ObjectDetectionLogger - INFO - Grid coordinates of bounding box computed successfully
2024-05-21 00:13:26,714 - ObjectDetectionLogger - INFO - Percentage of points inside the ROI: 0.00%
2024-05-21 00:13:26,778 - ObjectDetectionLogger - INFO - Grid coordinates of bounding box computed successfully
2024-05-21 00:13:26,778 - ObjectDetectionLogger - INFO - Percentage of points inside the ROI: 0.00%
2024-05-21 00:13:26,779 - ObjectDetectionLogger - INFO - Grid coordinates of bounding box computed successfully
2024-05-21 00:13:26,780 - ObjectDetectionLogger - INFO - Percentage of points inside the ROI: 0.00%
2024-05-21 00:13:26,852 - ObjectDetectionLogger - INFO - Grid coordinates of bounding box computed successfully
2024-05-21 00:13:26,852 - ObjectDetectionLogger - INFO - Percentage of points inside the ROI: 0.00%
2024-05-21 00:13:26,853 - ObjectDetectionLogger - INFO - Grid coordinates of bounding box computed successfully
2024-05-21 00:13:26,854 - ObjectDetectionLogger - INFO - Percentage of points inside the ROI: 0.00%
2024-05-21 00:13:26,944 - ObjectDetectionLogger - INFO - Grid coordinates of bounding box computed successfully
2024-05-21 00:13:26,945 - ObjectDetectionLogger - INFO - Percentage of points inside the ROI: 0.00%
2024-05-21 00:13:26,948 - ObjectDetectionLogger - INFO - Grid coordinates of bounding box computed successfully
2024-05-21 00:13:26,949 - ObjectDetectionLogger - INFO - Percentage of points inside the ROI: 0.00%
2024-05-21 00:13:27,009 - ObjectDetectionLogger - INFO - Grid coordinates of bounding box computed successfully
2024-05-21 00:13:27,010 - ObjectDetectionLogger - INFO - Percentage of points inside the ROI: 0.00%
2024-05-21 00:13:27,072 - ObjectDetectionLogger - INFO - Grid coordinates of bounding box computed successfully
2024-05-21 00:13:27,073 - ObjectDetectionLogger - INFO - Percentage of points inside the ROI: 0.00%
2024-05-21 00:13:27,145 - ObjectDetectionLogger - INFO - Grid coordinates of bounding box computed successfully
2024-05-21 00:13:27,145 - ObjectDetectionLogger - INFO - Percentage of points inside the ROI: 0.00%
2024-05-21 00:13:27,210 - ObjectDetectionLogger - INFO - Grid coordinates of bounding box computed successfully
2024-05-21 00:13:27,211 - ObjectDetectionLogger - INFO - Percentage of points inside the ROI: 0.00%
2024-05-21 00:13:27,275 - ObjectDetectionLogger - INFO - Grid coordinates of bounding box computed successfully
2024-05-21 00:13:27,276 - ObjectDetectionLogger - INFO - Percentage of points inside the ROI: 0.00%
2024-05-21 00:13:27,337 - ObjectDetectionLogger - INFO - Grid coordinates of bounding box computed successfully
2024-05-21 00:13:27,337 - ObjectDetectionLogger - INFO - Percentage of points inside the ROI: 0.00%
2024-05-21 00:13:27,423 - ObjectDetectionLogger - INFO - Grid coordinates of bounding box computed successfully
2024-05-21 00:13:27,424 - ObjectDetectionLogger - INFO - Percentage of points inside the ROI: 0.00%
2024-05-21 00:13:27,489 - ObjectDetectionLogger - INFO - Grid coordinates of bounding box computed successfully
2024-05-21 00:13:27,489 - ObjectDetectionLogger - INFO - Percentage of points inside the ROI: 0.00%
2024-05-21 00:13:27,490 - ObjectDetectionLogger - INFO - Grid coordinates of bounding box computed successfully
2024-05-21 00:13:27,490 - ObjectDetectionLogger - INFO - Percentage of points inside the ROI: 0.00%
2024-05-21 00:13:27,544 - ObjectDetectionLogger - INFO - Grid coordinates of bounding box computed successfully
2024-05-21 00:13:27,544 - ObjectDetectionLogger - INFO - Percentage of points inside the ROI: 0.00%
2024-05-21 00:13:27,545 - ObjectDetectionLogger - INFO - Grid coordinates of bounding box computed successfully
2024-05-21 00:13:27,545 - ObjectDetectionLogger - INFO - Percentage of points inside the ROI: 0.00%
2024-05-21 00:13:27,635 - ObjectDetectionLogger - INFO - Grid coordinates of bounding box computed successfully
2024-05-21 00:13:27,636 - ObjectDetectionLogger - INFO - Percentage of points inside the ROI: 0.00%
2024-05-21 00:13:27,638 - ObjectDetectionLogger - INFO - Grid coordinates of bounding box computed successfully
2024-05-21 00:13:27,639 - ObjectDetectionLogger - INFO - Percentage of points inside the ROI: 0.00%
2024-05-21 00:13:27,703 - ObjectDetectionLogger - INFO - Grid coordinates of bounding box computed successfully
2024-05-21 00:13:27,703 - ObjectDetectionLogger - INFO - Percentage of points inside the ROI: 0.00%
2024-05-21 00:13:27,704 - ObjectDetectionLogger - INFO - Grid coordinates of bounding box computed successfully
2024-05-21 00:13:27,704 - ObjectDetectionLogger - INFO - Percentage of points inside the ROI: 0.00%
2024-05-21 00:13:27,761 - ObjectDetectionLogger - INFO - Grid coordinates of bounding box computed successfully
2024-05-21 00:13:27,762 - ObjectDetectionLogger - INFO - Percentage of points inside the ROI: 0.00%
2024-05-21 00:13:27,762 - ObjectDetectionLogger - INFO - Grid coordinates of bounding box computed successfully
2024-05-21 00:13:27,763 - ObjectDetectionLogger - INFO - Percentage of points inside the ROI: 0.00%
2024-05-21 00:13:27,819 - ObjectDetectionLogger - INFO - Grid coordinates of bounding box computed successfully
2024-05-21 00:13:27,820 - ObjectDetectionLogger - INFO - Percentage of points inside the ROI: 0.00%
2024-05-21 00:13:27,821 - ObjectDetectionLogger - INFO - Grid coordinates of bounding box computed successfully
2024-05-21 00:13:27,821 - ObjectDetectionLogger - INFO - Percentage of points inside the ROI: 0.00%
2024-05-21 00:13:27,884 - ObjectDetectionLogger - INFO - Grid coordinates of bounding box computed successfully
2024-05-21 00:13:27,885 - ObjectDetectionLogger - INFO - Percentage of points inside the ROI: 0.00%
2024-05-21 00:13:27,886 - ObjectDetectionLogger - INFO - Grid coordinates of bounding box computed successfully
2024-05-21 00:13:27,887 - ObjectDetectionLogger - INFO - Percentage of points inside the ROI: 0.00%
2024-05-21 00:13:27,954 - ObjectDetectionLogger - INFO - Grid coordinates of bounding box computed successfully
2024-05-21 00:13:27,954 - ObjectDetectionLogger - INFO - Percentage of points inside the ROI: 0.00%
2024-05-21 00:13:27,955 - ObjectDetectionLogger - INFO - Grid coordinates of bounding box computed successfully
2024-05-21 00:13:27,955 - ObjectDetectionLogger - INFO - Percentage of points inside the ROI: 0.00%
2024-05-21 00:13:28,028 - ObjectDetectionLogger - INFO - Grid coordinates of bounding box computed successfully
2024-05-21 00:13:28,028 - ObjectDetectionLogger - INFO - Percentage of points inside the ROI: 0.00%
2024-05-21 00:13:28,030 - ObjectDetectionLogger - INFO - Grid coordinates of bounding box computed successfully
2024-05-21 00:13:28,030 - ObjectDetectionLogger - INFO - Percentage of points inside the ROI: 0.00%
2024-05-21 00:13:28,102 - ObjectDetectionLogger - INFO - Grid coordinates of bounding box computed successfully
2024-05-21 00:13:28,103 - ObjectDetectionLogger - INFO - Percentage of points inside the ROI: 0.00%
2024-05-21 00:13:28,103 - ObjectDetectionLogger - INFO - Grid coordinates of bounding box computed successfully
2024-05-21 00:13:28,104 - ObjectDetectionLogger - INFO - Percentage of points inside the ROI: 0.00%
2024-05-21 00:13:28,169 - ObjectDetectionLogger - INFO - Grid coordinates of bounding box computed successfully
2024-05-21 00:13:28,170 - ObjectDetectionLogger - INFO - Percentage of points inside the ROI: 0.00%
2024-05-21 00:13:28,170 - ObjectDetectionLogger - INFO - Grid coordinates of bounding box computed successfully
2024-05-21 00:13:28,171 - ObjectDetectionLogger - INFO - Percentage of points inside the ROI: 0.00%
2024-05-21 00:13:28,233 - ObjectDetectionLogger - INFO - Grid coordinates of bounding box computed successfully
2024-05-21 00:13:28,233 - ObjectDetectionLogger - INFO - Percentage of points inside the ROI: 0.00%
2024-05-21 00:13:28,234 - ObjectDetectionLogger - INFO - Grid coordinates of bounding box computed successfully
2024-05-21 00:13:28,235 - ObjectDetectionLogger - INFO - Percentage of points inside the ROI: 0.00%
2024-05-21 00:13:28,298 - ObjectDetectionLogger - INFO - Grid coordinates of bounding box computed successfully
2024-05-21 00:13:28,299 - ObjectDetectionLogger - INFO - Percentage of points inside the ROI: 0.00%
2024-05-21 00:13:28,299 - ObjectDetectionLogger - INFO - Grid coordinates of bounding box computed successfully
2024-05-21 00:13:28,300 - ObjectDetectionLogger - INFO - Percentage of points inside the ROI: 0.00%
2024-05-21 00:13:28,361 - ObjectDetectionLogger - INFO - Grid coordinates of bounding box computed successfully
2024-05-21 00:13:28,363 - ObjectDetectionLogger - INFO - Percentage of points inside the ROI: 0.00%
2024-05-21 00:13:28,364 - ObjectDetectionLogger - INFO - Grid coordinates of bounding box computed successfully
2024-05-21 00:13:28,364 - ObjectDetectionLogger - INFO - Percentage of points inside the ROI: 0.00%
2024-05-21 00:13:28,433 - ObjectDetectionLogger - INFO - Grid coordinates of bounding box computed successfully
2024-05-21 00:13:28,433 - ObjectDetectionLogger - INFO - Percentage of points inside the ROI: 0.00%
2024-05-21 00:13:28,435 - ObjectDetectionLogger - INFO - Grid coordinates of bounding box computed successfully
2024-05-21 00:13:28,435 - ObjectDetectionLogger - INFO - Percentage of points inside the ROI: 0.00%
2024-05-21 00:13:28,494 - ObjectDetectionLogger - INFO - Grid coordinates of bounding box computed successfully
2024-05-21 00:13:28,494 - ObjectDetectionLogger - INFO - Percentage of points inside the ROI: 0.00%
2024-05-21 00:13:28,495 - ObjectDetectionLogger - INFO - Grid coordinates of bounding box computed successfully
2024-05-21 00:13:28,495 - ObjectDetectionLogger - INFO - Percentage of points inside the ROI: 0.00%
2024-05-21 00:13:28,581 - ObjectDetectionLogger - INFO - Grid coordinates of bounding box computed successfully
2024-05-21 00:13:28,582 - ObjectDetectionLogger - INFO - Percentage of points inside the ROI: 0.00%
2024-05-21 00:13:28,584 - ObjectDetectionLogger - INFO - Grid coordinates of bounding box computed successfully
2024-05-21 00:13:28,584 - ObjectDetectionLogger - INFO - Percentage of points inside the ROI: 0.00%
2024-05-21 00:13:28,658 - ObjectDetectionLogger - INFO - Grid coordinates of bounding box computed successfully
2024-05-21 00:13:28,659 - ObjectDetectionLogger - INFO - Percentage of points inside the ROI: 0.00%
2024-05-21 00:13:28,660 - ObjectDetectionLogger - INFO - Grid coordinates of bounding box computed successfully
2024-05-21 00:13:28,660 - ObjectDetectionLogger - INFO - Percentage of points inside the ROI: 0.00%
2024-05-21 00:13:28,729 - ObjectDetectionLogger - INFO - Grid coordinates of bounding box computed successfully
2024-05-21 00:13:28,730 - ObjectDetectionLogger - INFO - Percentage of points inside the ROI: 0.00%
2024-05-21 00:13:28,731 - ObjectDetectionLogger - INFO - Grid coordinates of bounding box computed successfully
2024-05-21 00:13:28,732 - ObjectDetectionLogger - INFO - Percentage of points inside the ROI: 0.00%
2024-05-21 00:13:28,799 - ObjectDetectionLogger - INFO - Grid coordinates of bounding box computed successfully
2024-05-21 00:13:28,800 - ObjectDetectionLogger - INFO - Percentage of points inside the ROI: 0.00%
2024-05-21 00:13:28,801 - ObjectDetectionLogger - INFO - Grid coordinates of bounding box computed successfully
2024-05-21 00:13:28,801 - ObjectDetectionLogger - INFO - Percentage of points inside the ROI: 0.00%
2024-05-21 00:13:28,874 - ObjectDetectionLogger - INFO - Grid coordinates of bounding box computed successfully
2024-05-21 00:13:28,875 - ObjectDetectionLogger - INFO - Percentage of points inside the ROI: 0.00%
2024-05-21 00:13:28,877 - ObjectDetectionLogger - INFO - Grid coordinates of bounding box computed successfully
2024-05-21 00:13:28,878 - ObjectDetectionLogger - INFO - Percentage of points inside the ROI: 0.00%
2024-05-21 00:13:28,947 - ObjectDetectionLogger - INFO - Grid coordinates of bounding box computed successfully
2024-05-21 00:13:28,948 - ObjectDetectionLogger - INFO - Percentage of points inside the ROI: 0.00%
2024-05-21 00:13:28,949 - ObjectDetectionLogger - INFO - Grid coordinates of bounding box computed successfully
2024-05-21 00:13:28,949 - ObjectDetectionLogger - INFO - Percentage of points inside the ROI: 0.00%
2024-05-21 00:13:29,013 - ObjectDetectionLogger - INFO - Grid coordinates of bounding box computed successfully
2024-05-21 00:13:29,014 - ObjectDetectionLogger - INFO - Percentage of points inside the ROI: 0.00%
2024-05-21 00:13:29,015 - ObjectDetectionLogger - INFO - Grid coordinates of bounding box computed successfully
2024-05-21 00:13:29,015 - ObjectDetectionLogger - INFO - Percentage of points inside the ROI: 0.00%
2024-05-21 00:13:29,016 - ObjectDetectionLogger - INFO - Grid coordinates of bounding box computed successfully
2024-05-21 00:13:29,016 - ObjectDetectionLogger - INFO - Percentage of points inside the ROI: 0.00%
2024-05-21 00:13:29,072 - ObjectDetectionLogger - INFO - Grid coordinates of bounding box computed successfully
2024-05-21 00:13:29,073 - ObjectDetectionLogger - INFO - Percentage of points inside the ROI: 0.00%
2024-05-21 00:13:29,074 - ObjectDetectionLogger - INFO - Grid coordinates of bounding box computed successfully
2024-05-21 00:13:29,074 - ObjectDetectionLogger - INFO - Percentage of points inside the ROI: 0.00%
2024-05-21 00:13:29,075 - ObjectDetectionLogger - INFO - Grid coordinates of bounding box computed successfully
2024-05-21 00:13:29,075 - ObjectDetectionLogger - INFO - Percentage of points inside the ROI: 0.00%
2024-05-21 00:13:29,143 - ObjectDetectionLogger - INFO - Grid coordinates of bounding box computed successfully
2024-05-21 00:13:29,144 - ObjectDetectionLogger - INFO - Percentage of points inside the ROI: 0.00%
2024-05-21 00:13:29,144 - ObjectDetectionLogger - INFO - Grid coordinates of bounding box computed successfully
2024-05-21 00:13:29,145 - ObjectDetectionLogger - INFO - Percentage of points inside the ROI: 0.00%
2024-05-21 00:13:29,208 - ObjectDetectionLogger - INFO - Grid coordinates of bounding box computed successfully
2024-05-21 00:13:29,209 - ObjectDetectionLogger - INFO - Percentage of points inside the ROI: 0.00%
2024-05-21 00:13:29,210 - ObjectDetectionLogger - INFO - Grid coordinates of bounding box computed successfully
2024-05-21 00:13:29,211 - ObjectDetectionLogger - INFO - Percentage of points inside the ROI: 0.00%
2024-05-21 00:13:29,212 - ObjectDetectionLogger - INFO - Grid coordinates of bounding box computed successfully
2024-05-21 00:13:29,213 - ObjectDetectionLogger - INFO - Percentage of points inside the ROI: 0.00%
2024-05-21 00:13:29,284 - ObjectDetectionLogger - INFO - Grid coordinates of bounding box computed successfully
2024-05-21 00:13:29,285 - ObjectDetectionLogger - INFO - Percentage of points inside the ROI: 0.00%
2024-05-21 00:13:29,286 - ObjectDetectionLogger - INFO - Grid coordinates of bounding box computed successfully
2024-05-21 00:13:29,287 - ObjectDetectionLogger - INFO - Percentage of points inside the ROI: 0.00%
2024-05-21 00:13:29,350 - ObjectDetectionLogger - INFO - Grid coordinates of bounding box computed successfully
2024-05-21 00:13:29,350 - ObjectDetectionLogger - INFO - Percentage of points inside the ROI: 0.00%
2024-05-21 00:13:29,352 - ObjectDetectionLogger - INFO - Grid coordinates of bounding box computed successfully
2024-05-21 00:13:29,352 - ObjectDetectionLogger - INFO - Percentage of points inside the ROI: 0.00%
2024-05-21 00:13:29,418 - ObjectDetectionLogger - INFO - Grid coordinates of bounding box computed successfully
2024-05-21 00:13:29,419 - ObjectDetectionLogger - INFO - Percentage of points inside the ROI: 0.00%
2024-05-21 00:13:29,419 - ObjectDetectionLogger - INFO - Grid coordinates of bounding box computed successfully
2024-05-21 00:13:29,420 - ObjectDetectionLogger - INFO - Percentage of points inside the ROI: 0.00%
2024-05-21 00:13:29,482 - ObjectDetectionLogger - INFO - Grid coordinates of bounding box computed successfully
2024-05-21 00:13:29,482 - ObjectDetectionLogger - INFO - Percentage of points inside the ROI: 0.00%
2024-05-21 00:13:29,483 - ObjectDetectionLogger - INFO - Grid coordinates of bounding box computed successfully
2024-05-21 00:13:29,484 - ObjectDetectionLogger - INFO - Percentage of points inside the ROI: 0.00%
2024-05-21 00:13:29,542 - ObjectDetectionLogger - INFO - Grid coordinates of bounding box computed successfully
2024-05-21 00:13:29,542 - ObjectDetectionLogger - INFO - Percentage of points inside the ROI: 0.00%
2024-05-21 00:13:29,543 - ObjectDetectionLogger - INFO - Grid coordinates of bounding box computed successfully
2024-05-21 00:13:29,543 - ObjectDetectionLogger - INFO - Percentage of points inside the ROI: 0.00%
2024-05-21 00:13:29,602 - ObjectDetectionLogger - INFO - Grid coordinates of bounding box computed successfully
2024-05-21 00:13:29,603 - ObjectDetectionLogger - INFO - Percentage of points inside the ROI: 0.00%
2024-05-21 00:13:29,604 - ObjectDetectionLogger - INFO - Grid coordinates of bounding box computed successfully
2024-05-21 00:13:29,604 - ObjectDetectionLogger - INFO - Percentage of points inside the ROI: 0.00%
2024-05-21 00:13:29,661 - ObjectDetectionLogger - INFO - Grid coordinates of bounding box computed successfully
2024-05-21 00:13:29,661 - ObjectDetectionLogger - INFO - Percentage of points inside the ROI: 0.00%
2024-05-21 00:13:29,662 - ObjectDetectionLogger - INFO - Grid coordinates of bounding box computed successfully
2024-05-21 00:13:29,663 - ObjectDetectionLogger - INFO - Percentage of points inside the ROI: 0.00%
2024-05-21 00:13:29,727 - ObjectDetectionLogger - INFO - Grid coordinates of bounding box computed successfully
2024-05-21 00:13:29,727 - ObjectDetectionLogger - INFO - Percentage of points inside the ROI: 0.00%
2024-05-21 00:13:29,728 - ObjectDetectionLogger - INFO - Grid coordinates of bounding box computed successfully
2024-05-21 00:13:29,728 - ObjectDetectionLogger - INFO - Percentage of points inside the ROI: 0.00%
2024-05-21 00:13:29,791 - ObjectDetectionLogger - INFO - Grid coordinates of bounding box computed successfully
2024-05-21 00:13:29,792 - ObjectDetectionLogger - INFO - Percentage of points inside the ROI: 0.00%
2024-05-21 00:13:29,793 - ObjectDetectionLogger - INFO - Grid coordinates of bounding box computed successfully
2024-05-21 00:13:29,793 - ObjectDetectionLogger - INFO - Percentage of points inside the ROI: 0.00%
2024-05-21 00:13:29,898 - ObjectDetectionLogger - INFO - Grid coordinates of bounding box computed successfully
2024-05-21 00:13:29,900 - ObjectDetectionLogger - INFO - Percentage of points inside the ROI: 0.00%
2024-05-21 00:13:29,901 - ObjectDetectionLogger - INFO - Grid coordinates of bounding box computed successfully
2024-05-21 00:13:29,902 - ObjectDetectionLogger - INFO - Percentage of points inside the ROI: 0.00%
2024-05-21 00:13:29,969 - ObjectDetectionLogger - INFO - Grid coordinates of bounding box computed successfully
2024-05-21 00:13:29,969 - ObjectDetectionLogger - INFO - Percentage of points inside the ROI: 0.00%
2024-05-21 00:13:29,970 - ObjectDetectionLogger - INFO - Grid coordinates of bounding box computed successfully
2024-05-21 00:13:29,970 - ObjectDetectionLogger - INFO - Percentage of points inside the ROI: 0.00%
2024-05-21 00:13:30,038 - ObjectDetectionLogger - INFO - Grid coordinates of bounding box computed successfully
2024-05-21 00:13:30,039 - ObjectDetectionLogger - INFO - Percentage of points inside the ROI: 0.00%
2024-05-21 00:13:30,041 - ObjectDetectionLogger - INFO - Grid coordinates of bounding box computed successfully
2024-05-21 00:13:30,042 - ObjectDetectionLogger - INFO - Percentage of points inside the ROI: 0.00%
2024-05-21 00:13:30,043 - ObjectDetectionLogger - INFO - Grid coordinates of bounding box computed successfully
2024-05-21 00:13:30,044 - ObjectDetectionLogger - INFO - Percentage of points inside the ROI: 0.00%
2024-05-21 00:13:30,117 - ObjectDetectionLogger - INFO - Grid coordinates of bounding box computed successfully
2024-05-21 00:13:30,118 - ObjectDetectionLogger - INFO - Percentage of points inside the ROI: 0.00%
2024-05-21 00:13:30,119 - ObjectDetectionLogger - INFO - Grid coordinates of bounding box computed successfully
2024-05-21 00:13:30,120 - ObjectDetectionLogger - INFO - Percentage of points inside the ROI: 0.00%
2024-05-21 00:13:30,120 - ObjectDetectionLogger - INFO - Grid coordinates of bounding box computed successfully
2024-05-21 00:13:30,121 - ObjectDetectionLogger - INFO - Percentage of points inside the ROI: 0.00%
2024-05-21 00:13:30,186 - ObjectDetectionLogger - INFO - Grid coordinates of bounding box computed successfully
2024-05-21 00:13:30,186 - ObjectDetectionLogger - INFO - Percentage of points inside the ROI: 0.00%
2024-05-21 00:13:30,187 - ObjectDetectionLogger - INFO - Grid coordinates of bounding box computed successfully
2024-05-21 00:13:30,187 - ObjectDetectionLogger - INFO - Percentage of points inside the ROI: 0.00%
2024-05-21 00:13:30,188 - ObjectDetectionLogger - INFO - Grid coordinates of bounding box computed successfully
2024-05-21 00:13:30,189 - ObjectDetectionLogger - INFO - Percentage of points inside the ROI: 0.00%
2024-05-21 00:13:30,253 - ObjectDetectionLogger - INFO - Grid coordinates of bounding box computed successfully
2024-05-21 00:13:30,253 - ObjectDetectionLogger - INFO - Percentage of points inside the ROI: 0.00%
2024-05-21 00:13:30,255 - ObjectDetectionLogger - INFO - Grid coordinates of bounding box computed successfully
2024-05-21 00:13:30,256 - ObjectDetectionLogger - INFO - Percentage of points inside the ROI: 0.00%
2024-05-21 00:13:30,257 - ObjectDetectionLogger - INFO - Grid coordinates of bounding box computed successfully
2024-05-21 00:13:30,258 - ObjectDetectionLogger - INFO - Percentage of points inside the ROI: 0.00%
2024-05-21 00:13:30,260 - ObjectDetectionLogger - INFO - Grid coordinates of bounding box computed successfully
2024-05-21 00:13:30,260 - ObjectDetectionLogger - INFO - Percentage of points inside the ROI: 0.00%
2024-05-21 00:13:30,354 - ObjectDetectionLogger - INFO - Grid coordinates of bounding box computed successfully
2024-05-21 00:13:30,355 - ObjectDetectionLogger - INFO - Percentage of points inside the ROI: 0.00%
2024-05-21 00:13:30,356 - ObjectDetectionLogger - INFO - Grid coordinates of bounding box computed successfully
2024-05-21 00:13:30,357 - ObjectDetectionLogger - INFO - Percentage of points inside the ROI: 0.00%
2024-05-21 00:13:30,358 - ObjectDetectionLogger - INFO - Grid coordinates of bounding box computed successfully
2024-05-21 00:13:30,359 - ObjectDetectionLogger - INFO - Percentage of points inside the ROI: 0.00%
2024-05-21 00:13:30,434 - ObjectDetectionLogger - INFO - Grid coordinates of bounding box computed successfully
2024-05-21 00:13:30,435 - ObjectDetectionLogger - INFO - Percentage of points inside the ROI: 0.00%
2024-05-21 00:13:30,436 - ObjectDetectionLogger - INFO - Grid coordinates of bounding box computed successfully
2024-05-21 00:13:30,436 - ObjectDetectionLogger - INFO - Percentage of points inside the ROI: 0.00%
2024-05-21 00:13:30,437 - ObjectDetectionLogger - INFO - Grid coordinates of bounding box computed successfully
2024-05-21 00:13:30,438 - ObjectDetectionLogger - INFO - Percentage of points inside the ROI: 0.00%
2024-05-21 00:13:30,439 - ObjectDetectionLogger - INFO - Grid coordinates of bounding box computed successfully
2024-05-21 00:13:30,439 - ObjectDetectionLogger - INFO - Percentage of points inside the ROI: 0.00%
2024-05-21 00:13:30,514 - ObjectDetectionLogger - INFO - Grid coordinates of bounding box computed successfully
2024-05-21 00:13:30,514 - ObjectDetectionLogger - INFO - Percentage of points inside the ROI: 0.00%
2024-05-21 00:13:30,515 - ObjectDetectionLogger - INFO - Grid coordinates of bounding box computed successfully
2024-05-21 00:13:30,516 - ObjectDetectionLogger - INFO - Percentage of points inside the ROI: 0.00%
2024-05-21 00:13:30,518 - ObjectDetectionLogger - INFO - Grid coordinates of bounding box computed successfully
2024-05-21 00:13:30,518 - ObjectDetectionLogger - INFO - Percentage of points inside the ROI: 0.00%
2024-05-21 00:13:30,519 - ObjectDetectionLogger - INFO - Grid coordinates of bounding box computed successfully
2024-05-21 00:13:30,520 - ObjectDetectionLogger - INFO - Percentage of points inside the ROI: 0.00%
2024-05-21 00:13:30,590 - ObjectDetectionLogger - INFO - Grid coordinates of bounding box computed successfully
2024-05-21 00:13:30,591 - ObjectDetectionLogger - INFO - Percentage of points inside the ROI: 0.00%
2024-05-21 00:13:30,592 - ObjectDetectionLogger - INFO - Grid coordinates of bounding box computed successfully
2024-05-21 00:13:30,592 - ObjectDetectionLogger - INFO - Percentage of points inside the ROI: 0.00%
2024-05-21 00:13:30,594 - ObjectDetectionLogger - INFO - Grid coordinates of bounding box computed successfully
2024-05-21 00:13:30,594 - ObjectDetectionLogger - INFO - Percentage of points inside the ROI: 0.00%
2024-05-21 00:13:30,595 - ObjectDetectionLogger - INFO - Grid coordinates of bounding box computed successfully
2024-05-21 00:13:30,595 - ObjectDetectionLogger - INFO - Percentage of points inside the ROI: 0.00%
2024-05-21 00:13:30,664 - ObjectDetectionLogger - INFO - Grid coordinates of bounding box computed successfully
2024-05-21 00:13:30,664 - ObjectDetectionLogger - INFO - Percentage of points inside the ROI: 0.00%
2024-05-21 00:13:30,665 - ObjectDetectionLogger - INFO - Grid coordinates of bounding box computed successfully
2024-05-21 00:13:30,666 - ObjectDetectionLogger - INFO - Percentage of points inside the ROI: 0.00%
2024-05-21 00:13:30,667 - ObjectDetectionLogger - INFO - Grid coordinates of bounding box computed successfully
2024-05-21 00:13:30,667 - ObjectDetectionLogger - INFO - Percentage of points inside the ROI: 0.00%
2024-05-21 00:13:30,668 - ObjectDetectionLogger - INFO - Grid coordinates of bounding box computed successfully
2024-05-21 00:13:30,669 - ObjectDetectionLogger - INFO - Percentage of points inside the ROI: 0.00%
2024-05-21 00:13:30,734 - ObjectDetectionLogger - INFO - Grid coordinates of bounding box computed successfully
2024-05-21 00:13:30,735 - ObjectDetectionLogger - INFO - Percentage of points inside the ROI: 0.00%
2024-05-21 00:13:30,735 - ObjectDetectionLogger - INFO - Grid coordinates of bounding box computed successfully
2024-05-21 00:13:30,736 - ObjectDetectionLogger - INFO - Percentage of points inside the ROI: 0.00%
2024-05-21 00:13:30,736 - ObjectDetectionLogger - INFO - Grid coordinates of bounding box computed successfully
2024-05-21 00:13:30,737 - ObjectDetectionLogger - INFO - Percentage of points inside the ROI: 0.00%
2024-05-21 00:13:30,737 - ObjectDetectionLogger - INFO - Grid coordinates of bounding box computed successfully
2024-05-21 00:13:30,738 - ObjectDetectionLogger - INFO - Percentage of points inside the ROI: 0.00%
2024-05-21 00:13:30,802 - ObjectDetectionLogger - INFO - Grid coordinates of bounding box computed successfully
2024-05-21 00:13:30,803 - ObjectDetectionLogger - INFO - Percentage of points inside the ROI: 0.00%
2024-05-21 00:13:30,803 - ObjectDetectionLogger - INFO - Grid coordinates of bounding box computed successfully
2024-05-21 00:13:30,804 - ObjectDetectionLogger - INFO - Percentage of points inside the ROI: 0.00%
2024-05-21 00:13:30,805 - ObjectDetectionLogger - INFO - Grid coordinates of bounding box computed successfully
2024-05-21 00:13:30,805 - ObjectDetectionLogger - INFO - Percentage of points inside the ROI: 0.00%
2024-05-21 00:13:30,806 - ObjectDetectionLogger - INFO - Grid coordinates of bounding box computed successfully
2024-05-21 00:13:30,806 - ObjectDetectionLogger - INFO - Percentage of points inside the ROI: 0.00%
2024-05-21 00:13:30,873 - ObjectDetectionLogger - INFO - Grid coordinates of bounding box computed successfully
2024-05-21 00:13:30,873 - ObjectDetectionLogger - INFO - Percentage of points inside the ROI: 0.00%
2024-05-21 00:13:30,874 - ObjectDetectionLogger - INFO - Grid coordinates of bounding box computed successfully
2024-05-21 00:13:30,874 - ObjectDetectionLogger - INFO - Percentage of points inside the ROI: 0.00%
2024-05-21 00:13:30,874 - ObjectDetectionLogger - INFO - Grid coordinates of bounding box computed successfully
2024-05-21 00:13:30,875 - ObjectDetectionLogger - INFO - Percentage of points inside the ROI: 0.00%
2024-05-21 00:13:30,876 - ObjectDetectionLogger - INFO - Grid coordinates of bounding box computed successfully
2024-05-21 00:13:30,876 - ObjectDetectionLogger - INFO - Percentage of points inside the ROI: 0.00%
2024-05-21 00:13:30,949 - ObjectDetectionLogger - INFO - Grid coordinates of bounding box computed successfully
2024-05-21 00:13:30,949 - ObjectDetectionLogger - INFO - Percentage of points inside the ROI: 0.00%
2024-05-21 00:13:30,950 - ObjectDetectionLogger - INFO - Grid coordinates of bounding box computed successfully
2024-05-21 00:13:30,951 - ObjectDetectionLogger - INFO - Percentage of points inside the ROI: 0.00%
2024-05-21 00:13:30,951 - ObjectDetectionLogger - INFO - Grid coordinates of bounding box computed successfully
2024-05-21 00:13:30,952 - ObjectDetectionLogger - INFO - Percentage of points inside the ROI: 0.00%
2024-05-21 00:13:30,952 - ObjectDetectionLogger - INFO - Grid coordinates of bounding box computed successfully
2024-05-21 00:13:30,953 - ObjectDetectionLogger - INFO - Percentage of points inside the ROI: 0.00%
2024-05-21 00:13:31,009 - ObjectDetectionLogger - INFO - Grid coordinates of bounding box computed successfully
2024-05-21 00:13:31,009 - ObjectDetectionLogger - INFO - Percentage of points inside the ROI: 0.00%
2024-05-21 00:13:31,010 - ObjectDetectionLogger - INFO - Grid coordinates of bounding box computed successfully
2024-05-21 00:13:31,010 - ObjectDetectionLogger - INFO - Percentage of points inside the ROI: 0.00%
2024-05-21 00:13:31,011 - ObjectDetectionLogger - INFO - Grid coordinates of bounding box computed successfully
2024-05-21 00:13:31,011 - ObjectDetectionLogger - INFO - Percentage of points inside the ROI: 0.00%
2024-05-21 00:13:31,012 - ObjectDetectionLogger - INFO - Grid coordinates of bounding box computed successfully
2024-05-21 00:13:31,017 - ObjectDetectionLogger - INFO - Percentage of points inside the ROI: 0.00%
2024-05-21 00:13:31,082 - ObjectDetectionLogger - INFO - Grid coordinates of bounding box computed successfully
2024-05-21 00:13:31,082 - ObjectDetectionLogger - INFO - Percentage of points inside the ROI: 0.00%
2024-05-21 00:13:31,083 - ObjectDetectionLogger - INFO - Grid coordinates of bounding box computed successfully
2024-05-21 00:13:31,083 - ObjectDetectionLogger - INFO - Percentage of points inside the ROI: 0.00%
2024-05-21 00:13:31,084 - ObjectDetectionLogger - INFO - Grid coordinates of bounding box computed successfully
2024-05-21 00:13:31,084 - ObjectDetectionLogger - INFO - Percentage of points inside the ROI: 0.00%
2024-05-21 00:13:31,085 - ObjectDetectionLogger - INFO - Grid coordinates of bounding box computed successfully
2024-05-21 00:13:31,085 - ObjectDetectionLogger - INFO - Percentage of points inside the ROI: 0.00%
2024-05-21 00:13:31,164 - ObjectDetectionLogger - INFO - Grid coordinates of bounding box computed successfully
2024-05-21 00:13:31,165 - ObjectDetectionLogger - INFO - Percentage of points inside the ROI: 0.00%
2024-05-21 00:13:31,166 - ObjectDetectionLogger - INFO - Grid coordinates of bounding box computed successfully
2024-05-21 00:13:31,166 - ObjectDetectionLogger - INFO - Percentage of points inside the ROI: 0.00%
2024-05-21 00:13:31,166 - ObjectDetectionLogger - INFO - Grid coordinates of bounding box computed successfully
2024-05-21 00:13:31,167 - ObjectDetectionLogger - INFO - Percentage of points inside the ROI: 0.00%
2024-05-21 00:13:31,168 - ObjectDetectionLogger - INFO - Grid coordinates of bounding box computed successfully
2024-05-21 00:13:31,168 - ObjectDetectionLogger - INFO - Percentage of points inside the ROI: 0.00%
2024-05-21 00:13:31,239 - ObjectDetectionLogger - INFO - Grid coordinates of bounding box computed successfully
2024-05-21 00:13:31,239 - ObjectDetectionLogger - INFO - Percentage of points inside the ROI: 0.00%
2024-05-21 00:13:31,240 - ObjectDetectionLogger - INFO - Grid coordinates of bounding box computed successfully
2024-05-21 00:13:31,241 - ObjectDetectionLogger - INFO - Percentage of points inside the ROI: 0.00%
2024-05-21 00:13:31,241 - ObjectDetectionLogger - INFO - Grid coordinates of bounding box computed successfully
2024-05-21 00:13:31,242 - ObjectDetectionLogger - INFO - Percentage of points inside the ROI: 0.00%
2024-05-21 00:13:31,243 - ObjectDetectionLogger - INFO - Grid coordinates of bounding box computed successfully
2024-05-21 00:13:31,243 - ObjectDetectionLogger - INFO - Percentage of points inside the ROI: 0.00%
2024-05-21 00:13:31,306 - ObjectDetectionLogger - INFO - Grid coordinates of bounding box computed successfully
2024-05-21 00:13:31,307 - ObjectDetectionLogger - INFO - Percentage of points inside the ROI: 0.00%
2024-05-21 00:13:31,308 - ObjectDetectionLogger - INFO - Grid coordinates of bounding box computed successfully
2024-05-21 00:13:31,308 - ObjectDetectionLogger - INFO - Percentage of points inside the ROI: 0.00%
2024-05-21 00:13:31,309 - ObjectDetectionLogger - INFO - Grid coordinates of bounding box computed successfully
2024-05-21 00:13:31,310 - ObjectDetectionLogger - INFO - Percentage of points inside the ROI: 0.00%
2024-05-21 00:13:31,310 - ObjectDetectionLogger - INFO - Grid coordinates of bounding box computed successfully
2024-05-21 00:13:31,311 - ObjectDetectionLogger - INFO - Percentage of points inside the ROI: 0.00%
2024-05-21 00:13:31,311 - ObjectDetectionLogger - INFO - Grid coordinates of bounding box computed successfully
2024-05-21 00:13:31,311 - ObjectDetectionLogger - INFO - Percentage of points inside the ROI: 0.00%
2024-05-21 00:13:31,372 - ObjectDetectionLogger - INFO - Grid coordinates of bounding box computed successfully
2024-05-21 00:13:31,372 - ObjectDetectionLogger - INFO - Percentage of points inside the ROI: 0.00%
2024-05-21 00:13:31,374 - ObjectDetectionLogger - INFO - Grid coordinates of bounding box computed successfully
2024-05-21 00:13:31,374 - ObjectDetectionLogger - INFO - Percentage of points inside the ROI: 2.00%
2024-05-21 00:13:31,375 - ObjectDetectionLogger - INFO - Grid coordinates of bounding box computed successfully
2024-05-21 00:13:31,375 - ObjectDetectionLogger - INFO - Percentage of points inside the ROI: 0.00%
2024-05-21 00:13:31,376 - ObjectDetectionLogger - INFO - Grid coordinates of bounding box computed successfully
2024-05-21 00:13:31,376 - ObjectDetectionLogger - INFO - Percentage of points inside the ROI: 0.00%
2024-05-21 00:13:31,444 - ObjectDetectionLogger - INFO - Grid coordinates of bounding box computed successfully
2024-05-21 00:13:31,444 - ObjectDetectionLogger - INFO - Percentage of points inside the ROI: 10.00%
2024-05-21 00:13:31,445 - ObjectDetectionLogger - INFO - Grid coordinates of bounding box computed successfully
2024-05-21 00:13:31,446 - ObjectDetectionLogger - INFO - Percentage of points inside the ROI: 0.00%
2024-05-21 00:13:31,447 - ObjectDetectionLogger - INFO - Grid coordinates of bounding box computed successfully
2024-05-21 00:13:31,447 - ObjectDetectionLogger - INFO - Percentage of points inside the ROI: 0.00%
2024-05-21 00:13:31,447 - ObjectDetectionLogger - INFO - Grid coordinates of bounding box computed successfully
2024-05-21 00:13:31,448 - ObjectDetectionLogger - INFO - Percentage of points inside the ROI: 0.00%
2024-05-21 00:13:31,506 - ObjectDetectionLogger - INFO - Grid coordinates of bounding box computed successfully
2024-05-21 00:13:31,507 - ObjectDetectionLogger - INFO - Percentage of points inside the ROI: 10.00%
2024-05-21 00:13:31,508 - ObjectDetectionLogger - INFO - Grid coordinates of bounding box computed successfully
2024-05-21 00:13:31,508 - ObjectDetectionLogger - INFO - Percentage of points inside the ROI: 0.00%
2024-05-21 00:13:31,509 - ObjectDetectionLogger - INFO - Grid coordinates of bounding box computed successfully
2024-05-21 00:13:31,509 - ObjectDetectionLogger - INFO - Percentage of points inside the ROI: 0.00%
2024-05-21 00:13:31,510 - ObjectDetectionLogger - INFO - Grid coordinates of bounding box computed successfully
2024-05-21 00:13:31,510 - ObjectDetectionLogger - INFO - Percentage of points inside the ROI: 0.00%
2024-05-21 00:13:31,564 - ObjectDetectionLogger - INFO - Grid coordinates of bounding box computed successfully
2024-05-21 00:13:31,565 - ObjectDetectionLogger - INFO - Percentage of points inside the ROI: 0.00%
2024-05-21 00:13:31,566 - ObjectDetectionLogger - INFO - Grid coordinates of bounding box computed successfully
2024-05-21 00:13:31,566 - ObjectDetectionLogger - INFO - Percentage of points inside the ROI: 10.00%
2024-05-21 00:13:31,567 - ObjectDetectionLogger - INFO - Grid coordinates of bounding box computed successfully
2024-05-21 00:13:31,567 - ObjectDetectionLogger - INFO - Percentage of points inside the ROI: 0.00%
2024-05-21 00:13:31,568 - ObjectDetectionLogger - INFO - Grid coordinates of bounding box computed successfully
2024-05-21 00:13:31,568 - ObjectDetectionLogger - INFO - Percentage of points inside the ROI: 0.00%
2024-05-21 00:13:31,630 - ObjectDetectionLogger - INFO - Grid coordinates of bounding box computed successfully
2024-05-21 00:13:31,631 - ObjectDetectionLogger - INFO - Percentage of points inside the ROI: 0.00%
2024-05-21 00:13:31,632 - ObjectDetectionLogger - INFO - Grid coordinates of bounding box computed successfully
2024-05-21 00:13:31,632 - ObjectDetectionLogger - INFO - Percentage of points inside the ROI: 10.00%
2024-05-21 00:13:31,633 - ObjectDetectionLogger - INFO - Grid coordinates of bounding box computed successfully
2024-05-21 00:13:31,634 - ObjectDetectionLogger - INFO - Percentage of points inside the ROI: 0.00%
2024-05-21 00:13:31,697 - ObjectDetectionLogger - INFO - Grid coordinates of bounding box computed successfully
2024-05-21 00:13:31,697 - ObjectDetectionLogger - INFO - Percentage of points inside the ROI: 0.00%
2024-05-21 00:13:31,698 - ObjectDetectionLogger - INFO - Grid coordinates of bounding box computed successfully
2024-05-21 00:13:31,698 - ObjectDetectionLogger - INFO - Percentage of points inside the ROI: 10.00%
2024-05-21 00:13:31,699 - ObjectDetectionLogger - INFO - Grid coordinates of bounding box computed successfully
2024-05-21 00:13:31,699 - ObjectDetectionLogger - INFO - Percentage of points inside the ROI: 0.00%
2024-05-21 00:13:31,767 - ObjectDetectionLogger - INFO - Grid coordinates of bounding box computed successfully
2024-05-21 00:13:31,769 - ObjectDetectionLogger - INFO - Percentage of points inside the ROI: 0.00%
2024-05-21 00:13:31,771 - ObjectDetectionLogger - INFO - Grid coordinates of bounding box computed successfully
2024-05-21 00:13:31,772 - ObjectDetectionLogger - INFO - Percentage of points inside the ROI: 10.00%
2024-05-21 00:13:31,774 - ObjectDetectionLogger - INFO - Grid coordinates of bounding box computed successfully
2024-05-21 00:13:31,776 - ObjectDetectionLogger - INFO - Percentage of points inside the ROI: 0.00%
2024-05-21 00:13:31,867 - ObjectDetectionLogger - INFO - Grid coordinates of bounding box computed successfully
2024-05-21 00:13:31,868 - ObjectDetectionLogger - INFO - Percentage of points inside the ROI: 0.00%
2024-05-21 00:13:31,869 - ObjectDetectionLogger - INFO - Grid coordinates of bounding box computed successfully
2024-05-21 00:13:31,869 - ObjectDetectionLogger - INFO - Percentage of points inside the ROI: 10.00%
2024-05-21 00:13:31,870 - ObjectDetectionLogger - INFO - Grid coordinates of bounding box computed successfully
2024-05-21 00:13:31,871 - ObjectDetectionLogger - INFO - Percentage of points inside the ROI: 0.00%
2024-05-21 00:13:31,950 - ObjectDetectionLogger - INFO - Grid coordinates of bounding box computed successfully
2024-05-21 00:13:31,951 - ObjectDetectionLogger - INFO - Percentage of points inside the ROI: 0.00%
2024-05-21 00:13:31,953 - ObjectDetectionLogger - INFO - Grid coordinates of bounding box computed successfully
2024-05-21 00:13:31,954 - ObjectDetectionLogger - INFO - Percentage of points inside the ROI: 10.00%
2024-05-21 00:13:31,955 - ObjectDetectionLogger - INFO - Grid coordinates of bounding box computed successfully
2024-05-21 00:13:31,956 - ObjectDetectionLogger - INFO - Percentage of points inside the ROI: 0.00%
2024-05-21 00:13:32,021 - ObjectDetectionLogger - INFO - Grid coordinates of bounding box computed successfully
2024-05-21 00:13:32,022 - ObjectDetectionLogger - INFO - Percentage of points inside the ROI: 0.00%
2024-05-21 00:13:32,022 - ObjectDetectionLogger - INFO - Grid coordinates of bounding box computed successfully
2024-05-21 00:13:32,023 - ObjectDetectionLogger - INFO - Percentage of points inside the ROI: 20.00%
2024-05-21 00:13:32,088 - ObjectDetectionLogger - INFO - Grid coordinates of bounding box computed successfully
2024-05-21 00:13:32,088 - ObjectDetectionLogger - INFO - Percentage of points inside the ROI: 0.00%
2024-05-21 00:13:32,089 - ObjectDetectionLogger - INFO - Grid coordinates of bounding box computed successfully
2024-05-21 00:13:32,090 - ObjectDetectionLogger - INFO - Percentage of points inside the ROI: 20.00%
2024-05-21 00:13:32,091 - ObjectDetectionLogger - INFO - Grid coordinates of bounding box computed successfully
2024-05-21 00:13:32,092 - ObjectDetectionLogger - INFO - Percentage of points inside the ROI: 0.00%
2024-05-21 00:13:32,161 - ObjectDetectionLogger - INFO - Grid coordinates of bounding box computed successfully
2024-05-21 00:13:32,161 - ObjectDetectionLogger - INFO - Percentage of points inside the ROI: 0.00%
2024-05-21 00:13:32,161 - ObjectDetectionLogger - INFO - Grid coordinates of bounding box computed successfully
2024-05-21 00:13:32,161 - ObjectDetectionLogger - INFO - Percentage of points inside the ROI: 20.00%
2024-05-21 00:13:32,163 - ObjectDetectionLogger - INFO - Grid coordinates of bounding box computed successfully
2024-05-21 00:13:32,163 - ObjectDetectionLogger - INFO - Percentage of points inside the ROI: 0.00%
2024-05-21 00:13:32,164 - ObjectDetectionLogger - INFO - Grid coordinates of bounding box computed successfully
2024-05-21 00:13:32,164 - ObjectDetectionLogger - INFO - Percentage of points inside the ROI: 0.00%
2024-05-21 00:13:32,231 - ObjectDetectionLogger - INFO - Grid coordinates of bounding box computed successfully
2024-05-21 00:13:32,232 - ObjectDetectionLogger - INFO - Percentage of points inside the ROI: 0.00%
2024-05-21 00:13:32,233 - ObjectDetectionLogger - INFO - Grid coordinates of bounding box computed successfully
2024-05-21 00:13:32,234 - ObjectDetectionLogger - INFO - Percentage of points inside the ROI: 20.00%
2024-05-21 00:13:32,235 - ObjectDetectionLogger - INFO - Grid coordinates of bounding box computed successfully
2024-05-21 00:13:32,235 - ObjectDetectionLogger - INFO - Percentage of points inside the ROI: 0.00%
2024-05-21 00:13:32,301 - ObjectDetectionLogger - INFO - Grid coordinates of bounding box computed successfully
2024-05-21 00:13:32,302 - ObjectDetectionLogger - INFO - Percentage of points inside the ROI: 0.00%
2024-05-21 00:13:32,303 - ObjectDetectionLogger - INFO - Grid coordinates of bounding box computed successfully
2024-05-21 00:13:32,304 - ObjectDetectionLogger - INFO - Percentage of points inside the ROI: 22.00%
2024-05-21 00:13:32,305 - ObjectDetectionLogger - INFO - Grid coordinates of bounding box computed successfully
2024-05-21 00:13:32,306 - ObjectDetectionLogger - INFO - Percentage of points inside the ROI: 0.00%
2024-05-21 00:13:32,376 - ObjectDetectionLogger - INFO - Grid coordinates of bounding box computed successfully
2024-05-21 00:13:32,380 - ObjectDetectionLogger - INFO - Percentage of points inside the ROI: 0.00%
2024-05-21 00:13:32,381 - ObjectDetectionLogger - INFO - Grid coordinates of bounding box computed successfully
2024-05-21 00:13:32,381 - ObjectDetectionLogger - INFO - Percentage of points inside the ROI: 23.00%
2024-05-21 00:13:32,450 - ObjectDetectionLogger - INFO - Grid coordinates of bounding box computed successfully
2024-05-21 00:13:32,451 - ObjectDetectionLogger - INFO - Percentage of points inside the ROI: 0.00%
2024-05-21 00:13:32,453 - ObjectDetectionLogger - INFO - Grid coordinates of bounding box computed successfully
2024-05-21 00:13:32,454 - ObjectDetectionLogger - INFO - Percentage of points inside the ROI: 24.00%
2024-05-21 00:13:32,456 - ObjectDetectionLogger - INFO - Grid coordinates of bounding box computed successfully
2024-05-21 00:13:32,456 - ObjectDetectionLogger - INFO - Percentage of points inside the ROI: 0.00%
2024-05-21 00:13:32,525 - ObjectDetectionLogger - INFO - Grid coordinates of bounding box computed successfully
2024-05-21 00:13:32,525 - ObjectDetectionLogger - INFO - Percentage of points inside the ROI: 0.00%
2024-05-21 00:13:32,526 - ObjectDetectionLogger - INFO - Grid coordinates of bounding box computed successfully
2024-05-21 00:13:32,526 - ObjectDetectionLogger - INFO - Percentage of points inside the ROI: 25.00%
2024-05-21 00:13:32,526 - ObjectDetectionLogger - INFO - 'person' detected inside the region of interest
2024-05-21 00:13:32,568 - ObjectDetectionLogger - INFO - Frame with object 'person' saved to 'C:\Users\aiden\Desktop\GitHub\Sequre\data\output\2024-05-21\9a34ff493b328712faf755899e6d5008ff11c81e398ceb03b948032d96acefaa\person-00-13-32.jpg'
2024-05-21 00:13:32,627 - ObjectDetectionLogger - INFO - Grid coordinates of bounding box computed successfully
2024-05-21 00:13:32,627 - ObjectDetectionLogger - INFO - Percentage of points inside the ROI: 0.00%
2024-05-21 00:13:32,628 - ObjectDetectionLogger - INFO - Grid coordinates of bounding box computed successfully
2024-05-21 00:13:32,629 - ObjectDetectionLogger - INFO - Percentage of points inside the ROI: 29.00%
2024-05-21 00:13:32,629 - ObjectDetectionLogger - INFO - 'person' detected inside the region of interest
2024-05-21 00:13:32,681 - ObjectDetectionLogger - INFO - Frame with object 'person' saved to 'C:\Users\aiden\Desktop\GitHub\Sequre\data\output\2024-05-21\9a34ff493b328712faf755899e6d5008ff11c81e398ceb03b948032d96acefaa\person-00-13-32.jpg'
2024-05-21 00:13:32,737 - ObjectDetectionLogger - INFO - Grid coordinates of bounding box computed successfully
2024-05-21 00:13:32,738 - ObjectDetectionLogger - INFO - Percentage of points inside the ROI: 0.00%
2024-05-21 00:13:32,738 - ObjectDetectionLogger - INFO - Grid coordinates of bounding box computed successfully
2024-05-21 00:13:32,739 - ObjectDetectionLogger - INFO - Percentage of points inside the ROI: 30.00%
2024-05-21 00:13:32,739 - ObjectDetectionLogger - INFO - 'person' detected inside the region of interest
2024-05-21 00:13:32,776 - ObjectDetectionLogger - INFO - Frame with object 'person' saved to 'C:\Users\aiden\Desktop\GitHub\Sequre\data\output\2024-05-21\9a34ff493b328712faf755899e6d5008ff11c81e398ceb03b948032d96acefaa\person-00-13-32.jpg'
2024-05-21 00:13:32,777 - ObjectDetectionLogger - INFO - Grid coordinates of bounding box computed successfully
2024-05-21 00:13:32,777 - ObjectDetectionLogger - INFO - Percentage of points inside the ROI: 0.00%
2024-05-21 00:13:32,832 - ObjectDetectionLogger - INFO - Grid coordinates of bounding box computed successfully
2024-05-21 00:13:32,832 - ObjectDetectionLogger - INFO - Percentage of points inside the ROI: 0.00%
2024-05-21 00:13:32,833 - ObjectDetectionLogger - INFO - Grid coordinates of bounding box computed successfully
2024-05-21 00:13:32,834 - ObjectDetectionLogger - INFO - Percentage of points inside the ROI: 30.00%
2024-05-21 00:13:32,834 - ObjectDetectionLogger - INFO - 'person' detected inside the region of interest
2024-05-21 00:13:32,879 - ObjectDetectionLogger - INFO - Frame with object 'person' saved to 'C:\Users\aiden\Desktop\GitHub\Sequre\data\output\2024-05-21\9a34ff493b328712faf755899e6d5008ff11c81e398ceb03b948032d96acefaa\person-00-13-32.jpg'
2024-05-21 00:13:32,880 - ObjectDetectionLogger - INFO - Grid coordinates of bounding box computed successfully
2024-05-21 00:13:32,880 - ObjectDetectionLogger - INFO - Percentage of points inside the ROI: 0.00%
2024-05-21 00:13:32,937 - ObjectDetectionLogger - INFO - Grid coordinates of bounding box computed successfully
2024-05-21 00:13:32,937 - ObjectDetectionLogger - INFO - Percentage of points inside the ROI: 0.00%
2024-05-21 00:13:32,939 - ObjectDetectionLogger - INFO - Grid coordinates of bounding box computed successfully
2024-05-21 00:13:32,939 - ObjectDetectionLogger - INFO - Percentage of points inside the ROI: 30.00%
2024-05-21 00:13:32,939 - ObjectDetectionLogger - INFO - 'person' detected inside the region of interest
2024-05-21 00:13:32,980 - ObjectDetectionLogger - INFO - Frame with object 'person' saved to 'C:\Users\aiden\Desktop\GitHub\Sequre\data\output\2024-05-21\9a34ff493b328712faf755899e6d5008ff11c81e398ceb03b948032d96acefaa\person-00-13-32.jpg'
2024-05-21 00:13:32,981 - ObjectDetectionLogger - INFO - Grid coordinates of bounding box computed successfully
2024-05-21 00:13:32,981 - ObjectDetectionLogger - INFO - Percentage of points inside the ROI: 0.00%
2024-05-21 00:13:33,038 - ObjectDetectionLogger - INFO - Grid coordinates of bounding box computed successfully
2024-05-21 00:13:33,038 - ObjectDetectionLogger - INFO - Percentage of points inside the ROI: 0.00%
2024-05-21 00:13:33,038 - ObjectDetectionLogger - INFO - Grid coordinates of bounding box computed successfully
2024-05-21 00:13:33,039 - ObjectDetectionLogger - INFO - Percentage of points inside the ROI: 32.00%
2024-05-21 00:13:33,039 - ObjectDetectionLogger - INFO - 'person' detected inside the region of interest
2024-05-21 00:13:33,086 - ObjectDetectionLogger - INFO - Frame with object 'person' saved to 'C:\Users\aiden\Desktop\GitHub\Sequre\data\output\2024-05-21\9a34ff493b328712faf755899e6d5008ff11c81e398ceb03b948032d96acefaa\person-00-13-33.jpg'
2024-05-21 00:13:33,087 - ObjectDetectionLogger - INFO - Grid coordinates of bounding box computed successfully
2024-05-21 00:13:33,089 - ObjectDetectionLogger - INFO - Percentage of points inside the ROI: 0.00%
2024-05-21 00:13:33,154 - ObjectDetectionLogger - INFO - Grid coordinates of bounding box computed successfully
2024-05-21 00:13:33,155 - ObjectDetectionLogger - INFO - Percentage of points inside the ROI: 0.00%
2024-05-21 00:13:33,156 - ObjectDetectionLogger - INFO - Grid coordinates of bounding box computed successfully
2024-05-21 00:13:33,156 - ObjectDetectionLogger - INFO - Percentage of points inside the ROI: 40.00%
2024-05-21 00:13:33,156 - ObjectDetectionLogger - INFO - 'person' detected inside the region of interest
2024-05-21 00:13:33,194 - ObjectDetectionLogger - INFO - Frame with object 'person' saved to 'C:\Users\aiden\Desktop\GitHub\Sequre\data\output\2024-05-21\9a34ff493b328712faf755899e6d5008ff11c81e398ceb03b948032d96acefaa\person-00-13-33.jpg'
2024-05-21 00:13:33,195 - ObjectDetectionLogger - INFO - Grid coordinates of bounding box computed successfully
2024-05-21 00:13:33,196 - ObjectDetectionLogger - INFO - Percentage of points inside the ROI: 0.00%
2024-05-21 00:13:33,251 - ObjectDetectionLogger - INFO - Grid coordinates of bounding box computed successfully
2024-05-21 00:13:33,251 - ObjectDetectionLogger - INFO - Percentage of points inside the ROI: 0.00%
2024-05-21 00:13:33,252 - ObjectDetectionLogger - INFO - Grid coordinates of bounding box computed successfully
2024-05-21 00:13:33,252 - ObjectDetectionLogger - INFO - Percentage of points inside the ROI: 40.00%
2024-05-21 00:13:33,252 - ObjectDetectionLogger - INFO - 'person' detected inside the region of interest
2024-05-21 00:13:33,290 - ObjectDetectionLogger - INFO - Frame with object 'person' saved to 'C:\Users\aiden\Desktop\GitHub\Sequre\data\output\2024-05-21\9a34ff493b328712faf755899e6d5008ff11c81e398ceb03b948032d96acefaa\person-00-13-33.jpg'
2024-05-21 00:13:33,350 - ObjectDetectionLogger - INFO - Grid coordinates of bounding box computed successfully
2024-05-21 00:13:33,350 - ObjectDetectionLogger - INFO - Percentage of points inside the ROI: 0.00%
2024-05-21 00:13:33,351 - ObjectDetectionLogger - INFO - Grid coordinates of bounding box computed successfully
2024-05-21 00:13:33,352 - ObjectDetectionLogger - INFO - Percentage of points inside the ROI: 40.00%
2024-05-21 00:13:33,352 - ObjectDetectionLogger - INFO - 'person' detected inside the region of interest
2024-05-21 00:13:33,389 - ObjectDetectionLogger - INFO - Frame with object 'person' saved to 'C:\Users\aiden\Desktop\GitHub\Sequre\data\output\2024-05-21\9a34ff493b328712faf755899e6d5008ff11c81e398ceb03b948032d96acefaa\person-00-13-33.jpg'
2024-05-21 00:13:33,390 - ObjectDetectionLogger - INFO - Grid coordinates of bounding box computed successfully
2024-05-21 00:13:33,391 - ObjectDetectionLogger - INFO - Percentage of points inside the ROI: 11.00%
2024-05-21 00:13:33,447 - ObjectDetectionLogger - INFO - Grid coordinates of bounding box computed successfully
2024-05-21 00:13:33,448 - ObjectDetectionLogger - INFO - Percentage of points inside the ROI: 0.00%
2024-05-21 00:13:33,448 - ObjectDetectionLogger - INFO - Grid coordinates of bounding box computed successfully
2024-05-21 00:13:33,449 - ObjectDetectionLogger - INFO - Percentage of points inside the ROI: 40.00%
2024-05-21 00:13:33,449 - ObjectDetectionLogger - INFO - 'person' detected inside the region of interest
2024-05-21 00:13:33,496 - ObjectDetectionLogger - INFO - Frame with object 'person' saved to 'C:\Users\aiden\Desktop\GitHub\Sequre\data\output\2024-05-21\9a34ff493b328712faf755899e6d5008ff11c81e398ceb03b948032d96acefaa\person-00-13-33.jpg'
2024-05-21 00:13:33,497 - ObjectDetectionLogger - INFO - Grid coordinates of bounding box computed successfully
2024-05-21 00:13:33,497 - ObjectDetectionLogger - INFO - Percentage of points inside the ROI: 18.00%
2024-05-21 00:13:33,555 - ObjectDetectionLogger - INFO - Grid coordinates of bounding box computed successfully
2024-05-21 00:13:33,555 - ObjectDetectionLogger - INFO - Percentage of points inside the ROI: 0.00%
2024-05-21 00:13:33,556 - ObjectDetectionLogger - INFO - Grid coordinates of bounding box computed successfully
2024-05-21 00:13:33,556 - ObjectDetectionLogger - INFO - Percentage of points inside the ROI: 40.00%
2024-05-21 00:13:33,556 - ObjectDetectionLogger - INFO - 'person' detected inside the region of interest
2024-05-21 00:13:33,594 - ObjectDetectionLogger - INFO - Frame with object 'person' saved to 'C:\Users\aiden\Desktop\GitHub\Sequre\data\output\2024-05-21\9a34ff493b328712faf755899e6d5008ff11c81e398ceb03b948032d96acefaa\person-00-13-33.jpg'
2024-05-21 00:13:33,595 - ObjectDetectionLogger - INFO - Grid coordinates of bounding box computed successfully
2024-05-21 00:13:33,595 - ObjectDetectionLogger - INFO - Percentage of points inside the ROI: 20.00%
2024-05-21 00:13:33,652 - ObjectDetectionLogger - INFO - Grid coordinates of bounding box computed successfully
2024-05-21 00:13:33,653 - ObjectDetectionLogger - INFO - Percentage of points inside the ROI: 0.00%
2024-05-21 00:13:33,653 - ObjectDetectionLogger - INFO - Grid coordinates of bounding box computed successfully
2024-05-21 00:13:33,654 - ObjectDetectionLogger - INFO - Percentage of points inside the ROI: 40.00%
2024-05-21 00:13:33,654 - ObjectDetectionLogger - INFO - 'person' detected inside the region of interest
2024-05-21 00:13:33,691 - ObjectDetectionLogger - INFO - Frame with object 'person' saved to 'C:\Users\aiden\Desktop\GitHub\Sequre\data\output\2024-05-21\9a34ff493b328712faf755899e6d5008ff11c81e398ceb03b948032d96acefaa\person-00-13-33.jpg'
2024-05-21 00:13:33,692 - ObjectDetectionLogger - INFO - Grid coordinates of bounding box computed successfully
2024-05-21 00:13:33,693 - ObjectDetectionLogger - INFO - Percentage of points inside the ROI: 20.00%
2024-05-21 00:13:33,751 - ObjectDetectionLogger - INFO - Grid coordinates of bounding box computed successfully
2024-05-21 00:13:33,752 - ObjectDetectionLogger - INFO - Percentage of points inside the ROI: 0.00%
2024-05-21 00:13:33,752 - ObjectDetectionLogger - INFO - Grid coordinates of bounding box computed successfully
2024-05-21 00:13:33,753 - ObjectDetectionLogger - INFO - Percentage of points inside the ROI: 40.00%
2024-05-21 00:13:33,753 - ObjectDetectionLogger - INFO - 'person' detected inside the region of interest
2024-05-21 00:13:33,791 - ObjectDetectionLogger - INFO - Frame with object 'person' saved to 'C:\Users\aiden\Desktop\GitHub\Sequre\data\output\2024-05-21\9a34ff493b328712faf755899e6d5008ff11c81e398ceb03b948032d96acefaa\person-00-13-33.jpg'
2024-05-21 00:13:33,848 - ObjectDetectionLogger - INFO - Grid coordinates of bounding box computed successfully
2024-05-21 00:13:33,848 - ObjectDetectionLogger - INFO - Percentage of points inside the ROI: 1.00%
2024-05-21 00:13:33,849 - ObjectDetectionLogger - INFO - Grid coordinates of bounding box computed successfully
2024-05-21 00:13:33,849 - ObjectDetectionLogger - INFO - Percentage of points inside the ROI: 40.00%
2024-05-21 00:13:33,849 - ObjectDetectionLogger - INFO - 'person' detected inside the region of interest
2024-05-21 00:13:33,888 - ObjectDetectionLogger - INFO - Frame with object 'person' saved to 'C:\Users\aiden\Desktop\GitHub\Sequre\data\output\2024-05-21\9a34ff493b328712faf755899e6d5008ff11c81e398ceb03b948032d96acefaa\person-00-13-33.jpg'
2024-05-21 00:13:33,947 - ObjectDetectionLogger - INFO - Grid coordinates of bounding box computed successfully
2024-05-21 00:13:33,947 - ObjectDetectionLogger - INFO - Percentage of points inside the ROI: 1.00%
2024-05-21 00:13:33,948 - ObjectDetectionLogger - INFO - Grid coordinates of bounding box computed successfully
2024-05-21 00:13:33,948 - ObjectDetectionLogger - INFO - Percentage of points inside the ROI: 40.00%
2024-05-21 00:13:33,948 - ObjectDetectionLogger - INFO - 'person' detected inside the region of interest
2024-05-21 00:13:33,995 - ObjectDetectionLogger - INFO - Frame with object 'person' saved to 'C:\Users\aiden\Desktop\GitHub\Sequre\data\output\2024-05-21\9a34ff493b328712faf755899e6d5008ff11c81e398ceb03b948032d96acefaa\person-00-13-33.jpg'
2024-05-21 00:13:34,053 - ObjectDetectionLogger - INFO - Grid coordinates of bounding box computed successfully
2024-05-21 00:13:34,053 - ObjectDetectionLogger - INFO - Percentage of points inside the ROI: 0.00%
2024-05-21 00:13:34,054 - ObjectDetectionLogger - INFO - Grid coordinates of bounding box computed successfully
2024-05-21 00:13:34,054 - ObjectDetectionLogger - INFO - Percentage of points inside the ROI: 40.00%
2024-05-21 00:13:34,054 - ObjectDetectionLogger - INFO - 'person' detected inside the region of interest
2024-05-21 00:13:34,098 - ObjectDetectionLogger - INFO - Frame with object 'person' saved to 'C:\Users\aiden\Desktop\GitHub\Sequre\data\output\2024-05-21\9a34ff493b328712faf755899e6d5008ff11c81e398ceb03b948032d96acefaa\person-00-13-34.jpg'
2024-05-21 00:13:34,157 - ObjectDetectionLogger - INFO - Grid coordinates of bounding box computed successfully
2024-05-21 00:13:34,157 - ObjectDetectionLogger - INFO - Percentage of points inside the ROI: 0.00%
2024-05-21 00:13:34,158 - ObjectDetectionLogger - INFO - Grid coordinates of bounding box computed successfully
2024-05-21 00:13:34,158 - ObjectDetectionLogger - INFO - Percentage of points inside the ROI: 46.00%
2024-05-21 00:13:34,159 - ObjectDetectionLogger - INFO - 'person' detected inside the region of interest
2024-05-21 00:13:34,195 - ObjectDetectionLogger - INFO - Frame with object 'person' saved to 'C:\Users\aiden\Desktop\GitHub\Sequre\data\output\2024-05-21\9a34ff493b328712faf755899e6d5008ff11c81e398ceb03b948032d96acefaa\person-00-13-34.jpg'
2024-05-21 00:13:34,196 - ObjectDetectionLogger - INFO - Grid coordinates of bounding box computed successfully
2024-05-21 00:13:34,197 - ObjectDetectionLogger - INFO - Percentage of points inside the ROI: 28.00%
2024-05-21 00:13:34,197 - ObjectDetectionLogger - INFO - 'surfboard' detected inside the region of interest
2024-05-21 00:13:34,197 - ObjectDetectionLogger - INFO - Object class 'surfboard' not in classes to monitor
2024-05-21 00:13:34,258 - ObjectDetectionLogger - INFO - Grid coordinates of bounding box computed successfully
2024-05-21 00:13:34,261 - ObjectDetectionLogger - INFO - Percentage of points inside the ROI: 1.00%
2024-05-21 00:13:34,264 - ObjectDetectionLogger - INFO - Grid coordinates of bounding box computed successfully
2024-05-21 00:13:34,267 - ObjectDetectionLogger - INFO - Percentage of points inside the ROI: 44.00%
2024-05-21 00:13:34,267 - ObjectDetectionLogger - INFO - 'person' detected inside the region of interest
2024-05-21 00:13:34,328 - ObjectDetectionLogger - INFO - Frame with object 'person' saved to 'C:\Users\aiden\Desktop\GitHub\Sequre\data\output\2024-05-21\9a34ff493b328712faf755899e6d5008ff11c81e398ceb03b948032d96acefaa\person-00-13-34.jpg'
2024-05-21 00:13:34,330 - ObjectDetectionLogger - INFO - Grid coordinates of bounding box computed successfully
2024-05-21 00:13:34,330 - ObjectDetectionLogger - INFO - Percentage of points inside the ROI: 26.00%
2024-05-21 00:13:34,330 - ObjectDetectionLogger - INFO - 'surfboard' detected inside the region of interest
2024-05-21 00:13:34,330 - ObjectDetectionLogger - INFO - Object class 'surfboard' not in classes to monitor
2024-05-21 00:13:34,384 - ObjectDetectionLogger - INFO - Grid coordinates of bounding box computed successfully
2024-05-21 00:13:34,385 - ObjectDetectionLogger - INFO - Percentage of points inside the ROI: 0.00%
2024-05-21 00:13:34,386 - ObjectDetectionLogger - INFO - Grid coordinates of bounding box computed successfully
2024-05-21 00:13:34,386 - ObjectDetectionLogger - INFO - Percentage of points inside the ROI: 47.00%
2024-05-21 00:13:34,386 - ObjectDetectionLogger - INFO - 'person' detected inside the region of interest
2024-05-21 00:13:34,430 - ObjectDetectionLogger - INFO - Frame with object 'person' saved to 'C:\Users\aiden\Desktop\GitHub\Sequre\data\output\2024-05-21\9a34ff493b328712faf755899e6d5008ff11c81e398ceb03b948032d96acefaa\person-00-13-34.jpg'
2024-05-21 00:13:34,484 - ObjectDetectionLogger - INFO - Grid coordinates of bounding box computed successfully
2024-05-21 00:13:34,485 - ObjectDetectionLogger - INFO - Percentage of points inside the ROI: 1.00%
2024-05-21 00:13:34,486 - ObjectDetectionLogger - INFO - Grid coordinates of bounding box computed successfully
2024-05-21 00:13:34,486 - ObjectDetectionLogger - INFO - Percentage of points inside the ROI: 45.00%
2024-05-21 00:13:34,486 - ObjectDetectionLogger - INFO - 'person' detected inside the region of interest
2024-05-21 00:13:34,524 - ObjectDetectionLogger - INFO - Frame with object 'person' saved to 'C:\Users\aiden\Desktop\GitHub\Sequre\data\output\2024-05-21\9a34ff493b328712faf755899e6d5008ff11c81e398ceb03b948032d96acefaa\person-00-13-34.jpg'
2024-05-21 00:13:34,581 - ObjectDetectionLogger - INFO - Grid coordinates of bounding box computed successfully
2024-05-21 00:13:34,582 - ObjectDetectionLogger - INFO - Percentage of points inside the ROI: 1.00%
2024-05-21 00:13:34,583 - ObjectDetectionLogger - INFO - Grid coordinates of bounding box computed successfully
2024-05-21 00:13:34,583 - ObjectDetectionLogger - INFO - Percentage of points inside the ROI: 45.00%
2024-05-21 00:13:34,583 - ObjectDetectionLogger - INFO - 'person' detected inside the region of interest
2024-05-21 00:13:34,625 - ObjectDetectionLogger - INFO - Frame with object 'person' saved to 'C:\Users\aiden\Desktop\GitHub\Sequre\data\output\2024-05-21\9a34ff493b328712faf755899e6d5008ff11c81e398ceb03b948032d96acefaa\person-00-13-34.jpg'
2024-05-21 00:13:34,626 - ObjectDetectionLogger - INFO - Grid coordinates of bounding box computed successfully
2024-05-21 00:13:34,626 - ObjectDetectionLogger - INFO - Percentage of points inside the ROI: 22.00%
2024-05-21 00:13:34,627 - ObjectDetectionLogger - INFO - Grid coordinates of bounding box computed successfully
2024-05-21 00:13:34,627 - ObjectDetectionLogger - INFO - Percentage of points inside the ROI: 0.00%
2024-05-21 00:13:34,684 - ObjectDetectionLogger - INFO - Grid coordinates of bounding box computed successfully
2024-05-21 00:13:34,685 - ObjectDetectionLogger - INFO - Percentage of points inside the ROI: 0.00%
2024-05-21 00:13:34,686 - ObjectDetectionLogger - INFO - Grid coordinates of bounding box computed successfully
2024-05-21 00:13:34,686 - ObjectDetectionLogger - INFO - Percentage of points inside the ROI: 42.00%
2024-05-21 00:13:34,686 - ObjectDetectionLogger - INFO - 'person' detected inside the region of interest
2024-05-21 00:13:34,731 - ObjectDetectionLogger - INFO - Frame with object 'person' saved to 'C:\Users\aiden\Desktop\GitHub\Sequre\data\output\2024-05-21\9a34ff493b328712faf755899e6d5008ff11c81e398ceb03b948032d96acefaa\person-00-13-34.jpg'
2024-05-21 00:13:34,732 - ObjectDetectionLogger - INFO - Grid coordinates of bounding box computed successfully
2024-05-21 00:13:34,732 - ObjectDetectionLogger - INFO - Percentage of points inside the ROI: 0.00%
2024-05-21 00:13:34,788 - ObjectDetectionLogger - INFO - Grid coordinates of bounding box computed successfully
2024-05-21 00:13:34,789 - ObjectDetectionLogger - INFO - Percentage of points inside the ROI: 0.00%
2024-05-21 00:13:34,790 - ObjectDetectionLogger - INFO - Grid coordinates of bounding box computed successfully
2024-05-21 00:13:34,790 - ObjectDetectionLogger - INFO - Percentage of points inside the ROI: 46.00%
2024-05-21 00:13:34,790 - ObjectDetectionLogger - INFO - 'person' detected inside the region of interest
2024-05-21 00:13:34,841 - ObjectDetectionLogger - INFO - Frame with object 'person' saved to 'C:\Users\aiden\Desktop\GitHub\Sequre\data\output\2024-05-21\9a34ff493b328712faf755899e6d5008ff11c81e398ceb03b948032d96acefaa\person-00-13-34.jpg'
2024-05-21 00:13:34,843 - ObjectDetectionLogger - INFO - Grid coordinates of bounding box computed successfully
2024-05-21 00:13:34,845 - ObjectDetectionLogger - INFO - Percentage of points inside the ROI: 0.00%
2024-05-21 00:13:34,849 - ObjectDetectionLogger - INFO - Exiting the video processing..
2024-05-21 00:13:34,894 - ObjectDetectionLogger - INFO - Video processing completed
