2024-05-21 00:58:00,306 - ObjectDetectionLogger - INFO - Model path: models/yolov8s.pt
2024-05-21 00:58:02,048 - ObjectDetectionLogger - INFO - Model loaded. Cuda available: True
2024-05-21 00:58:02,058 - ObjectDetectionLogger - INFO - Region of interest points loaded successfully. Num points: 5
2024-05-21 00:58:08,710 - ObjectDetectionLogger - INFO - Bounding box coordinates: tensor([319.9714,  57.9091, 367.0164, 211.7242])
2024-05-21 00:58:08,712 - ObjectDetectionLogger - INFO - Grid coordinates of bounding box computed successfully
2024-05-21 00:58:08,713 - ObjectDetectionLogger - INFO - Grid coordinates of bounding box computed successfully
2024-05-21 00:58:08,721 - ObjectDetectionLogger - INFO - Percentage of points inside the ROI: 0.00%
2024-05-21 00:58:08,812 - ObjectDetectionLogger - INFO - Bounding box coordinates: tensor([315.3676,  60.0909, 366.6791, 212.1330])
2024-05-21 00:58:08,813 - ObjectDetectionLogger - INFO - Grid coordinates of bounding box computed successfully
2024-05-21 00:58:08,814 - ObjectDetectionLogger - INFO - Grid coordinates of bounding box computed successfully
2024-05-21 00:58:08,815 - ObjectDetectionLogger - INFO - Percentage of points inside the ROI: 0.00%
2024-05-21 00:58:09,034 - ObjectDetectionLogger - INFO - Bounding box coordinates: tensor([323.6244,  61.2661, 366.5051, 212.3515])
2024-05-21 00:58:09,036 - ObjectDetectionLogger - INFO - Grid coordinates of bounding box computed successfully
2024-05-21 00:58:09,037 - ObjectDetectionLogger - INFO - Grid coordinates of bounding box computed successfully
2024-05-21 00:58:09,038 - ObjectDetectionLogger - INFO - Percentage of points inside the ROI: 0.00%
2024-05-21 00:58:09,107 - ObjectDetectionLogger - INFO - Bounding box coordinates: tensor([301.6306,  60.0366, 366.3102, 222.8638])
2024-05-21 00:58:09,108 - ObjectDetectionLogger - INFO - Grid coordinates of bounding box computed successfully
2024-05-21 00:58:09,109 - ObjectDetectionLogger - INFO - Grid coordinates of bounding box computed successfully
2024-05-21 00:58:09,110 - ObjectDetectionLogger - INFO - Percentage of points inside the ROI: 0.00%
2024-05-21 00:58:09,174 - ObjectDetectionLogger - INFO - Bounding box coordinates: tensor([317.8477,  59.3607, 366.3387, 223.2634])
2024-05-21 00:58:09,175 - ObjectDetectionLogger - INFO - Grid coordinates of bounding box computed successfully
2024-05-21 00:58:09,175 - ObjectDetectionLogger - INFO - Grid coordinates of bounding box computed successfully
2024-05-21 00:58:09,176 - ObjectDetectionLogger - INFO - Percentage of points inside the ROI: 0.00%
2024-05-21 00:58:09,233 - ObjectDetectionLogger - INFO - Bounding box coordinates: tensor([313.7956,  59.6831, 364.5053, 221.3242])
2024-05-21 00:58:09,234 - ObjectDetectionLogger - INFO - Grid coordinates of bounding box computed successfully
2024-05-21 00:58:09,234 - ObjectDetectionLogger - INFO - Grid coordinates of bounding box computed successfully
2024-05-21 00:58:09,235 - ObjectDetectionLogger - INFO - Percentage of points inside the ROI: 0.00%
2024-05-21 00:58:09,291 - ObjectDetectionLogger - INFO - Bounding box coordinates: tensor([309.3268,  59.6888, 362.0405, 221.0215])
2024-05-21 00:58:09,292 - ObjectDetectionLogger - INFO - Grid coordinates of bounding box computed successfully
2024-05-21 00:58:09,292 - ObjectDetectionLogger - INFO - Grid coordinates of bounding box computed successfully
2024-05-21 00:58:09,293 - ObjectDetectionLogger - INFO - Percentage of points inside the ROI: 0.00%
2024-05-21 00:58:09,348 - ObjectDetectionLogger - INFO - Bounding box coordinates: tensor([304.9673,  63.3346, 357.1958, 222.3559])
2024-05-21 00:58:09,349 - ObjectDetectionLogger - INFO - Grid coordinates of bounding box computed successfully
2024-05-21 00:58:09,350 - ObjectDetectionLogger - INFO - Grid coordinates of bounding box computed successfully
2024-05-21 00:58:09,352 - ObjectDetectionLogger - INFO - Percentage of points inside the ROI: 0.00%
2024-05-21 00:58:09,406 - ObjectDetectionLogger - INFO - Bounding box coordinates: tensor([301.8434,  64.1999, 353.9686, 222.5424])
2024-05-21 00:58:09,407 - ObjectDetectionLogger - INFO - Grid coordinates of bounding box computed successfully
2024-05-21 00:58:09,408 - ObjectDetectionLogger - INFO - Grid coordinates of bounding box computed successfully
2024-05-21 00:58:09,409 - ObjectDetectionLogger - INFO - Percentage of points inside the ROI: 0.00%
2024-05-21 00:58:09,463 - ObjectDetectionLogger - INFO - Bounding box coordinates: tensor([295.0699,  65.5271, 351.9224, 219.1586])
2024-05-21 00:58:09,464 - ObjectDetectionLogger - INFO - Grid coordinates of bounding box computed successfully
2024-05-21 00:58:09,464 - ObjectDetectionLogger - INFO - Grid coordinates of bounding box computed successfully
2024-05-21 00:58:09,465 - ObjectDetectionLogger - INFO - Percentage of points inside the ROI: 0.00%
2024-05-21 00:58:09,517 - ObjectDetectionLogger - INFO - Bounding box coordinates: tensor([289.5013,  65.6104, 349.1371, 221.9974])
2024-05-21 00:58:09,518 - ObjectDetectionLogger - INFO - Grid coordinates of bounding box computed successfully
2024-05-21 00:58:09,519 - ObjectDetectionLogger - INFO - Grid coordinates of bounding box computed successfully
2024-05-21 00:58:09,520 - ObjectDetectionLogger - INFO - Percentage of points inside the ROI: 0.00%
2024-05-21 00:58:09,577 - ObjectDetectionLogger - INFO - Bounding box coordinates: tensor([292.0887,  66.1370, 347.0773, 218.1101])
2024-05-21 00:58:09,578 - ObjectDetectionLogger - INFO - Grid coordinates of bounding box computed successfully
2024-05-21 00:58:09,579 - ObjectDetectionLogger - INFO - Grid coordinates of bounding box computed successfully
2024-05-21 00:58:09,580 - ObjectDetectionLogger - INFO - Percentage of points inside the ROI: 0.00%
2024-05-21 00:58:09,634 - ObjectDetectionLogger - INFO - Bounding box coordinates: tensor([290.3708,  65.4651, 345.2305, 218.2065])
2024-05-21 00:58:09,635 - ObjectDetectionLogger - INFO - Grid coordinates of bounding box computed successfully
2024-05-21 00:58:09,636 - ObjectDetectionLogger - INFO - Grid coordinates of bounding box computed successfully
2024-05-21 00:58:09,637 - ObjectDetectionLogger - INFO - Percentage of points inside the ROI: 0.00%
2024-05-21 00:58:09,689 - ObjectDetectionLogger - INFO - Bounding box coordinates: tensor([288.1302,  63.8952, 341.5508, 217.0009])
2024-05-21 00:58:09,690 - ObjectDetectionLogger - INFO - Grid coordinates of bounding box computed successfully
2024-05-21 00:58:09,691 - ObjectDetectionLogger - INFO - Grid coordinates of bounding box computed successfully
2024-05-21 00:58:09,692 - ObjectDetectionLogger - INFO - Percentage of points inside the ROI: 0.00%
2024-05-21 00:58:09,745 - ObjectDetectionLogger - INFO - Bounding box coordinates: tensor([284.1572,  63.6110, 339.0508, 216.2720])
2024-05-21 00:58:09,746 - ObjectDetectionLogger - INFO - Grid coordinates of bounding box computed successfully
2024-05-21 00:58:09,746 - ObjectDetectionLogger - INFO - Grid coordinates of bounding box computed successfully
2024-05-21 00:58:09,747 - ObjectDetectionLogger - INFO - Percentage of points inside the ROI: 0.00%
2024-05-21 00:58:09,799 - ObjectDetectionLogger - INFO - Bounding box coordinates: tensor([278.1867,  63.1717, 336.1208, 225.9706])
2024-05-21 00:58:09,801 - ObjectDetectionLogger - INFO - Grid coordinates of bounding box computed successfully
2024-05-21 00:58:09,801 - ObjectDetectionLogger - INFO - Grid coordinates of bounding box computed successfully
2024-05-21 00:58:09,802 - ObjectDetectionLogger - INFO - Percentage of points inside the ROI: 0.00%
2024-05-21 00:58:09,856 - ObjectDetectionLogger - INFO - Bounding box coordinates: tensor([272.4568,  66.7985, 331.9528, 225.8589])
2024-05-21 00:58:09,857 - ObjectDetectionLogger - INFO - Grid coordinates of bounding box computed successfully
2024-05-21 00:58:09,858 - ObjectDetectionLogger - INFO - Grid coordinates of bounding box computed successfully
2024-05-21 00:58:09,859 - ObjectDetectionLogger - INFO - Percentage of points inside the ROI: 0.00%
2024-05-21 00:58:09,862 - ObjectDetectionLogger - INFO - Bounding box coordinates: tensor([337.7423,  70.8064, 367.0320, 192.6309])
2024-05-21 00:58:09,864 - ObjectDetectionLogger - INFO - Grid coordinates of bounding box computed successfully
2024-05-21 00:58:09,864 - ObjectDetectionLogger - INFO - Grid coordinates of bounding box computed successfully
2024-05-21 00:58:09,866 - ObjectDetectionLogger - INFO - Percentage of points inside the ROI: 0.00%
2024-05-21 00:58:09,919 - ObjectDetectionLogger - INFO - Bounding box coordinates: tensor([266.7971,  70.0824, 327.0448, 224.3078])
2024-05-21 00:58:09,920 - ObjectDetectionLogger - INFO - Grid coordinates of bounding box computed successfully
2024-05-21 00:58:09,920 - ObjectDetectionLogger - INFO - Grid coordinates of bounding box computed successfully
2024-05-21 00:58:09,921 - ObjectDetectionLogger - INFO - Percentage of points inside the ROI: 0.00%
2024-05-21 00:58:09,925 - ObjectDetectionLogger - INFO - Bounding box coordinates: tensor([338.3970,  70.4718, 367.0911, 207.2784])
2024-05-21 00:58:09,925 - ObjectDetectionLogger - INFO - Grid coordinates of bounding box computed successfully
2024-05-21 00:58:09,926 - ObjectDetectionLogger - INFO - Grid coordinates of bounding box computed successfully
2024-05-21 00:58:09,927 - ObjectDetectionLogger - INFO - Percentage of points inside the ROI: 0.00%
2024-05-21 00:58:09,982 - ObjectDetectionLogger - INFO - Bounding box coordinates: tensor([338.8217,  57.3935, 367.5120, 210.0533])
2024-05-21 00:58:09,983 - ObjectDetectionLogger - INFO - Grid coordinates of bounding box computed successfully
2024-05-21 00:58:09,984 - ObjectDetectionLogger - INFO - Grid coordinates of bounding box computed successfully
2024-05-21 00:58:09,985 - ObjectDetectionLogger - INFO - Percentage of points inside the ROI: 0.00%
2024-05-21 00:58:09,987 - ObjectDetectionLogger - INFO - Bounding box coordinates: tensor([261.4265,  72.7160, 322.1259, 259.1064])
2024-05-21 00:58:09,988 - ObjectDetectionLogger - INFO - Grid coordinates of bounding box computed successfully
2024-05-21 00:58:09,989 - ObjectDetectionLogger - INFO - Grid coordinates of bounding box computed successfully
2024-05-21 00:58:09,990 - ObjectDetectionLogger - INFO - Percentage of points inside the ROI: 13.00%
2024-05-21 00:58:10,044 - ObjectDetectionLogger - INFO - Bounding box coordinates: tensor([257.6982,  73.6191, 318.2617, 278.2722])
2024-05-21 00:58:10,045 - ObjectDetectionLogger - INFO - Grid coordinates of bounding box computed successfully
2024-05-21 00:58:10,046 - ObjectDetectionLogger - INFO - Grid coordinates of bounding box computed successfully
2024-05-21 00:58:10,046 - ObjectDetectionLogger - INFO - Percentage of points inside the ROI: 18.00%
2024-05-21 00:58:10,049 - ObjectDetectionLogger - INFO - Bounding box coordinates: tensor([335.1572,  55.6057, 367.3129, 216.7563])
2024-05-21 00:58:10,050 - ObjectDetectionLogger - INFO - Grid coordinates of bounding box computed successfully
2024-05-21 00:58:10,050 - ObjectDetectionLogger - INFO - Grid coordinates of bounding box computed successfully
2024-05-21 00:58:10,051 - ObjectDetectionLogger - INFO - Percentage of points inside the ROI: 0.00%
2024-05-21 00:58:10,104 - ObjectDetectionLogger - INFO - Bounding box coordinates: tensor([334.6169,  54.0511, 367.3297, 220.6309])
2024-05-21 00:58:10,105 - ObjectDetectionLogger - INFO - Grid coordinates of bounding box computed successfully
2024-05-21 00:58:10,105 - ObjectDetectionLogger - INFO - Grid coordinates of bounding box computed successfully
2024-05-21 00:58:10,106 - ObjectDetectionLogger - INFO - Percentage of points inside the ROI: 0.00%
2024-05-21 00:58:10,108 - ObjectDetectionLogger - INFO - Bounding box coordinates: tensor([254.3195,  74.8082, 316.8430, 288.4338])
2024-05-21 00:58:10,110 - ObjectDetectionLogger - INFO - Grid coordinates of bounding box computed successfully
2024-05-21 00:58:10,110 - ObjectDetectionLogger - INFO - Grid coordinates of bounding box computed successfully
2024-05-21 00:58:10,111 - ObjectDetectionLogger - INFO - Percentage of points inside the ROI: 25.00%
2024-05-21 00:58:10,123 - ObjectDetectionLogger - INFO - Frame with object 'person' saved to 'C:\Users\aiden\Desktop\GitHub\Sequre\data\output\2024-05-21\a67150d5fe6a976c8da7a3e114935402d28aff49c5c8ffb0b6533a4f24ad5f92\person-00-58-10.jpg'
2024-05-21 00:58:10,172 - ObjectDetectionLogger - INFO - Bounding box coordinates: tensor([332.9424,  54.3981, 366.9124, 215.3267])
2024-05-21 00:58:10,173 - ObjectDetectionLogger - INFO - Grid coordinates of bounding box computed successfully
2024-05-21 00:58:10,173 - ObjectDetectionLogger - INFO - Grid coordinates of bounding box computed successfully
2024-05-21 00:58:10,174 - ObjectDetectionLogger - INFO - Percentage of points inside the ROI: 0.00%
2024-05-21 00:58:10,175 - ObjectDetectionLogger - INFO - Bounding box coordinates: tensor([250.4026,  74.1407, 315.6123, 278.7670])
2024-05-21 00:58:10,176 - ObjectDetectionLogger - INFO - Grid coordinates of bounding box computed successfully
2024-05-21 00:58:10,176 - ObjectDetectionLogger - INFO - Grid coordinates of bounding box computed successfully
2024-05-21 00:58:10,177 - ObjectDetectionLogger - INFO - Percentage of points inside the ROI: 16.00%
2024-05-21 00:58:10,232 - ObjectDetectionLogger - INFO - Bounding box coordinates: tensor([332.2546,  56.1626, 366.9588, 217.0109])
2024-05-21 00:58:10,233 - ObjectDetectionLogger - INFO - Grid coordinates of bounding box computed successfully
2024-05-21 00:58:10,234 - ObjectDetectionLogger - INFO - Grid coordinates of bounding box computed successfully
2024-05-21 00:58:10,236 - ObjectDetectionLogger - INFO - Percentage of points inside the ROI: 0.00%
2024-05-21 00:58:10,237 - ObjectDetectionLogger - INFO - Bounding box coordinates: tensor([244.4935,  72.1978, 312.3727, 305.1776])
2024-05-21 00:58:10,238 - ObjectDetectionLogger - INFO - Grid coordinates of bounding box computed successfully
2024-05-21 00:58:10,239 - ObjectDetectionLogger - INFO - Grid coordinates of bounding box computed successfully
2024-05-21 00:58:10,240 - ObjectDetectionLogger - INFO - Percentage of points inside the ROI: 25.00%
2024-05-21 00:58:10,255 - ObjectDetectionLogger - INFO - Frame with object 'person' saved to 'C:\Users\aiden\Desktop\GitHub\Sequre\data\output\2024-05-21\a67150d5fe6a976c8da7a3e114935402d28aff49c5c8ffb0b6533a4f24ad5f92\person-00-58-10.jpg'
2024-05-21 00:58:10,316 - ObjectDetectionLogger - INFO - Bounding box coordinates: tensor([329.2695,  57.9330, 367.0142, 222.4770])
2024-05-21 00:58:10,317 - ObjectDetectionLogger - INFO - Grid coordinates of bounding box computed successfully
2024-05-21 00:58:10,318 - ObjectDetectionLogger - INFO - Grid coordinates of bounding box computed successfully
2024-05-21 00:58:10,319 - ObjectDetectionLogger - INFO - Percentage of points inside the ROI: 0.00%
2024-05-21 00:58:10,322 - ObjectDetectionLogger - INFO - Bounding box coordinates: tensor([239.7893,  71.5459, 307.0356, 289.4047])
2024-05-21 00:58:10,323 - ObjectDetectionLogger - INFO - Grid coordinates of bounding box computed successfully
2024-05-21 00:58:10,324 - ObjectDetectionLogger - INFO - Grid coordinates of bounding box computed successfully
2024-05-21 00:58:10,324 - ObjectDetectionLogger - INFO - Percentage of points inside the ROI: 20.00%
2024-05-21 00:58:10,375 - ObjectDetectionLogger - INFO - Bounding box coordinates: tensor([325.0886,  59.8773, 367.1517, 222.6111])
2024-05-21 00:58:10,376 - ObjectDetectionLogger - INFO - Grid coordinates of bounding box computed successfully
2024-05-21 00:58:10,377 - ObjectDetectionLogger - INFO - Grid coordinates of bounding box computed successfully
2024-05-21 00:58:10,377 - ObjectDetectionLogger - INFO - Percentage of points inside the ROI: 0.00%
2024-05-21 00:58:10,379 - ObjectDetectionLogger - INFO - Bounding box coordinates: tensor([229.4377,  72.7828, 304.6133, 353.8961])
2024-05-21 00:58:10,379 - ObjectDetectionLogger - INFO - Grid coordinates of bounding box computed successfully
2024-05-21 00:58:10,380 - ObjectDetectionLogger - INFO - Grid coordinates of bounding box computed successfully
2024-05-21 00:58:10,381 - ObjectDetectionLogger - INFO - Percentage of points inside the ROI: 33.00%
2024-05-21 00:58:10,392 - ObjectDetectionLogger - INFO - Frame with object 'person' saved to 'C:\Users\aiden\Desktop\GitHub\Sequre\data\output\2024-05-21\a67150d5fe6a976c8da7a3e114935402d28aff49c5c8ffb0b6533a4f24ad5f92\person-00-58-10.jpg'
2024-05-21 00:58:10,395 - ObjectDetectionLogger - INFO - Bounding box coordinates: tensor([230.4141,  72.4162, 304.2183, 257.1508])
2024-05-21 00:58:10,396 - ObjectDetectionLogger - INFO - Grid coordinates of bounding box computed successfully
2024-05-21 00:58:10,397 - ObjectDetectionLogger - INFO - Grid coordinates of bounding box computed successfully
2024-05-21 00:58:10,398 - ObjectDetectionLogger - INFO - Percentage of points inside the ROI: 7.00%
2024-05-21 00:58:10,448 - ObjectDetectionLogger - INFO - Bounding box coordinates: tensor([322.4471,  62.6886, 366.9995, 222.0763])
2024-05-21 00:58:10,448 - ObjectDetectionLogger - INFO - Grid coordinates of bounding box computed successfully
2024-05-21 00:58:10,449 - ObjectDetectionLogger - INFO - Grid coordinates of bounding box computed successfully
2024-05-21 00:58:10,450 - ObjectDetectionLogger - INFO - Percentage of points inside the ROI: 0.00%
2024-05-21 00:58:10,452 - ObjectDetectionLogger - INFO - Bounding box coordinates: tensor([212.8018,  75.7962, 302.9779, 365.0907])
2024-05-21 00:58:10,453 - ObjectDetectionLogger - INFO - Grid coordinates of bounding box computed successfully
2024-05-21 00:58:10,453 - ObjectDetectionLogger - INFO - Grid coordinates of bounding box computed successfully
2024-05-21 00:58:10,454 - ObjectDetectionLogger - INFO - Percentage of points inside the ROI: 33.00%
2024-05-21 00:58:10,468 - ObjectDetectionLogger - INFO - Frame with object 'person' saved to 'C:\Users\aiden\Desktop\GitHub\Sequre\data\output\2024-05-21\a67150d5fe6a976c8da7a3e114935402d28aff49c5c8ffb0b6533a4f24ad5f92\person-00-58-10.jpg'
2024-05-21 00:58:10,526 - ObjectDetectionLogger - INFO - Bounding box coordinates: tensor([202.8524,  81.6901, 298.8352, 366.3422])
2024-05-21 00:58:10,527 - ObjectDetectionLogger - INFO - Grid coordinates of bounding box computed successfully
2024-05-21 00:58:10,528 - ObjectDetectionLogger - INFO - Grid coordinates of bounding box computed successfully
2024-05-21 00:58:10,529 - ObjectDetectionLogger - INFO - Percentage of points inside the ROI: 32.00%
2024-05-21 00:58:10,543 - ObjectDetectionLogger - INFO - Frame with object 'person' saved to 'C:\Users\aiden\Desktop\GitHub\Sequre\data\output\2024-05-21\a67150d5fe6a976c8da7a3e114935402d28aff49c5c8ffb0b6533a4f24ad5f92\person-00-58-10.jpg'
2024-05-21 00:58:10,545 - ObjectDetectionLogger - INFO - Bounding box coordinates: tensor([319.5060,  64.2394, 366.9232, 222.7046])
2024-05-21 00:58:10,546 - ObjectDetectionLogger - INFO - Grid coordinates of bounding box computed successfully
2024-05-21 00:58:10,546 - ObjectDetectionLogger - INFO - Grid coordinates of bounding box computed successfully
2024-05-21 00:58:10,547 - ObjectDetectionLogger - INFO - Percentage of points inside the ROI: 0.00%
2024-05-21 00:58:10,592 - ObjectDetectionLogger - INFO - Bounding box coordinates: tensor([188.0025,  87.3457, 296.7688, 368.9125])
2024-05-21 00:58:10,593 - ObjectDetectionLogger - INFO - Grid coordinates of bounding box computed successfully
2024-05-21 00:58:10,594 - ObjectDetectionLogger - INFO - Grid coordinates of bounding box computed successfully
2024-05-21 00:58:10,594 - ObjectDetectionLogger - INFO - Percentage of points inside the ROI: 30.00%
2024-05-21 00:58:10,603 - ObjectDetectionLogger - INFO - Frame with object 'person' saved to 'C:\Users\aiden\Desktop\GitHub\Sequre\data\output\2024-05-21\a67150d5fe6a976c8da7a3e114935402d28aff49c5c8ffb0b6533a4f24ad5f92\person-00-58-10.jpg'
2024-05-21 00:58:10,606 - ObjectDetectionLogger - INFO - Bounding box coordinates: tensor([316.3714,  65.2325, 366.8811, 223.5291])
2024-05-21 00:58:10,606 - ObjectDetectionLogger - INFO - Grid coordinates of bounding box computed successfully
2024-05-21 00:58:10,606 - ObjectDetectionLogger - INFO - Grid coordinates of bounding box computed successfully
2024-05-21 00:58:10,607 - ObjectDetectionLogger - INFO - Percentage of points inside the ROI: 0.00%
2024-05-21 00:58:10,658 - ObjectDetectionLogger - INFO - Bounding box coordinates: tensor([184.1620,  92.2234, 293.8052, 367.9811])
2024-05-21 00:58:10,659 - ObjectDetectionLogger - INFO - Grid coordinates of bounding box computed successfully
2024-05-21 00:58:10,659 - ObjectDetectionLogger - INFO - Grid coordinates of bounding box computed successfully
2024-05-21 00:58:10,660 - ObjectDetectionLogger - INFO - Percentage of points inside the ROI: 28.00%
2024-05-21 00:58:10,671 - ObjectDetectionLogger - INFO - Frame with object 'person' saved to 'C:\Users\aiden\Desktop\GitHub\Sequre\data\output\2024-05-21\a67150d5fe6a976c8da7a3e114935402d28aff49c5c8ffb0b6533a4f24ad5f92\person-00-58-10.jpg'
2024-05-21 00:58:10,673 - ObjectDetectionLogger - INFO - Bounding box coordinates: tensor([312.7663,  65.4059, 364.5112, 223.2974])
2024-05-21 00:58:10,674 - ObjectDetectionLogger - INFO - Grid coordinates of bounding box computed successfully
2024-05-21 00:58:10,674 - ObjectDetectionLogger - INFO - Grid coordinates of bounding box computed successfully
2024-05-21 00:58:10,676 - ObjectDetectionLogger - INFO - Percentage of points inside the ROI: 0.00%
2024-05-21 00:58:10,726 - ObjectDetectionLogger - INFO - Bounding box coordinates: tensor([309.8848,  64.9427, 365.4066, 219.6003])
2024-05-21 00:58:10,727 - ObjectDetectionLogger - INFO - Grid coordinates of bounding box computed successfully
2024-05-21 00:58:10,727 - ObjectDetectionLogger - INFO - Grid coordinates of bounding box computed successfully
2024-05-21 00:58:10,729 - ObjectDetectionLogger - INFO - Percentage of points inside the ROI: 0.00%
2024-05-21 00:58:10,730 - ObjectDetectionLogger - INFO - Bounding box coordinates: tensor([170.0569,  93.4662, 287.9066, 366.1506])
2024-05-21 00:58:10,730 - ObjectDetectionLogger - INFO - Grid coordinates of bounding box computed successfully
2024-05-21 00:58:10,731 - ObjectDetectionLogger - INFO - Grid coordinates of bounding box computed successfully
2024-05-21 00:58:10,732 - ObjectDetectionLogger - INFO - Percentage of points inside the ROI: 23.00%
2024-05-21 00:58:10,780 - ObjectDetectionLogger - INFO - Bounding box coordinates: tensor([149.1906,  94.6780, 280.4584, 370.7095])
2024-05-21 00:58:10,781 - ObjectDetectionLogger - INFO - Grid coordinates of bounding box computed successfully
2024-05-21 00:58:10,782 - ObjectDetectionLogger - INFO - Grid coordinates of bounding box computed successfully
2024-05-21 00:58:10,782 - ObjectDetectionLogger - INFO - Percentage of points inside the ROI: 20.00%
2024-05-21 00:58:10,784 - ObjectDetectionLogger - INFO - Bounding box coordinates: tensor([306.2811,  65.4873, 361.4026, 220.8233])
2024-05-21 00:58:10,784 - ObjectDetectionLogger - INFO - Grid coordinates of bounding box computed successfully
2024-05-21 00:58:10,785 - ObjectDetectionLogger - INFO - Grid coordinates of bounding box computed successfully
2024-05-21 00:58:10,786 - ObjectDetectionLogger - INFO - Percentage of points inside the ROI: 0.00%
2024-05-21 00:58:10,836 - ObjectDetectionLogger - INFO - Bounding box coordinates: tensor([148.5942,  94.1755, 275.9833, 410.8643])
2024-05-21 00:58:10,837 - ObjectDetectionLogger - INFO - Grid coordinates of bounding box computed successfully
2024-05-21 00:58:10,837 - ObjectDetectionLogger - INFO - Grid coordinates of bounding box computed successfully
2024-05-21 00:58:10,838 - ObjectDetectionLogger - INFO - Percentage of points inside the ROI: 27.00%
2024-05-21 00:58:10,848 - ObjectDetectionLogger - INFO - Frame with object 'person' saved to 'C:\Users\aiden\Desktop\GitHub\Sequre\data\output\2024-05-21\a67150d5fe6a976c8da7a3e114935402d28aff49c5c8ffb0b6533a4f24ad5f92\person-00-58-10.jpg'
2024-05-21 00:58:10,850 - ObjectDetectionLogger - INFO - Bounding box coordinates: tensor([301.4597,  66.4390, 359.4191, 220.6956])
2024-05-21 00:58:10,851 - ObjectDetectionLogger - INFO - Grid coordinates of bounding box computed successfully
2024-05-21 00:58:10,852 - ObjectDetectionLogger - INFO - Grid coordinates of bounding box computed successfully
2024-05-21 00:58:10,852 - ObjectDetectionLogger - INFO - Percentage of points inside the ROI: 0.00%
2024-05-21 00:58:10,904 - ObjectDetectionLogger - INFO - Bounding box coordinates: tensor([140.1180,  95.1903, 275.6982, 420.7402])
2024-05-21 00:58:10,905 - ObjectDetectionLogger - INFO - Grid coordinates of bounding box computed successfully
2024-05-21 00:58:10,906 - ObjectDetectionLogger - INFO - Grid coordinates of bounding box computed successfully
2024-05-21 00:58:10,906 - ObjectDetectionLogger - INFO - Percentage of points inside the ROI: 27.00%
2024-05-21 00:58:10,919 - ObjectDetectionLogger - INFO - Frame with object 'person' saved to 'C:\Users\aiden\Desktop\GitHub\Sequre\data\output\2024-05-21\a67150d5fe6a976c8da7a3e114935402d28aff49c5c8ffb0b6533a4f24ad5f92\person-00-58-10.jpg'
2024-05-21 00:58:10,921 - ObjectDetectionLogger - INFO - Bounding box coordinates: tensor([295.4078,  69.2967, 356.8125, 220.0853])
2024-05-21 00:58:10,922 - ObjectDetectionLogger - INFO - Grid coordinates of bounding box computed successfully
2024-05-21 00:58:10,922 - ObjectDetectionLogger - INFO - Grid coordinates of bounding box computed successfully
2024-05-21 00:58:10,923 - ObjectDetectionLogger - INFO - Percentage of points inside the ROI: 0.00%
2024-05-21 00:58:10,986 - ObjectDetectionLogger - INFO - Bounding box coordinates: tensor([130.6159,  97.2925, 265.4749, 446.6162])
2024-05-21 00:58:10,987 - ObjectDetectionLogger - INFO - Grid coordinates of bounding box computed successfully
2024-05-21 00:58:10,988 - ObjectDetectionLogger - INFO - Grid coordinates of bounding box computed successfully
2024-05-21 00:58:10,989 - ObjectDetectionLogger - INFO - Percentage of points inside the ROI: 29.00%
2024-05-21 00:58:11,004 - ObjectDetectionLogger - INFO - Frame with object 'person' saved to 'C:\Users\aiden\Desktop\GitHub\Sequre\data\output\2024-05-21\a67150d5fe6a976c8da7a3e114935402d28aff49c5c8ffb0b6533a4f24ad5f92\person-00-58-10.jpg'
2024-05-21 00:58:11,006 - ObjectDetectionLogger - INFO - Bounding box coordinates: tensor([289.5709,  73.7603, 355.4065, 222.7342])
2024-05-21 00:58:11,007 - ObjectDetectionLogger - INFO - Grid coordinates of bounding box computed successfully
2024-05-21 00:58:11,008 - ObjectDetectionLogger - INFO - Grid coordinates of bounding box computed successfully
2024-05-21 00:58:11,009 - ObjectDetectionLogger - INFO - Percentage of points inside the ROI: 0.00%
2024-05-21 00:58:11,092 - ObjectDetectionLogger - INFO - Bounding box coordinates: tensor([121.8980, 101.8519, 247.5072, 470.0057])
2024-05-21 00:58:11,093 - ObjectDetectionLogger - INFO - Grid coordinates of bounding box computed successfully
2024-05-21 00:58:11,094 - ObjectDetectionLogger - INFO - Grid coordinates of bounding box computed successfully
2024-05-21 00:58:11,096 - ObjectDetectionLogger - INFO - Percentage of points inside the ROI: 20.00%
2024-05-21 00:58:11,100 - ObjectDetectionLogger - INFO - Bounding box coordinates: tensor([283.3790,  78.5824, 353.8845, 219.5271])
2024-05-21 00:58:11,102 - ObjectDetectionLogger - INFO - Grid coordinates of bounding box computed successfully
2024-05-21 00:58:11,103 - ObjectDetectionLogger - INFO - Grid coordinates of bounding box computed successfully
2024-05-21 00:58:11,105 - ObjectDetectionLogger - INFO - Percentage of points inside the ROI: 0.00%
2024-05-21 00:58:11,174 - ObjectDetectionLogger - INFO - Bounding box coordinates: tensor([105.7182, 109.5923, 239.2577, 474.2357])
2024-05-21 00:58:11,175 - ObjectDetectionLogger - INFO - Grid coordinates of bounding box computed successfully
2024-05-21 00:58:11,175 - ObjectDetectionLogger - INFO - Grid coordinates of bounding box computed successfully
2024-05-21 00:58:11,176 - ObjectDetectionLogger - INFO - Percentage of points inside the ROI: 16.00%
2024-05-21 00:58:11,177 - ObjectDetectionLogger - INFO - Bounding box coordinates: tensor([276.8989,  82.6903, 349.5087, 221.9747])
2024-05-21 00:58:11,178 - ObjectDetectionLogger - INFO - Grid coordinates of bounding box computed successfully
2024-05-21 00:58:11,178 - ObjectDetectionLogger - INFO - Grid coordinates of bounding box computed successfully
2024-05-21 00:58:11,180 - ObjectDetectionLogger - INFO - Percentage of points inside the ROI: 0.00%
2024-05-21 00:58:11,238 - ObjectDetectionLogger - INFO - Bounding box coordinates: tensor([ 89.4678, 118.6083, 235.3146, 476.5179])
2024-05-21 00:58:11,239 - ObjectDetectionLogger - INFO - Grid coordinates of bounding box computed successfully
2024-05-21 00:58:11,240 - ObjectDetectionLogger - INFO - Grid coordinates of bounding box computed successfully
2024-05-21 00:58:11,240 - ObjectDetectionLogger - INFO - Percentage of points inside the ROI: 15.00%
2024-05-21 00:58:11,242 - ObjectDetectionLogger - INFO - Bounding box coordinates: tensor([269.6771,  84.8947, 348.4141, 222.4456])
2024-05-21 00:58:11,244 - ObjectDetectionLogger - INFO - Grid coordinates of bounding box computed successfully
2024-05-21 00:58:11,244 - ObjectDetectionLogger - INFO - Grid coordinates of bounding box computed successfully
2024-05-21 00:58:11,245 - ObjectDetectionLogger - INFO - Percentage of points inside the ROI: 0.00%
2024-05-21 00:58:11,298 - ObjectDetectionLogger - INFO - Bounding box coordinates: tensor([ 67.3729, 127.3700, 225.2796, 477.6490])
2024-05-21 00:58:11,299 - ObjectDetectionLogger - INFO - Grid coordinates of bounding box computed successfully
2024-05-21 00:58:11,301 - ObjectDetectionLogger - INFO - Grid coordinates of bounding box computed successfully
2024-05-21 00:58:11,301 - ObjectDetectionLogger - INFO - Percentage of points inside the ROI: 12.00%
2024-05-21 00:58:11,303 - ObjectDetectionLogger - INFO - Bounding box coordinates: tensor([261.6539,  86.3880, 346.1635, 254.4700])
2024-05-21 00:58:11,304 - ObjectDetectionLogger - INFO - Grid coordinates of bounding box computed successfully
2024-05-21 00:58:11,304 - ObjectDetectionLogger - INFO - Grid coordinates of bounding box computed successfully
2024-05-21 00:58:11,305 - ObjectDetectionLogger - INFO - Percentage of points inside the ROI: 10.00%
2024-05-21 00:58:11,358 - ObjectDetectionLogger - INFO - Bounding box coordinates: tensor([ 42.8355, 131.9598, 212.1482, 479.4758])
2024-05-21 00:58:11,359 - ObjectDetectionLogger - INFO - Grid coordinates of bounding box computed successfully
2024-05-21 00:58:11,360 - ObjectDetectionLogger - INFO - Grid coordinates of bounding box computed successfully
2024-05-21 00:58:11,361 - ObjectDetectionLogger - INFO - Percentage of points inside the ROI: 10.00%
2024-05-21 00:58:11,363 - ObjectDetectionLogger - INFO - Bounding box coordinates: tensor([255.6689,  87.3098, 341.8432, 249.6674])
2024-05-21 00:58:11,364 - ObjectDetectionLogger - INFO - Grid coordinates of bounding box computed successfully
2024-05-21 00:58:11,364 - ObjectDetectionLogger - INFO - Grid coordinates of bounding box computed successfully
2024-05-21 00:58:11,365 - ObjectDetectionLogger - INFO - Percentage of points inside the ROI: 8.00%
2024-05-21 00:58:11,421 - ObjectDetectionLogger - INFO - Bounding box coordinates: tensor([ 38.1455, 134.9451, 201.5389, 479.4823])
2024-05-21 00:58:11,422 - ObjectDetectionLogger - INFO - Grid coordinates of bounding box computed successfully
2024-05-21 00:58:11,423 - ObjectDetectionLogger - INFO - Grid coordinates of bounding box computed successfully
2024-05-21 00:58:11,424 - ObjectDetectionLogger - INFO - Percentage of points inside the ROI: 8.00%
2024-05-21 00:58:11,426 - ObjectDetectionLogger - INFO - Bounding box coordinates: tensor([249.1808,  87.3631, 332.5767, 255.3860])
2024-05-21 00:58:11,427 - ObjectDetectionLogger - INFO - Grid coordinates of bounding box computed successfully
2024-05-21 00:58:11,428 - ObjectDetectionLogger - INFO - Grid coordinates of bounding box computed successfully
2024-05-21 00:58:11,429 - ObjectDetectionLogger - INFO - Percentage of points inside the ROI: 9.00%
2024-05-21 00:58:11,484 - ObjectDetectionLogger - INFO - Bounding box coordinates: tensor([ 31.9435, 137.6890, 188.5503, 458.8616])
2024-05-21 00:58:11,485 - ObjectDetectionLogger - INFO - Grid coordinates of bounding box computed successfully
2024-05-21 00:58:11,485 - ObjectDetectionLogger - INFO - Grid coordinates of bounding box computed successfully
2024-05-21 00:58:11,486 - ObjectDetectionLogger - INFO - Percentage of points inside the ROI: 8.00%
2024-05-21 00:58:11,488 - ObjectDetectionLogger - INFO - Bounding box coordinates: tensor([243.0188,  86.9254, 331.4222, 254.0141])
2024-05-21 00:58:11,489 - ObjectDetectionLogger - INFO - Grid coordinates of bounding box computed successfully
2024-05-21 00:58:11,489 - ObjectDetectionLogger - INFO - Grid coordinates of bounding box computed successfully
2024-05-21 00:58:11,490 - ObjectDetectionLogger - INFO - Percentage of points inside the ROI: 8.00%
2024-05-21 00:58:11,541 - ObjectDetectionLogger - INFO - Bounding box coordinates: tensor([ 20.7455, 141.5427, 180.7496, 458.5006])
2024-05-21 00:58:11,543 - ObjectDetectionLogger - INFO - Grid coordinates of bounding box computed successfully
2024-05-21 00:58:11,544 - ObjectDetectionLogger - INFO - Grid coordinates of bounding box computed successfully
2024-05-21 00:58:11,544 - ObjectDetectionLogger - INFO - Percentage of points inside the ROI: 7.00%
2024-05-21 00:58:11,545 - ObjectDetectionLogger - INFO - Bounding box coordinates: tensor([236.5931,  88.3622, 332.2820, 297.6451])
2024-05-21 00:58:11,546 - ObjectDetectionLogger - INFO - Grid coordinates of bounding box computed successfully
2024-05-21 00:58:11,547 - ObjectDetectionLogger - INFO - Grid coordinates of bounding box computed successfully
2024-05-21 00:58:11,548 - ObjectDetectionLogger - INFO - Percentage of points inside the ROI: 23.00%
2024-05-21 00:58:11,607 - ObjectDetectionLogger - INFO - Bounding box coordinates: tensor([231.2060,  91.1070, 325.3673, 304.2574])
2024-05-21 00:58:11,608 - ObjectDetectionLogger - INFO - Grid coordinates of bounding box computed successfully
2024-05-21 00:58:11,608 - ObjectDetectionLogger - INFO - Grid coordinates of bounding box computed successfully
2024-05-21 00:58:11,609 - ObjectDetectionLogger - INFO - Percentage of points inside the ROI: 23.00%
2024-05-21 00:58:11,611 - ObjectDetectionLogger - INFO - Bounding box coordinates: tensor([  3.2032, 149.9191, 164.0582, 453.4080])
2024-05-21 00:58:11,612 - ObjectDetectionLogger - INFO - Grid coordinates of bounding box computed successfully
2024-05-21 00:58:11,613 - ObjectDetectionLogger - INFO - Grid coordinates of bounding box computed successfully
2024-05-21 00:58:11,615 - ObjectDetectionLogger - INFO - Percentage of points inside the ROI: 4.00%
2024-05-21 00:58:11,668 - ObjectDetectionLogger - INFO - Bounding box coordinates: tensor([224.9207,  95.4963, 322.7349, 300.8792])
2024-05-21 00:58:11,669 - ObjectDetectionLogger - INFO - Grid coordinates of bounding box computed successfully
2024-05-21 00:58:11,669 - ObjectDetectionLogger - INFO - Grid coordinates of bounding box computed successfully
2024-05-21 00:58:11,670 - ObjectDetectionLogger - INFO - Percentage of points inside the ROI: 21.00%
2024-05-21 00:58:11,674 - ObjectDetectionLogger - INFO - Bounding box coordinates: tensor([4.2586e-01, 1.6801e+02, 1.5125e+02, 4.6175e+02])
2024-05-21 00:58:11,674 - ObjectDetectionLogger - INFO - Grid coordinates of bounding box computed successfully
2024-05-21 00:58:11,675 - ObjectDetectionLogger - INFO - Grid coordinates of bounding box computed successfully
2024-05-21 00:58:11,676 - ObjectDetectionLogger - INFO - Percentage of points inside the ROI: 3.00%
2024-05-21 00:58:11,736 - ObjectDetectionLogger - INFO - Bounding box coordinates: tensor([219.7989,  99.1561, 321.8450, 293.0448])
2024-05-21 00:58:11,737 - ObjectDetectionLogger - INFO - Grid coordinates of bounding box computed successfully
2024-05-21 00:58:11,738 - ObjectDetectionLogger - INFO - Grid coordinates of bounding box computed successfully
2024-05-21 00:58:11,739 - ObjectDetectionLogger - INFO - Percentage of points inside the ROI: 19.00%
2024-05-21 00:58:11,797 - ObjectDetectionLogger - INFO - Bounding box coordinates: tensor([214.3102, 102.9955, 318.0499, 295.7989])
2024-05-21 00:58:11,799 - ObjectDetectionLogger - INFO - Grid coordinates of bounding box computed successfully
2024-05-21 00:58:11,800 - ObjectDetectionLogger - INFO - Grid coordinates of bounding box computed successfully
2024-05-21 00:58:11,801 - ObjectDetectionLogger - INFO - Percentage of points inside the ROI: 18.00%
2024-05-21 00:58:11,866 - ObjectDetectionLogger - INFO - Bounding box coordinates: tensor([205.7330, 104.7735, 310.4225, 302.8453])
2024-05-21 00:58:11,867 - ObjectDetectionLogger - INFO - Grid coordinates of bounding box computed successfully
2024-05-21 00:58:11,867 - ObjectDetectionLogger - INFO - Grid coordinates of bounding box computed successfully
2024-05-21 00:58:11,868 - ObjectDetectionLogger - INFO - Percentage of points inside the ROI: 18.00%
2024-05-21 00:58:11,921 - ObjectDetectionLogger - INFO - Bounding box coordinates: tensor([197.1071, 105.9933, 304.4167, 341.7899])
2024-05-21 00:58:11,922 - ObjectDetectionLogger - INFO - Grid coordinates of bounding box computed successfully
2024-05-21 00:58:11,922 - ObjectDetectionLogger - INFO - Grid coordinates of bounding box computed successfully
2024-05-21 00:58:11,923 - ObjectDetectionLogger - INFO - Percentage of points inside the ROI: 27.00%
2024-05-21 00:58:11,937 - ObjectDetectionLogger - INFO - Frame with object 'person' saved to 'C:\Users\aiden\Desktop\GitHub\Sequre\data\output\2024-05-21\a67150d5fe6a976c8da7a3e114935402d28aff49c5c8ffb0b6533a4f24ad5f92\person-00-58-11.jpg'
2024-05-21 00:58:11,990 - ObjectDetectionLogger - INFO - Bounding box coordinates: tensor([189.4802, 107.8932, 301.5513, 372.7932])
2024-05-21 00:58:11,991 - ObjectDetectionLogger - INFO - Grid coordinates of bounding box computed successfully
2024-05-21 00:58:11,992 - ObjectDetectionLogger - INFO - Grid coordinates of bounding box computed successfully
2024-05-21 00:58:11,993 - ObjectDetectionLogger - INFO - Percentage of points inside the ROI: 33.00%
2024-05-21 00:58:12,006 - ObjectDetectionLogger - INFO - Frame with object 'person' saved to 'C:\Users\aiden\Desktop\GitHub\Sequre\data\output\2024-05-21\a67150d5fe6a976c8da7a3e114935402d28aff49c5c8ffb0b6533a4f24ad5f92\person-00-58-11.jpg'
2024-05-21 00:58:12,059 - ObjectDetectionLogger - INFO - Bounding box coordinates: tensor([184.3440, 111.7538, 296.9461, 388.3886])
2024-05-21 00:58:12,060 - ObjectDetectionLogger - INFO - Grid coordinates of bounding box computed successfully
2024-05-21 00:58:12,060 - ObjectDetectionLogger - INFO - Grid coordinates of bounding box computed successfully
2024-05-21 00:58:12,061 - ObjectDetectionLogger - INFO - Percentage of points inside the ROI: 34.00%
2024-05-21 00:58:12,075 - ObjectDetectionLogger - INFO - Frame with object 'person' saved to 'C:\Users\aiden\Desktop\GitHub\Sequre\data\output\2024-05-21\a67150d5fe6a976c8da7a3e114935402d28aff49c5c8ffb0b6533a4f24ad5f92\person-00-58-12.jpg'
2024-05-21 00:58:12,125 - ObjectDetectionLogger - INFO - Bounding box coordinates: tensor([166.9921, 117.2295, 292.2221, 402.1893])
2024-05-21 00:58:12,126 - ObjectDetectionLogger - INFO - Grid coordinates of bounding box computed successfully
2024-05-21 00:58:12,127 - ObjectDetectionLogger - INFO - Grid coordinates of bounding box computed successfully
2024-05-21 00:58:12,128 - ObjectDetectionLogger - INFO - Percentage of points inside the ROI: 35.00%
2024-05-21 00:58:12,140 - ObjectDetectionLogger - INFO - Frame with object 'person' saved to 'C:\Users\aiden\Desktop\GitHub\Sequre\data\output\2024-05-21\a67150d5fe6a976c8da7a3e114935402d28aff49c5c8ffb0b6533a4f24ad5f92\person-00-58-12.jpg'
2024-05-21 00:58:12,191 - ObjectDetectionLogger - INFO - Bounding box coordinates: tensor([154.6492, 124.2636, 288.9790, 408.1846])
2024-05-21 00:58:12,192 - ObjectDetectionLogger - INFO - Grid coordinates of bounding box computed successfully
2024-05-21 00:58:12,192 - ObjectDetectionLogger - INFO - Grid coordinates of bounding box computed successfully
2024-05-21 00:58:12,193 - ObjectDetectionLogger - INFO - Percentage of points inside the ROI: 33.00%
2024-05-21 00:58:12,206 - ObjectDetectionLogger - INFO - Frame with object 'person' saved to 'C:\Users\aiden\Desktop\GitHub\Sequre\data\output\2024-05-21\a67150d5fe6a976c8da7a3e114935402d28aff49c5c8ffb0b6533a4f24ad5f92\person-00-58-12.jpg'
2024-05-21 00:58:12,259 - ObjectDetectionLogger - INFO - Bounding box coordinates: tensor([143.4891, 133.8641, 283.6616, 408.6511])
2024-05-21 00:58:12,260 - ObjectDetectionLogger - INFO - Grid coordinates of bounding box computed successfully
2024-05-21 00:58:12,261 - ObjectDetectionLogger - INFO - Grid coordinates of bounding box computed successfully
2024-05-21 00:58:12,262 - ObjectDetectionLogger - INFO - Percentage of points inside the ROI: 30.00%
2024-05-21 00:58:12,276 - ObjectDetectionLogger - INFO - Frame with object 'person' saved to 'C:\Users\aiden\Desktop\GitHub\Sequre\data\output\2024-05-21\a67150d5fe6a976c8da7a3e114935402d28aff49c5c8ffb0b6533a4f24ad5f92\person-00-58-12.jpg'
2024-05-21 00:58:12,341 - ObjectDetectionLogger - INFO - Bounding box coordinates: tensor([128.0541, 141.2442, 286.2810, 408.9648])
2024-05-21 00:58:12,342 - ObjectDetectionLogger - INFO - Grid coordinates of bounding box computed successfully
2024-05-21 00:58:12,343 - ObjectDetectionLogger - INFO - Grid coordinates of bounding box computed successfully
2024-05-21 00:58:12,344 - ObjectDetectionLogger - INFO - Percentage of points inside the ROI: 29.00%
2024-05-21 00:58:12,358 - ObjectDetectionLogger - INFO - Frame with object 'person' saved to 'C:\Users\aiden\Desktop\GitHub\Sequre\data\output\2024-05-21\a67150d5fe6a976c8da7a3e114935402d28aff49c5c8ffb0b6533a4f24ad5f92\person-00-58-12.jpg'
2024-05-21 00:58:12,411 - ObjectDetectionLogger - INFO - Bounding box coordinates: tensor([111.2644, 148.1483, 274.9468, 409.0696])
2024-05-21 00:58:12,413 - ObjectDetectionLogger - INFO - Grid coordinates of bounding box computed successfully
2024-05-21 00:58:12,413 - ObjectDetectionLogger - INFO - Grid coordinates of bounding box computed successfully
2024-05-21 00:58:12,414 - ObjectDetectionLogger - INFO - Percentage of points inside the ROI: 25.00%
2024-05-21 00:58:12,428 - ObjectDetectionLogger - INFO - Frame with object 'person' saved to 'C:\Users\aiden\Desktop\GitHub\Sequre\data\output\2024-05-21\a67150d5fe6a976c8da7a3e114935402d28aff49c5c8ffb0b6533a4f24ad5f92\person-00-58-12.jpg'
2024-05-21 00:58:12,477 - ObjectDetectionLogger - INFO - Bounding box coordinates: tensor([ 96.9981, 154.1570, 276.7849, 421.6716])
2024-05-21 00:58:12,478 - ObjectDetectionLogger - INFO - Grid coordinates of bounding box computed successfully
2024-05-21 00:58:12,479 - ObjectDetectionLogger - INFO - Grid coordinates of bounding box computed successfully
2024-05-21 00:58:12,479 - ObjectDetectionLogger - INFO - Percentage of points inside the ROI: 28.00%
2024-05-21 00:58:12,489 - ObjectDetectionLogger - INFO - Frame with object 'person' saved to 'C:\Users\aiden\Desktop\GitHub\Sequre\data\output\2024-05-21\a67150d5fe6a976c8da7a3e114935402d28aff49c5c8ffb0b6533a4f24ad5f92\person-00-58-12.jpg'
2024-05-21 00:58:12,540 - ObjectDetectionLogger - INFO - Bounding box coordinates: tensor([ 83.0274, 160.5209, 256.3426, 413.0894])
2024-05-21 00:58:12,541 - ObjectDetectionLogger - INFO - Grid coordinates of bounding box computed successfully
2024-05-21 00:58:12,541 - ObjectDetectionLogger - INFO - Grid coordinates of bounding box computed successfully
2024-05-21 00:58:12,542 - ObjectDetectionLogger - INFO - Percentage of points inside the ROI: 21.00%
2024-05-21 00:58:12,591 - ObjectDetectionLogger - INFO - Bounding box coordinates: tensor([ 61.2065, 170.4959, 247.6277, 460.7902])
2024-05-21 00:58:12,592 - ObjectDetectionLogger - INFO - Grid coordinates of bounding box computed successfully
2024-05-21 00:58:12,593 - ObjectDetectionLogger - INFO - Grid coordinates of bounding box computed successfully
2024-05-21 00:58:12,594 - ObjectDetectionLogger - INFO - Percentage of points inside the ROI: 22.00%
2024-05-21 00:58:12,646 - ObjectDetectionLogger - INFO - Bounding box coordinates: tensor([ 45.6748, 181.9115, 257.4389, 454.9799])
2024-05-21 00:58:12,647 - ObjectDetectionLogger - INFO - Grid coordinates of bounding box computed successfully
2024-05-21 00:58:12,647 - ObjectDetectionLogger - INFO - Grid coordinates of bounding box computed successfully
2024-05-21 00:58:12,648 - ObjectDetectionLogger - INFO - Percentage of points inside the ROI: 23.00%
2024-05-21 00:58:12,709 - ObjectDetectionLogger - INFO - Bounding box coordinates: tensor([ 30.8380, 192.9590, 248.0772, 457.7867])
2024-05-21 00:58:12,710 - ObjectDetectionLogger - INFO - Grid coordinates of bounding box computed successfully
2024-05-21 00:58:12,710 - ObjectDetectionLogger - INFO - Grid coordinates of bounding box computed successfully
2024-05-21 00:58:12,711 - ObjectDetectionLogger - INFO - Percentage of points inside the ROI: 21.00%
2024-05-21 00:58:12,760 - ObjectDetectionLogger - INFO - Bounding box coordinates: tensor([ 23.3049, 208.8881, 232.6299, 464.2714])
2024-05-21 00:58:12,761 - ObjectDetectionLogger - INFO - Grid coordinates of bounding box computed successfully
2024-05-21 00:58:12,762 - ObjectDetectionLogger - INFO - Grid coordinates of bounding box computed successfully
2024-05-21 00:58:12,763 - ObjectDetectionLogger - INFO - Percentage of points inside the ROI: 19.00%
2024-05-21 00:58:12,818 - ObjectDetectionLogger - INFO - Bounding box coordinates: tensor([ 10.8271, 221.4798, 220.4476, 459.1149])
2024-05-21 00:58:12,819 - ObjectDetectionLogger - INFO - Grid coordinates of bounding box computed successfully
2024-05-21 00:58:12,820 - ObjectDetectionLogger - INFO - Grid coordinates of bounding box computed successfully
2024-05-21 00:58:12,821 - ObjectDetectionLogger - INFO - Percentage of points inside the ROI: 16.00%
2024-05-21 00:58:12,879 - ObjectDetectionLogger - INFO - Bounding box coordinates: tensor([  0.6690, 236.1865, 208.0642, 457.0703])
2024-05-21 00:58:12,881 - ObjectDetectionLogger - INFO - Grid coordinates of bounding box computed successfully
2024-05-21 00:58:12,882 - ObjectDetectionLogger - INFO - Grid coordinates of bounding box computed successfully
2024-05-21 00:58:12,883 - ObjectDetectionLogger - INFO - Percentage of points inside the ROI: 13.00%
2024-05-21 00:58:19,394 - ObjectDetectionLogger - INFO - End of the video file
2024-05-21 00:58:19,421 - ObjectDetectionLogger - INFO - Video processing completed
