2024-04-17 13:02:17,859 - ObjectDetectionLogger - INFO - Initialising the application
2024-04-17 13:02:17,861 - ObjectDetectionLogger - INFO - Output directory: 'C:\Users\aido\Desktop\Github Repos\Sequre\data\output\2024-04-17\7f7ff8144630be978f4da38238b5876800e3bcee3f78063edc231a70861cfb59'
2024-04-17 13:02:18,087 - ObjectDetectionLogger - INFO - Opening the video file..
2024-04-17 13:02:18,100 - ObjectDetectionLogger - INFO - Region of interest points loaded successfully. Num points: 8
2024-04-17 13:02:22,176 - ObjectDetectionLogger - INFO - 'car' detected in the frame with confidence: 0.76
2024-04-17 13:02:22,177 - ObjectDetectionLogger - INFO - Grid coordinates of bounding box computed successfully
2024-04-17 13:02:22,179 - ObjectDetectionLogger - INFO - Percentage of points inside the ROI: 0.00%
2024-04-17 13:02:22,179 - ObjectDetectionLogger - INFO - 'person' detected in the frame with confidence: 0.69
2024-04-17 13:02:22,179 - ObjectDetectionLogger - INFO - Grid coordinates of bounding box computed successfully
2024-04-17 13:02:22,180 - ObjectDetectionLogger - INFO - Percentage of points inside the ROI: 100.00%
2024-04-17 13:02:22,180 - ObjectDetectionLogger - INFO - 'person' detected inside the region of interest
2024-04-17 13:02:22,181 - ObjectDetectionLogger - INFO - 'motorcycle' detected in the frame with confidence: 0.33
2024-04-17 13:02:22,181 - ObjectDetectionLogger - INFO - Grid coordinates of bounding box computed successfully
2024-04-17 13:02:22,182 - ObjectDetectionLogger - INFO - Saving frame to: 'C:\Users\aido\Desktop\Github Repos\Sequre\data\output\2024-04-17\7f7ff8144630be978f4da38238b5876800e3bcee3f78063edc231a70861cfb59\person-2024-04-17-13-02-22.jpg'
2024-04-17 13:02:22,183 - ObjectDetectionLogger - INFO - Percentage of points inside the ROI: 60.00%
2024-04-17 13:02:22,183 - ObjectDetectionLogger - INFO - 'motorcycle' detected inside the region of interest
2024-04-17 13:02:22,183 - ObjectDetectionLogger - INFO - Detected object class 'motorcycle' in ROI, though not in classes to monitor
2024-04-17 13:02:22,183 - ObjectDetectionLogger - INFO - 'motorcycle' detected in the frame with confidence: 0.28
2024-04-17 13:02:22,183 - ObjectDetectionLogger - INFO - Grid coordinates of bounding box computed successfully
2024-04-17 13:02:22,184 - ObjectDetectionLogger - INFO - Percentage of points inside the ROI: 9.00%
2024-04-17 13:02:22,220 - ObjectDetectionLogger - INFO - Frame saved successfully
2024-04-17 13:02:22,805 - ObjectDetectionLogger - INFO - 'car' detected in the frame with confidence: 0.78
2024-04-17 13:02:22,805 - ObjectDetectionLogger - INFO - Grid coordinates of bounding box computed successfully
2024-04-17 13:02:22,806 - ObjectDetectionLogger - INFO - Percentage of points inside the ROI: 0.00%
2024-04-17 13:02:22,807 - ObjectDetectionLogger - INFO - 'person' detected in the frame with confidence: 0.76
2024-04-17 13:02:22,807 - ObjectDetectionLogger - INFO - Grid coordinates of bounding box computed successfully
2024-04-17 13:02:22,807 - ObjectDetectionLogger - INFO - Percentage of points inside the ROI: 92.00%
2024-04-17 13:02:22,807 - ObjectDetectionLogger - INFO - 'person' detected inside the region of interest
2024-04-17 13:02:22,807 - ObjectDetectionLogger - INFO - 'car' detected in the frame with confidence: 0.68
2024-04-17 13:02:22,808 - ObjectDetectionLogger - INFO - Grid coordinates of bounding box computed successfully
2024-04-17 13:02:22,808 - ObjectDetectionLogger - INFO - Percentage of points inside the ROI: 66.00%
2024-04-17 13:02:22,808 - ObjectDetectionLogger - INFO - 'car' detected inside the region of interest
2024-04-17 13:02:22,809 - ObjectDetectionLogger - INFO - Saving frame to: 'C:\Users\aido\Desktop\Github Repos\Sequre\data\output\2024-04-17\7f7ff8144630be978f4da38238b5876800e3bcee3f78063edc231a70861cfb59\person-2024-04-17-13-02-22.jpg'
2024-04-17 13:02:22,809 - ObjectDetectionLogger - INFO - 'motorcycle' detected in the frame with confidence: 0.32
2024-04-17 13:02:22,809 - ObjectDetectionLogger - INFO - Grid coordinates of bounding box computed successfully
2024-04-17 13:02:22,810 - ObjectDetectionLogger - INFO - Saving frame to: 'C:\Users\aido\Desktop\Github Repos\Sequre\data\output\2024-04-17\7f7ff8144630be978f4da38238b5876800e3bcee3f78063edc231a70861cfb59\car-2024-04-17-13-02-22.jpg'
2024-04-17 13:02:22,811 - ObjectDetectionLogger - INFO - Percentage of points inside the ROI: 9.00%
2024-04-17 13:02:22,811 - ObjectDetectionLogger - INFO - Frame saved successfully
2024-04-17 13:02:22,813 - ObjectDetectionLogger - INFO - Frame saved successfully
2024-04-17 13:02:23,005 - ObjectDetectionLogger - INFO - 'car' detected in the frame with confidence: 0.81
2024-04-17 13:02:23,006 - ObjectDetectionLogger - INFO - Grid coordinates of bounding box computed successfully
2024-04-17 13:02:23,006 - ObjectDetectionLogger - INFO - Percentage of points inside the ROI: 0.00%
2024-04-17 13:02:23,006 - ObjectDetectionLogger - INFO - 'person' detected in the frame with confidence: 0.78
2024-04-17 13:02:23,007 - ObjectDetectionLogger - INFO - Grid coordinates of bounding box computed successfully
2024-04-17 13:02:23,007 - ObjectDetectionLogger - INFO - Percentage of points inside the ROI: 91.00%
2024-04-17 13:02:23,007 - ObjectDetectionLogger - INFO - 'person' detected inside the region of interest
2024-04-17 13:02:23,008 - ObjectDetectionLogger - INFO - 'car' detected in the frame with confidence: 0.72
2024-04-17 13:02:23,008 - ObjectDetectionLogger - INFO - Grid coordinates of bounding box computed successfully
2024-04-17 13:02:23,009 - ObjectDetectionLogger - INFO - Percentage of points inside the ROI: 66.00%
2024-04-17 13:02:23,009 - ObjectDetectionLogger - INFO - 'car' detected inside the region of interest
2024-04-17 13:02:23,009 - ObjectDetectionLogger - INFO - Saving frame to: 'C:\Users\aido\Desktop\Github Repos\Sequre\data\output\2024-04-17\7f7ff8144630be978f4da38238b5876800e3bcee3f78063edc231a70861cfb59\person-2024-04-17-13-02-23.jpg'
2024-04-17 13:02:23,009 - ObjectDetectionLogger - INFO - 'motorcycle' detected in the frame with confidence: 0.32
2024-04-17 13:02:23,010 - ObjectDetectionLogger - INFO - Grid coordinates of bounding box computed successfully
2024-04-17 13:02:23,010 - ObjectDetectionLogger - INFO - Saving frame to: 'C:\Users\aido\Desktop\Github Repos\Sequre\data\output\2024-04-17\7f7ff8144630be978f4da38238b5876800e3bcee3f78063edc231a70861cfb59\car-2024-04-17-13-02-23.jpg'
2024-04-17 13:02:23,010 - ObjectDetectionLogger - INFO - Percentage of points inside the ROI: 9.00%
2024-04-17 13:02:23,011 - ObjectDetectionLogger - INFO - 'car' detected in the frame with confidence: 0.28
2024-04-17 13:02:23,011 - ObjectDetectionLogger - INFO - Grid coordinates of bounding box computed successfully
2024-04-17 13:02:23,011 - ObjectDetectionLogger - INFO - Percentage of points inside the ROI: 9.00%
2024-04-17 13:02:23,012 - ObjectDetectionLogger - INFO - Frame saved successfully
2024-04-17 13:02:23,013 - ObjectDetectionLogger - INFO - Frame saved successfully
2024-04-17 13:02:23,221 - ObjectDetectionLogger - INFO - 'car' detected in the frame with confidence: 0.82
2024-04-17 13:02:23,221 - ObjectDetectionLogger - INFO - Grid coordinates of bounding box computed successfully
2024-04-17 13:02:23,222 - ObjectDetectionLogger - INFO - Percentage of points inside the ROI: 67.00%
2024-04-17 13:02:23,222 - ObjectDetectionLogger - INFO - 'car' detected inside the region of interest
2024-04-17 13:02:23,222 - ObjectDetectionLogger - INFO - 'car' detected in the frame with confidence: 0.81
2024-04-17 13:02:23,222 - ObjectDetectionLogger - INFO - Grid coordinates of bounding box computed successfully
2024-04-17 13:02:23,223 - ObjectDetectionLogger - INFO - Saving frame to: 'C:\Users\aido\Desktop\Github Repos\Sequre\data\output\2024-04-17\7f7ff8144630be978f4da38238b5876800e3bcee3f78063edc231a70861cfb59\car-2024-04-17-13-02-23.jpg'
2024-04-17 13:02:23,223 - ObjectDetectionLogger - INFO - Percentage of points inside the ROI: 0.00%
2024-04-17 13:02:23,224 - ObjectDetectionLogger - INFO - 'person' detected in the frame with confidence: 0.75
2024-04-17 13:02:23,224 - ObjectDetectionLogger - INFO - Grid coordinates of bounding box computed successfully
2024-04-17 13:02:23,224 - ObjectDetectionLogger - INFO - Percentage of points inside the ROI: 81.00%
2024-04-17 13:02:23,225 - ObjectDetectionLogger - INFO - 'person' detected inside the region of interest
2024-04-17 13:02:23,225 - ObjectDetectionLogger - INFO - 'car' detected in the frame with confidence: 0.41
2024-04-17 13:02:23,226 - ObjectDetectionLogger - INFO - Grid coordinates of bounding box computed successfully
2024-04-17 13:02:23,226 - ObjectDetectionLogger - INFO - Saving frame to: 'C:\Users\aido\Desktop\Github Repos\Sequre\data\output\2024-04-17\7f7ff8144630be978f4da38238b5876800e3bcee3f78063edc231a70861cfb59\person-2024-04-17-13-02-23.jpg'
2024-04-17 13:02:23,227 - ObjectDetectionLogger - INFO - Percentage of points inside the ROI: 9.00%
2024-04-17 13:02:23,228 - ObjectDetectionLogger - INFO - Frame saved successfully
2024-04-17 13:02:23,229 - ObjectDetectionLogger - INFO - Frame saved successfully
2024-04-17 13:02:23,421 - ObjectDetectionLogger - INFO - 'car' detected in the frame with confidence: 0.82
2024-04-17 13:02:23,421 - ObjectDetectionLogger - INFO - Grid coordinates of bounding box computed successfully
2024-04-17 13:02:23,422 - ObjectDetectionLogger - INFO - Percentage of points inside the ROI: 0.00%
2024-04-17 13:02:23,422 - ObjectDetectionLogger - INFO - 'car' detected in the frame with confidence: 0.81
2024-04-17 13:02:23,422 - ObjectDetectionLogger - INFO - Grid coordinates of bounding box computed successfully
2024-04-17 13:02:23,423 - ObjectDetectionLogger - INFO - Percentage of points inside the ROI: 67.00%
2024-04-17 13:02:23,423 - ObjectDetectionLogger - INFO - 'car' detected inside the region of interest
2024-04-17 13:02:23,423 - ObjectDetectionLogger - INFO - 'person' detected in the frame with confidence: 0.77
2024-04-17 13:02:23,424 - ObjectDetectionLogger - INFO - Grid coordinates of bounding box computed successfully
2024-04-17 13:02:23,424 - ObjectDetectionLogger - INFO - Saving frame to: 'C:\Users\aido\Desktop\Github Repos\Sequre\data\output\2024-04-17\7f7ff8144630be978f4da38238b5876800e3bcee3f78063edc231a70861cfb59\car-2024-04-17-13-02-23.jpg'
2024-04-17 13:02:23,424 - ObjectDetectionLogger - INFO - Percentage of points inside the ROI: 80.00%
2024-04-17 13:02:23,424 - ObjectDetectionLogger - INFO - 'person' detected inside the region of interest
2024-04-17 13:02:23,425 - ObjectDetectionLogger - INFO - 'car' detected in the frame with confidence: 0.41
2024-04-17 13:02:23,425 - ObjectDetectionLogger - INFO - Grid coordinates of bounding box computed successfully
2024-04-17 13:02:23,426 - ObjectDetectionLogger - INFO - Saving frame to: 'C:\Users\aido\Desktop\Github Repos\Sequre\data\output\2024-04-17\7f7ff8144630be978f4da38238b5876800e3bcee3f78063edc231a70861cfb59\person-2024-04-17-13-02-23.jpg'
2024-04-17 13:02:23,426 - ObjectDetectionLogger - INFO - Percentage of points inside the ROI: 9.00%
2024-04-17 13:02:23,427 - ObjectDetectionLogger - INFO - Frame saved successfully
2024-04-17 13:02:23,429 - ObjectDetectionLogger - INFO - Frame saved successfully
2024-04-17 13:02:23,612 - ObjectDetectionLogger - INFO - 'person' detected in the frame with confidence: 0.86
2024-04-17 13:02:23,612 - ObjectDetectionLogger - INFO - Grid coordinates of bounding box computed successfully
2024-04-17 13:02:23,613 - ObjectDetectionLogger - INFO - Percentage of points inside the ROI: 61.00%
2024-04-17 13:02:23,613 - ObjectDetectionLogger - INFO - 'person' detected inside the region of interest
2024-04-17 13:02:23,613 - ObjectDetectionLogger - INFO - 'car' detected in the frame with confidence: 0.83
2024-04-17 13:02:23,614 - ObjectDetectionLogger - INFO - Grid coordinates of bounding box computed successfully
2024-04-17 13:02:23,614 - ObjectDetectionLogger - INFO - Saving frame to: 'C:\Users\aido\Desktop\Github Repos\Sequre\data\output\2024-04-17\7f7ff8144630be978f4da38238b5876800e3bcee3f78063edc231a70861cfb59\person-2024-04-17-13-02-23.jpg'
2024-04-17 13:02:23,615 - ObjectDetectionLogger - INFO - Percentage of points inside the ROI: 0.00%
2024-04-17 13:02:23,615 - ObjectDetectionLogger - INFO - 'car' detected in the frame with confidence: 0.77
2024-04-17 13:02:23,615 - ObjectDetectionLogger - INFO - Grid coordinates of bounding box computed successfully
2024-04-17 13:02:23,615 - ObjectDetectionLogger - INFO - Percentage of points inside the ROI: 67.00%
2024-04-17 13:02:23,616 - ObjectDetectionLogger - INFO - 'car' detected inside the region of interest
2024-04-17 13:02:23,616 - ObjectDetectionLogger - INFO - 'car' detected in the frame with confidence: 0.36
2024-04-17 13:02:23,616 - ObjectDetectionLogger - INFO - Grid coordinates of bounding box computed successfully
2024-04-17 13:02:23,616 - ObjectDetectionLogger - INFO - Saving frame to: 'C:\Users\aido\Desktop\Github Repos\Sequre\data\output\2024-04-17\7f7ff8144630be978f4da38238b5876800e3bcee3f78063edc231a70861cfb59\car-2024-04-17-13-02-23.jpg'
2024-04-17 13:02:23,617 - ObjectDetectionLogger - INFO - Percentage of points inside the ROI: 9.00%
2024-04-17 13:02:23,618 - ObjectDetectionLogger - INFO - Frame saved successfully
2024-04-17 13:02:23,619 - ObjectDetectionLogger - INFO - Frame saved successfully
2024-04-17 13:02:23,800 - ObjectDetectionLogger - INFO - 'person' detected in the frame with confidence: 0.87
2024-04-17 13:02:23,801 - ObjectDetectionLogger - INFO - Grid coordinates of bounding box computed successfully
2024-04-17 13:02:23,801 - ObjectDetectionLogger - INFO - Percentage of points inside the ROI: 60.00%
2024-04-17 13:02:23,801 - ObjectDetectionLogger - INFO - 'person' detected inside the region of interest
2024-04-17 13:02:23,802 - ObjectDetectionLogger - INFO - 'car' detected in the frame with confidence: 0.83
2024-04-17 13:02:23,802 - ObjectDetectionLogger - INFO - Grid coordinates of bounding box computed successfully
2024-04-17 13:02:23,803 - ObjectDetectionLogger - INFO - Percentage of points inside the ROI: 0.00%
2024-04-17 13:02:23,803 - ObjectDetectionLogger - INFO - 'car' detected in the frame with confidence: 0.76
2024-04-17 13:02:23,803 - ObjectDetectionLogger - INFO - Saving frame to: 'C:\Users\aido\Desktop\Github Repos\Sequre\data\output\2024-04-17\7f7ff8144630be978f4da38238b5876800e3bcee3f78063edc231a70861cfb59\person-2024-04-17-13-02-23.jpg'
2024-04-17 13:02:23,803 - ObjectDetectionLogger - INFO - Grid coordinates of bounding box computed successfully
2024-04-17 13:02:23,804 - ObjectDetectionLogger - INFO - Percentage of points inside the ROI: 67.00%
2024-04-17 13:02:23,804 - ObjectDetectionLogger - INFO - 'car' detected inside the region of interest
2024-04-17 13:02:23,805 - ObjectDetectionLogger - INFO - 'car' detected in the frame with confidence: 0.40
2024-04-17 13:02:23,805 - ObjectDetectionLogger - INFO - Grid coordinates of bounding box computed successfully
2024-04-17 13:02:23,806 - ObjectDetectionLogger - INFO - Percentage of points inside the ROI: 9.00%
2024-04-17 13:02:23,806 - ObjectDetectionLogger - INFO - Saving frame to: 'C:\Users\aido\Desktop\Github Repos\Sequre\data\output\2024-04-17\7f7ff8144630be978f4da38238b5876800e3bcee3f78063edc231a70861cfb59\car-2024-04-17-13-02-23.jpg'
2024-04-17 13:02:23,807 - ObjectDetectionLogger - INFO - Frame saved successfully
2024-04-17 13:02:23,810 - ObjectDetectionLogger - INFO - Frame saved successfully
2024-04-17 13:02:23,988 - ObjectDetectionLogger - INFO - 'person' detected in the frame with confidence: 0.85
2024-04-17 13:02:23,988 - ObjectDetectionLogger - INFO - Grid coordinates of bounding box computed successfully
2024-04-17 13:02:23,988 - ObjectDetectionLogger - INFO - Percentage of points inside the ROI: 60.00%
2024-04-17 13:02:23,989 - ObjectDetectionLogger - INFO - 'person' detected inside the region of interest
2024-04-17 13:02:23,989 - ObjectDetectionLogger - INFO - 'car' detected in the frame with confidence: 0.83
2024-04-17 13:02:23,990 - ObjectDetectionLogger - INFO - Grid coordinates of bounding box computed successfully
2024-04-17 13:02:23,990 - ObjectDetectionLogger - INFO - Percentage of points inside the ROI: 0.00%
2024-04-17 13:02:23,991 - ObjectDetectionLogger - INFO - Saving frame to: 'C:\Users\aido\Desktop\Github Repos\Sequre\data\output\2024-04-17\7f7ff8144630be978f4da38238b5876800e3bcee3f78063edc231a70861cfb59\person-2024-04-17-13-02-23.jpg'
2024-04-17 13:02:23,991 - ObjectDetectionLogger - INFO - 'car' detected in the frame with confidence: 0.81
2024-04-17 13:02:23,991 - ObjectDetectionLogger - INFO - Grid coordinates of bounding box computed successfully
2024-04-17 13:02:23,992 - ObjectDetectionLogger - INFO - Percentage of points inside the ROI: 67.00%
2024-04-17 13:02:23,992 - ObjectDetectionLogger - INFO - 'car' detected inside the region of interest
2024-04-17 13:02:23,992 - ObjectDetectionLogger - INFO - 'car' detected in the frame with confidence: 0.40
2024-04-17 13:02:23,993 - ObjectDetectionLogger - INFO - Grid coordinates of bounding box computed successfully
2024-04-17 13:02:23,994 - ObjectDetectionLogger - INFO - Saving frame to: 'C:\Users\aido\Desktop\Github Repos\Sequre\data\output\2024-04-17\7f7ff8144630be978f4da38238b5876800e3bcee3f78063edc231a70861cfb59\car-2024-04-17-13-02-23.jpg'
2024-04-17 13:02:23,994 - ObjectDetectionLogger - INFO - Percentage of points inside the ROI: 9.00%
2024-04-17 13:02:23,994 - ObjectDetectionLogger - INFO - Frame saved successfully
2024-04-17 13:02:23,996 - ObjectDetectionLogger - INFO - Frame saved successfully
2024-04-17 13:02:24,173 - ObjectDetectionLogger - INFO - 'car' detected in the frame with confidence: 0.84
2024-04-17 13:02:24,173 - ObjectDetectionLogger - INFO - Grid coordinates of bounding box computed successfully
2024-04-17 13:02:24,173 - ObjectDetectionLogger - INFO - Percentage of points inside the ROI: 0.00%
2024-04-17 13:02:24,174 - ObjectDetectionLogger - INFO - 'car' detected in the frame with confidence: 0.81
2024-04-17 13:02:24,174 - ObjectDetectionLogger - INFO - Grid coordinates of bounding box computed successfully
2024-04-17 13:02:24,174 - ObjectDetectionLogger - INFO - Percentage of points inside the ROI: 66.00%
2024-04-17 13:02:24,174 - ObjectDetectionLogger - INFO - 'car' detected inside the region of interest
2024-04-17 13:02:24,175 - ObjectDetectionLogger - INFO - 'person' detected in the frame with confidence: 0.73
2024-04-17 13:02:24,175 - ObjectDetectionLogger - INFO - Grid coordinates of bounding box computed successfully
2024-04-17 13:02:24,176 - ObjectDetectionLogger - INFO - Percentage of points inside the ROI: 51.00%
2024-04-17 13:02:24,176 - ObjectDetectionLogger - INFO - 'person' detected inside the region of interest
2024-04-17 13:02:24,177 - ObjectDetectionLogger - INFO - Saving frame to: 'C:\Users\aido\Desktop\Github Repos\Sequre\data\output\2024-04-17\7f7ff8144630be978f4da38238b5876800e3bcee3f78063edc231a70861cfb59\car-2024-04-17-13-02-24.jpg'
2024-04-17 13:02:24,177 - ObjectDetectionLogger - INFO - 'car' detected in the frame with confidence: 0.46
2024-04-17 13:02:24,177 - ObjectDetectionLogger - INFO - Grid coordinates of bounding box computed successfully
2024-04-17 13:02:24,178 - ObjectDetectionLogger - INFO - Percentage of points inside the ROI: 9.00%
2024-04-17 13:02:24,178 - ObjectDetectionLogger - INFO - Saving frame to: 'C:\Users\aido\Desktop\Github Repos\Sequre\data\output\2024-04-17\7f7ff8144630be978f4da38238b5876800e3bcee3f78063edc231a70861cfb59\person-2024-04-17-13-02-24.jpg'
2024-04-17 13:02:24,180 - ObjectDetectionLogger - INFO - Frame saved successfully
2024-04-17 13:02:24,192 - ObjectDetectionLogger - INFO - Frame saved successfully
2024-04-17 13:02:24,376 - ObjectDetectionLogger - INFO - 'person' detected in the frame with confidence: 0.85
2024-04-17 13:02:24,377 - ObjectDetectionLogger - INFO - Grid coordinates of bounding box computed successfully
2024-04-17 13:02:24,377 - ObjectDetectionLogger - INFO - Percentage of points inside the ROI: 41.00%
2024-04-17 13:02:24,377 - ObjectDetectionLogger - INFO - 'person' detected inside the region of interest
2024-04-17 13:02:24,378 - ObjectDetectionLogger - INFO - 'car' detected in the frame with confidence: 0.84
2024-04-17 13:02:24,378 - ObjectDetectionLogger - INFO - Grid coordinates of bounding box computed successfully
2024-04-17 13:02:24,379 - ObjectDetectionLogger - INFO - Saving frame to: 'C:\Users\aido\Desktop\Github Repos\Sequre\data\output\2024-04-17\7f7ff8144630be978f4da38238b5876800e3bcee3f78063edc231a70861cfb59\person-2024-04-17-13-02-24.jpg'
2024-04-17 13:02:24,379 - ObjectDetectionLogger - INFO - Percentage of points inside the ROI: 0.00%
2024-04-17 13:02:24,380 - ObjectDetectionLogger - INFO - 'car' detected in the frame with confidence: 0.80
2024-04-17 13:02:24,380 - ObjectDetectionLogger - INFO - Grid coordinates of bounding box computed successfully
2024-04-17 13:02:24,380 - ObjectDetectionLogger - INFO - Percentage of points inside the ROI: 66.00%
2024-04-17 13:02:24,380 - ObjectDetectionLogger - INFO - 'car' detected inside the region of interest
2024-04-17 13:02:24,381 - ObjectDetectionLogger - INFO - 'car' detected in the frame with confidence: 0.45
2024-04-17 13:02:24,381 - ObjectDetectionLogger - INFO - Grid coordinates of bounding box computed successfully
2024-04-17 13:02:24,382 - ObjectDetectionLogger - INFO - Saving frame to: 'C:\Users\aido\Desktop\Github Repos\Sequre\data\output\2024-04-17\7f7ff8144630be978f4da38238b5876800e3bcee3f78063edc231a70861cfb59\car-2024-04-17-13-02-24.jpg'
2024-04-17 13:02:24,382 - ObjectDetectionLogger - INFO - Percentage of points inside the ROI: 9.00%
2024-04-17 13:02:24,382 - ObjectDetectionLogger - INFO - 'handbag' detected in the frame with confidence: 0.26
2024-04-17 13:02:24,383 - ObjectDetectionLogger - INFO - Grid coordinates of bounding box computed successfully
2024-04-17 13:02:24,383 - ObjectDetectionLogger - INFO - Frame saved successfully
2024-04-17 13:02:24,384 - ObjectDetectionLogger - INFO - Percentage of points inside the ROI: 90.00%
2024-04-17 13:02:24,384 - ObjectDetectionLogger - INFO - 'handbag' detected inside the region of interest
2024-04-17 13:02:24,384 - ObjectDetectionLogger - INFO - Detected object class 'handbag' in ROI, though not in classes to monitor
2024-04-17 13:02:24,385 - ObjectDetectionLogger - INFO - Frame saved successfully
2024-04-17 13:02:24,586 - ObjectDetectionLogger - INFO - 'person' detected in the frame with confidence: 0.84
2024-04-17 13:02:24,586 - ObjectDetectionLogger - INFO - Grid coordinates of bounding box computed successfully
2024-04-17 13:02:24,586 - ObjectDetectionLogger - INFO - Percentage of points inside the ROI: 40.00%
2024-04-17 13:02:24,586 - ObjectDetectionLogger - INFO - 'person' detected inside the region of interest
2024-04-17 13:02:24,587 - ObjectDetectionLogger - INFO - 'car' detected in the frame with confidence: 0.84
2024-04-17 13:02:24,587 - ObjectDetectionLogger - INFO - Grid coordinates of bounding box computed successfully
2024-04-17 13:02:24,588 - ObjectDetectionLogger - INFO - Saving frame to: 'C:\Users\aido\Desktop\Github Repos\Sequre\data\output\2024-04-17\7f7ff8144630be978f4da38238b5876800e3bcee3f78063edc231a70861cfb59\person-2024-04-17-13-02-24.jpg'
2024-04-17 13:02:24,588 - ObjectDetectionLogger - INFO - Percentage of points inside the ROI: 0.00%
2024-04-17 13:02:24,588 - ObjectDetectionLogger - INFO - 'car' detected in the frame with confidence: 0.82
2024-04-17 13:02:24,588 - ObjectDetectionLogger - INFO - Grid coordinates of bounding box computed successfully
2024-04-17 13:02:24,589 - ObjectDetectionLogger - INFO - Percentage of points inside the ROI: 66.00%
2024-04-17 13:02:24,589 - ObjectDetectionLogger - INFO - 'car' detected inside the region of interest
2024-04-17 13:02:24,589 - ObjectDetectionLogger - INFO - 'car' detected in the frame with confidence: 0.44
2024-04-17 13:02:24,590 - ObjectDetectionLogger - INFO - Grid coordinates of bounding box computed successfully
2024-04-17 13:02:24,591 - ObjectDetectionLogger - INFO - Percentage of points inside the ROI: 9.00%
2024-04-17 13:02:24,591 - ObjectDetectionLogger - INFO - Saving frame to: 'C:\Users\aido\Desktop\Github Repos\Sequre\data\output\2024-04-17\7f7ff8144630be978f4da38238b5876800e3bcee3f78063edc231a70861cfb59\car-2024-04-17-13-02-24.jpg'
2024-04-17 13:02:24,592 - ObjectDetectionLogger - INFO - Frame saved successfully
2024-04-17 13:02:24,594 - ObjectDetectionLogger - INFO - Frame saved successfully
2024-04-17 13:02:24,789 - ObjectDetectionLogger - INFO - 'car' detected in the frame with confidence: 0.84
2024-04-17 13:02:24,790 - ObjectDetectionLogger - INFO - Grid coordinates of bounding box computed successfully
2024-04-17 13:02:24,790 - ObjectDetectionLogger - INFO - Percentage of points inside the ROI: 0.00%
2024-04-17 13:02:24,790 - ObjectDetectionLogger - INFO - 'person' detected in the frame with confidence: 0.83
2024-04-17 13:02:24,790 - ObjectDetectionLogger - INFO - Grid coordinates of bounding box computed successfully
2024-04-17 13:02:24,791 - ObjectDetectionLogger - INFO - Percentage of points inside the ROI: 34.00%
2024-04-17 13:02:24,791 - ObjectDetectionLogger - INFO - 'person' detected inside the region of interest
2024-04-17 13:02:24,792 - ObjectDetectionLogger - INFO - 'car' detected in the frame with confidence: 0.82
2024-04-17 13:02:24,792 - ObjectDetectionLogger - INFO - Grid coordinates of bounding box computed successfully
2024-04-17 13:02:24,792 - ObjectDetectionLogger - INFO - Saving frame to: 'C:\Users\aido\Desktop\Github Repos\Sequre\data\output\2024-04-17\7f7ff8144630be978f4da38238b5876800e3bcee3f78063edc231a70861cfb59\person-2024-04-17-13-02-24.jpg'
2024-04-17 13:02:24,793 - ObjectDetectionLogger - INFO - Percentage of points inside the ROI: 66.00%
2024-04-17 13:02:24,793 - ObjectDetectionLogger - INFO - 'car' detected inside the region of interest
2024-04-17 13:02:24,793 - ObjectDetectionLogger - INFO - 'car' detected in the frame with confidence: 0.43
2024-04-17 13:02:24,794 - ObjectDetectionLogger - INFO - Grid coordinates of bounding box computed successfully
2024-04-17 13:02:24,794 - ObjectDetectionLogger - INFO - Saving frame to: 'C:\Users\aido\Desktop\Github Repos\Sequre\data\output\2024-04-17\7f7ff8144630be978f4da38238b5876800e3bcee3f78063edc231a70861cfb59\car-2024-04-17-13-02-24.jpg'
2024-04-17 13:02:24,795 - ObjectDetectionLogger - INFO - Percentage of points inside the ROI: 9.00%
2024-04-17 13:02:24,795 - ObjectDetectionLogger - INFO - Frame saved successfully
2024-04-17 13:02:24,797 - ObjectDetectionLogger - INFO - Frame saved successfully
2024-04-17 13:02:24,995 - ObjectDetectionLogger - INFO - 'car' detected in the frame with confidence: 0.84
2024-04-17 13:02:24,995 - ObjectDetectionLogger - INFO - Grid coordinates of bounding box computed successfully
2024-04-17 13:02:24,995 - ObjectDetectionLogger - INFO - Percentage of points inside the ROI: 0.00%
2024-04-17 13:02:24,996 - ObjectDetectionLogger - INFO - 'person' detected in the frame with confidence: 0.84
2024-04-17 13:02:24,996 - ObjectDetectionLogger - INFO - Grid coordinates of bounding box computed successfully
2024-04-17 13:02:24,996 - ObjectDetectionLogger - INFO - Percentage of points inside the ROI: 34.00%
2024-04-17 13:02:24,996 - ObjectDetectionLogger - INFO - 'person' detected inside the region of interest
2024-04-17 13:02:24,997 - ObjectDetectionLogger - INFO - 'car' detected in the frame with confidence: 0.83
2024-04-17 13:02:24,997 - ObjectDetectionLogger - INFO - Grid coordinates of bounding box computed successfully
2024-04-17 13:02:24,998 - ObjectDetectionLogger - INFO - Percentage of points inside the ROI: 66.00%
2024-04-17 13:02:24,998 - ObjectDetectionLogger - INFO - 'car' detected inside the region of interest
2024-04-17 13:02:24,998 - ObjectDetectionLogger - INFO - Saving frame to: 'C:\Users\aido\Desktop\Github Repos\Sequre\data\output\2024-04-17\7f7ff8144630be978f4da38238b5876800e3bcee3f78063edc231a70861cfb59\person-2024-04-17-13-02-24.jpg'
2024-04-17 13:02:24,999 - ObjectDetectionLogger - INFO - 'car' detected in the frame with confidence: 0.46
2024-04-17 13:02:24,999 - ObjectDetectionLogger - INFO - Grid coordinates of bounding box computed successfully
2024-04-17 13:02:25,000 - ObjectDetectionLogger - INFO - Saving frame to: 'C:\Users\aido\Desktop\Github Repos\Sequre\data\output\2024-04-17\7f7ff8144630be978f4da38238b5876800e3bcee3f78063edc231a70861cfb59\car-2024-04-17-13-02-24.jpg'
2024-04-17 13:02:25,000 - ObjectDetectionLogger - INFO - Percentage of points inside the ROI: 9.00%
2024-04-17 13:02:25,002 - ObjectDetectionLogger - INFO - Frame saved successfully
2024-04-17 13:02:25,003 - ObjectDetectionLogger - INFO - Frame saved successfully
2024-04-17 13:02:25,182 - ObjectDetectionLogger - INFO - 'car' detected in the frame with confidence: 0.84
2024-04-17 13:02:25,183 - ObjectDetectionLogger - INFO - Grid coordinates of bounding box computed successfully
2024-04-17 13:02:25,183 - ObjectDetectionLogger - INFO - Percentage of points inside the ROI: 0.00%
2024-04-17 13:02:25,183 - ObjectDetectionLogger - INFO - 'person' detected in the frame with confidence: 0.83
2024-04-17 13:02:25,183 - ObjectDetectionLogger - INFO - Grid coordinates of bounding box computed successfully
2024-04-17 13:02:25,184 - ObjectDetectionLogger - INFO - Percentage of points inside the ROI: 27.00%
2024-04-17 13:02:25,184 - ObjectDetectionLogger - INFO - 'person' detected inside the region of interest
2024-04-17 13:02:25,185 - ObjectDetectionLogger - INFO - 'car' detected in the frame with confidence: 0.82
2024-04-17 13:02:25,185 - ObjectDetectionLogger - INFO - Grid coordinates of bounding box computed successfully
2024-04-17 13:02:25,186 - ObjectDetectionLogger - INFO - Saving frame to: 'C:\Users\aido\Desktop\Github Repos\Sequre\data\output\2024-04-17\7f7ff8144630be978f4da38238b5876800e3bcee3f78063edc231a70861cfb59\person-2024-04-17-13-02-25.jpg'
2024-04-17 13:02:25,186 - ObjectDetectionLogger - INFO - Percentage of points inside the ROI: 66.00%
2024-04-17 13:02:25,186 - ObjectDetectionLogger - INFO - 'car' detected inside the region of interest
2024-04-17 13:02:25,187 - ObjectDetectionLogger - INFO - 'car' detected in the frame with confidence: 0.46
2024-04-17 13:02:25,187 - ObjectDetectionLogger - INFO - Grid coordinates of bounding box computed successfully
2024-04-17 13:02:25,188 - ObjectDetectionLogger - INFO - Percentage of points inside the ROI: 9.00%
2024-04-17 13:02:25,188 - ObjectDetectionLogger - INFO - Saving frame to: 'C:\Users\aido\Desktop\Github Repos\Sequre\data\output\2024-04-17\7f7ff8144630be978f4da38238b5876800e3bcee3f78063edc231a70861cfb59\car-2024-04-17-13-02-25.jpg'
2024-04-17 13:02:25,190 - ObjectDetectionLogger - INFO - Frame saved successfully
2024-04-17 13:02:25,192 - ObjectDetectionLogger - INFO - Frame saved successfully
2024-04-17 13:02:25,385 - ObjectDetectionLogger - INFO - 'car' detected in the frame with confidence: 0.84
2024-04-17 13:02:25,385 - ObjectDetectionLogger - INFO - Grid coordinates of bounding box computed successfully
2024-04-17 13:02:25,386 - ObjectDetectionLogger - INFO - Percentage of points inside the ROI: 0.00%
2024-04-17 13:02:25,386 - ObjectDetectionLogger - INFO - 'person' detected in the frame with confidence: 0.83
2024-04-17 13:02:25,386 - ObjectDetectionLogger - INFO - Grid coordinates of bounding box computed successfully
2024-04-17 13:02:25,387 - ObjectDetectionLogger - INFO - Percentage of points inside the ROI: 26.00%
2024-04-17 13:02:25,387 - ObjectDetectionLogger - INFO - 'person' detected inside the region of interest
2024-04-17 13:02:25,388 - ObjectDetectionLogger - INFO - 'car' detected in the frame with confidence: 0.73
2024-04-17 13:02:25,388 - ObjectDetectionLogger - INFO - Grid coordinates of bounding box computed successfully
2024-04-17 13:02:25,388 - ObjectDetectionLogger - INFO - Saving frame to: 'C:\Users\aido\Desktop\Github Repos\Sequre\data\output\2024-04-17\7f7ff8144630be978f4da38238b5876800e3bcee3f78063edc231a70861cfb59\person-2024-04-17-13-02-25.jpg'
2024-04-17 13:02:25,389 - ObjectDetectionLogger - INFO - Percentage of points inside the ROI: 66.00%
2024-04-17 13:02:25,389 - ObjectDetectionLogger - INFO - 'car' detected inside the region of interest
2024-04-17 13:02:25,389 - ObjectDetectionLogger - INFO - 'car' detected in the frame with confidence: 0.44
2024-04-17 13:02:25,390 - ObjectDetectionLogger - INFO - Grid coordinates of bounding box computed successfully
2024-04-17 13:02:25,390 - ObjectDetectionLogger - INFO - Saving frame to: 'C:\Users\aido\Desktop\Github Repos\Sequre\data\output\2024-04-17\7f7ff8144630be978f4da38238b5876800e3bcee3f78063edc231a70861cfb59\car-2024-04-17-13-02-25.jpg'
2024-04-17 13:02:25,391 - ObjectDetectionLogger - INFO - Percentage of points inside the ROI: 9.00%
2024-04-17 13:02:25,391 - ObjectDetectionLogger - INFO - Frame saved successfully
2024-04-17 13:02:25,393 - ObjectDetectionLogger - INFO - Frame saved successfully
2024-04-17 13:02:25,589 - ObjectDetectionLogger - INFO - 'person' detected in the frame with confidence: 0.87
2024-04-17 13:02:25,589 - ObjectDetectionLogger - INFO - Grid coordinates of bounding box computed successfully
2024-04-17 13:02:25,590 - ObjectDetectionLogger - INFO - Percentage of points inside the ROI: 19.00%
2024-04-17 13:02:25,590 - ObjectDetectionLogger - INFO - 'person' detected inside the region of interest
2024-04-17 13:02:25,591 - ObjectDetectionLogger - INFO - 'car' detected in the frame with confidence: 0.84
2024-04-17 13:02:25,591 - ObjectDetectionLogger - INFO - Grid coordinates of bounding box computed successfully
2024-04-17 13:02:25,591 - ObjectDetectionLogger - INFO - Saving frame to: 'C:\Users\aido\Desktop\Github Repos\Sequre\data\output\2024-04-17\7f7ff8144630be978f4da38238b5876800e3bcee3f78063edc231a70861cfb59\person-2024-04-17-13-02-25.jpg'
2024-04-17 13:02:25,592 - ObjectDetectionLogger - INFO - Percentage of points inside the ROI: 0.00%
2024-04-17 13:02:25,592 - ObjectDetectionLogger - INFO - 'car' detected in the frame with confidence: 0.57
2024-04-17 13:02:25,592 - ObjectDetectionLogger - INFO - Grid coordinates of bounding box computed successfully
2024-04-17 13:02:25,593 - ObjectDetectionLogger - INFO - Percentage of points inside the ROI: 66.00%
2024-04-17 13:02:25,593 - ObjectDetectionLogger - INFO - 'car' detected inside the region of interest
2024-04-17 13:02:25,593 - ObjectDetectionLogger - INFO - 'car' detected in the frame with confidence: 0.36
2024-04-17 13:02:25,594 - ObjectDetectionLogger - INFO - Grid coordinates of bounding box computed successfully
2024-04-17 13:02:25,594 - ObjectDetectionLogger - INFO - Percentage of points inside the ROI: 9.00%
2024-04-17 13:02:25,595 - ObjectDetectionLogger - INFO - 'motorcycle' detected in the frame with confidence: 0.33
2024-04-17 13:02:25,595 - ObjectDetectionLogger - INFO - Saving frame to: 'C:\Users\aido\Desktop\Github Repos\Sequre\data\output\2024-04-17\7f7ff8144630be978f4da38238b5876800e3bcee3f78063edc231a70861cfb59\car-2024-04-17-13-02-25.jpg'
2024-04-17 13:02:25,595 - ObjectDetectionLogger - INFO - Grid coordinates of bounding box computed successfully
2024-04-17 13:02:25,596 - ObjectDetectionLogger - INFO - Percentage of points inside the ROI: 66.00%
2024-04-17 13:02:25,596 - ObjectDetectionLogger - INFO - 'motorcycle' detected inside the region of interest
2024-04-17 13:02:25,596 - ObjectDetectionLogger - INFO - Detected object class 'motorcycle' in ROI, though not in classes to monitor
2024-04-17 13:02:25,597 - ObjectDetectionLogger - INFO - Frame saved successfully
2024-04-17 13:02:25,598 - ObjectDetectionLogger - INFO - Frame saved successfully
2024-04-17 13:02:25,816 - ObjectDetectionLogger - INFO - 'person' detected in the frame with confidence: 0.87
2024-04-17 13:02:25,816 - ObjectDetectionLogger - INFO - Grid coordinates of bounding box computed successfully
2024-04-17 13:02:25,817 - ObjectDetectionLogger - INFO - Percentage of points inside the ROI: 22.00%
2024-04-17 13:02:25,817 - ObjectDetectionLogger - INFO - 'person' detected inside the region of interest
2024-04-17 13:02:25,818 - ObjectDetectionLogger - INFO - 'car' detected in the frame with confidence: 0.83
2024-04-17 13:02:25,818 - ObjectDetectionLogger - INFO - Grid coordinates of bounding box computed successfully
2024-04-17 13:02:25,819 - ObjectDetectionLogger - INFO - Saving frame to: 'C:\Users\aido\Desktop\Github Repos\Sequre\data\output\2024-04-17\7f7ff8144630be978f4da38238b5876800e3bcee3f78063edc231a70861cfb59\person-2024-04-17-13-02-25.jpg'
2024-04-17 13:02:25,819 - ObjectDetectionLogger - INFO - Percentage of points inside the ROI: 0.00%
2024-04-17 13:02:25,819 - ObjectDetectionLogger - INFO - 'car' detected in the frame with confidence: 0.58
2024-04-17 13:02:25,820 - ObjectDetectionLogger - INFO - Grid coordinates of bounding box computed successfully
2024-04-17 13:02:25,820 - ObjectDetectionLogger - INFO - Percentage of points inside the ROI: 66.00%
2024-04-17 13:02:25,820 - ObjectDetectionLogger - INFO - 'car' detected inside the region of interest
2024-04-17 13:02:25,821 - ObjectDetectionLogger - INFO - 'car' detected in the frame with confidence: 0.38
2024-04-17 13:02:25,822 - ObjectDetectionLogger - INFO - Grid coordinates of bounding box computed successfully
2024-04-17 13:02:25,822 - ObjectDetectionLogger - INFO - Saving frame to: 'C:\Users\aido\Desktop\Github Repos\Sequre\data\output\2024-04-17\7f7ff8144630be978f4da38238b5876800e3bcee3f78063edc231a70861cfb59\car-2024-04-17-13-02-25.jpg'
2024-04-17 13:02:25,823 - ObjectDetectionLogger - INFO - Frame saved successfully
2024-04-17 13:02:25,823 - ObjectDetectionLogger - INFO - Percentage of points inside the ROI: 9.00%
2024-04-17 13:02:25,825 - ObjectDetectionLogger - INFO - Frame saved successfully
2024-04-17 13:02:26,019 - ObjectDetectionLogger - INFO - 'car' detected in the frame with confidence: 0.84
2024-04-17 13:02:26,019 - ObjectDetectionLogger - INFO - Grid coordinates of bounding box computed successfully
2024-04-17 13:02:26,020 - ObjectDetectionLogger - INFO - Percentage of points inside the ROI: 0.00%
2024-04-17 13:02:26,020 - ObjectDetectionLogger - INFO - 'person' detected in the frame with confidence: 0.80
2024-04-17 13:02:26,020 - ObjectDetectionLogger - INFO - Grid coordinates of bounding box computed successfully
2024-04-17 13:02:26,021 - ObjectDetectionLogger - INFO - Percentage of points inside the ROI: 26.00%
2024-04-17 13:02:26,021 - ObjectDetectionLogger - INFO - 'person' detected inside the region of interest
2024-04-17 13:02:26,021 - ObjectDetectionLogger - INFO - 'car' detected in the frame with confidence: 0.52
2024-04-17 13:02:26,022 - ObjectDetectionLogger - INFO - Grid coordinates of bounding box computed successfully
2024-04-17 13:02:26,022 - ObjectDetectionLogger - INFO - Percentage of points inside the ROI: 66.00%
2024-04-17 13:02:26,023 - ObjectDetectionLogger - INFO - 'car' detected inside the region of interest
2024-04-17 13:02:26,023 - ObjectDetectionLogger - INFO - Saving frame to: 'C:\Users\aido\Desktop\Github Repos\Sequre\data\output\2024-04-17\7f7ff8144630be978f4da38238b5876800e3bcee3f78063edc231a70861cfb59\person-2024-04-17-13-02-26.jpg'
2024-04-17 13:02:26,023 - ObjectDetectionLogger - INFO - 'motorcycle' detected in the frame with confidence: 0.43
2024-04-17 13:02:26,024 - ObjectDetectionLogger - INFO - Grid coordinates of bounding box computed successfully
2024-04-17 13:02:26,024 - ObjectDetectionLogger - INFO - Saving frame to: 'C:\Users\aido\Desktop\Github Repos\Sequre\data\output\2024-04-17\7f7ff8144630be978f4da38238b5876800e3bcee3f78063edc231a70861cfb59\car-2024-04-17-13-02-26.jpg'
2024-04-17 13:02:26,024 - ObjectDetectionLogger - INFO - Percentage of points inside the ROI: 66.00%
2024-04-17 13:02:26,024 - ObjectDetectionLogger - INFO - 'motorcycle' detected inside the region of interest
2024-04-17 13:02:26,024 - ObjectDetectionLogger - INFO - Detected object class 'motorcycle' in ROI, though not in classes to monitor
2024-04-17 13:02:26,025 - ObjectDetectionLogger - INFO - 'car' detected in the frame with confidence: 0.40
2024-04-17 13:02:26,025 - ObjectDetectionLogger - INFO - Grid coordinates of bounding box computed successfully
2024-04-17 13:02:26,026 - ObjectDetectionLogger - INFO - Percentage of points inside the ROI: 9.00%
2024-04-17 13:02:26,026 - ObjectDetectionLogger - INFO - 'car' detected in the frame with confidence: 0.40
2024-04-17 13:02:26,026 - ObjectDetectionLogger - INFO - Grid coordinates of bounding box computed successfully
2024-04-17 13:02:26,026 - ObjectDetectionLogger - INFO - Frame saved successfully
2024-04-17 13:02:26,027 - ObjectDetectionLogger - INFO - Percentage of points inside the ROI: 0.00%
2024-04-17 13:02:26,028 - ObjectDetectionLogger - INFO - Frame saved successfully
2024-04-17 13:02:26,201 - ObjectDetectionLogger - INFO - 'car' detected in the frame with confidence: 0.83
2024-04-17 13:02:26,202 - ObjectDetectionLogger - INFO - Grid coordinates of bounding box computed successfully
2024-04-17 13:02:26,202 - ObjectDetectionLogger - INFO - Percentage of points inside the ROI: 0.00%
2024-04-17 13:02:26,202 - ObjectDetectionLogger - INFO - 'person' detected in the frame with confidence: 0.83
2024-04-17 13:02:26,202 - ObjectDetectionLogger - INFO - Grid coordinates of bounding box computed successfully
2024-04-17 13:02:26,203 - ObjectDetectionLogger - INFO - Percentage of points inside the ROI: 25.00%
2024-04-17 13:02:26,203 - ObjectDetectionLogger - INFO - 'person' detected inside the region of interest
2024-04-17 13:02:26,204 - ObjectDetectionLogger - INFO - 'car' detected in the frame with confidence: 0.49
2024-04-17 13:02:26,204 - ObjectDetectionLogger - INFO - Grid coordinates of bounding box computed successfully
2024-04-17 13:02:26,204 - ObjectDetectionLogger - INFO - Saving frame to: 'C:\Users\aido\Desktop\Github Repos\Sequre\data\output\2024-04-17\7f7ff8144630be978f4da38238b5876800e3bcee3f78063edc231a70861cfb59\person-2024-04-17-13-02-26.jpg'
2024-04-17 13:02:26,205 - ObjectDetectionLogger - INFO - Percentage of points inside the ROI: 66.00%
2024-04-17 13:02:26,205 - ObjectDetectionLogger - INFO - 'car' detected inside the region of interest
2024-04-17 13:02:26,206 - ObjectDetectionLogger - INFO - 'motorcycle' detected in the frame with confidence: 0.48
2024-04-17 13:02:26,206 - ObjectDetectionLogger - INFO - Grid coordinates of bounding box computed successfully
2024-04-17 13:02:26,207 - ObjectDetectionLogger - INFO - Percentage of points inside the ROI: 66.00%
2024-04-17 13:02:26,207 - ObjectDetectionLogger - INFO - Saving frame to: 'C:\Users\aido\Desktop\Github Repos\Sequre\data\output\2024-04-17\7f7ff8144630be978f4da38238b5876800e3bcee3f78063edc231a70861cfb59\car-2024-04-17-13-02-26.jpg'
2024-04-17 13:02:26,207 - ObjectDetectionLogger - INFO - 'motorcycle' detected inside the region of interest
2024-04-17 13:02:26,207 - ObjectDetectionLogger - INFO - Detected object class 'motorcycle' in ROI, though not in classes to monitor
2024-04-17 13:02:26,207 - ObjectDetectionLogger - INFO - 'car' detected in the frame with confidence: 0.43
2024-04-17 13:02:26,207 - ObjectDetectionLogger - INFO - Grid coordinates of bounding box computed successfully
2024-04-17 13:02:26,208 - ObjectDetectionLogger - INFO - Frame saved successfully
2024-04-17 13:02:26,208 - ObjectDetectionLogger - INFO - Percentage of points inside the ROI: 9.00%
2024-04-17 13:02:26,208 - ObjectDetectionLogger - INFO - 'car' detected in the frame with confidence: 0.38
2024-04-17 13:02:26,209 - ObjectDetectionLogger - INFO - Grid coordinates of bounding box computed successfully
2024-04-17 13:02:26,209 - ObjectDetectionLogger - INFO - Percentage of points inside the ROI: 0.00%
2024-04-17 13:02:26,210 - ObjectDetectionLogger - INFO - Frame saved successfully
2024-04-17 13:02:26,400 - ObjectDetectionLogger - INFO - 'car' detected in the frame with confidence: 0.83
2024-04-17 13:02:26,400 - ObjectDetectionLogger - INFO - Grid coordinates of bounding box computed successfully
2024-04-17 13:02:26,400 - ObjectDetectionLogger - INFO - Percentage of points inside the ROI: 0.00%
2024-04-17 13:02:26,401 - ObjectDetectionLogger - INFO - 'person' detected in the frame with confidence: 0.82
2024-04-17 13:02:26,401 - ObjectDetectionLogger - INFO - Grid coordinates of bounding box computed successfully
2024-04-17 13:02:26,401 - ObjectDetectionLogger - INFO - Percentage of points inside the ROI: 22.00%
2024-04-17 13:02:26,401 - ObjectDetectionLogger - INFO - 'person' detected inside the region of interest
2024-04-17 13:02:26,402 - ObjectDetectionLogger - INFO - 'car' detected in the frame with confidence: 0.49
2024-04-17 13:02:26,402 - ObjectDetectionLogger - INFO - Grid coordinates of bounding box computed successfully
2024-04-17 13:02:26,403 - ObjectDetectionLogger - INFO - Saving frame to: 'C:\Users\aido\Desktop\Github Repos\Sequre\data\output\2024-04-17\7f7ff8144630be978f4da38238b5876800e3bcee3f78063edc231a70861cfb59\person-2024-04-17-13-02-26.jpg'
2024-04-17 13:02:26,403 - ObjectDetectionLogger - INFO - Percentage of points inside the ROI: 66.00%
2024-04-17 13:02:26,403 - ObjectDetectionLogger - INFO - 'car' detected inside the region of interest
2024-04-17 13:02:26,403 - ObjectDetectionLogger - INFO - 'motorcycle' detected in the frame with confidence: 0.47
2024-04-17 13:02:26,404 - ObjectDetectionLogger - INFO - Grid coordinates of bounding box computed successfully
2024-04-17 13:02:26,404 - ObjectDetectionLogger - INFO - Saving frame to: 'C:\Users\aido\Desktop\Github Repos\Sequre\data\output\2024-04-17\7f7ff8144630be978f4da38238b5876800e3bcee3f78063edc231a70861cfb59\car-2024-04-17-13-02-26.jpg'
2024-04-17 13:02:26,404 - ObjectDetectionLogger - INFO - Percentage of points inside the ROI: 66.00%
2024-04-17 13:02:26,404 - ObjectDetectionLogger - INFO - 'motorcycle' detected inside the region of interest
2024-04-17 13:02:26,404 - ObjectDetectionLogger - INFO - Detected object class 'motorcycle' in ROI, though not in classes to monitor
2024-04-17 13:02:26,404 - ObjectDetectionLogger - INFO - 'car' detected in the frame with confidence: 0.42
2024-04-17 13:02:26,405 - ObjectDetectionLogger - INFO - Grid coordinates of bounding box computed successfully
2024-04-17 13:02:26,405 - ObjectDetectionLogger - INFO - Percentage of points inside the ROI: 9.00%
2024-04-17 13:02:26,405 - ObjectDetectionLogger - INFO - 'car' detected in the frame with confidence: 0.38
2024-04-17 13:02:26,406 - ObjectDetectionLogger - INFO - Grid coordinates of bounding box computed successfully
2024-04-17 13:02:26,407 - ObjectDetectionLogger - INFO - Percentage of points inside the ROI: 0.00%
2024-04-17 13:02:26,407 - ObjectDetectionLogger - INFO - Frame saved successfully
2024-04-17 13:02:26,408 - ObjectDetectionLogger - INFO - Frame saved successfully
2024-04-17 13:02:26,590 - ObjectDetectionLogger - INFO - 'car' detected in the frame with confidence: 0.83
2024-04-17 13:02:26,591 - ObjectDetectionLogger - INFO - Grid coordinates of bounding box computed successfully
2024-04-17 13:02:26,591 - ObjectDetectionLogger - INFO - Percentage of points inside the ROI: 0.00%
2024-04-17 13:02:26,591 - ObjectDetectionLogger - INFO - 'person' detected in the frame with confidence: 0.82
2024-04-17 13:02:26,592 - ObjectDetectionLogger - INFO - Grid coordinates of bounding box computed successfully
2024-04-17 13:02:26,592 - ObjectDetectionLogger - INFO - Percentage of points inside the ROI: 23.00%
2024-04-17 13:02:26,592 - ObjectDetectionLogger - INFO - 'person' detected inside the region of interest
2024-04-17 13:02:26,593 - ObjectDetectionLogger - INFO - 'car' detected in the frame with confidence: 0.49
2024-04-17 13:02:26,593 - ObjectDetectionLogger - INFO - Grid coordinates of bounding box computed successfully
2024-04-17 13:02:26,594 - ObjectDetectionLogger - INFO - Percentage of points inside the ROI: 66.00%
2024-04-17 13:02:26,594 - ObjectDetectionLogger - INFO - Saving frame to: 'C:\Users\aido\Desktop\Github Repos\Sequre\data\output\2024-04-17\7f7ff8144630be978f4da38238b5876800e3bcee3f78063edc231a70861cfb59\person-2024-04-17-13-02-26.jpg'
2024-04-17 13:02:26,594 - ObjectDetectionLogger - INFO - 'car' detected inside the region of interest
2024-04-17 13:02:26,595 - ObjectDetectionLogger - INFO - 'motorcycle' detected in the frame with confidence: 0.49
2024-04-17 13:02:26,595 - ObjectDetectionLogger - INFO - Grid coordinates of bounding box computed successfully
2024-04-17 13:02:26,596 - ObjectDetectionLogger - INFO - Percentage of points inside the ROI: 66.00%
2024-04-17 13:02:26,596 - ObjectDetectionLogger - INFO - Saving frame to: 'C:\Users\aido\Desktop\Github Repos\Sequre\data\output\2024-04-17\7f7ff8144630be978f4da38238b5876800e3bcee3f78063edc231a70861cfb59\car-2024-04-17-13-02-26.jpg'
2024-04-17 13:02:26,596 - ObjectDetectionLogger - INFO - 'motorcycle' detected inside the region of interest
2024-04-17 13:02:26,596 - ObjectDetectionLogger - INFO - Detected object class 'motorcycle' in ROI, though not in classes to monitor
2024-04-17 13:02:26,596 - ObjectDetectionLogger - INFO - 'car' detected in the frame with confidence: 0.42
2024-04-17 13:02:26,597 - ObjectDetectionLogger - INFO - Grid coordinates of bounding box computed successfully
2024-04-17 13:02:26,597 - ObjectDetectionLogger - INFO - Percentage of points inside the ROI: 9.00%
2024-04-17 13:02:26,598 - ObjectDetectionLogger - INFO - 'car' detected in the frame with confidence: 0.34
2024-04-17 13:02:26,598 - ObjectDetectionLogger - INFO - Grid coordinates of bounding box computed successfully
2024-04-17 13:02:26,598 - ObjectDetectionLogger - INFO - Frame saved successfully
2024-04-17 13:02:26,599 - ObjectDetectionLogger - INFO - Percentage of points inside the ROI: 0.00%
2024-04-17 13:02:26,600 - ObjectDetectionLogger - INFO - Frame saved successfully
2024-04-17 13:02:26,788 - ObjectDetectionLogger - INFO - 'car' detected in the frame with confidence: 0.83
2024-04-17 13:02:26,788 - ObjectDetectionLogger - INFO - Grid coordinates of bounding box computed successfully
2024-04-17 13:02:26,789 - ObjectDetectionLogger - INFO - Percentage of points inside the ROI: 0.00%
2024-04-17 13:02:26,789 - ObjectDetectionLogger - INFO - 'car' detected in the frame with confidence: 0.41
2024-04-17 13:02:26,789 - ObjectDetectionLogger - INFO - Grid coordinates of bounding box computed successfully
2024-04-17 13:02:26,789 - ObjectDetectionLogger - INFO - Percentage of points inside the ROI: 9.00%
2024-04-17 13:02:26,790 - ObjectDetectionLogger - INFO - 'motorcycle' detected in the frame with confidence: 0.37
2024-04-17 13:02:26,790 - ObjectDetectionLogger - INFO - Grid coordinates of bounding box computed successfully
2024-04-17 13:02:26,790 - ObjectDetectionLogger - INFO - Percentage of points inside the ROI: 66.00%
2024-04-17 13:02:26,790 - ObjectDetectionLogger - INFO - 'motorcycle' detected inside the region of interest
2024-04-17 13:02:26,790 - ObjectDetectionLogger - INFO - Detected object class 'motorcycle' in ROI, though not in classes to monitor
2024-04-17 13:02:26,790 - ObjectDetectionLogger - INFO - 'car' detected in the frame with confidence: 0.35
2024-04-17 13:02:26,791 - ObjectDetectionLogger - INFO - Grid coordinates of bounding box computed successfully
2024-04-17 13:02:26,791 - ObjectDetectionLogger - INFO - Percentage of points inside the ROI: 0.00%
2024-04-17 13:02:26,968 - ObjectDetectionLogger - INFO - 'car' detected in the frame with confidence: 0.83
2024-04-17 13:02:26,969 - ObjectDetectionLogger - INFO - Grid coordinates of bounding box computed successfully
2024-04-17 13:02:26,969 - ObjectDetectionLogger - INFO - Percentage of points inside the ROI: 0.00%
2024-04-17 13:02:26,969 - ObjectDetectionLogger - INFO - 'car' detected in the frame with confidence: 0.36
2024-04-17 13:02:26,969 - ObjectDetectionLogger - INFO - Grid coordinates of bounding box computed successfully
2024-04-17 13:02:26,970 - ObjectDetectionLogger - INFO - Percentage of points inside the ROI: 9.00%
2024-04-17 13:02:26,970 - ObjectDetectionLogger - INFO - 'car' detected in the frame with confidence: 0.35
2024-04-17 13:02:26,970 - ObjectDetectionLogger - INFO - Grid coordinates of bounding box computed successfully
2024-04-17 13:02:26,971 - ObjectDetectionLogger - INFO - Percentage of points inside the ROI: 0.00%
2024-04-17 13:02:26,971 - ObjectDetectionLogger - INFO - 'motorcycle' detected in the frame with confidence: 0.34
2024-04-17 13:02:26,971 - ObjectDetectionLogger - INFO - Grid coordinates of bounding box computed successfully
2024-04-17 13:02:26,972 - ObjectDetectionLogger - INFO - Percentage of points inside the ROI: 66.00%
2024-04-17 13:02:26,972 - ObjectDetectionLogger - INFO - 'motorcycle' detected inside the region of interest
2024-04-17 13:02:26,972 - ObjectDetectionLogger - INFO - Detected object class 'motorcycle' in ROI, though not in classes to monitor
2024-04-17 13:02:26,972 - ObjectDetectionLogger - INFO - 'car' detected in the frame with confidence: 0.30
2024-04-17 13:02:26,972 - ObjectDetectionLogger - INFO - Grid coordinates of bounding box computed successfully
2024-04-17 13:02:26,973 - ObjectDetectionLogger - INFO - Percentage of points inside the ROI: 66.00%
2024-04-17 13:02:26,973 - ObjectDetectionLogger - INFO - 'car' detected inside the region of interest
2024-04-17 13:02:26,974 - ObjectDetectionLogger - INFO - Saving frame to: 'C:\Users\aido\Desktop\Github Repos\Sequre\data\output\2024-04-17\7f7ff8144630be978f4da38238b5876800e3bcee3f78063edc231a70861cfb59\car-2024-04-17-13-02-26.jpg'
2024-04-17 13:02:26,977 - ObjectDetectionLogger - INFO - Frame saved successfully
2024-04-17 13:02:27,166 - ObjectDetectionLogger - INFO - 'car' detected in the frame with confidence: 0.84
2024-04-17 13:02:27,166 - ObjectDetectionLogger - INFO - Grid coordinates of bounding box computed successfully
2024-04-17 13:02:27,166 - ObjectDetectionLogger - INFO - Percentage of points inside the ROI: 0.00%
2024-04-17 13:02:27,167 - ObjectDetectionLogger - INFO - 'person' detected in the frame with confidence: 0.60
2024-04-17 13:02:27,167 - ObjectDetectionLogger - INFO - Grid coordinates of bounding box computed successfully
2024-04-17 13:02:27,167 - ObjectDetectionLogger - INFO - Percentage of points inside the ROI: 18.00%
2024-04-17 13:02:27,167 - ObjectDetectionLogger - INFO - 'person' detected inside the region of interest
2024-04-17 13:02:27,168 - ObjectDetectionLogger - INFO - 'motorcycle' detected in the frame with confidence: 0.56
2024-04-17 13:02:27,168 - ObjectDetectionLogger - INFO - Grid coordinates of bounding box computed successfully
2024-04-17 13:02:27,169 - ObjectDetectionLogger - INFO - Saving frame to: 'C:\Users\aido\Desktop\Github Repos\Sequre\data\output\2024-04-17\7f7ff8144630be978f4da38238b5876800e3bcee3f78063edc231a70861cfb59\person-2024-04-17-13-02-27.jpg'
2024-04-17 13:02:27,169 - ObjectDetectionLogger - INFO - Percentage of points inside the ROI: 66.00%
2024-04-17 13:02:27,169 - ObjectDetectionLogger - INFO - 'motorcycle' detected inside the region of interest
2024-04-17 13:02:27,169 - ObjectDetectionLogger - INFO - Detected object class 'motorcycle' in ROI, though not in classes to monitor
2024-04-17 13:02:27,169 - ObjectDetectionLogger - INFO - 'car' detected in the frame with confidence: 0.44
2024-04-17 13:02:27,169 - ObjectDetectionLogger - INFO - Grid coordinates of bounding box computed successfully
2024-04-17 13:02:27,170 - ObjectDetectionLogger - INFO - Percentage of points inside the ROI: 67.00%
2024-04-17 13:02:27,170 - ObjectDetectionLogger - INFO - 'car' detected inside the region of interest
2024-04-17 13:02:27,171 - ObjectDetectionLogger - INFO - 'car' detected in the frame with confidence: 0.42
2024-04-17 13:02:27,171 - ObjectDetectionLogger - INFO - Grid coordinates of bounding box computed successfully
2024-04-17 13:02:27,172 - ObjectDetectionLogger - INFO - Percentage of points inside the ROI: 9.00%
2024-04-17 13:02:27,172 - ObjectDetectionLogger - INFO - Frame saved successfully
2024-04-17 13:02:27,172 - ObjectDetectionLogger - INFO - 'car' detected in the frame with confidence: 0.35
2024-04-17 13:02:27,172 - ObjectDetectionLogger - INFO - Saving frame to: 'C:\Users\aido\Desktop\Github Repos\Sequre\data\output\2024-04-17\7f7ff8144630be978f4da38238b5876800e3bcee3f78063edc231a70861cfb59\car-2024-04-17-13-02-27.jpg'
2024-04-17 13:02:27,173 - ObjectDetectionLogger - INFO - Grid coordinates of bounding box computed successfully
2024-04-17 13:02:27,173 - ObjectDetectionLogger - INFO - Percentage of points inside the ROI: 0.00%
2024-04-17 13:02:27,176 - ObjectDetectionLogger - INFO - Frame saved successfully
2024-04-17 13:02:27,178 - ObjectDetectionLogger - INFO - Exiting the video processing..
2024-04-17 13:02:27,205 - ObjectDetectionLogger - INFO - Video processing completed
