2024-05-21 00:38:04,199 - ObjectDetectionLogger - INFO - Model path: models/yolov8s.pt
2024-05-21 00:38:06,702 - ObjectDetectionLogger - INFO - Model loaded. Cuda available: True
2024-05-21 00:38:06,754 - ObjectDetectionLogger - INFO - Region of interest points loaded successfully. Num points: 5
2024-05-21 00:38:10,751 - ObjectDetectionLogger - INFO - Bounding box coordinates: tensor([1.3406e+02, 6.6025e-02, 4.3368e+02, 1.7435e+02])
2024-05-21 00:38:10,809 - ObjectDetectionLogger - INFO - Grid coordinates of bounding box computed successfully
2024-05-21 00:38:10,811 - ObjectDetectionLogger - INFO - Grid coordinates of bounding box computed successfully
2024-05-21 00:38:10,816 - ObjectDetectionLogger - INFO - Percentage of points inside the ROI: 0.00%
2024-05-21 00:38:10,818 - ObjectDetectionLogger - INFO - Bounding box coordinates: tensor([323.1232,  27.9568, 351.0775, 107.9200])
2024-05-21 00:38:10,821 - ObjectDetectionLogger - INFO - Grid coordinates of bounding box computed successfully
2024-05-21 00:38:10,822 - ObjectDetectionLogger - INFO - Grid coordinates of bounding box computed successfully
2024-05-21 00:38:10,822 - ObjectDetectionLogger - INFO - Percentage of points inside the ROI: 0.00%
2024-05-21 00:38:10,973 - ObjectDetectionLogger - INFO - Bounding box coordinates: tensor([1.3418e+02, 6.1722e-02, 4.3360e+02, 1.7439e+02])
2024-05-21 00:38:10,976 - ObjectDetectionLogger - INFO - Grid coordinates of bounding box computed successfully
2024-05-21 00:38:10,978 - ObjectDetectionLogger - INFO - Grid coordinates of bounding box computed successfully
2024-05-21 00:38:10,978 - ObjectDetectionLogger - INFO - Percentage of points inside the ROI: 0.00%
2024-05-21 00:38:10,979 - ObjectDetectionLogger - INFO - Bounding box coordinates: tensor([323.1425,  28.0764, 352.4574, 108.2202])
2024-05-21 00:38:10,982 - ObjectDetectionLogger - INFO - Grid coordinates of bounding box computed successfully
2024-05-21 00:38:10,982 - ObjectDetectionLogger - INFO - Grid coordinates of bounding box computed successfully
2024-05-21 00:38:10,983 - ObjectDetectionLogger - INFO - Percentage of points inside the ROI: 0.00%
2024-05-21 00:38:11,051 - ObjectDetectionLogger - INFO - Bounding box coordinates: tensor([1.3454e+02, 6.7215e-02, 4.3363e+02, 1.7440e+02])
2024-05-21 00:38:11,054 - ObjectDetectionLogger - INFO - Grid coordinates of bounding box computed successfully
2024-05-21 00:38:11,055 - ObjectDetectionLogger - INFO - Grid coordinates of bounding box computed successfully
2024-05-21 00:38:11,056 - ObjectDetectionLogger - INFO - Percentage of points inside the ROI: 0.00%
2024-05-21 00:38:11,057 - ObjectDetectionLogger - INFO - Bounding box coordinates: tensor([322.7666,  27.9867, 352.3468, 108.3493])
2024-05-21 00:38:11,064 - ObjectDetectionLogger - INFO - Grid coordinates of bounding box computed successfully
2024-05-21 00:38:11,065 - ObjectDetectionLogger - INFO - Grid coordinates of bounding box computed successfully
2024-05-21 00:38:11,067 - ObjectDetectionLogger - INFO - Percentage of points inside the ROI: 0.00%
2024-05-21 00:38:11,147 - ObjectDetectionLogger - INFO - Bounding box coordinates: tensor([1.3457e+02, 5.4764e-02, 4.3353e+02, 1.7445e+02])
2024-05-21 00:38:11,150 - ObjectDetectionLogger - INFO - Grid coordinates of bounding box computed successfully
2024-05-21 00:38:11,152 - ObjectDetectionLogger - INFO - Grid coordinates of bounding box computed successfully
2024-05-21 00:38:11,153 - ObjectDetectionLogger - INFO - Percentage of points inside the ROI: 0.00%
2024-05-21 00:38:11,154 - ObjectDetectionLogger - INFO - Bounding box coordinates: tensor([323.5961,  30.6260, 351.6978, 108.1572])
2024-05-21 00:38:11,163 - ObjectDetectionLogger - INFO - Grid coordinates of bounding box computed successfully
2024-05-21 00:38:11,165 - ObjectDetectionLogger - INFO - Grid coordinates of bounding box computed successfully
2024-05-21 00:38:11,167 - ObjectDetectionLogger - INFO - Percentage of points inside the ROI: 0.00%
2024-05-21 00:38:11,232 - ObjectDetectionLogger - INFO - Bounding box coordinates: tensor([1.3454e+02, 5.7953e-02, 4.3356e+02, 1.7448e+02])
2024-05-21 00:38:11,235 - ObjectDetectionLogger - INFO - Grid coordinates of bounding box computed successfully
2024-05-21 00:38:11,236 - ObjectDetectionLogger - INFO - Grid coordinates of bounding box computed successfully
2024-05-21 00:38:11,237 - ObjectDetectionLogger - INFO - Percentage of points inside the ROI: 0.00%
2024-05-21 00:38:11,238 - ObjectDetectionLogger - INFO - Bounding box coordinates: tensor([323.5731,  33.0717, 351.7427, 108.1782])
2024-05-21 00:38:11,241 - ObjectDetectionLogger - INFO - Grid coordinates of bounding box computed successfully
2024-05-21 00:38:11,241 - ObjectDetectionLogger - INFO - Grid coordinates of bounding box computed successfully
2024-05-21 00:38:11,242 - ObjectDetectionLogger - INFO - Percentage of points inside the ROI: 0.00%
2024-05-21 00:38:11,305 - ObjectDetectionLogger - INFO - Bounding box coordinates: tensor([1.3475e+02, 6.9977e-02, 4.3351e+02, 1.7451e+02])
2024-05-21 00:38:11,311 - ObjectDetectionLogger - INFO - Grid coordinates of bounding box computed successfully
2024-05-21 00:38:11,315 - ObjectDetectionLogger - INFO - Grid coordinates of bounding box computed successfully
2024-05-21 00:38:11,318 - ObjectDetectionLogger - INFO - Percentage of points inside the ROI: 0.00%
2024-05-21 00:38:11,416 - ObjectDetectionLogger - INFO - Bounding box coordinates: tensor([1.3477e+02, 6.5979e-02, 4.3345e+02, 1.7455e+02])
2024-05-21 00:38:11,422 - ObjectDetectionLogger - INFO - Grid coordinates of bounding box computed successfully
2024-05-21 00:38:11,426 - ObjectDetectionLogger - INFO - Grid coordinates of bounding box computed successfully
2024-05-21 00:38:11,428 - ObjectDetectionLogger - INFO - Percentage of points inside the ROI: 0.00%
2024-05-21 00:38:11,503 - ObjectDetectionLogger - INFO - Bounding box coordinates: tensor([1.3472e+02, 6.5903e-02, 4.3339e+02, 1.7457e+02])
2024-05-21 00:38:11,505 - ObjectDetectionLogger - INFO - Grid coordinates of bounding box computed successfully
2024-05-21 00:38:11,506 - ObjectDetectionLogger - INFO - Grid coordinates of bounding box computed successfully
2024-05-21 00:38:11,506 - ObjectDetectionLogger - INFO - Percentage of points inside the ROI: 0.00%
2024-05-21 00:38:11,609 - ObjectDetectionLogger - INFO - Bounding box coordinates: tensor([1.3462e+02, 5.7632e-02, 4.3332e+02, 1.7451e+02])
2024-05-21 00:38:11,618 - ObjectDetectionLogger - INFO - Grid coordinates of bounding box computed successfully
2024-05-21 00:38:11,619 - ObjectDetectionLogger - INFO - Grid coordinates of bounding box computed successfully
2024-05-21 00:38:11,620 - ObjectDetectionLogger - INFO - Percentage of points inside the ROI: 0.00%
2024-05-21 00:38:11,702 - ObjectDetectionLogger - INFO - Bounding box coordinates: tensor([1.3471e+02, 5.0613e-02, 4.3331e+02, 1.7448e+02])
2024-05-21 00:38:11,709 - ObjectDetectionLogger - INFO - Grid coordinates of bounding box computed successfully
2024-05-21 00:38:11,713 - ObjectDetectionLogger - INFO - Grid coordinates of bounding box computed successfully
2024-05-21 00:38:11,715 - ObjectDetectionLogger - INFO - Percentage of points inside the ROI: 0.00%
2024-05-21 00:38:11,777 - ObjectDetectionLogger - INFO - Bounding box coordinates: tensor([1.3479e+02, 3.9078e-02, 4.3349e+02, 1.7440e+02])
2024-05-21 00:38:11,782 - ObjectDetectionLogger - INFO - Grid coordinates of bounding box computed successfully
2024-05-21 00:38:11,786 - ObjectDetectionLogger - INFO - Grid coordinates of bounding box computed successfully
2024-05-21 00:38:11,788 - ObjectDetectionLogger - INFO - Percentage of points inside the ROI: 0.00%
2024-05-21 00:38:11,857 - ObjectDetectionLogger - INFO - Bounding box coordinates: tensor([1.3488e+02, 3.4653e-02, 4.3387e+02, 1.7435e+02])
2024-05-21 00:38:11,860 - ObjectDetectionLogger - INFO - Grid coordinates of bounding box computed successfully
2024-05-21 00:38:11,861 - ObjectDetectionLogger - INFO - Grid coordinates of bounding box computed successfully
2024-05-21 00:38:11,862 - ObjectDetectionLogger - INFO - Percentage of points inside the ROI: 0.00%
2024-05-21 00:38:11,930 - ObjectDetectionLogger - INFO - Bounding box coordinates: tensor([1.3480e+02, 3.0396e-02, 4.3416e+02, 1.7449e+02])
2024-05-21 00:38:11,932 - ObjectDetectionLogger - INFO - Grid coordinates of bounding box computed successfully
2024-05-21 00:38:11,933 - ObjectDetectionLogger - INFO - Grid coordinates of bounding box computed successfully
2024-05-21 00:38:11,934 - ObjectDetectionLogger - INFO - Percentage of points inside the ROI: 0.00%
2024-05-21 00:38:11,935 - ObjectDetectionLogger - INFO - Bounding box coordinates: tensor([324.3083,  26.9202, 358.0544, 108.5965])
2024-05-21 00:38:11,938 - ObjectDetectionLogger - INFO - Grid coordinates of bounding box computed successfully
2024-05-21 00:38:11,938 - ObjectDetectionLogger - INFO - Grid coordinates of bounding box computed successfully
2024-05-21 00:38:11,939 - ObjectDetectionLogger - INFO - Percentage of points inside the ROI: 0.00%
2024-05-21 00:38:12,016 - ObjectDetectionLogger - INFO - Bounding box coordinates: tensor([1.3480e+02, 2.8305e-02, 4.3424e+02, 1.7439e+02])
2024-05-21 00:38:12,022 - ObjectDetectionLogger - INFO - Grid coordinates of bounding box computed successfully
2024-05-21 00:38:12,024 - ObjectDetectionLogger - INFO - Grid coordinates of bounding box computed successfully
2024-05-21 00:38:12,025 - ObjectDetectionLogger - INFO - Percentage of points inside the ROI: 0.00%
2024-05-21 00:38:12,029 - ObjectDetectionLogger - INFO - Bounding box coordinates: tensor([324.3251,  26.9938, 358.7369, 109.4117])
2024-05-21 00:38:12,034 - ObjectDetectionLogger - INFO - Grid coordinates of bounding box computed successfully
2024-05-21 00:38:12,035 - ObjectDetectionLogger - INFO - Grid coordinates of bounding box computed successfully
2024-05-21 00:38:12,036 - ObjectDetectionLogger - INFO - Percentage of points inside the ROI: 0.00%
2024-05-21 00:38:12,112 - ObjectDetectionLogger - INFO - Bounding box coordinates: tensor([1.3485e+02, 2.4872e-02, 4.3423e+02, 1.7427e+02])
2024-05-21 00:38:12,114 - ObjectDetectionLogger - INFO - Grid coordinates of bounding box computed successfully
2024-05-21 00:38:12,115 - ObjectDetectionLogger - INFO - Grid coordinates of bounding box computed successfully
2024-05-21 00:38:12,116 - ObjectDetectionLogger - INFO - Percentage of points inside the ROI: 0.00%
2024-05-21 00:38:12,118 - ObjectDetectionLogger - INFO - Bounding box coordinates: tensor([324.3796,  27.4642, 357.8047, 109.6469])
2024-05-21 00:38:12,120 - ObjectDetectionLogger - INFO - Grid coordinates of bounding box computed successfully
2024-05-21 00:38:12,120 - ObjectDetectionLogger - INFO - Grid coordinates of bounding box computed successfully
2024-05-21 00:38:12,121 - ObjectDetectionLogger - INFO - Percentage of points inside the ROI: 0.00%
2024-05-21 00:38:12,187 - ObjectDetectionLogger - INFO - Bounding box coordinates: tensor([1.3483e+02, 1.7197e-02, 4.3410e+02, 1.7424e+02])
2024-05-21 00:38:12,189 - ObjectDetectionLogger - INFO - Grid coordinates of bounding box computed successfully
2024-05-21 00:38:12,190 - ObjectDetectionLogger - INFO - Grid coordinates of bounding box computed successfully
2024-05-21 00:38:12,191 - ObjectDetectionLogger - INFO - Percentage of points inside the ROI: 0.00%
2024-05-21 00:38:12,192 - ObjectDetectionLogger - INFO - Bounding box coordinates: tensor([325.1092,  27.1250, 359.8057, 109.5004])
2024-05-21 00:38:12,195 - ObjectDetectionLogger - INFO - Grid coordinates of bounding box computed successfully
2024-05-21 00:38:12,195 - ObjectDetectionLogger - INFO - Grid coordinates of bounding box computed successfully
2024-05-21 00:38:12,195 - ObjectDetectionLogger - INFO - Percentage of points inside the ROI: 0.00%
2024-05-21 00:38:12,275 - ObjectDetectionLogger - INFO - Bounding box coordinates: tensor([1.3483e+02, 1.4725e-02, 4.3421e+02, 1.7417e+02])
2024-05-21 00:38:12,281 - ObjectDetectionLogger - INFO - Grid coordinates of bounding box computed successfully
2024-05-21 00:38:12,283 - ObjectDetectionLogger - INFO - Grid coordinates of bounding box computed successfully
2024-05-21 00:38:12,284 - ObjectDetectionLogger - INFO - Percentage of points inside the ROI: 0.00%
2024-05-21 00:38:12,286 - ObjectDetectionLogger - INFO - Bounding box coordinates: tensor([325.0437,  27.2553, 360.2988, 109.4052])
2024-05-21 00:38:12,288 - ObjectDetectionLogger - INFO - Grid coordinates of bounding box computed successfully
2024-05-21 00:38:12,289 - ObjectDetectionLogger - INFO - Grid coordinates of bounding box computed successfully
2024-05-21 00:38:12,290 - ObjectDetectionLogger - INFO - Percentage of points inside the ROI: 0.00%
2024-05-21 00:38:12,362 - ObjectDetectionLogger - INFO - Bounding box coordinates: tensor([1.3497e+02, 1.6083e-02, 4.3404e+02, 1.7414e+02])
2024-05-21 00:38:12,365 - ObjectDetectionLogger - INFO - Grid coordinates of bounding box computed successfully
2024-05-21 00:38:12,366 - ObjectDetectionLogger - INFO - Grid coordinates of bounding box computed successfully
2024-05-21 00:38:12,367 - ObjectDetectionLogger - INFO - Percentage of points inside the ROI: 0.00%
2024-05-21 00:38:12,368 - ObjectDetectionLogger - INFO - Bounding box coordinates: tensor([325.4408,  27.4047, 359.8865, 109.2782])
2024-05-21 00:38:12,372 - ObjectDetectionLogger - INFO - Grid coordinates of bounding box computed successfully
2024-05-21 00:38:12,373 - ObjectDetectionLogger - INFO - Grid coordinates of bounding box computed successfully
2024-05-21 00:38:12,375 - ObjectDetectionLogger - INFO - Percentage of points inside the ROI: 0.00%
2024-05-21 00:38:12,464 - ObjectDetectionLogger - INFO - Bounding box coordinates: tensor([1.3486e+02, 3.2288e-02, 4.3434e+02, 1.7407e+02])
2024-05-21 00:38:12,467 - ObjectDetectionLogger - INFO - Grid coordinates of bounding box computed successfully
2024-05-21 00:38:12,469 - ObjectDetectionLogger - INFO - Grid coordinates of bounding box computed successfully
2024-05-21 00:38:12,470 - ObjectDetectionLogger - INFO - Percentage of points inside the ROI: 0.00%
2024-05-21 00:38:12,471 - ObjectDetectionLogger - INFO - Bounding box coordinates: tensor([325.9479,  27.5753, 360.2900, 109.2309])
2024-05-21 00:38:12,475 - ObjectDetectionLogger - INFO - Grid coordinates of bounding box computed successfully
2024-05-21 00:38:12,475 - ObjectDetectionLogger - INFO - Grid coordinates of bounding box computed successfully
2024-05-21 00:38:12,476 - ObjectDetectionLogger - INFO - Percentage of points inside the ROI: 0.00%
2024-05-21 00:38:12,570 - ObjectDetectionLogger - INFO - Bounding box coordinates: tensor([1.3489e+02, 4.1916e-02, 4.3453e+02, 1.7403e+02])
2024-05-21 00:38:12,572 - ObjectDetectionLogger - INFO - Grid coordinates of bounding box computed successfully
2024-05-21 00:38:12,575 - ObjectDetectionLogger - INFO - Grid coordinates of bounding box computed successfully
2024-05-21 00:38:12,579 - ObjectDetectionLogger - INFO - Percentage of points inside the ROI: 0.00%
2024-05-21 00:38:12,584 - ObjectDetectionLogger - INFO - Bounding box coordinates: tensor([326.6027,  27.3304, 360.1466, 109.2611])
2024-05-21 00:38:12,589 - ObjectDetectionLogger - INFO - Grid coordinates of bounding box computed successfully
2024-05-21 00:38:12,592 - ObjectDetectionLogger - INFO - Grid coordinates of bounding box computed successfully
2024-05-21 00:38:12,595 - ObjectDetectionLogger - INFO - Percentage of points inside the ROI: 0.00%
2024-05-21 00:38:12,699 - ObjectDetectionLogger - INFO - Bounding box coordinates: tensor([1.3487e+02, 4.4296e-02, 4.3452e+02, 1.7401e+02])
2024-05-21 00:38:12,707 - ObjectDetectionLogger - INFO - Grid coordinates of bounding box computed successfully
2024-05-21 00:38:12,711 - ObjectDetectionLogger - INFO - Grid coordinates of bounding box computed successfully
2024-05-21 00:38:12,713 - ObjectDetectionLogger - INFO - Percentage of points inside the ROI: 0.00%
2024-05-21 00:38:12,719 - ObjectDetectionLogger - INFO - Bounding box coordinates: tensor([326.5099,  27.3317, 359.9933, 109.1634])
2024-05-21 00:38:12,729 - ObjectDetectionLogger - INFO - Grid coordinates of bounding box computed successfully
2024-05-21 00:38:12,732 - ObjectDetectionLogger - INFO - Grid coordinates of bounding box computed successfully
2024-05-21 00:38:12,733 - ObjectDetectionLogger - INFO - Percentage of points inside the ROI: 0.00%
2024-05-21 00:38:12,850 - ObjectDetectionLogger - INFO - Bounding box coordinates: tensor([1.3492e+02, 3.9246e-02, 4.3456e+02, 1.7404e+02])
2024-05-21 00:38:12,858 - ObjectDetectionLogger - INFO - Grid coordinates of bounding box computed successfully
2024-05-21 00:38:12,860 - ObjectDetectionLogger - INFO - Grid coordinates of bounding box computed successfully
2024-05-21 00:38:12,861 - ObjectDetectionLogger - INFO - Percentage of points inside the ROI: 0.00%
2024-05-21 00:38:12,863 - ObjectDetectionLogger - INFO - Bounding box coordinates: tensor([326.0502,  27.1795, 359.6647, 108.8365])
2024-05-21 00:38:12,868 - ObjectDetectionLogger - INFO - Grid coordinates of bounding box computed successfully
2024-05-21 00:38:12,870 - ObjectDetectionLogger - INFO - Grid coordinates of bounding box computed successfully
2024-05-21 00:38:12,872 - ObjectDetectionLogger - INFO - Percentage of points inside the ROI: 0.00%
2024-05-21 00:38:12,947 - ObjectDetectionLogger - INFO - Bounding box coordinates: tensor([1.3495e+02, 4.7989e-02, 4.3478e+02, 1.7395e+02])
2024-05-21 00:38:12,950 - ObjectDetectionLogger - INFO - Grid coordinates of bounding box computed successfully
2024-05-21 00:38:12,952 - ObjectDetectionLogger - INFO - Grid coordinates of bounding box computed successfully
2024-05-21 00:38:12,953 - ObjectDetectionLogger - INFO - Percentage of points inside the ROI: 0.00%
2024-05-21 00:38:12,953 - ObjectDetectionLogger - INFO - Bounding box coordinates: tensor([325.9973,  27.2550, 359.3633, 108.9756])
2024-05-21 00:38:12,957 - ObjectDetectionLogger - INFO - Grid coordinates of bounding box computed successfully
2024-05-21 00:38:12,957 - ObjectDetectionLogger - INFO - Grid coordinates of bounding box computed successfully
2024-05-21 00:38:12,958 - ObjectDetectionLogger - INFO - Percentage of points inside the ROI: 0.00%
2024-05-21 00:38:13,038 - ObjectDetectionLogger - INFO - Bounding box coordinates: tensor([1.3497e+02, 2.7542e-02, 4.3435e+02, 1.7389e+02])
2024-05-21 00:38:13,044 - ObjectDetectionLogger - INFO - Grid coordinates of bounding box computed successfully
2024-05-21 00:38:13,048 - ObjectDetectionLogger - INFO - Grid coordinates of bounding box computed successfully
2024-05-21 00:38:13,049 - ObjectDetectionLogger - INFO - Percentage of points inside the ROI: 0.00%
2024-05-21 00:38:13,050 - ObjectDetectionLogger - INFO - Bounding box coordinates: tensor([325.8627,  27.3828, 359.1291, 108.9947])
2024-05-21 00:38:13,056 - ObjectDetectionLogger - INFO - Grid coordinates of bounding box computed successfully
2024-05-21 00:38:13,056 - ObjectDetectionLogger - INFO - Grid coordinates of bounding box computed successfully
2024-05-21 00:38:13,058 - ObjectDetectionLogger - INFO - Percentage of points inside the ROI: 0.00%
2024-05-21 00:38:13,149 - ObjectDetectionLogger - INFO - Bounding box coordinates: tensor([1.3494e+02, 2.8320e-02, 4.3441e+02, 1.7396e+02])
2024-05-21 00:38:13,152 - ObjectDetectionLogger - INFO - Grid coordinates of bounding box computed successfully
2024-05-21 00:38:13,155 - ObjectDetectionLogger - INFO - Grid coordinates of bounding box computed successfully
2024-05-21 00:38:13,157 - ObjectDetectionLogger - INFO - Percentage of points inside the ROI: 0.00%
2024-05-21 00:38:13,161 - ObjectDetectionLogger - INFO - Bounding box coordinates: tensor([326.1655,  27.3912, 359.4700, 109.5212])
2024-05-21 00:38:13,166 - ObjectDetectionLogger - INFO - Grid coordinates of bounding box computed successfully
2024-05-21 00:38:13,167 - ObjectDetectionLogger - INFO - Grid coordinates of bounding box computed successfully
2024-05-21 00:38:13,167 - ObjectDetectionLogger - INFO - Percentage of points inside the ROI: 0.00%
2024-05-21 00:38:13,272 - ObjectDetectionLogger - INFO - Bounding box coordinates: tensor([1.3495e+02, 2.2003e-02, 4.3440e+02, 1.7399e+02])
2024-05-21 00:38:13,277 - ObjectDetectionLogger - INFO - Grid coordinates of bounding box computed successfully
2024-05-21 00:38:13,280 - ObjectDetectionLogger - INFO - Grid coordinates of bounding box computed successfully
2024-05-21 00:38:13,282 - ObjectDetectionLogger - INFO - Percentage of points inside the ROI: 0.00%
2024-05-21 00:38:13,285 - ObjectDetectionLogger - INFO - Bounding box coordinates: tensor([327.0966,  27.3074, 359.6630, 109.7889])
2024-05-21 00:38:13,293 - ObjectDetectionLogger - INFO - Grid coordinates of bounding box computed successfully
2024-05-21 00:38:13,294 - ObjectDetectionLogger - INFO - Grid coordinates of bounding box computed successfully
2024-05-21 00:38:13,296 - ObjectDetectionLogger - INFO - Percentage of points inside the ROI: 0.00%
2024-05-21 00:38:13,389 - ObjectDetectionLogger - INFO - Bounding box coordinates: tensor([1.3496e+02, 1.6144e-02, 4.3422e+02, 1.7396e+02])
2024-05-21 00:38:13,392 - ObjectDetectionLogger - INFO - Grid coordinates of bounding box computed successfully
2024-05-21 00:38:13,395 - ObjectDetectionLogger - INFO - Grid coordinates of bounding box computed successfully
2024-05-21 00:38:13,397 - ObjectDetectionLogger - INFO - Percentage of points inside the ROI: 0.00%
2024-05-21 00:38:13,402 - ObjectDetectionLogger - INFO - Bounding box coordinates: tensor([327.2155,  27.3022, 359.5951, 109.6389])
2024-05-21 00:38:13,406 - ObjectDetectionLogger - INFO - Grid coordinates of bounding box computed successfully
2024-05-21 00:38:13,406 - ObjectDetectionLogger - INFO - Grid coordinates of bounding box computed successfully
2024-05-21 00:38:13,407 - ObjectDetectionLogger - INFO - Percentage of points inside the ROI: 0.00%
2024-05-21 00:38:13,492 - ObjectDetectionLogger - INFO - Bounding box coordinates: tensor([1.3487e+02, 1.2558e-02, 4.3413e+02, 1.7406e+02])
2024-05-21 00:38:13,495 - ObjectDetectionLogger - INFO - Grid coordinates of bounding box computed successfully
2024-05-21 00:38:13,497 - ObjectDetectionLogger - INFO - Grid coordinates of bounding box computed successfully
2024-05-21 00:38:13,497 - ObjectDetectionLogger - INFO - Percentage of points inside the ROI: 0.00%
2024-05-21 00:38:13,499 - ObjectDetectionLogger - INFO - Bounding box coordinates: tensor([328.1945,  27.4042, 359.6357, 109.7280])
2024-05-21 00:38:13,502 - ObjectDetectionLogger - INFO - Grid coordinates of bounding box computed successfully
2024-05-21 00:38:13,503 - ObjectDetectionLogger - INFO - Grid coordinates of bounding box computed successfully
2024-05-21 00:38:13,504 - ObjectDetectionLogger - INFO - Percentage of points inside the ROI: 0.00%
2024-05-21 00:38:13,598 - ObjectDetectionLogger - INFO - Bounding box coordinates: tensor([1.3493e+02, 4.4556e-03, 4.3409e+02, 1.7411e+02])
2024-05-21 00:38:13,602 - ObjectDetectionLogger - INFO - Grid coordinates of bounding box computed successfully
2024-05-21 00:38:13,603 - ObjectDetectionLogger - INFO - Grid coordinates of bounding box computed successfully
2024-05-21 00:38:13,603 - ObjectDetectionLogger - INFO - Percentage of points inside the ROI: 0.00%
2024-05-21 00:38:13,605 - ObjectDetectionLogger - INFO - Bounding box coordinates: tensor([327.6160,  27.6352, 359.3979, 110.2023])
2024-05-21 00:38:13,608 - ObjectDetectionLogger - INFO - Grid coordinates of bounding box computed successfully
2024-05-21 00:38:13,608 - ObjectDetectionLogger - INFO - Grid coordinates of bounding box computed successfully
2024-05-21 00:38:13,608 - ObjectDetectionLogger - INFO - Percentage of points inside the ROI: 0.00%
2024-05-21 00:38:13,674 - ObjectDetectionLogger - INFO - Bounding box coordinates: tensor([1.3484e+02, 1.7044e-02, 4.3432e+02, 1.7412e+02])
2024-05-21 00:38:13,677 - ObjectDetectionLogger - INFO - Grid coordinates of bounding box computed successfully
2024-05-21 00:38:13,678 - ObjectDetectionLogger - INFO - Grid coordinates of bounding box computed successfully
2024-05-21 00:38:13,679 - ObjectDetectionLogger - INFO - Percentage of points inside the ROI: 0.00%
2024-05-21 00:38:13,680 - ObjectDetectionLogger - INFO - Bounding box coordinates: tensor([328.1351,  28.0273, 359.6807, 112.1720])
2024-05-21 00:38:13,683 - ObjectDetectionLogger - INFO - Grid coordinates of bounding box computed successfully
2024-05-21 00:38:13,684 - ObjectDetectionLogger - INFO - Grid coordinates of bounding box computed successfully
2024-05-21 00:38:13,684 - ObjectDetectionLogger - INFO - Percentage of points inside the ROI: 0.00%
2024-05-21 00:38:13,793 - ObjectDetectionLogger - INFO - Bounding box coordinates: tensor([1.3484e+02, 2.7283e-02, 4.3443e+02, 1.7405e+02])
2024-05-21 00:38:13,800 - ObjectDetectionLogger - INFO - Grid coordinates of bounding box computed successfully
2024-05-21 00:38:13,804 - ObjectDetectionLogger - INFO - Grid coordinates of bounding box computed successfully
2024-05-21 00:38:13,806 - ObjectDetectionLogger - INFO - Percentage of points inside the ROI: 0.00%
2024-05-21 00:38:13,808 - ObjectDetectionLogger - INFO - Bounding box coordinates: tensor([327.5311,  27.9016, 359.5943, 114.2932])
2024-05-21 00:38:13,815 - ObjectDetectionLogger - INFO - Grid coordinates of bounding box computed successfully
2024-05-21 00:38:13,817 - ObjectDetectionLogger - INFO - Grid coordinates of bounding box computed successfully
2024-05-21 00:38:13,819 - ObjectDetectionLogger - INFO - Percentage of points inside the ROI: 0.00%
2024-05-21 00:38:13,915 - ObjectDetectionLogger - INFO - Bounding box coordinates: tensor([1.3479e+02, 2.1347e-02, 4.3425e+02, 1.7410e+02])
2024-05-21 00:38:13,918 - ObjectDetectionLogger - INFO - Grid coordinates of bounding box computed successfully
2024-05-21 00:38:13,919 - ObjectDetectionLogger - INFO - Grid coordinates of bounding box computed successfully
2024-05-21 00:38:13,919 - ObjectDetectionLogger - INFO - Percentage of points inside the ROI: 0.00%
2024-05-21 00:38:13,921 - ObjectDetectionLogger - INFO - Bounding box coordinates: tensor([326.1335,  28.0300, 359.6415, 114.5631])
2024-05-21 00:38:13,928 - ObjectDetectionLogger - INFO - Grid coordinates of bounding box computed successfully
2024-05-21 00:38:13,930 - ObjectDetectionLogger - INFO - Grid coordinates of bounding box computed successfully
2024-05-21 00:38:13,931 - ObjectDetectionLogger - INFO - Percentage of points inside the ROI: 0.00%
2024-05-21 00:38:14,003 - ObjectDetectionLogger - INFO - Bounding box coordinates: tensor([1.3480e+02, 3.1097e-02, 4.3419e+02, 1.7415e+02])
2024-05-21 00:38:14,012 - ObjectDetectionLogger - INFO - Grid coordinates of bounding box computed successfully
2024-05-21 00:38:14,015 - ObjectDetectionLogger - INFO - Grid coordinates of bounding box computed successfully
2024-05-21 00:38:14,015 - ObjectDetectionLogger - INFO - Percentage of points inside the ROI: 0.00%
2024-05-21 00:38:14,017 - ObjectDetectionLogger - INFO - Bounding box coordinates: tensor([325.6186,  27.7976, 359.6703, 116.0507])
2024-05-21 00:38:14,020 - ObjectDetectionLogger - INFO - Grid coordinates of bounding box computed successfully
2024-05-21 00:38:14,021 - ObjectDetectionLogger - INFO - Grid coordinates of bounding box computed successfully
2024-05-21 00:38:14,021 - ObjectDetectionLogger - INFO - Percentage of points inside the ROI: 0.00%
2024-05-21 00:38:14,099 - ObjectDetectionLogger - INFO - Bounding box coordinates: tensor([1.3482e+02, 3.0457e-02, 4.3399e+02, 1.7414e+02])
2024-05-21 00:38:14,103 - ObjectDetectionLogger - INFO - Grid coordinates of bounding box computed successfully
2024-05-21 00:38:14,104 - ObjectDetectionLogger - INFO - Grid coordinates of bounding box computed successfully
2024-05-21 00:38:14,104 - ObjectDetectionLogger - INFO - Percentage of points inside the ROI: 0.00%
2024-05-21 00:38:14,106 - ObjectDetectionLogger - INFO - Bounding box coordinates: tensor([326.4197,  28.2692, 359.2128, 113.1700])
2024-05-21 00:38:14,108 - ObjectDetectionLogger - INFO - Grid coordinates of bounding box computed successfully
2024-05-21 00:38:14,109 - ObjectDetectionLogger - INFO - Grid coordinates of bounding box computed successfully
2024-05-21 00:38:14,109 - ObjectDetectionLogger - INFO - Percentage of points inside the ROI: 0.00%
2024-05-21 00:38:14,183 - ObjectDetectionLogger - INFO - Bounding box coordinates: tensor([1.3478e+02, 2.6764e-02, 4.3376e+02, 1.7411e+02])
2024-05-21 00:38:14,187 - ObjectDetectionLogger - INFO - Grid coordinates of bounding box computed successfully
2024-05-21 00:38:14,188 - ObjectDetectionLogger - INFO - Grid coordinates of bounding box computed successfully
2024-05-21 00:38:14,188 - ObjectDetectionLogger - INFO - Percentage of points inside the ROI: 0.00%
2024-05-21 00:38:14,190 - ObjectDetectionLogger - INFO - Bounding box coordinates: tensor([325.8784,  27.1031, 358.8847, 115.9271])
2024-05-21 00:38:14,192 - ObjectDetectionLogger - INFO - Grid coordinates of bounding box computed successfully
2024-05-21 00:38:14,193 - ObjectDetectionLogger - INFO - Grid coordinates of bounding box computed successfully
2024-05-21 00:38:14,193 - ObjectDetectionLogger - INFO - Percentage of points inside the ROI: 0.00%
2024-05-21 00:38:14,195 - ObjectDetectionLogger - INFO - Bounding box coordinates: tensor([328.2197,  38.1643, 355.4946, 113.1438])
2024-05-21 00:38:14,197 - ObjectDetectionLogger - INFO - Grid coordinates of bounding box computed successfully
2024-05-21 00:38:14,198 - ObjectDetectionLogger - INFO - Grid coordinates of bounding box computed successfully
2024-05-21 00:38:14,198 - ObjectDetectionLogger - INFO - Percentage of points inside the ROI: 0.00%
2024-05-21 00:38:14,272 - ObjectDetectionLogger - INFO - Bounding box coordinates: tensor([1.3481e+02, 3.0304e-02, 4.3383e+02, 1.7393e+02])
2024-05-21 00:38:14,275 - ObjectDetectionLogger - INFO - Grid coordinates of bounding box computed successfully
2024-05-21 00:38:14,276 - ObjectDetectionLogger - INFO - Grid coordinates of bounding box computed successfully
2024-05-21 00:38:14,277 - ObjectDetectionLogger - INFO - Percentage of points inside the ROI: 0.00%
2024-05-21 00:38:14,279 - ObjectDetectionLogger - INFO - Bounding box coordinates: tensor([325.3701,  26.4101, 358.9594, 120.2320])
2024-05-21 00:38:14,281 - ObjectDetectionLogger - INFO - Grid coordinates of bounding box computed successfully
2024-05-21 00:38:14,282 - ObjectDetectionLogger - INFO - Grid coordinates of bounding box computed successfully
2024-05-21 00:38:14,282 - ObjectDetectionLogger - INFO - Percentage of points inside the ROI: 0.00%
2024-05-21 00:38:14,284 - ObjectDetectionLogger - INFO - Bounding box coordinates: tensor([327.9781,  38.4851, 355.4281, 117.4478])
2024-05-21 00:38:14,287 - ObjectDetectionLogger - INFO - Grid coordinates of bounding box computed successfully
2024-05-21 00:38:14,287 - ObjectDetectionLogger - INFO - Grid coordinates of bounding box computed successfully
2024-05-21 00:38:14,288 - ObjectDetectionLogger - INFO - Percentage of points inside the ROI: 0.00%
2024-05-21 00:38:14,367 - ObjectDetectionLogger - INFO - Bounding box coordinates: tensor([1.3482e+02, 3.5080e-02, 4.3402e+02, 1.7384e+02])
2024-05-21 00:38:14,370 - ObjectDetectionLogger - INFO - Grid coordinates of bounding box computed successfully
2024-05-21 00:38:14,371 - ObjectDetectionLogger - INFO - Grid coordinates of bounding box computed successfully
2024-05-21 00:38:14,371 - ObjectDetectionLogger - INFO - Percentage of points inside the ROI: 0.00%
2024-05-21 00:38:14,373 - ObjectDetectionLogger - INFO - Bounding box coordinates: tensor([324.7531,  26.1066, 358.8610, 119.7580])
2024-05-21 00:38:14,377 - ObjectDetectionLogger - INFO - Grid coordinates of bounding box computed successfully
2024-05-21 00:38:14,377 - ObjectDetectionLogger - INFO - Grid coordinates of bounding box computed successfully
2024-05-21 00:38:14,378 - ObjectDetectionLogger - INFO - Percentage of points inside the ROI: 0.00%
2024-05-21 00:38:14,458 - ObjectDetectionLogger - INFO - Bounding box coordinates: tensor([1.3487e+02, 3.0594e-02, 4.3414e+02, 1.7380e+02])
2024-05-21 00:38:14,462 - ObjectDetectionLogger - INFO - Grid coordinates of bounding box computed successfully
2024-05-21 00:38:14,463 - ObjectDetectionLogger - INFO - Grid coordinates of bounding box computed successfully
2024-05-21 00:38:14,464 - ObjectDetectionLogger - INFO - Percentage of points inside the ROI: 0.00%
2024-05-21 00:38:14,466 - ObjectDetectionLogger - INFO - Bounding box coordinates: tensor([325.3087,  25.8708, 358.5800, 121.5184])
2024-05-21 00:38:14,470 - ObjectDetectionLogger - INFO - Grid coordinates of bounding box computed successfully
2024-05-21 00:38:14,470 - ObjectDetectionLogger - INFO - Grid coordinates of bounding box computed successfully
2024-05-21 00:38:14,471 - ObjectDetectionLogger - INFO - Percentage of points inside the ROI: 0.00%
2024-05-21 00:38:14,474 - ObjectDetectionLogger - INFO - Bounding box coordinates: tensor([327.6180,  31.5297, 353.0426, 118.8192])
2024-05-21 00:38:14,479 - ObjectDetectionLogger - INFO - Grid coordinates of bounding box computed successfully
2024-05-21 00:38:14,481 - ObjectDetectionLogger - INFO - Grid coordinates of bounding box computed successfully
2024-05-21 00:38:14,483 - ObjectDetectionLogger - INFO - Percentage of points inside the ROI: 0.00%
2024-05-21 00:38:14,563 - ObjectDetectionLogger - INFO - Bounding box coordinates: tensor([1.3486e+02, 3.0289e-02, 4.3419e+02, 1.7371e+02])
2024-05-21 00:38:14,567 - ObjectDetectionLogger - INFO - Grid coordinates of bounding box computed successfully
2024-05-21 00:38:14,568 - ObjectDetectionLogger - INFO - Grid coordinates of bounding box computed successfully
2024-05-21 00:38:14,569 - ObjectDetectionLogger - INFO - Percentage of points inside the ROI: 0.00%
2024-05-21 00:38:14,570 - ObjectDetectionLogger - INFO - Bounding box coordinates: tensor([325.7515,  26.1903, 356.9669, 121.1989])
2024-05-21 00:38:14,573 - ObjectDetectionLogger - INFO - Grid coordinates of bounding box computed successfully
2024-05-21 00:38:14,573 - ObjectDetectionLogger - INFO - Grid coordinates of bounding box computed successfully
2024-05-21 00:38:14,574 - ObjectDetectionLogger - INFO - Percentage of points inside the ROI: 0.00%
2024-05-21 00:38:14,640 - ObjectDetectionLogger - INFO - Bounding box coordinates: tensor([1.3484e+02, 3.4607e-02, 4.3400e+02, 1.7384e+02])
2024-05-21 00:38:14,643 - ObjectDetectionLogger - INFO - Grid coordinates of bounding box computed successfully
2024-05-21 00:38:14,644 - ObjectDetectionLogger - INFO - Grid coordinates of bounding box computed successfully
2024-05-21 00:38:14,644 - ObjectDetectionLogger - INFO - Percentage of points inside the ROI: 0.00%
2024-05-21 00:38:14,645 - ObjectDetectionLogger - INFO - Bounding box coordinates: tensor([325.4370,  26.4066, 355.7949, 121.0770])
2024-05-21 00:38:14,648 - ObjectDetectionLogger - INFO - Grid coordinates of bounding box computed successfully
2024-05-21 00:38:14,649 - ObjectDetectionLogger - INFO - Grid coordinates of bounding box computed successfully
2024-05-21 00:38:14,649 - ObjectDetectionLogger - INFO - Percentage of points inside the ROI: 0.00%
2024-05-21 00:38:14,730 - ObjectDetectionLogger - INFO - Bounding box coordinates: tensor([1.3479e+02, 4.6021e-02, 4.3398e+02, 1.7388e+02])
2024-05-21 00:38:14,733 - ObjectDetectionLogger - INFO - Grid coordinates of bounding box computed successfully
2024-05-21 00:38:14,735 - ObjectDetectionLogger - INFO - Grid coordinates of bounding box computed successfully
2024-05-21 00:38:14,735 - ObjectDetectionLogger - INFO - Percentage of points inside the ROI: 0.00%
2024-05-21 00:38:14,737 - ObjectDetectionLogger - INFO - Bounding box coordinates: tensor([325.0804,  26.5108, 353.4438, 127.5781])
2024-05-21 00:38:14,740 - ObjectDetectionLogger - INFO - Grid coordinates of bounding box computed successfully
2024-05-21 00:38:14,741 - ObjectDetectionLogger - INFO - Grid coordinates of bounding box computed successfully
2024-05-21 00:38:14,741 - ObjectDetectionLogger - INFO - Percentage of points inside the ROI: 0.00%
2024-05-21 00:38:14,811 - ObjectDetectionLogger - INFO - Bounding box coordinates: tensor([1.3492e+02, 4.0359e-02, 4.3396e+02, 1.7384e+02])
2024-05-21 00:38:14,814 - ObjectDetectionLogger - INFO - Grid coordinates of bounding box computed successfully
2024-05-21 00:38:14,815 - ObjectDetectionLogger - INFO - Grid coordinates of bounding box computed successfully
2024-05-21 00:38:14,815 - ObjectDetectionLogger - INFO - Percentage of points inside the ROI: 0.00%
2024-05-21 00:38:14,816 - ObjectDetectionLogger - INFO - Bounding box coordinates: tensor([324.8370,  26.8133, 354.5762, 130.1006])
2024-05-21 00:38:14,819 - ObjectDetectionLogger - INFO - Grid coordinates of bounding box computed successfully
2024-05-21 00:38:14,820 - ObjectDetectionLogger - INFO - Grid coordinates of bounding box computed successfully
2024-05-21 00:38:14,820 - ObjectDetectionLogger - INFO - Percentage of points inside the ROI: 0.00%
2024-05-21 00:38:14,898 - ObjectDetectionLogger - INFO - Bounding box coordinates: tensor([1.3495e+02, 3.5019e-02, 4.3413e+02, 1.7371e+02])
2024-05-21 00:38:14,905 - ObjectDetectionLogger - INFO - Grid coordinates of bounding box computed successfully
2024-05-21 00:38:14,907 - ObjectDetectionLogger - INFO - Grid coordinates of bounding box computed successfully
2024-05-21 00:38:14,909 - ObjectDetectionLogger - INFO - Percentage of points inside the ROI: 0.00%
2024-05-21 00:38:14,913 - ObjectDetectionLogger - INFO - Bounding box coordinates: tensor([325.6475,  27.0892, 354.7110, 126.0839])
2024-05-21 00:38:14,920 - ObjectDetectionLogger - INFO - Grid coordinates of bounding box computed successfully
2024-05-21 00:38:14,921 - ObjectDetectionLogger - INFO - Grid coordinates of bounding box computed successfully
2024-05-21 00:38:14,922 - ObjectDetectionLogger - INFO - Percentage of points inside the ROI: 0.00%
2024-05-21 00:38:14,996 - ObjectDetectionLogger - INFO - Bounding box coordinates: tensor([1.3495e+02, 2.1927e-02, 4.3416e+02, 1.7395e+02])
2024-05-21 00:38:15,000 - ObjectDetectionLogger - INFO - Grid coordinates of bounding box computed successfully
2024-05-21 00:38:15,001 - ObjectDetectionLogger - INFO - Grid coordinates of bounding box computed successfully
2024-05-21 00:38:15,002 - ObjectDetectionLogger - INFO - Percentage of points inside the ROI: 0.00%
2024-05-21 00:38:15,004 - ObjectDetectionLogger - INFO - Bounding box coordinates: tensor([325.9362,  27.5480, 358.1278, 124.5191])
2024-05-21 00:38:15,007 - ObjectDetectionLogger - INFO - Grid coordinates of bounding box computed successfully
2024-05-21 00:38:15,007 - ObjectDetectionLogger - INFO - Grid coordinates of bounding box computed successfully
2024-05-21 00:38:15,008 - ObjectDetectionLogger - INFO - Percentage of points inside the ROI: 0.00%
2024-05-21 00:38:15,101 - ObjectDetectionLogger - INFO - Bounding box coordinates: tensor([1.3496e+02, 2.1301e-02, 4.3408e+02, 1.7402e+02])
2024-05-21 00:38:15,103 - ObjectDetectionLogger - INFO - Grid coordinates of bounding box computed successfully
2024-05-21 00:38:15,104 - ObjectDetectionLogger - INFO - Grid coordinates of bounding box computed successfully
2024-05-21 00:38:15,105 - ObjectDetectionLogger - INFO - Percentage of points inside the ROI: 0.00%
2024-05-21 00:38:15,106 - ObjectDetectionLogger - INFO - Bounding box coordinates: tensor([325.5244,  27.5410, 359.0742, 126.1465])
2024-05-21 00:38:15,112 - ObjectDetectionLogger - INFO - Grid coordinates of bounding box computed successfully
2024-05-21 00:38:15,114 - ObjectDetectionLogger - INFO - Grid coordinates of bounding box computed successfully
2024-05-21 00:38:15,115 - ObjectDetectionLogger - INFO - Percentage of points inside the ROI: 0.00%
2024-05-21 00:38:15,186 - ObjectDetectionLogger - INFO - Bounding box coordinates: tensor([1.3492e+02, 2.9709e-02, 4.3415e+02, 1.7381e+02])
2024-05-21 00:38:15,191 - ObjectDetectionLogger - INFO - Grid coordinates of bounding box computed successfully
2024-05-21 00:38:15,195 - ObjectDetectionLogger - INFO - Grid coordinates of bounding box computed successfully
2024-05-21 00:38:15,198 - ObjectDetectionLogger - INFO - Percentage of points inside the ROI: 0.00%
2024-05-21 00:38:15,200 - ObjectDetectionLogger - INFO - Bounding box coordinates: tensor([325.1868,  27.8890, 358.9979, 130.3038])
2024-05-21 00:38:15,203 - ObjectDetectionLogger - INFO - Grid coordinates of bounding box computed successfully
2024-05-21 00:38:15,204 - ObjectDetectionLogger - INFO - Grid coordinates of bounding box computed successfully
2024-05-21 00:38:15,204 - ObjectDetectionLogger - INFO - Percentage of points inside the ROI: 0.00%
2024-05-21 00:38:15,282 - ObjectDetectionLogger - INFO - Bounding box coordinates: tensor([1.3510e+02, 2.9358e-02, 4.3412e+02, 1.7384e+02])
2024-05-21 00:38:15,290 - ObjectDetectionLogger - INFO - Grid coordinates of bounding box computed successfully
2024-05-21 00:38:15,293 - ObjectDetectionLogger - INFO - Grid coordinates of bounding box computed successfully
2024-05-21 00:38:15,296 - ObjectDetectionLogger - INFO - Percentage of points inside the ROI: 0.00%
2024-05-21 00:38:15,301 - ObjectDetectionLogger - INFO - Bounding box coordinates: tensor([324.6977,  27.7673, 358.8360, 133.4207])
2024-05-21 00:38:15,310 - ObjectDetectionLogger - INFO - Grid coordinates of bounding box computed successfully
2024-05-21 00:38:15,310 - ObjectDetectionLogger - INFO - Grid coordinates of bounding box computed successfully
2024-05-21 00:38:15,311 - ObjectDetectionLogger - INFO - Percentage of points inside the ROI: 0.00%
2024-05-21 00:38:15,411 - ObjectDetectionLogger - INFO - Bounding box coordinates: tensor([134.7535,   0.0000, 433.2786, 173.7032])
2024-05-21 00:38:15,416 - ObjectDetectionLogger - INFO - Grid coordinates of bounding box computed successfully
2024-05-21 00:38:15,418 - ObjectDetectionLogger - INFO - Grid coordinates of bounding box computed successfully
2024-05-21 00:38:15,419 - ObjectDetectionLogger - INFO - Percentage of points inside the ROI: 0.00%
2024-05-21 00:38:15,421 - ObjectDetectionLogger - INFO - Bounding box coordinates: tensor([323.8803,  27.9595, 358.7729, 133.8711])
2024-05-21 00:38:15,426 - ObjectDetectionLogger - INFO - Grid coordinates of bounding box computed successfully
2024-05-21 00:38:15,427 - ObjectDetectionLogger - INFO - Grid coordinates of bounding box computed successfully
2024-05-21 00:38:15,427 - ObjectDetectionLogger - INFO - Percentage of points inside the ROI: 0.00%
2024-05-21 00:38:15,495 - ObjectDetectionLogger - INFO - Bounding box coordinates: tensor([1.3584e+02, 3.3951e-02, 4.3347e+02, 1.7401e+02])
2024-05-21 00:38:15,499 - ObjectDetectionLogger - INFO - Grid coordinates of bounding box computed successfully
2024-05-21 00:38:15,501 - ObjectDetectionLogger - INFO - Grid coordinates of bounding box computed successfully
2024-05-21 00:38:15,502 - ObjectDetectionLogger - INFO - Percentage of points inside the ROI: 0.00%
2024-05-21 00:38:15,504 - ObjectDetectionLogger - INFO - Bounding box coordinates: tensor([323.9322,  29.2862, 359.3113, 137.4896])
2024-05-21 00:38:15,510 - ObjectDetectionLogger - INFO - Grid coordinates of bounding box computed successfully
2024-05-21 00:38:15,511 - ObjectDetectionLogger - INFO - Grid coordinates of bounding box computed successfully
2024-05-21 00:38:15,513 - ObjectDetectionLogger - INFO - Percentage of points inside the ROI: 0.00%
2024-05-21 00:38:15,601 - ObjectDetectionLogger - INFO - Bounding box coordinates: tensor([1.3582e+02, 3.4454e-02, 4.3341e+02, 1.7405e+02])
2024-05-21 00:38:15,605 - ObjectDetectionLogger - INFO - Grid coordinates of bounding box computed successfully
2024-05-21 00:38:15,606 - ObjectDetectionLogger - INFO - Grid coordinates of bounding box computed successfully
2024-05-21 00:38:15,607 - ObjectDetectionLogger - INFO - Percentage of points inside the ROI: 0.00%
2024-05-21 00:38:15,609 - ObjectDetectionLogger - INFO - Bounding box coordinates: tensor([323.3192,  32.6434, 351.5901, 138.8888])
2024-05-21 00:38:15,614 - ObjectDetectionLogger - INFO - Grid coordinates of bounding box computed successfully
2024-05-21 00:38:15,614 - ObjectDetectionLogger - INFO - Grid coordinates of bounding box computed successfully
2024-05-21 00:38:15,614 - ObjectDetectionLogger - INFO - Percentage of points inside the ROI: 0.00%
2024-05-21 00:38:15,616 - ObjectDetectionLogger - INFO - Bounding box coordinates: tensor([519.8250, 209.9629, 639.8102, 479.4620])
2024-05-21 00:38:15,621 - ObjectDetectionLogger - INFO - Grid coordinates of bounding box computed successfully
2024-05-21 00:38:15,621 - ObjectDetectionLogger - INFO - Grid coordinates of bounding box computed successfully
2024-05-21 00:38:15,622 - ObjectDetectionLogger - INFO - Percentage of points inside the ROI: 0.00%
2024-05-21 00:38:15,686 - ObjectDetectionLogger - INFO - Bounding box coordinates: tensor([1.3543e+02, 5.1514e-02, 4.3336e+02, 1.7444e+02])
2024-05-21 00:38:15,689 - ObjectDetectionLogger - INFO - Grid coordinates of bounding box computed successfully
2024-05-21 00:38:15,690 - ObjectDetectionLogger - INFO - Grid coordinates of bounding box computed successfully
2024-05-21 00:38:15,690 - ObjectDetectionLogger - INFO - Percentage of points inside the ROI: 0.00%
2024-05-21 00:38:15,691 - ObjectDetectionLogger - INFO - Bounding box coordinates: tensor([322.7263,  34.4662, 348.0814, 131.3423])
2024-05-21 00:38:15,695 - ObjectDetectionLogger - INFO - Grid coordinates of bounding box computed successfully
2024-05-21 00:38:15,695 - ObjectDetectionLogger - INFO - Grid coordinates of bounding box computed successfully
2024-05-21 00:38:15,696 - ObjectDetectionLogger - INFO - Percentage of points inside the ROI: 0.00%
2024-05-21 00:38:15,697 - ObjectDetectionLogger - INFO - Bounding box coordinates: tensor([519.7014, 209.9460, 639.8088, 479.4436])
2024-05-21 00:38:15,699 - ObjectDetectionLogger - INFO - Grid coordinates of bounding box computed successfully
2024-05-21 00:38:15,699 - ObjectDetectionLogger - INFO - Grid coordinates of bounding box computed successfully
2024-05-21 00:38:15,700 - ObjectDetectionLogger - INFO - Percentage of points inside the ROI: 0.00%
2024-05-21 00:38:15,763 - ObjectDetectionLogger - INFO - Bounding box coordinates: tensor([1.3603e+02, 4.0100e-02, 4.3330e+02, 1.7450e+02])
2024-05-21 00:38:15,766 - ObjectDetectionLogger - INFO - Grid coordinates of bounding box computed successfully
2024-05-21 00:38:15,767 - ObjectDetectionLogger - INFO - Grid coordinates of bounding box computed successfully
2024-05-21 00:38:15,768 - ObjectDetectionLogger - INFO - Percentage of points inside the ROI: 0.00%
2024-05-21 00:38:15,772 - ObjectDetectionLogger - INFO - Bounding box coordinates: tensor([519.7163, 209.9457, 639.8088, 479.4438])
2024-05-21 00:38:15,779 - ObjectDetectionLogger - INFO - Grid coordinates of bounding box computed successfully
2024-05-21 00:38:15,779 - ObjectDetectionLogger - INFO - Grid coordinates of bounding box computed successfully
2024-05-21 00:38:15,780 - ObjectDetectionLogger - INFO - Percentage of points inside the ROI: 0.00%
2024-05-21 00:38:15,781 - ObjectDetectionLogger - INFO - Bounding box coordinates: tensor([320.6810,  34.2956, 347.6679, 130.0796])
2024-05-21 00:38:15,785 - ObjectDetectionLogger - INFO - Grid coordinates of bounding box computed successfully
2024-05-21 00:38:15,785 - ObjectDetectionLogger - INFO - Grid coordinates of bounding box computed successfully
2024-05-21 00:38:15,785 - ObjectDetectionLogger - INFO - Percentage of points inside the ROI: 0.00%
2024-05-21 00:38:15,848 - ObjectDetectionLogger - INFO - Bounding box coordinates: tensor([1.3508e+02, 3.7369e-02, 4.3351e+02, 1.7441e+02])
2024-05-21 00:38:15,854 - ObjectDetectionLogger - INFO - Grid coordinates of bounding box computed successfully
2024-05-21 00:38:15,857 - ObjectDetectionLogger - INFO - Grid coordinates of bounding box computed successfully
2024-05-21 00:38:15,860 - ObjectDetectionLogger - INFO - Percentage of points inside the ROI: 0.00%
2024-05-21 00:38:15,866 - ObjectDetectionLogger - INFO - Bounding box coordinates: tensor([319.6691,  37.4990, 349.0797, 139.8348])
2024-05-21 00:38:15,875 - ObjectDetectionLogger - INFO - Grid coordinates of bounding box computed successfully
2024-05-21 00:38:15,877 - ObjectDetectionLogger - INFO - Grid coordinates of bounding box computed successfully
2024-05-21 00:38:15,880 - ObjectDetectionLogger - INFO - Percentage of points inside the ROI: 0.00%
2024-05-21 00:38:15,883 - ObjectDetectionLogger - INFO - Bounding box coordinates: tensor([119.7903,  57.7084, 139.1094,  79.9058])
2024-05-21 00:38:15,888 - ObjectDetectionLogger - INFO - Grid coordinates of bounding box computed successfully
2024-05-21 00:38:15,889 - ObjectDetectionLogger - INFO - Grid coordinates of bounding box computed successfully
2024-05-21 00:38:15,889 - ObjectDetectionLogger - INFO - Percentage of points inside the ROI: 0.00%
2024-05-21 00:38:15,891 - ObjectDetectionLogger - INFO - Bounding box coordinates: tensor([519.6980, 209.9414, 639.8093, 479.4443])
2024-05-21 00:38:15,896 - ObjectDetectionLogger - INFO - Grid coordinates of bounding box computed successfully
2024-05-21 00:38:15,897 - ObjectDetectionLogger - INFO - Grid coordinates of bounding box computed successfully
2024-05-21 00:38:15,898 - ObjectDetectionLogger - INFO - Percentage of points inside the ROI: 0.00%
2024-05-21 00:38:15,989 - ObjectDetectionLogger - INFO - Bounding box coordinates: tensor([1.3282e+02, 3.2135e-02, 4.3361e+02, 1.7426e+02])
2024-05-21 00:38:15,994 - ObjectDetectionLogger - INFO - Grid coordinates of bounding box computed successfully
2024-05-21 00:38:15,995 - ObjectDetectionLogger - INFO - Grid coordinates of bounding box computed successfully
2024-05-21 00:38:15,996 - ObjectDetectionLogger - INFO - Percentage of points inside the ROI: 0.00%
2024-05-21 00:38:15,998 - ObjectDetectionLogger - INFO - Bounding box coordinates: tensor([319.3504,  38.5435, 350.1251, 142.4001])
2024-05-21 00:38:16,003 - ObjectDetectionLogger - INFO - Grid coordinates of bounding box computed successfully
2024-05-21 00:38:16,004 - ObjectDetectionLogger - INFO - Grid coordinates of bounding box computed successfully
2024-05-21 00:38:16,005 - ObjectDetectionLogger - INFO - Percentage of points inside the ROI: 0.00%
2024-05-21 00:38:16,007 - ObjectDetectionLogger - INFO - Bounding box coordinates: tensor([519.7156, 209.9376, 639.8096, 479.4465])
2024-05-21 00:38:16,012 - ObjectDetectionLogger - INFO - Grid coordinates of bounding box computed successfully
2024-05-21 00:38:16,012 - ObjectDetectionLogger - INFO - Grid coordinates of bounding box computed successfully
2024-05-21 00:38:16,013 - ObjectDetectionLogger - INFO - Percentage of points inside the ROI: 0.00%
2024-05-21 00:38:16,081 - ObjectDetectionLogger - INFO - Bounding box coordinates: tensor([1.3258e+02, 4.0680e-02, 4.3379e+02, 1.7414e+02])
2024-05-21 00:38:16,085 - ObjectDetectionLogger - INFO - Grid coordinates of bounding box computed successfully
2024-05-21 00:38:16,087 - ObjectDetectionLogger - INFO - Grid coordinates of bounding box computed successfully
2024-05-21 00:38:16,089 - ObjectDetectionLogger - INFO - Percentage of points inside the ROI: 0.00%
2024-05-21 00:38:16,094 - ObjectDetectionLogger - INFO - Bounding box coordinates: tensor([318.7725,  36.2181, 351.6156, 143.7153])
2024-05-21 00:38:16,097 - ObjectDetectionLogger - INFO - Grid coordinates of bounding box computed successfully
2024-05-21 00:38:16,097 - ObjectDetectionLogger - INFO - Grid coordinates of bounding box computed successfully
2024-05-21 00:38:16,097 - ObjectDetectionLogger - INFO - Percentage of points inside the ROI: 0.00%
2024-05-21 00:38:16,098 - ObjectDetectionLogger - INFO - Bounding box coordinates: tensor([114.6356,  55.2257, 138.8195,  86.0102])
2024-05-21 00:38:16,101 - ObjectDetectionLogger - INFO - Grid coordinates of bounding box computed successfully
2024-05-21 00:38:16,101 - ObjectDetectionLogger - INFO - Grid coordinates of bounding box computed successfully
2024-05-21 00:38:16,102 - ObjectDetectionLogger - INFO - Percentage of points inside the ROI: 0.00%
2024-05-21 00:38:16,103 - ObjectDetectionLogger - INFO - Bounding box coordinates: tensor([519.7030, 209.9086, 639.8104, 479.4473])
2024-05-21 00:38:16,105 - ObjectDetectionLogger - INFO - Grid coordinates of bounding box computed successfully
2024-05-21 00:38:16,106 - ObjectDetectionLogger - INFO - Grid coordinates of bounding box computed successfully
2024-05-21 00:38:16,106 - ObjectDetectionLogger - INFO - Percentage of points inside the ROI: 0.00%
2024-05-21 00:38:16,167 - ObjectDetectionLogger - INFO - Bounding box coordinates: tensor([1.3567e+02, 4.4022e-02, 4.3379e+02, 1.7423e+02])
2024-05-21 00:38:16,172 - ObjectDetectionLogger - INFO - Grid coordinates of bounding box computed successfully
2024-05-21 00:38:16,175 - ObjectDetectionLogger - INFO - Grid coordinates of bounding box computed successfully
2024-05-21 00:38:16,177 - ObjectDetectionLogger - INFO - Percentage of points inside the ROI: 0.00%
2024-05-21 00:38:16,180 - ObjectDetectionLogger - INFO - Bounding box coordinates: tensor([318.3143,  37.4716, 349.3180, 144.2530])
2024-05-21 00:38:16,183 - ObjectDetectionLogger - INFO - Grid coordinates of bounding box computed successfully
2024-05-21 00:38:16,183 - ObjectDetectionLogger - INFO - Grid coordinates of bounding box computed successfully
2024-05-21 00:38:16,184 - ObjectDetectionLogger - INFO - Percentage of points inside the ROI: 0.00%
2024-05-21 00:38:16,185 - ObjectDetectionLogger - INFO - Bounding box coordinates: tensor([111.0023,  57.1348, 138.8372,  86.1616])
2024-05-21 00:38:16,188 - ObjectDetectionLogger - INFO - Grid coordinates of bounding box computed successfully
2024-05-21 00:38:16,188 - ObjectDetectionLogger - INFO - Grid coordinates of bounding box computed successfully
2024-05-21 00:38:16,189 - ObjectDetectionLogger - INFO - Percentage of points inside the ROI: 0.00%
2024-05-21 00:38:16,190 - ObjectDetectionLogger - INFO - Bounding box coordinates: tensor([519.6873, 209.9058, 639.8110, 479.4484])
2024-05-21 00:38:16,193 - ObjectDetectionLogger - INFO - Grid coordinates of bounding box computed successfully
2024-05-21 00:38:16,195 - ObjectDetectionLogger - INFO - Grid coordinates of bounding box computed successfully
2024-05-21 00:38:16,196 - ObjectDetectionLogger - INFO - Percentage of points inside the ROI: 0.00%
2024-05-21 00:38:16,262 - ObjectDetectionLogger - INFO - Bounding box coordinates: tensor([1.3441e+02, 1.4828e-01, 4.3308e+02, 1.7482e+02])
2024-05-21 00:38:16,265 - ObjectDetectionLogger - INFO - Grid coordinates of bounding box computed successfully
2024-05-21 00:38:16,266 - ObjectDetectionLogger - INFO - Grid coordinates of bounding box computed successfully
2024-05-21 00:38:16,266 - ObjectDetectionLogger - INFO - Percentage of points inside the ROI: 0.00%
2024-05-21 00:38:16,267 - ObjectDetectionLogger - INFO - Bounding box coordinates: tensor([316.5558,  40.0626, 349.8870, 143.7604])
2024-05-21 00:38:16,270 - ObjectDetectionLogger - INFO - Grid coordinates of bounding box computed successfully
2024-05-21 00:38:16,270 - ObjectDetectionLogger - INFO - Grid coordinates of bounding box computed successfully
2024-05-21 00:38:16,271 - ObjectDetectionLogger - INFO - Percentage of points inside the ROI: 0.00%
2024-05-21 00:38:16,272 - ObjectDetectionLogger - INFO - Bounding box coordinates: tensor([107.4823,  52.8880, 138.2860,  88.4330])
2024-05-21 00:38:16,274 - ObjectDetectionLogger - INFO - Grid coordinates of bounding box computed successfully
2024-05-21 00:38:16,275 - ObjectDetectionLogger - INFO - Grid coordinates of bounding box computed successfully
2024-05-21 00:38:16,275 - ObjectDetectionLogger - INFO - Percentage of points inside the ROI: 0.00%
2024-05-21 00:38:16,276 - ObjectDetectionLogger - INFO - Bounding box coordinates: tensor([519.6995, 209.9244, 639.8110, 479.4500])
2024-05-21 00:38:16,279 - ObjectDetectionLogger - INFO - Grid coordinates of bounding box computed successfully
2024-05-21 00:38:16,279 - ObjectDetectionLogger - INFO - Grid coordinates of bounding box computed successfully
2024-05-21 00:38:16,279 - ObjectDetectionLogger - INFO - Percentage of points inside the ROI: 0.00%
2024-05-21 00:38:16,339 - ObjectDetectionLogger - INFO - Bounding box coordinates: tensor([1.3396e+02, 1.4137e-01, 4.3310e+02, 1.7472e+02])
2024-05-21 00:38:16,342 - ObjectDetectionLogger - INFO - Grid coordinates of bounding box computed successfully
2024-05-21 00:38:16,343 - ObjectDetectionLogger - INFO - Grid coordinates of bounding box computed successfully
2024-05-21 00:38:16,343 - ObjectDetectionLogger - INFO - Percentage of points inside the ROI: 0.00%
2024-05-21 00:38:16,344 - ObjectDetectionLogger - INFO - Bounding box coordinates: tensor([315.7760,  39.0641, 350.1328, 144.5323])
2024-05-21 00:38:16,347 - ObjectDetectionLogger - INFO - Grid coordinates of bounding box computed successfully
2024-05-21 00:38:16,348 - ObjectDetectionLogger - INFO - Grid coordinates of bounding box computed successfully
2024-05-21 00:38:16,349 - ObjectDetectionLogger - INFO - Percentage of points inside the ROI: 0.00%
2024-05-21 00:38:16,353 - ObjectDetectionLogger - INFO - Bounding box coordinates: tensor([102.6699,  54.9897, 138.6162,  92.5469])
2024-05-21 00:38:16,358 - ObjectDetectionLogger - INFO - Grid coordinates of bounding box computed successfully
2024-05-21 00:38:16,359 - ObjectDetectionLogger - INFO - Grid coordinates of bounding box computed successfully
2024-05-21 00:38:16,359 - ObjectDetectionLogger - INFO - Percentage of points inside the ROI: 0.00%
2024-05-21 00:38:16,361 - ObjectDetectionLogger - INFO - Bounding box coordinates: tensor([519.6932, 209.9381, 639.8115, 479.4529])
2024-05-21 00:38:16,363 - ObjectDetectionLogger - INFO - Grid coordinates of bounding box computed successfully
2024-05-21 00:38:16,364 - ObjectDetectionLogger - INFO - Grid coordinates of bounding box computed successfully
2024-05-21 00:38:16,364 - ObjectDetectionLogger - INFO - Percentage of points inside the ROI: 0.00%
2024-05-21 00:38:16,425 - ObjectDetectionLogger - INFO - Bounding box coordinates: tensor([1.3407e+02, 1.4511e-01, 4.3309e+02, 1.7459e+02])
2024-05-21 00:38:16,427 - ObjectDetectionLogger - INFO - Grid coordinates of bounding box computed successfully
2024-05-21 00:38:16,429 - ObjectDetectionLogger - INFO - Grid coordinates of bounding box computed successfully
2024-05-21 00:38:16,429 - ObjectDetectionLogger - INFO - Percentage of points inside the ROI: 0.00%
2024-05-21 00:38:16,430 - ObjectDetectionLogger - INFO - Bounding box coordinates: tensor([315.2001,  42.4411, 348.9571, 146.0214])
2024-05-21 00:38:16,433 - ObjectDetectionLogger - INFO - Grid coordinates of bounding box computed successfully
2024-05-21 00:38:16,433 - ObjectDetectionLogger - INFO - Grid coordinates of bounding box computed successfully
2024-05-21 00:38:16,434 - ObjectDetectionLogger - INFO - Percentage of points inside the ROI: 0.00%
2024-05-21 00:38:16,435 - ObjectDetectionLogger - INFO - Bounding box coordinates: tensor([519.6844, 209.9568, 639.8112, 479.4527])
2024-05-21 00:38:16,438 - ObjectDetectionLogger - INFO - Grid coordinates of bounding box computed successfully
2024-05-21 00:38:16,438 - ObjectDetectionLogger - INFO - Grid coordinates of bounding box computed successfully
2024-05-21 00:38:16,439 - ObjectDetectionLogger - INFO - Percentage of points inside the ROI: 0.00%
2024-05-21 00:38:16,440 - ObjectDetectionLogger - INFO - Bounding box coordinates: tensor([ 99.5997,  54.8745, 137.4782,  94.1982])
2024-05-21 00:38:16,445 - ObjectDetectionLogger - INFO - Grid coordinates of bounding box computed successfully
2024-05-21 00:38:16,446 - ObjectDetectionLogger - INFO - Grid coordinates of bounding box computed successfully
2024-05-21 00:38:16,448 - ObjectDetectionLogger - INFO - Percentage of points inside the ROI: 0.00%
2024-05-21 00:38:16,510 - ObjectDetectionLogger - INFO - Bounding box coordinates: tensor([1.3423e+02, 1.7810e-01, 4.3308e+02, 1.7452e+02])
2024-05-21 00:38:16,513 - ObjectDetectionLogger - INFO - Grid coordinates of bounding box computed successfully
2024-05-21 00:38:16,514 - ObjectDetectionLogger - INFO - Grid coordinates of bounding box computed successfully
2024-05-21 00:38:16,514 - ObjectDetectionLogger - INFO - Percentage of points inside the ROI: 0.00%
2024-05-21 00:38:16,516 - ObjectDetectionLogger - INFO - Bounding box coordinates: tensor([312.6569,  44.1211, 347.1912, 147.2220])
2024-05-21 00:38:16,521 - ObjectDetectionLogger - INFO - Grid coordinates of bounding box computed successfully
2024-05-21 00:38:16,522 - ObjectDetectionLogger - INFO - Grid coordinates of bounding box computed successfully
2024-05-21 00:38:16,524 - ObjectDetectionLogger - INFO - Percentage of points inside the ROI: 0.00%
2024-05-21 00:38:16,528 - ObjectDetectionLogger - INFO - Bounding box coordinates: tensor([ 95.5017,  57.4116, 136.7097,  96.1998])
2024-05-21 00:38:16,531 - ObjectDetectionLogger - INFO - Grid coordinates of bounding box computed successfully
2024-05-21 00:38:16,531 - ObjectDetectionLogger - INFO - Grid coordinates of bounding box computed successfully
2024-05-21 00:38:16,532 - ObjectDetectionLogger - INFO - Percentage of points inside the ROI: 0.00%
2024-05-21 00:38:16,533 - ObjectDetectionLogger - INFO - Bounding box coordinates: tensor([519.6808, 209.9426, 639.8114, 479.4498])
2024-05-21 00:38:16,536 - ObjectDetectionLogger - INFO - Grid coordinates of bounding box computed successfully
2024-05-21 00:38:16,536 - ObjectDetectionLogger - INFO - Grid coordinates of bounding box computed successfully
2024-05-21 00:38:16,536 - ObjectDetectionLogger - INFO - Percentage of points inside the ROI: 0.00%
2024-05-21 00:38:16,599 - ObjectDetectionLogger - INFO - Bounding box coordinates: tensor([1.3389e+02, 2.0491e-01, 4.3306e+02, 1.7435e+02])
2024-05-21 00:38:16,601 - ObjectDetectionLogger - INFO - Grid coordinates of bounding box computed successfully
2024-05-21 00:38:16,602 - ObjectDetectionLogger - INFO - Grid coordinates of bounding box computed successfully
2024-05-21 00:38:16,603 - ObjectDetectionLogger - INFO - Percentage of points inside the ROI: 0.00%
2024-05-21 00:38:16,604 - ObjectDetectionLogger - INFO - Bounding box coordinates: tensor([310.8704,  46.9550, 352.4737, 149.2849])
2024-05-21 00:38:16,606 - ObjectDetectionLogger - INFO - Grid coordinates of bounding box computed successfully
2024-05-21 00:38:16,607 - ObjectDetectionLogger - INFO - Grid coordinates of bounding box computed successfully
2024-05-21 00:38:16,607 - ObjectDetectionLogger - INFO - Percentage of points inside the ROI: 0.00%
2024-05-21 00:38:16,608 - ObjectDetectionLogger - INFO - Bounding box coordinates: tensor([ 92.3897,  62.4818, 131.5732,  99.6246])
2024-05-21 00:38:16,610 - ObjectDetectionLogger - INFO - Grid coordinates of bounding box computed successfully
2024-05-21 00:38:16,610 - ObjectDetectionLogger - INFO - Grid coordinates of bounding box computed successfully
2024-05-21 00:38:16,611 - ObjectDetectionLogger - INFO - Percentage of points inside the ROI: 0.00%
2024-05-21 00:38:16,612 - ObjectDetectionLogger - INFO - Bounding box coordinates: tensor([519.6831, 209.9380, 639.8118, 479.4402])
2024-05-21 00:38:16,614 - ObjectDetectionLogger - INFO - Grid coordinates of bounding box computed successfully
2024-05-21 00:38:16,614 - ObjectDetectionLogger - INFO - Grid coordinates of bounding box computed successfully
2024-05-21 00:38:16,614 - ObjectDetectionLogger - INFO - Percentage of points inside the ROI: 0.00%
2024-05-21 00:38:16,673 - ObjectDetectionLogger - INFO - Bounding box coordinates: tensor([1.3433e+02, 1.9154e-01, 4.3296e+02, 1.7430e+02])
2024-05-21 00:38:16,676 - ObjectDetectionLogger - INFO - Grid coordinates of bounding box computed successfully
2024-05-21 00:38:16,677 - ObjectDetectionLogger - INFO - Grid coordinates of bounding box computed successfully
2024-05-21 00:38:16,678 - ObjectDetectionLogger - INFO - Percentage of points inside the ROI: 0.00%
2024-05-21 00:38:16,679 - ObjectDetectionLogger - INFO - Bounding box coordinates: tensor([309.9209,  48.5858, 351.2747, 148.4510])
2024-05-21 00:38:16,682 - ObjectDetectionLogger - INFO - Grid coordinates of bounding box computed successfully
2024-05-21 00:38:16,682 - ObjectDetectionLogger - INFO - Grid coordinates of bounding box computed successfully
2024-05-21 00:38:16,682 - ObjectDetectionLogger - INFO - Percentage of points inside the ROI: 0.00%
2024-05-21 00:38:16,684 - ObjectDetectionLogger - INFO - Bounding box coordinates: tensor([ 89.9388,  62.2019, 127.3842, 101.9568])
2024-05-21 00:38:16,685 - ObjectDetectionLogger - INFO - Grid coordinates of bounding box computed successfully
2024-05-21 00:38:16,687 - ObjectDetectionLogger - INFO - Grid coordinates of bounding box computed successfully
2024-05-21 00:38:16,687 - ObjectDetectionLogger - INFO - Percentage of points inside the ROI: 0.00%
2024-05-21 00:38:16,689 - ObjectDetectionLogger - INFO - Bounding box coordinates: tensor([519.6399, 209.9316, 639.8120, 479.4357])
2024-05-21 00:38:16,691 - ObjectDetectionLogger - INFO - Grid coordinates of bounding box computed successfully
2024-05-21 00:38:16,691 - ObjectDetectionLogger - INFO - Grid coordinates of bounding box computed successfully
2024-05-21 00:38:16,692 - ObjectDetectionLogger - INFO - Percentage of points inside the ROI: 0.00%
2024-05-21 00:38:16,768 - ObjectDetectionLogger - INFO - Bounding box coordinates: tensor([1.3477e+02, 1.9460e-01, 4.3296e+02, 1.7444e+02])
2024-05-21 00:38:16,776 - ObjectDetectionLogger - INFO - Grid coordinates of bounding box computed successfully
2024-05-21 00:38:16,779 - ObjectDetectionLogger - INFO - Grid coordinates of bounding box computed successfully
2024-05-21 00:38:16,781 - ObjectDetectionLogger - INFO - Percentage of points inside the ROI: 0.00%
2024-05-21 00:38:16,785 - ObjectDetectionLogger - INFO - Bounding box coordinates: tensor([309.1682,  49.6302, 346.2514, 151.1014])
2024-05-21 00:38:16,793 - ObjectDetectionLogger - INFO - Grid coordinates of bounding box computed successfully
2024-05-21 00:38:16,794 - ObjectDetectionLogger - INFO - Grid coordinates of bounding box computed successfully
2024-05-21 00:38:16,795 - ObjectDetectionLogger - INFO - Percentage of points inside the ROI: 0.00%
2024-05-21 00:38:16,800 - ObjectDetectionLogger - INFO - Bounding box coordinates: tensor([ 83.6198,  66.1595, 124.1016, 105.6227])
2024-05-21 00:38:16,806 - ObjectDetectionLogger - INFO - Grid coordinates of bounding box computed successfully
2024-05-21 00:38:16,807 - ObjectDetectionLogger - INFO - Grid coordinates of bounding box computed successfully
2024-05-21 00:38:16,809 - ObjectDetectionLogger - INFO - Percentage of points inside the ROI: 0.00%
2024-05-21 00:38:16,811 - ObjectDetectionLogger - INFO - Bounding box coordinates: tensor([519.6350, 209.9138, 639.8115, 479.4365])
2024-05-21 00:38:16,816 - ObjectDetectionLogger - INFO - Grid coordinates of bounding box computed successfully
2024-05-21 00:38:16,817 - ObjectDetectionLogger - INFO - Grid coordinates of bounding box computed successfully
2024-05-21 00:38:16,818 - ObjectDetectionLogger - INFO - Percentage of points inside the ROI: 0.00%
2024-05-21 00:38:16,889 - ObjectDetectionLogger - INFO - Bounding box coordinates: tensor([1.3548e+02, 5.6580e-02, 4.3287e+02, 1.7333e+02])
2024-05-21 00:38:16,892 - ObjectDetectionLogger - INFO - Grid coordinates of bounding box computed successfully
2024-05-21 00:38:16,893 - ObjectDetectionLogger - INFO - Grid coordinates of bounding box computed successfully
2024-05-21 00:38:16,894 - ObjectDetectionLogger - INFO - Percentage of points inside the ROI: 0.00%
2024-05-21 00:38:16,895 - ObjectDetectionLogger - INFO - Bounding box coordinates: tensor([307.1222,  50.3178, 347.5032, 165.3098])
2024-05-21 00:38:16,898 - ObjectDetectionLogger - INFO - Grid coordinates of bounding box computed successfully
2024-05-21 00:38:16,899 - ObjectDetectionLogger - INFO - Grid coordinates of bounding box computed successfully
2024-05-21 00:38:16,899 - ObjectDetectionLogger - INFO - Percentage of points inside the ROI: 0.00%
2024-05-21 00:38:16,901 - ObjectDetectionLogger - INFO - Bounding box coordinates: tensor([ 80.0240,  67.3363, 120.7378, 109.8882])
2024-05-21 00:38:16,903 - ObjectDetectionLogger - INFO - Grid coordinates of bounding box computed successfully
2024-05-21 00:38:16,904 - ObjectDetectionLogger - INFO - Grid coordinates of bounding box computed successfully
2024-05-21 00:38:16,904 - ObjectDetectionLogger - INFO - Percentage of points inside the ROI: 0.00%
2024-05-21 00:38:16,906 - ObjectDetectionLogger - INFO - Bounding box coordinates: tensor([519.6420, 209.9294, 639.8104, 479.4322])
2024-05-21 00:38:16,909 - ObjectDetectionLogger - INFO - Grid coordinates of bounding box computed successfully
2024-05-21 00:38:16,909 - ObjectDetectionLogger - INFO - Grid coordinates of bounding box computed successfully
2024-05-21 00:38:16,910 - ObjectDetectionLogger - INFO - Percentage of points inside the ROI: 0.00%
2024-05-21 00:38:16,977 - ObjectDetectionLogger - INFO - Bounding box coordinates: tensor([1.3607e+02, 6.0822e-02, 4.3274e+02, 1.7292e+02])
2024-05-21 00:38:16,980 - ObjectDetectionLogger - INFO - Grid coordinates of bounding box computed successfully
2024-05-21 00:38:16,981 - ObjectDetectionLogger - INFO - Grid coordinates of bounding box computed successfully
2024-05-21 00:38:16,982 - ObjectDetectionLogger - INFO - Percentage of points inside the ROI: 0.00%
2024-05-21 00:38:16,983 - ObjectDetectionLogger - INFO - Bounding box coordinates: tensor([305.1425,  52.8181, 347.4367, 169.8250])
2024-05-21 00:38:16,987 - ObjectDetectionLogger - INFO - Grid coordinates of bounding box computed successfully
2024-05-21 00:38:16,987 - ObjectDetectionLogger - INFO - Grid coordinates of bounding box computed successfully
2024-05-21 00:38:16,987 - ObjectDetectionLogger - INFO - Percentage of points inside the ROI: 0.00%
2024-05-21 00:38:16,989 - ObjectDetectionLogger - INFO - Bounding box coordinates: tensor([ 76.6468,  69.6504, 116.8391, 114.6963])
2024-05-21 00:38:16,992 - ObjectDetectionLogger - INFO - Grid coordinates of bounding box computed successfully
2024-05-21 00:38:16,992 - ObjectDetectionLogger - INFO - Grid coordinates of bounding box computed successfully
2024-05-21 00:38:16,993 - ObjectDetectionLogger - INFO - Percentage of points inside the ROI: 0.00%
2024-05-21 00:38:16,994 - ObjectDetectionLogger - INFO - Bounding box coordinates: tensor([519.6217, 209.9282, 639.8104, 479.4329])
2024-05-21 00:38:16,997 - ObjectDetectionLogger - INFO - Grid coordinates of bounding box computed successfully
2024-05-21 00:38:16,997 - ObjectDetectionLogger - INFO - Grid coordinates of bounding box computed successfully
2024-05-21 00:38:16,998 - ObjectDetectionLogger - INFO - Percentage of points inside the ROI: 0.00%
2024-05-21 00:38:17,063 - ObjectDetectionLogger - INFO - Bounding box coordinates: tensor([1.3511e+02, 2.1297e-01, 4.3305e+02, 1.7422e+02])
2024-05-21 00:38:17,066 - ObjectDetectionLogger - INFO - Grid coordinates of bounding box computed successfully
2024-05-21 00:38:17,067 - ObjectDetectionLogger - INFO - Grid coordinates of bounding box computed successfully
2024-05-21 00:38:17,067 - ObjectDetectionLogger - INFO - Percentage of points inside the ROI: 0.00%
2024-05-21 00:38:17,069 - ObjectDetectionLogger - INFO - Bounding box coordinates: tensor([302.1814,  53.2710, 346.8507, 173.2618])
2024-05-21 00:38:17,072 - ObjectDetectionLogger - INFO - Grid coordinates of bounding box computed successfully
2024-05-21 00:38:17,073 - ObjectDetectionLogger - INFO - Grid coordinates of bounding box computed successfully
2024-05-21 00:38:17,074 - ObjectDetectionLogger - INFO - Percentage of points inside the ROI: 0.00%
2024-05-21 00:38:17,075 - ObjectDetectionLogger - INFO - Bounding box coordinates: tensor([ 75.3898,  72.5643, 112.4640, 117.9313])
2024-05-21 00:38:17,078 - ObjectDetectionLogger - INFO - Grid coordinates of bounding box computed successfully
2024-05-21 00:38:17,078 - ObjectDetectionLogger - INFO - Grid coordinates of bounding box computed successfully
2024-05-21 00:38:17,079 - ObjectDetectionLogger - INFO - Percentage of points inside the ROI: 0.00%
2024-05-21 00:38:17,080 - ObjectDetectionLogger - INFO - Bounding box coordinates: tensor([519.6588, 209.9317, 639.8099, 479.4317])
2024-05-21 00:38:17,083 - ObjectDetectionLogger - INFO - Grid coordinates of bounding box computed successfully
2024-05-21 00:38:17,083 - ObjectDetectionLogger - INFO - Grid coordinates of bounding box computed successfully
2024-05-21 00:38:17,084 - ObjectDetectionLogger - INFO - Percentage of points inside the ROI: 0.00%
2024-05-21 00:38:17,146 - ObjectDetectionLogger - INFO - Bounding box coordinates: tensor([1.3635e+02, 3.6148e-02, 4.3281e+02, 1.7348e+02])
2024-05-21 00:38:17,149 - ObjectDetectionLogger - INFO - Grid coordinates of bounding box computed successfully
2024-05-21 00:38:17,150 - ObjectDetectionLogger - INFO - Grid coordinates of bounding box computed successfully
2024-05-21 00:38:17,151 - ObjectDetectionLogger - INFO - Percentage of points inside the ROI: 0.00%
2024-05-21 00:38:17,152 - ObjectDetectionLogger - INFO - Bounding box coordinates: tensor([300.9723,  54.6968, 344.2017, 178.1871])
2024-05-21 00:38:17,154 - ObjectDetectionLogger - INFO - Grid coordinates of bounding box computed successfully
2024-05-21 00:38:17,155 - ObjectDetectionLogger - INFO - Grid coordinates of bounding box computed successfully
2024-05-21 00:38:17,155 - ObjectDetectionLogger - INFO - Percentage of points inside the ROI: 0.00%
2024-05-21 00:38:17,156 - ObjectDetectionLogger - INFO - Bounding box coordinates: tensor([ 69.3292,  77.0990, 108.5320, 120.3350])
2024-05-21 00:38:17,161 - ObjectDetectionLogger - INFO - Grid coordinates of bounding box computed successfully
2024-05-21 00:38:17,162 - ObjectDetectionLogger - INFO - Grid coordinates of bounding box computed successfully
2024-05-21 00:38:17,164 - ObjectDetectionLogger - INFO - Percentage of points inside the ROI: 0.00%
2024-05-21 00:38:17,168 - ObjectDetectionLogger - INFO - Bounding box coordinates: tensor([315.3112, 101.3880, 336.7750, 178.8343])
2024-05-21 00:38:17,171 - ObjectDetectionLogger - INFO - Grid coordinates of bounding box computed successfully
2024-05-21 00:38:17,171 - ObjectDetectionLogger - INFO - Grid coordinates of bounding box computed successfully
2024-05-21 00:38:17,171 - ObjectDetectionLogger - INFO - Percentage of points inside the ROI: 0.00%
2024-05-21 00:38:17,173 - ObjectDetectionLogger - INFO - Bounding box coordinates: tensor([519.6313, 209.9161, 639.8098, 479.4332])
2024-05-21 00:38:17,175 - ObjectDetectionLogger - INFO - Grid coordinates of bounding box computed successfully
2024-05-21 00:38:17,175 - ObjectDetectionLogger - INFO - Grid coordinates of bounding box computed successfully
2024-05-21 00:38:17,176 - ObjectDetectionLogger - INFO - Percentage of points inside the ROI: 0.00%
2024-05-21 00:38:17,236 - ObjectDetectionLogger - INFO - Bounding box coordinates: tensor([1.3555e+02, 2.3822e-01, 4.3304e+02, 1.7450e+02])
2024-05-21 00:38:17,238 - ObjectDetectionLogger - INFO - Grid coordinates of bounding box computed successfully
2024-05-21 00:38:17,240 - ObjectDetectionLogger - INFO - Grid coordinates of bounding box computed successfully
2024-05-21 00:38:17,240 - ObjectDetectionLogger - INFO - Percentage of points inside the ROI: 0.00%
2024-05-21 00:38:17,241 - ObjectDetectionLogger - INFO - Bounding box coordinates: tensor([300.8960,  55.9891, 342.6505, 181.7534])
2024-05-21 00:38:17,244 - ObjectDetectionLogger - INFO - Grid coordinates of bounding box computed successfully
2024-05-21 00:38:17,244 - ObjectDetectionLogger - INFO - Grid coordinates of bounding box computed successfully
2024-05-21 00:38:17,245 - ObjectDetectionLogger - INFO - Percentage of points inside the ROI: 2.00%
2024-05-21 00:38:17,246 - ObjectDetectionLogger - INFO - Bounding box coordinates: tensor([ 65.8986,  77.4972, 105.2427, 125.9386])
2024-05-21 00:38:17,249 - ObjectDetectionLogger - INFO - Grid coordinates of bounding box computed successfully
2024-05-21 00:38:17,250 - ObjectDetectionLogger - INFO - Grid coordinates of bounding box computed successfully
2024-05-21 00:38:17,250 - ObjectDetectionLogger - INFO - Percentage of points inside the ROI: 0.00%
2024-05-21 00:38:17,252 - ObjectDetectionLogger - INFO - Bounding box coordinates: tensor([519.6232, 209.9363, 639.8090, 479.4375])
2024-05-21 00:38:17,254 - ObjectDetectionLogger - INFO - Grid coordinates of bounding box computed successfully
2024-05-21 00:38:17,255 - ObjectDetectionLogger - INFO - Grid coordinates of bounding box computed successfully
2024-05-21 00:38:17,255 - ObjectDetectionLogger - INFO - Percentage of points inside the ROI: 0.00%
2024-05-21 00:38:17,316 - ObjectDetectionLogger - INFO - Bounding box coordinates: tensor([302.3718,  59.5997, 342.7932, 185.8192])
2024-05-21 00:38:17,318 - ObjectDetectionLogger - INFO - Grid coordinates of bounding box computed successfully
2024-05-21 00:38:17,319 - ObjectDetectionLogger - INFO - Grid coordinates of bounding box computed successfully
2024-05-21 00:38:17,319 - ObjectDetectionLogger - INFO - Percentage of points inside the ROI: 10.00%
2024-05-21 00:38:17,321 - ObjectDetectionLogger - INFO - Bounding box coordinates: tensor([1.3577e+02, 2.7193e-01, 4.3302e+02, 1.7319e+02])
2024-05-21 00:38:17,323 - ObjectDetectionLogger - INFO - Grid coordinates of bounding box computed successfully
2024-05-21 00:38:17,323 - ObjectDetectionLogger - INFO - Grid coordinates of bounding box computed successfully
2024-05-21 00:38:17,324 - ObjectDetectionLogger - INFO - Percentage of points inside the ROI: 0.00%
2024-05-21 00:38:17,326 - ObjectDetectionLogger - INFO - Bounding box coordinates: tensor([ 58.7740,  81.3044, 101.1546, 128.4350])
2024-05-21 00:38:17,328 - ObjectDetectionLogger - INFO - Grid coordinates of bounding box computed successfully
2024-05-21 00:38:17,328 - ObjectDetectionLogger - INFO - Grid coordinates of bounding box computed successfully
2024-05-21 00:38:17,328 - ObjectDetectionLogger - INFO - Percentage of points inside the ROI: 0.00%
2024-05-21 00:38:17,330 - ObjectDetectionLogger - INFO - Bounding box coordinates: tensor([519.6388, 209.9324, 639.8082, 479.4360])
2024-05-21 00:38:17,334 - ObjectDetectionLogger - INFO - Grid coordinates of bounding box computed successfully
2024-05-21 00:38:17,335 - ObjectDetectionLogger - INFO - Grid coordinates of bounding box computed successfully
2024-05-21 00:38:17,337 - ObjectDetectionLogger - INFO - Percentage of points inside the ROI: 0.00%
2024-05-21 00:38:17,396 - ObjectDetectionLogger - INFO - Bounding box coordinates: tensor([301.3275,  62.3240, 341.5226, 189.9871])
2024-05-21 00:38:17,399 - ObjectDetectionLogger - INFO - Grid coordinates of bounding box computed successfully
2024-05-21 00:38:17,400 - ObjectDetectionLogger - INFO - Grid coordinates of bounding box computed successfully
2024-05-21 00:38:17,401 - ObjectDetectionLogger - INFO - Percentage of points inside the ROI: 10.00%
2024-05-21 00:38:17,402 - ObjectDetectionLogger - INFO - Bounding box coordinates: tensor([1.3526e+02, 2.2043e-01, 4.3281e+02, 1.7375e+02])
2024-05-21 00:38:17,405 - ObjectDetectionLogger - INFO - Grid coordinates of bounding box computed successfully
2024-05-21 00:38:17,405 - ObjectDetectionLogger - INFO - Grid coordinates of bounding box computed successfully
2024-05-21 00:38:17,405 - ObjectDetectionLogger - INFO - Percentage of points inside the ROI: 0.00%
2024-05-21 00:38:17,407 - ObjectDetectionLogger - INFO - Bounding box coordinates: tensor([ 56.4220,  83.1329,  97.0722, 133.3047])
2024-05-21 00:38:17,409 - ObjectDetectionLogger - INFO - Grid coordinates of bounding box computed successfully
2024-05-21 00:38:17,411 - ObjectDetectionLogger - INFO - Grid coordinates of bounding box computed successfully
2024-05-21 00:38:17,411 - ObjectDetectionLogger - INFO - Percentage of points inside the ROI: 0.00%
2024-05-21 00:38:17,412 - ObjectDetectionLogger - INFO - Bounding box coordinates: tensor([519.6474, 209.9181, 639.8071, 479.4484])
2024-05-21 00:38:17,417 - ObjectDetectionLogger - INFO - Grid coordinates of bounding box computed successfully
2024-05-21 00:38:17,418 - ObjectDetectionLogger - INFO - Grid coordinates of bounding box computed successfully
2024-05-21 00:38:17,420 - ObjectDetectionLogger - INFO - Percentage of points inside the ROI: 0.00%
2024-05-21 00:38:17,481 - ObjectDetectionLogger - INFO - Bounding box coordinates: tensor([1.3597e+02, 2.9518e-01, 4.3307e+02, 1.7320e+02])
2024-05-21 00:38:17,484 - ObjectDetectionLogger - INFO - Grid coordinates of bounding box computed successfully
2024-05-21 00:38:17,485 - ObjectDetectionLogger - INFO - Grid coordinates of bounding box computed successfully
2024-05-21 00:38:17,485 - ObjectDetectionLogger - INFO - Percentage of points inside the ROI: 0.00%
2024-05-21 00:38:17,487 - ObjectDetectionLogger - INFO - Bounding box coordinates: tensor([296.6062,  66.3310, 339.3608, 191.8541])
2024-05-21 00:38:17,489 - ObjectDetectionLogger - INFO - Grid coordinates of bounding box computed successfully
2024-05-21 00:38:17,489 - ObjectDetectionLogger - INFO - Grid coordinates of bounding box computed successfully
2024-05-21 00:38:17,490 - ObjectDetectionLogger - INFO - Percentage of points inside the ROI: 10.00%
2024-05-21 00:38:17,491 - ObjectDetectionLogger - INFO - Bounding box coordinates: tensor([ 53.2994,  90.0897,  92.1748, 135.1368])
2024-05-21 00:38:17,493 - ObjectDetectionLogger - INFO - Grid coordinates of bounding box computed successfully
2024-05-21 00:38:17,494 - ObjectDetectionLogger - INFO - Grid coordinates of bounding box computed successfully
2024-05-21 00:38:17,494 - ObjectDetectionLogger - INFO - Percentage of points inside the ROI: 0.00%
2024-05-21 00:38:17,495 - ObjectDetectionLogger - INFO - Bounding box coordinates: tensor([519.6079, 209.8992, 639.8068, 479.4539])
2024-05-21 00:38:17,500 - ObjectDetectionLogger - INFO - Grid coordinates of bounding box computed successfully
2024-05-21 00:38:17,501 - ObjectDetectionLogger - INFO - Grid coordinates of bounding box computed successfully
2024-05-21 00:38:17,503 - ObjectDetectionLogger - INFO - Percentage of points inside the ROI: 0.00%
2024-05-21 00:38:17,571 - ObjectDetectionLogger - INFO - Bounding box coordinates: tensor([1.3599e+02, 2.9031e-01, 4.3315e+02, 1.7308e+02])
2024-05-21 00:38:17,573 - ObjectDetectionLogger - INFO - Grid coordinates of bounding box computed successfully
2024-05-21 00:38:17,574 - ObjectDetectionLogger - INFO - Grid coordinates of bounding box computed successfully
2024-05-21 00:38:17,574 - ObjectDetectionLogger - INFO - Percentage of points inside the ROI: 0.00%
2024-05-21 00:38:17,576 - ObjectDetectionLogger - INFO - Bounding box coordinates: tensor([296.4387,  69.9234, 339.4564, 192.1772])
2024-05-21 00:38:17,578 - ObjectDetectionLogger - INFO - Grid coordinates of bounding box computed successfully
2024-05-21 00:38:17,578 - ObjectDetectionLogger - INFO - Grid coordinates of bounding box computed successfully
2024-05-21 00:38:17,579 - ObjectDetectionLogger - INFO - Percentage of points inside the ROI: 10.00%
2024-05-21 00:38:17,580 - ObjectDetectionLogger - INFO - Bounding box coordinates: tensor([ 50.0903,  88.0239,  89.3969, 140.8943])
2024-05-21 00:38:17,586 - ObjectDetectionLogger - INFO - Grid coordinates of bounding box computed successfully
2024-05-21 00:38:17,587 - ObjectDetectionLogger - INFO - Grid coordinates of bounding box computed successfully
2024-05-21 00:38:17,589 - ObjectDetectionLogger - INFO - Percentage of points inside the ROI: 0.00%
2024-05-21 00:38:17,652 - ObjectDetectionLogger - INFO - Bounding box coordinates: tensor([1.3581e+02, 3.0844e-01, 4.3287e+02, 1.7294e+02])
2024-05-21 00:38:17,655 - ObjectDetectionLogger - INFO - Grid coordinates of bounding box computed successfully
2024-05-21 00:38:17,656 - ObjectDetectionLogger - INFO - Grid coordinates of bounding box computed successfully
2024-05-21 00:38:17,656 - ObjectDetectionLogger - INFO - Percentage of points inside the ROI: 0.00%
2024-05-21 00:38:17,657 - ObjectDetectionLogger - INFO - Bounding box coordinates: tensor([290.7300,  71.9565, 335.7188, 192.5625])
2024-05-21 00:38:17,660 - ObjectDetectionLogger - INFO - Grid coordinates of bounding box computed successfully
2024-05-21 00:38:17,660 - ObjectDetectionLogger - INFO - Grid coordinates of bounding box computed successfully
2024-05-21 00:38:17,661 - ObjectDetectionLogger - INFO - Percentage of points inside the ROI: 10.00%
2024-05-21 00:38:17,662 - ObjectDetectionLogger - INFO - Bounding box coordinates: tensor([ 44.4030,  96.3033,  84.1896, 146.3636])
2024-05-21 00:38:17,664 - ObjectDetectionLogger - INFO - Grid coordinates of bounding box computed successfully
2024-05-21 00:38:17,664 - ObjectDetectionLogger - INFO - Grid coordinates of bounding box computed successfully
2024-05-21 00:38:17,665 - ObjectDetectionLogger - INFO - Percentage of points inside the ROI: 0.00%
2024-05-21 00:38:17,743 - ObjectDetectionLogger - INFO - Bounding box coordinates: tensor([1.3552e+02, 2.4345e-01, 4.3260e+02, 1.7374e+02])
2024-05-21 00:38:17,747 - ObjectDetectionLogger - INFO - Grid coordinates of bounding box computed successfully
2024-05-21 00:38:17,749 - ObjectDetectionLogger - INFO - Grid coordinates of bounding box computed successfully
2024-05-21 00:38:17,750 - ObjectDetectionLogger - INFO - Percentage of points inside the ROI: 0.00%
2024-05-21 00:38:17,752 - ObjectDetectionLogger - INFO - Bounding box coordinates: tensor([296.8790,  74.1953, 332.0372, 192.8318])
2024-05-21 00:38:17,756 - ObjectDetectionLogger - INFO - Grid coordinates of bounding box computed successfully
2024-05-21 00:38:17,757 - ObjectDetectionLogger - INFO - Grid coordinates of bounding box computed successfully
2024-05-21 00:38:17,757 - ObjectDetectionLogger - INFO - Percentage of points inside the ROI: 10.00%
2024-05-21 00:38:17,760 - ObjectDetectionLogger - INFO - Bounding box coordinates: tensor([ 39.9762,  96.9767,  80.8726, 149.2497])
2024-05-21 00:38:17,764 - ObjectDetectionLogger - INFO - Grid coordinates of bounding box computed successfully
2024-05-21 00:38:17,764 - ObjectDetectionLogger - INFO - Grid coordinates of bounding box computed successfully
2024-05-21 00:38:17,765 - ObjectDetectionLogger - INFO - Percentage of points inside the ROI: 0.00%
2024-05-21 00:38:17,831 - ObjectDetectionLogger - INFO - Bounding box coordinates: tensor([1.3591e+02, 2.9878e-01, 4.3259e+02, 1.7324e+02])
2024-05-21 00:38:17,834 - ObjectDetectionLogger - INFO - Grid coordinates of bounding box computed successfully
2024-05-21 00:38:17,835 - ObjectDetectionLogger - INFO - Grid coordinates of bounding box computed successfully
2024-05-21 00:38:17,835 - ObjectDetectionLogger - INFO - Percentage of points inside the ROI: 0.00%
2024-05-21 00:38:17,837 - ObjectDetectionLogger - INFO - Bounding box coordinates: tensor([293.3234,  76.2043, 332.2995, 192.5007])
2024-05-21 00:38:17,845 - ObjectDetectionLogger - INFO - Grid coordinates of bounding box computed successfully
2024-05-21 00:38:17,846 - ObjectDetectionLogger - INFO - Grid coordinates of bounding box computed successfully
2024-05-21 00:38:17,848 - ObjectDetectionLogger - INFO - Percentage of points inside the ROI: 10.00%
2024-05-21 00:38:17,849 - ObjectDetectionLogger - INFO - Bounding box coordinates: tensor([ 38.2588, 101.1569,  75.4137, 150.7781])
2024-05-21 00:38:17,852 - ObjectDetectionLogger - INFO - Grid coordinates of bounding box computed successfully
2024-05-21 00:38:17,852 - ObjectDetectionLogger - INFO - Grid coordinates of bounding box computed successfully
2024-05-21 00:38:17,853 - ObjectDetectionLogger - INFO - Percentage of points inside the ROI: 0.00%
2024-05-21 00:38:17,919 - ObjectDetectionLogger - INFO - Bounding box coordinates: tensor([1.3629e+02, 2.9388e-01, 4.3250e+02, 1.7316e+02])
2024-05-21 00:38:17,921 - ObjectDetectionLogger - INFO - Grid coordinates of bounding box computed successfully
2024-05-21 00:38:17,922 - ObjectDetectionLogger - INFO - Grid coordinates of bounding box computed successfully
2024-05-21 00:38:17,923 - ObjectDetectionLogger - INFO - Percentage of points inside the ROI: 0.00%
2024-05-21 00:38:17,924 - ObjectDetectionLogger - INFO - Bounding box coordinates: tensor([291.6384,  77.0304, 328.8019, 192.2096])
2024-05-21 00:38:17,926 - ObjectDetectionLogger - INFO - Grid coordinates of bounding box computed successfully
2024-05-21 00:38:17,927 - ObjectDetectionLogger - INFO - Grid coordinates of bounding box computed successfully
2024-05-21 00:38:17,927 - ObjectDetectionLogger - INFO - Percentage of points inside the ROI: 10.00%
2024-05-21 00:38:17,929 - ObjectDetectionLogger - INFO - Bounding box coordinates: tensor([ 36.7057, 104.5750,  72.9953, 150.4592])
2024-05-21 00:38:17,931 - ObjectDetectionLogger - INFO - Grid coordinates of bounding box computed successfully
2024-05-21 00:38:17,932 - ObjectDetectionLogger - INFO - Grid coordinates of bounding box computed successfully
2024-05-21 00:38:17,932 - ObjectDetectionLogger - INFO - Percentage of points inside the ROI: 0.00%
2024-05-21 00:38:18,014 - ObjectDetectionLogger - INFO - Bounding box coordinates: tensor([1.3588e+02, 2.4101e-01, 4.3251e+02, 1.7376e+02])
2024-05-21 00:38:18,017 - ObjectDetectionLogger - INFO - Grid coordinates of bounding box computed successfully
2024-05-21 00:38:18,018 - ObjectDetectionLogger - INFO - Grid coordinates of bounding box computed successfully
2024-05-21 00:38:18,019 - ObjectDetectionLogger - INFO - Percentage of points inside the ROI: 0.00%
2024-05-21 00:38:18,020 - ObjectDetectionLogger - INFO - Bounding box coordinates: tensor([284.5278,  78.8430, 326.3893, 197.3965])
2024-05-21 00:38:18,023 - ObjectDetectionLogger - INFO - Grid coordinates of bounding box computed successfully
2024-05-21 00:38:18,024 - ObjectDetectionLogger - INFO - Grid coordinates of bounding box computed successfully
2024-05-21 00:38:18,024 - ObjectDetectionLogger - INFO - Percentage of points inside the ROI: 20.00%
2024-05-21 00:38:18,097 - ObjectDetectionLogger - INFO - Bounding box coordinates: tensor([1.3578e+02, 2.4596e-01, 4.3241e+02, 1.7371e+02])
2024-05-21 00:38:18,101 - ObjectDetectionLogger - INFO - Grid coordinates of bounding box computed successfully
2024-05-21 00:38:18,102 - ObjectDetectionLogger - INFO - Grid coordinates of bounding box computed successfully
2024-05-21 00:38:18,103 - ObjectDetectionLogger - INFO - Percentage of points inside the ROI: 0.00%
2024-05-21 00:38:18,105 - ObjectDetectionLogger - INFO - Bounding box coordinates: tensor([284.7991,  80.3159, 325.6576, 200.7751])
2024-05-21 00:38:18,108 - ObjectDetectionLogger - INFO - Grid coordinates of bounding box computed successfully
2024-05-21 00:38:18,108 - ObjectDetectionLogger - INFO - Grid coordinates of bounding box computed successfully
2024-05-21 00:38:18,109 - ObjectDetectionLogger - INFO - Percentage of points inside the ROI: 20.00%
2024-05-21 00:38:18,110 - ObjectDetectionLogger - INFO - Bounding box coordinates: tensor([ 35.2658, 120.0475,  62.2782, 150.2748])
2024-05-21 00:38:18,113 - ObjectDetectionLogger - INFO - Grid coordinates of bounding box computed successfully
2024-05-21 00:38:18,113 - ObjectDetectionLogger - INFO - Grid coordinates of bounding box computed successfully
2024-05-21 00:38:18,114 - ObjectDetectionLogger - INFO - Percentage of points inside the ROI: 0.00%
2024-05-21 00:38:18,186 - ObjectDetectionLogger - INFO - Bounding box coordinates: tensor([1.3612e+02, 3.2736e-01, 4.3227e+02, 1.7376e+02])
2024-05-21 00:38:18,189 - ObjectDetectionLogger - INFO - Grid coordinates of bounding box computed successfully
2024-05-21 00:38:18,191 - ObjectDetectionLogger - INFO - Grid coordinates of bounding box computed successfully
2024-05-21 00:38:18,191 - ObjectDetectionLogger - INFO - Percentage of points inside the ROI: 0.00%
2024-05-21 00:38:18,193 - ObjectDetectionLogger - INFO - Bounding box coordinates: tensor([280.7076,  80.5857, 325.3601, 204.4423])
2024-05-21 00:38:18,195 - ObjectDetectionLogger - INFO - Grid coordinates of bounding box computed successfully
2024-05-21 00:38:18,196 - ObjectDetectionLogger - INFO - Grid coordinates of bounding box computed successfully
2024-05-21 00:38:18,196 - ObjectDetectionLogger - INFO - Percentage of points inside the ROI: 20.00%
2024-05-21 00:38:18,198 - ObjectDetectionLogger - INFO - Bounding box coordinates: tensor([274.0479, 114.1432, 320.7650, 157.4199])
2024-05-21 00:38:18,200 - ObjectDetectionLogger - INFO - Grid coordinates of bounding box computed successfully
2024-05-21 00:38:18,201 - ObjectDetectionLogger - INFO - Grid coordinates of bounding box computed successfully
2024-05-21 00:38:18,201 - ObjectDetectionLogger - INFO - Percentage of points inside the ROI: 0.00%
2024-05-21 00:38:18,202 - ObjectDetectionLogger - INFO - Bounding box coordinates: tensor([ 33.3296, 121.3371,  59.7397, 150.4402])
2024-05-21 00:38:18,205 - ObjectDetectionLogger - INFO - Grid coordinates of bounding box computed successfully
2024-05-21 00:38:18,205 - ObjectDetectionLogger - INFO - Grid coordinates of bounding box computed successfully
2024-05-21 00:38:18,206 - ObjectDetectionLogger - INFO - Percentage of points inside the ROI: 0.00%
2024-05-21 00:38:18,304 - ObjectDetectionLogger - INFO - Bounding box coordinates: tensor([1.3589e+02, 2.2194e-01, 4.3288e+02, 1.7289e+02])
2024-05-21 00:38:18,308 - ObjectDetectionLogger - INFO - Grid coordinates of bounding box computed successfully
2024-05-21 00:38:18,310 - ObjectDetectionLogger - INFO - Grid coordinates of bounding box computed successfully
2024-05-21 00:38:18,311 - ObjectDetectionLogger - INFO - Percentage of points inside the ROI: 0.00%
2024-05-21 00:38:18,312 - ObjectDetectionLogger - INFO - Bounding box coordinates: tensor([279.5463,  81.3114, 324.7424, 206.2540])
2024-05-21 00:38:18,315 - ObjectDetectionLogger - INFO - Grid coordinates of bounding box computed successfully
2024-05-21 00:38:18,317 - ObjectDetectionLogger - INFO - Grid coordinates of bounding box computed successfully
2024-05-21 00:38:18,317 - ObjectDetectionLogger - INFO - Percentage of points inside the ROI: 20.00%
2024-05-21 00:38:18,318 - ObjectDetectionLogger - INFO - Bounding box coordinates: tensor([271.4518, 115.7742, 316.4656, 158.9993])
2024-05-21 00:38:18,321 - ObjectDetectionLogger - INFO - Grid coordinates of bounding box computed successfully
2024-05-21 00:38:18,321 - ObjectDetectionLogger - INFO - Grid coordinates of bounding box computed successfully
2024-05-21 00:38:18,322 - ObjectDetectionLogger - INFO - Percentage of points inside the ROI: 0.00%
2024-05-21 00:38:18,387 - ObjectDetectionLogger - INFO - Bounding box coordinates: tensor([1.3579e+02, 1.8781e-01, 4.3276e+02, 1.7314e+02])
2024-05-21 00:38:18,390 - ObjectDetectionLogger - INFO - Grid coordinates of bounding box computed successfully
2024-05-21 00:38:18,391 - ObjectDetectionLogger - INFO - Grid coordinates of bounding box computed successfully
2024-05-21 00:38:18,391 - ObjectDetectionLogger - INFO - Percentage of points inside the ROI: 0.00%
2024-05-21 00:38:18,392 - ObjectDetectionLogger - INFO - Bounding box coordinates: tensor([276.9720,  81.5848, 322.3009, 207.0955])
2024-05-21 00:38:18,395 - ObjectDetectionLogger - INFO - Grid coordinates of bounding box computed successfully
2024-05-21 00:38:18,395 - ObjectDetectionLogger - INFO - Grid coordinates of bounding box computed successfully
2024-05-21 00:38:18,396 - ObjectDetectionLogger - INFO - Percentage of points inside the ROI: 22.00%
2024-05-21 00:38:18,397 - ObjectDetectionLogger - INFO - Bounding box coordinates: tensor([268.2739, 117.5458, 313.0074, 160.2764])
2024-05-21 00:38:18,400 - ObjectDetectionLogger - INFO - Grid coordinates of bounding box computed successfully
2024-05-21 00:38:18,400 - ObjectDetectionLogger - INFO - Grid coordinates of bounding box computed successfully
2024-05-21 00:38:18,401 - ObjectDetectionLogger - INFO - Percentage of points inside the ROI: 0.00%
2024-05-21 00:38:18,473 - ObjectDetectionLogger - INFO - Bounding box coordinates: tensor([1.3590e+02, 2.0389e-01, 4.3255e+02, 1.7382e+02])
2024-05-21 00:38:18,478 - ObjectDetectionLogger - INFO - Grid coordinates of bounding box computed successfully
2024-05-21 00:38:18,480 - ObjectDetectionLogger - INFO - Grid coordinates of bounding box computed successfully
2024-05-21 00:38:18,482 - ObjectDetectionLogger - INFO - Percentage of points inside the ROI: 0.00%
2024-05-21 00:38:18,484 - ObjectDetectionLogger - INFO - Bounding box coordinates: tensor([272.7097,  82.5627, 320.2809, 207.6140])
2024-05-21 00:38:18,489 - ObjectDetectionLogger - INFO - Grid coordinates of bounding box computed successfully
2024-05-21 00:38:18,489 - ObjectDetectionLogger - INFO - Grid coordinates of bounding box computed successfully
2024-05-21 00:38:18,490 - ObjectDetectionLogger - INFO - Percentage of points inside the ROI: 23.00%
2024-05-21 00:38:18,493 - ObjectDetectionLogger - INFO - Exiting the video processing..
2024-05-21 00:38:18,547 - ObjectDetectionLogger - INFO - Video processing completed
