2024-04-14 14:29:26,723 - ObjectDetectionLogger - INFO - Initialising the application
2024-04-14 14:29:26,724 - ObjectDetectionLogger - INFO - Output directory: 'C:\Users\aido\Desktop\Github Repos\Sequre\data\output\2024-04-14\7f7ff8144630be978f4da38238b5876800e3bcee3f78063edc231a70861cfb59'
2024-04-14 14:29:26,932 - ObjectDetectionLogger - INFO - Opening the video file..
2024-04-14 14:29:26,943 - ObjectDetectionLogger - INFO - Region of interest points loaded successfully. Num points: 8
2024-04-14 14:29:30,634 - ObjectDetectionLogger - INFO - 'car' detected in the frame with confidence: 0.76
2024-04-14 14:29:30,645 - ObjectDetectionLogger - INFO - Grid coordinates of bounding box computed successfully
2024-04-14 14:29:30,646 - ObjectDetectionLogger - INFO - Percentage of points inside the ROI: 0.00%
2024-04-14 14:29:30,646 - ObjectDetectionLogger - INFO - 'person' detected in the frame with confidence: 0.69
2024-04-14 14:29:30,646 - ObjectDetectionLogger - INFO - Grid coordinates of bounding box computed successfully
2024-04-14 14:29:30,646 - ObjectDetectionLogger - INFO - Percentage of points inside the ROI: 100.00%
2024-04-14 14:29:30,647 - ObjectDetectionLogger - INFO - 'person' detected inside the region of interest
2024-04-14 14:29:30,647 - ObjectDetectionLogger - INFO - 'motorcycle' detected in the frame with confidence: 0.33
2024-04-14 14:29:30,648 - ObjectDetectionLogger - INFO - Grid coordinates of bounding box computed successfully
2024-04-14 14:29:30,649 - ObjectDetectionLogger - INFO - Saving frame to: 'C:\Users\aido\Desktop\Github Repos\Sequre\data\output\2024-04-14\7f7ff8144630be978f4da38238b5876800e3bcee3f78063edc231a70861cfb59\person-2024-04-14-14:29:30.jpg'
2024-04-14 14:29:30,649 - ObjectDetectionLogger - INFO - Percentage of points inside the ROI: 63.00%
2024-04-14 14:29:30,649 - ObjectDetectionLogger - INFO - 'motorcycle' detected inside the region of interest
2024-04-14 14:29:30,649 - ObjectDetectionLogger - INFO - Detected object class 'motorcycle' in ROI, though not in classes to monitor
2024-04-14 14:29:30,649 - ObjectDetectionLogger - INFO - 'motorcycle' detected in the frame with confidence: 0.28
2024-04-14 14:29:30,650 - ObjectDetectionLogger - INFO - Grid coordinates of bounding box computed successfully
2024-04-14 14:29:30,650 - ObjectDetectionLogger - INFO - Percentage of points inside the ROI: 12.00%
2024-04-14 14:29:30,650 - ObjectDetectionLogger - INFO - 'motorcycle' detected inside the region of interest
2024-04-14 14:29:30,650 - ObjectDetectionLogger - INFO - Detected object class 'motorcycle' in ROI, though not in classes to monitor
2024-04-14 14:29:30,676 - ObjectDetectionLogger - INFO - Frame saved successfully
2024-04-14 14:29:31,153 - ObjectDetectionLogger - INFO - 'car' detected in the frame with confidence: 0.78
2024-04-14 14:29:31,153 - ObjectDetectionLogger - INFO - Grid coordinates of bounding box computed successfully
2024-04-14 14:29:31,154 - ObjectDetectionLogger - INFO - Percentage of points inside the ROI: 0.00%
2024-04-14 14:29:31,154 - ObjectDetectionLogger - INFO - 'person' detected in the frame with confidence: 0.76
2024-04-14 14:29:31,154 - ObjectDetectionLogger - INFO - Grid coordinates of bounding box computed successfully
2024-04-14 14:29:31,155 - ObjectDetectionLogger - INFO - Percentage of points inside the ROI: 91.00%
2024-04-14 14:29:31,155 - ObjectDetectionLogger - INFO - 'person' detected inside the region of interest
2024-04-14 14:29:31,155 - ObjectDetectionLogger - INFO - 'car' detected in the frame with confidence: 0.68
2024-04-14 14:29:31,156 - ObjectDetectionLogger - INFO - Grid coordinates of bounding box computed successfully
2024-04-14 14:29:31,156 - ObjectDetectionLogger - INFO - Saving frame to: 'C:\Users\aido\Desktop\Github Repos\Sequre\data\output\2024-04-14\7f7ff8144630be978f4da38238b5876800e3bcee3f78063edc231a70861cfb59\person-2024-04-14-14:29:31.jpg'
2024-04-14 14:29:31,156 - ObjectDetectionLogger - INFO - Percentage of points inside the ROI: 70.00%
2024-04-14 14:29:31,157 - ObjectDetectionLogger - INFO - 'car' detected inside the region of interest
2024-04-14 14:29:31,157 - ObjectDetectionLogger - INFO - 'motorcycle' detected in the frame with confidence: 0.32
2024-04-14 14:29:31,157 - ObjectDetectionLogger - INFO - Grid coordinates of bounding box computed successfully
2024-04-14 14:29:31,158 - ObjectDetectionLogger - INFO - Saving frame to: 'C:\Users\aido\Desktop\Github Repos\Sequre\data\output\2024-04-14\7f7ff8144630be978f4da38238b5876800e3bcee3f78063edc231a70861cfb59\car-2024-04-14-14:29:31.jpg'
2024-04-14 14:29:31,158 - ObjectDetectionLogger - INFO - Percentage of points inside the ROI: 12.00%
2024-04-14 14:29:31,158 - ObjectDetectionLogger - INFO - 'motorcycle' detected inside the region of interest
2024-04-14 14:29:31,158 - ObjectDetectionLogger - INFO - Detected object class 'motorcycle' in ROI, though not in classes to monitor
2024-04-14 14:29:31,159 - ObjectDetectionLogger - INFO - Frame saved successfully
2024-04-14 14:29:31,161 - ObjectDetectionLogger - INFO - Frame saved successfully
2024-04-14 14:29:31,344 - ObjectDetectionLogger - INFO - 'car' detected in the frame with confidence: 0.81
2024-04-14 14:29:31,345 - ObjectDetectionLogger - INFO - Grid coordinates of bounding box computed successfully
2024-04-14 14:29:31,345 - ObjectDetectionLogger - INFO - Percentage of points inside the ROI: 0.00%
2024-04-14 14:29:31,345 - ObjectDetectionLogger - INFO - 'person' detected in the frame with confidence: 0.78
2024-04-14 14:29:31,346 - ObjectDetectionLogger - INFO - Grid coordinates of bounding box computed successfully
2024-04-14 14:29:31,346 - ObjectDetectionLogger - INFO - Percentage of points inside the ROI: 83.00%
2024-04-14 14:29:31,346 - ObjectDetectionLogger - INFO - 'person' detected inside the region of interest
2024-04-14 14:29:31,347 - ObjectDetectionLogger - INFO - 'car' detected in the frame with confidence: 0.72
2024-04-14 14:29:31,347 - ObjectDetectionLogger - INFO - Grid coordinates of bounding box computed successfully
2024-04-14 14:29:31,348 - ObjectDetectionLogger - INFO - Percentage of points inside the ROI: 69.00%
2024-04-14 14:29:31,348 - ObjectDetectionLogger - INFO - 'car' detected inside the region of interest
2024-04-14 14:29:31,348 - ObjectDetectionLogger - INFO - Saving frame to: 'C:\Users\aido\Desktop\Github Repos\Sequre\data\output\2024-04-14\7f7ff8144630be978f4da38238b5876800e3bcee3f78063edc231a70861cfb59\person-2024-04-14-14:29:31.jpg'
2024-04-14 14:29:31,349 - ObjectDetectionLogger - INFO - 'motorcycle' detected in the frame with confidence: 0.32
2024-04-14 14:29:31,349 - ObjectDetectionLogger - INFO - Grid coordinates of bounding box computed successfully
2024-04-14 14:29:31,350 - ObjectDetectionLogger - INFO - Percentage of points inside the ROI: 12.00%
2024-04-14 14:29:31,350 - ObjectDetectionLogger - INFO - 'motorcycle' detected inside the region of interest
2024-04-14 14:29:31,350 - ObjectDetectionLogger - INFO - Saving frame to: 'C:\Users\aido\Desktop\Github Repos\Sequre\data\output\2024-04-14\7f7ff8144630be978f4da38238b5876800e3bcee3f78063edc231a70861cfb59\car-2024-04-14-14:29:31.jpg'
2024-04-14 14:29:31,350 - ObjectDetectionLogger - INFO - Detected object class 'motorcycle' in ROI, though not in classes to monitor
2024-04-14 14:29:31,350 - ObjectDetectionLogger - INFO - Frame saved successfully
2024-04-14 14:29:31,351 - ObjectDetectionLogger - INFO - 'car' detected in the frame with confidence: 0.28
2024-04-14 14:29:31,351 - ObjectDetectionLogger - INFO - Grid coordinates of bounding box computed successfully
2024-04-14 14:29:31,351 - ObjectDetectionLogger - INFO - Percentage of points inside the ROI: 12.00%
2024-04-14 14:29:31,351 - ObjectDetectionLogger - INFO - 'car' detected inside the region of interest
2024-04-14 14:29:31,352 - ObjectDetectionLogger - INFO - Frame saved successfully
2024-04-14 14:29:31,353 - ObjectDetectionLogger - INFO - Saving frame to: 'C:\Users\aido\Desktop\Github Repos\Sequre\data\output\2024-04-14\7f7ff8144630be978f4da38238b5876800e3bcee3f78063edc231a70861cfb59\car-2024-04-14-14:29:31.jpg'
2024-04-14 14:29:31,355 - ObjectDetectionLogger - INFO - Frame saved successfully
2024-04-14 14:29:31,538 - ObjectDetectionLogger - INFO - 'car' detected in the frame with confidence: 0.82
2024-04-14 14:29:31,538 - ObjectDetectionLogger - INFO - Grid coordinates of bounding box computed successfully
2024-04-14 14:29:31,539 - ObjectDetectionLogger - INFO - Percentage of points inside the ROI: 70.00%
2024-04-14 14:29:31,539 - ObjectDetectionLogger - INFO - 'car' detected inside the region of interest
2024-04-14 14:29:31,540 - ObjectDetectionLogger - INFO - 'car' detected in the frame with confidence: 0.81
2024-04-14 14:29:31,540 - ObjectDetectionLogger - INFO - Grid coordinates of bounding box computed successfully
2024-04-14 14:29:31,540 - ObjectDetectionLogger - INFO - Percentage of points inside the ROI: 0.00%
2024-04-14 14:29:31,541 - ObjectDetectionLogger - INFO - 'person' detected in the frame with confidence: 0.75
2024-04-14 14:29:31,541 - ObjectDetectionLogger - INFO - Grid coordinates of bounding box computed successfully
2024-04-14 14:29:31,541 - ObjectDetectionLogger - INFO - Saving frame to: 'C:\Users\aido\Desktop\Github Repos\Sequre\data\output\2024-04-14\7f7ff8144630be978f4da38238b5876800e3bcee3f78063edc231a70861cfb59\car-2024-04-14-14:29:31.jpg'
2024-04-14 14:29:31,542 - ObjectDetectionLogger - INFO - Percentage of points inside the ROI: 81.00%
2024-04-14 14:29:31,542 - ObjectDetectionLogger - INFO - 'person' detected inside the region of interest
2024-04-14 14:29:31,543 - ObjectDetectionLogger - INFO - 'car' detected in the frame with confidence: 0.41
2024-04-14 14:29:31,543 - ObjectDetectionLogger - INFO - Grid coordinates of bounding box computed successfully
2024-04-14 14:29:31,544 - ObjectDetectionLogger - INFO - Percentage of points inside the ROI: 12.00%
2024-04-14 14:29:31,544 - ObjectDetectionLogger - INFO - 'car' detected inside the region of interest
2024-04-14 14:29:31,544 - ObjectDetectionLogger - INFO - Frame saved successfully
2024-04-14 14:29:31,544 - ObjectDetectionLogger - INFO - Saving frame to: 'C:\Users\aido\Desktop\Github Repos\Sequre\data\output\2024-04-14\7f7ff8144630be978f4da38238b5876800e3bcee3f78063edc231a70861cfb59\person-2024-04-14-14:29:31.jpg'
2024-04-14 14:29:31,545 - ObjectDetectionLogger - INFO - Saving frame to: 'C:\Users\aido\Desktop\Github Repos\Sequre\data\output\2024-04-14\7f7ff8144630be978f4da38238b5876800e3bcee3f78063edc231a70861cfb59\car-2024-04-14-14:29:31.jpg'
2024-04-14 14:29:31,546 - ObjectDetectionLogger - INFO - Frame saved successfully
2024-04-14 14:29:31,547 - ObjectDetectionLogger - INFO - Frame saved successfully
2024-04-14 14:29:31,733 - ObjectDetectionLogger - INFO - 'car' detected in the frame with confidence: 0.82
2024-04-14 14:29:31,733 - ObjectDetectionLogger - INFO - Grid coordinates of bounding box computed successfully
2024-04-14 14:29:31,734 - ObjectDetectionLogger - INFO - Percentage of points inside the ROI: 0.00%
2024-04-14 14:29:31,734 - ObjectDetectionLogger - INFO - 'car' detected in the frame with confidence: 0.81
2024-04-14 14:29:31,734 - ObjectDetectionLogger - INFO - Grid coordinates of bounding box computed successfully
2024-04-14 14:29:31,735 - ObjectDetectionLogger - INFO - Percentage of points inside the ROI: 70.00%
2024-04-14 14:29:31,735 - ObjectDetectionLogger - INFO - 'car' detected inside the region of interest
2024-04-14 14:29:31,735 - ObjectDetectionLogger - INFO - 'person' detected in the frame with confidence: 0.77
2024-04-14 14:29:31,736 - ObjectDetectionLogger - INFO - Grid coordinates of bounding box computed successfully
2024-04-14 14:29:31,736 - ObjectDetectionLogger - INFO - Percentage of points inside the ROI: 71.00%
2024-04-14 14:29:31,736 - ObjectDetectionLogger - INFO - 'person' detected inside the region of interest
2024-04-14 14:29:31,737 - ObjectDetectionLogger - INFO - 'car' detected in the frame with confidence: 0.41
2024-04-14 14:29:31,737 - ObjectDetectionLogger - INFO - Saving frame to: 'C:\Users\aido\Desktop\Github Repos\Sequre\data\output\2024-04-14\7f7ff8144630be978f4da38238b5876800e3bcee3f78063edc231a70861cfb59\car-2024-04-14-14:29:31.jpg'
2024-04-14 14:29:31,737 - ObjectDetectionLogger - INFO - Grid coordinates of bounding box computed successfully
2024-04-14 14:29:31,738 - ObjectDetectionLogger - INFO - Percentage of points inside the ROI: 12.00%
2024-04-14 14:29:31,738 - ObjectDetectionLogger - INFO - 'car' detected inside the region of interest
2024-04-14 14:29:31,738 - ObjectDetectionLogger - INFO - Saving frame to: 'C:\Users\aido\Desktop\Github Repos\Sequre\data\output\2024-04-14\7f7ff8144630be978f4da38238b5876800e3bcee3f78063edc231a70861cfb59\person-2024-04-14-14:29:31.jpg'
2024-04-14 14:29:31,739 - ObjectDetectionLogger - INFO - Frame saved successfully
2024-04-14 14:29:31,740 - ObjectDetectionLogger - INFO - Saving frame to: 'C:\Users\aido\Desktop\Github Repos\Sequre\data\output\2024-04-14\7f7ff8144630be978f4da38238b5876800e3bcee3f78063edc231a70861cfb59\car-2024-04-14-14:29:31.jpg'
2024-04-14 14:29:31,741 - ObjectDetectionLogger - INFO - Frame saved successfully
2024-04-14 14:29:31,742 - ObjectDetectionLogger - INFO - Frame saved successfully
2024-04-14 14:29:31,918 - ObjectDetectionLogger - INFO - 'person' detected in the frame with confidence: 0.86
2024-04-14 14:29:31,919 - ObjectDetectionLogger - INFO - Grid coordinates of bounding box computed successfully
2024-04-14 14:29:31,919 - ObjectDetectionLogger - INFO - Percentage of points inside the ROI: 60.00%
2024-04-14 14:29:31,919 - ObjectDetectionLogger - INFO - 'person' detected inside the region of interest
2024-04-14 14:29:31,920 - ObjectDetectionLogger - INFO - 'car' detected in the frame with confidence: 0.83
2024-04-14 14:29:31,920 - ObjectDetectionLogger - INFO - Grid coordinates of bounding box computed successfully
2024-04-14 14:29:31,921 - ObjectDetectionLogger - INFO - Saving frame to: 'C:\Users\aido\Desktop\Github Repos\Sequre\data\output\2024-04-14\7f7ff8144630be978f4da38238b5876800e3bcee3f78063edc231a70861cfb59\person-2024-04-14-14:29:31.jpg'
2024-04-14 14:29:31,921 - ObjectDetectionLogger - INFO - Percentage of points inside the ROI: 0.00%
2024-04-14 14:29:31,921 - ObjectDetectionLogger - INFO - 'car' detected in the frame with confidence: 0.77
2024-04-14 14:29:31,921 - ObjectDetectionLogger - INFO - Grid coordinates of bounding box computed successfully
2024-04-14 14:29:31,922 - ObjectDetectionLogger - INFO - Percentage of points inside the ROI: 69.00%
2024-04-14 14:29:31,922 - ObjectDetectionLogger - INFO - 'car' detected inside the region of interest
2024-04-14 14:29:31,922 - ObjectDetectionLogger - INFO - 'car' detected in the frame with confidence: 0.36
2024-04-14 14:29:31,923 - ObjectDetectionLogger - INFO - Frame saved successfully
2024-04-14 14:29:31,923 - ObjectDetectionLogger - INFO - Grid coordinates of bounding box computed successfully
2024-04-14 14:29:31,923 - ObjectDetectionLogger - INFO - Percentage of points inside the ROI: 12.00%
2024-04-14 14:29:31,924 - ObjectDetectionLogger - INFO - 'car' detected inside the region of interest
2024-04-14 14:29:31,924 - ObjectDetectionLogger - INFO - Saving frame to: 'C:\Users\aido\Desktop\Github Repos\Sequre\data\output\2024-04-14\7f7ff8144630be978f4da38238b5876800e3bcee3f78063edc231a70861cfb59\car-2024-04-14-14:29:31.jpg'
2024-04-14 14:29:31,925 - ObjectDetectionLogger - INFO - Saving frame to: 'C:\Users\aido\Desktop\Github Repos\Sequre\data\output\2024-04-14\7f7ff8144630be978f4da38238b5876800e3bcee3f78063edc231a70861cfb59\car-2024-04-14-14:29:31.jpg'
2024-04-14 14:29:31,926 - ObjectDetectionLogger - INFO - Frame saved successfully
2024-04-14 14:29:31,927 - ObjectDetectionLogger - INFO - Frame saved successfully
2024-04-14 14:29:32,112 - ObjectDetectionLogger - INFO - 'person' detected in the frame with confidence: 0.87
2024-04-14 14:29:32,113 - ObjectDetectionLogger - INFO - Grid coordinates of bounding box computed successfully
2024-04-14 14:29:32,113 - ObjectDetectionLogger - INFO - Percentage of points inside the ROI: 52.00%
2024-04-14 14:29:32,113 - ObjectDetectionLogger - INFO - 'person' detected inside the region of interest
2024-04-14 14:29:32,114 - ObjectDetectionLogger - INFO - 'car' detected in the frame with confidence: 0.83
2024-04-14 14:29:32,114 - ObjectDetectionLogger - INFO - Grid coordinates of bounding box computed successfully
2024-04-14 14:29:32,115 - ObjectDetectionLogger - INFO - Saving frame to: 'C:\Users\aido\Desktop\Github Repos\Sequre\data\output\2024-04-14\7f7ff8144630be978f4da38238b5876800e3bcee3f78063edc231a70861cfb59\person-2024-04-14-14:29:32.jpg'
2024-04-14 14:29:32,115 - ObjectDetectionLogger - INFO - Percentage of points inside the ROI: 0.00%
2024-04-14 14:29:32,115 - ObjectDetectionLogger - INFO - 'car' detected in the frame with confidence: 0.76
2024-04-14 14:29:32,115 - ObjectDetectionLogger - INFO - Grid coordinates of bounding box computed successfully
2024-04-14 14:29:32,116 - ObjectDetectionLogger - INFO - Percentage of points inside the ROI: 68.00%
2024-04-14 14:29:32,116 - ObjectDetectionLogger - INFO - 'car' detected inside the region of interest
2024-04-14 14:29:32,117 - ObjectDetectionLogger - INFO - 'car' detected in the frame with confidence: 0.40
2024-04-14 14:29:32,117 - ObjectDetectionLogger - INFO - Grid coordinates of bounding box computed successfully
2024-04-14 14:29:32,118 - ObjectDetectionLogger - INFO - Percentage of points inside the ROI: 12.00%
2024-04-14 14:29:32,118 - ObjectDetectionLogger - INFO - 'car' detected inside the region of interest
2024-04-14 14:29:32,118 - ObjectDetectionLogger - INFO - Frame saved successfully
2024-04-14 14:29:32,118 - ObjectDetectionLogger - INFO - Saving frame to: 'C:\Users\aido\Desktop\Github Repos\Sequre\data\output\2024-04-14\7f7ff8144630be978f4da38238b5876800e3bcee3f78063edc231a70861cfb59\car-2024-04-14-14:29:32.jpg'
2024-04-14 14:29:32,119 - ObjectDetectionLogger - INFO - Saving frame to: 'C:\Users\aido\Desktop\Github Repos\Sequre\data\output\2024-04-14\7f7ff8144630be978f4da38238b5876800e3bcee3f78063edc231a70861cfb59\car-2024-04-14-14:29:32.jpg'
2024-04-14 14:29:32,121 - ObjectDetectionLogger - INFO - Frame saved successfully
2024-04-14 14:29:32,122 - ObjectDetectionLogger - INFO - Frame saved successfully
2024-04-14 14:29:32,301 - ObjectDetectionLogger - INFO - 'person' detected in the frame with confidence: 0.85
2024-04-14 14:29:32,301 - ObjectDetectionLogger - INFO - Grid coordinates of bounding box computed successfully
2024-04-14 14:29:32,302 - ObjectDetectionLogger - INFO - Percentage of points inside the ROI: 51.00%
2024-04-14 14:29:32,302 - ObjectDetectionLogger - INFO - 'person' detected inside the region of interest
2024-04-14 14:29:32,303 - ObjectDetectionLogger - INFO - 'car' detected in the frame with confidence: 0.83
2024-04-14 14:29:32,303 - ObjectDetectionLogger - INFO - Grid coordinates of bounding box computed successfully
2024-04-14 14:29:32,304 - ObjectDetectionLogger - INFO - Percentage of points inside the ROI: 0.00%
2024-04-14 14:29:32,304 - ObjectDetectionLogger - INFO - 'car' detected in the frame with confidence: 0.81
2024-04-14 14:29:32,304 - ObjectDetectionLogger - INFO - Grid coordinates of bounding box computed successfully
2024-04-14 14:29:32,304 - ObjectDetectionLogger - INFO - Saving frame to: 'C:\Users\aido\Desktop\Github Repos\Sequre\data\output\2024-04-14\7f7ff8144630be978f4da38238b5876800e3bcee3f78063edc231a70861cfb59\person-2024-04-14-14:29:32.jpg'
2024-04-14 14:29:32,305 - ObjectDetectionLogger - INFO - Percentage of points inside the ROI: 69.00%
2024-04-14 14:29:32,305 - ObjectDetectionLogger - INFO - 'car' detected inside the region of interest
2024-04-14 14:29:32,306 - ObjectDetectionLogger - INFO - 'car' detected in the frame with confidence: 0.40
2024-04-14 14:29:32,306 - ObjectDetectionLogger - INFO - Grid coordinates of bounding box computed successfully
2024-04-14 14:29:32,306 - ObjectDetectionLogger - INFO - Saving frame to: 'C:\Users\aido\Desktop\Github Repos\Sequre\data\output\2024-04-14\7f7ff8144630be978f4da38238b5876800e3bcee3f78063edc231a70861cfb59\car-2024-04-14-14:29:32.jpg'
2024-04-14 14:29:32,307 - ObjectDetectionLogger - INFO - Frame saved successfully
2024-04-14 14:29:32,307 - ObjectDetectionLogger - INFO - Percentage of points inside the ROI: 12.00%
2024-04-14 14:29:32,307 - ObjectDetectionLogger - INFO - 'car' detected inside the region of interest
2024-04-14 14:29:32,308 - ObjectDetectionLogger - INFO - Saving frame to: 'C:\Users\aido\Desktop\Github Repos\Sequre\data\output\2024-04-14\7f7ff8144630be978f4da38238b5876800e3bcee3f78063edc231a70861cfb59\car-2024-04-14-14:29:32.jpg'
2024-04-14 14:29:32,309 - ObjectDetectionLogger - INFO - Frame saved successfully
2024-04-14 14:29:32,311 - ObjectDetectionLogger - INFO - Frame saved successfully
2024-04-14 14:29:32,493 - ObjectDetectionLogger - INFO - 'car' detected in the frame with confidence: 0.84
2024-04-14 14:29:32,493 - ObjectDetectionLogger - INFO - Grid coordinates of bounding box computed successfully
2024-04-14 14:29:32,494 - ObjectDetectionLogger - INFO - Percentage of points inside the ROI: 0.00%
2024-04-14 14:29:32,494 - ObjectDetectionLogger - INFO - 'car' detected in the frame with confidence: 0.81
2024-04-14 14:29:32,494 - ObjectDetectionLogger - INFO - Grid coordinates of bounding box computed successfully
2024-04-14 14:29:32,495 - ObjectDetectionLogger - INFO - Percentage of points inside the ROI: 69.00%
2024-04-14 14:29:32,495 - ObjectDetectionLogger - INFO - 'car' detected inside the region of interest
2024-04-14 14:29:32,495 - ObjectDetectionLogger - INFO - 'person' detected in the frame with confidence: 0.73
2024-04-14 14:29:32,496 - ObjectDetectionLogger - INFO - Grid coordinates of bounding box computed successfully
2024-04-14 14:29:32,496 - ObjectDetectionLogger - INFO - Percentage of points inside the ROI: 43.00%
2024-04-14 14:29:32,496 - ObjectDetectionLogger - INFO - 'person' detected inside the region of interest
2024-04-14 14:29:32,497 - ObjectDetectionLogger - INFO - Saving frame to: 'C:\Users\aido\Desktop\Github Repos\Sequre\data\output\2024-04-14\7f7ff8144630be978f4da38238b5876800e3bcee3f78063edc231a70861cfb59\car-2024-04-14-14:29:32.jpg'
2024-04-14 14:29:32,497 - ObjectDetectionLogger - INFO - 'car' detected in the frame with confidence: 0.46
2024-04-14 14:29:32,497 - ObjectDetectionLogger - INFO - Grid coordinates of bounding box computed successfully
2024-04-14 14:29:32,498 - ObjectDetectionLogger - INFO - Percentage of points inside the ROI: 12.00%
2024-04-14 14:29:32,498 - ObjectDetectionLogger - INFO - 'car' detected inside the region of interest
2024-04-14 14:29:32,498 - ObjectDetectionLogger - INFO - Saving frame to: 'C:\Users\aido\Desktop\Github Repos\Sequre\data\output\2024-04-14\7f7ff8144630be978f4da38238b5876800e3bcee3f78063edc231a70861cfb59\person-2024-04-14-14:29:32.jpg'
2024-04-14 14:29:32,499 - ObjectDetectionLogger - INFO - Frame saved successfully
2024-04-14 14:29:32,499 - ObjectDetectionLogger - INFO - Saving frame to: 'C:\Users\aido\Desktop\Github Repos\Sequre\data\output\2024-04-14\7f7ff8144630be978f4da38238b5876800e3bcee3f78063edc231a70861cfb59\car-2024-04-14-14:29:32.jpg'
2024-04-14 14:29:32,500 - ObjectDetectionLogger - INFO - Frame saved successfully
2024-04-14 14:29:32,501 - ObjectDetectionLogger - INFO - Frame saved successfully
2024-04-14 14:29:32,690 - ObjectDetectionLogger - INFO - 'person' detected in the frame with confidence: 0.85
2024-04-14 14:29:32,690 - ObjectDetectionLogger - INFO - Grid coordinates of bounding box computed successfully
2024-04-14 14:29:32,690 - ObjectDetectionLogger - INFO - Percentage of points inside the ROI: 33.00%
2024-04-14 14:29:32,691 - ObjectDetectionLogger - INFO - 'person' detected inside the region of interest
2024-04-14 14:29:32,691 - ObjectDetectionLogger - INFO - 'car' detected in the frame with confidence: 0.84
2024-04-14 14:29:32,692 - ObjectDetectionLogger - INFO - Grid coordinates of bounding box computed successfully
2024-04-14 14:29:32,693 - ObjectDetectionLogger - INFO - Percentage of points inside the ROI: 0.00%
2024-04-14 14:29:32,693 - ObjectDetectionLogger - INFO - Saving frame to: 'C:\Users\aido\Desktop\Github Repos\Sequre\data\output\2024-04-14\7f7ff8144630be978f4da38238b5876800e3bcee3f78063edc231a70861cfb59\person-2024-04-14-14:29:32.jpg'
2024-04-14 14:29:32,693 - ObjectDetectionLogger - INFO - 'car' detected in the frame with confidence: 0.80
2024-04-14 14:29:32,693 - ObjectDetectionLogger - INFO - Grid coordinates of bounding box computed successfully
2024-04-14 14:29:32,694 - ObjectDetectionLogger - INFO - Percentage of points inside the ROI: 68.00%
2024-04-14 14:29:32,694 - ObjectDetectionLogger - INFO - 'car' detected inside the region of interest
2024-04-14 14:29:32,695 - ObjectDetectionLogger - INFO - 'car' detected in the frame with confidence: 0.45
2024-04-14 14:29:32,695 - ObjectDetectionLogger - INFO - Grid coordinates of bounding box computed successfully
2024-04-14 14:29:32,696 - ObjectDetectionLogger - INFO - Frame saved successfully
2024-04-14 14:29:32,696 - ObjectDetectionLogger - INFO - Percentage of points inside the ROI: 12.00%
2024-04-14 14:29:32,696 - ObjectDetectionLogger - INFO - 'car' detected inside the region of interest
2024-04-14 14:29:32,696 - ObjectDetectionLogger - INFO - Saving frame to: 'C:\Users\aido\Desktop\Github Repos\Sequre\data\output\2024-04-14\7f7ff8144630be978f4da38238b5876800e3bcee3f78063edc231a70861cfb59\car-2024-04-14-14:29:32.jpg'
2024-04-14 14:29:32,697 - ObjectDetectionLogger - INFO - 'handbag' detected in the frame with confidence: 0.26
2024-04-14 14:29:32,697 - ObjectDetectionLogger - INFO - Grid coordinates of bounding box computed successfully
2024-04-14 14:29:32,697 - ObjectDetectionLogger - INFO - Saving frame to: 'C:\Users\aido\Desktop\Github Repos\Sequre\data\output\2024-04-14\7f7ff8144630be978f4da38238b5876800e3bcee3f78063edc231a70861cfb59\car-2024-04-14-14:29:32.jpg'
2024-04-14 14:29:32,698 - ObjectDetectionLogger - INFO - Percentage of points inside the ROI: 71.00%
2024-04-14 14:29:32,698 - ObjectDetectionLogger - INFO - 'handbag' detected inside the region of interest
2024-04-14 14:29:32,698 - ObjectDetectionLogger - INFO - Detected object class 'handbag' in ROI, though not in classes to monitor
2024-04-14 14:29:32,699 - ObjectDetectionLogger - INFO - Frame saved successfully
2024-04-14 14:29:32,700 - ObjectDetectionLogger - INFO - Frame saved successfully
2024-04-14 14:29:32,882 - ObjectDetectionLogger - INFO - 'person' detected in the frame with confidence: 0.84
2024-04-14 14:29:32,882 - ObjectDetectionLogger - INFO - Grid coordinates of bounding box computed successfully
2024-04-14 14:29:32,882 - ObjectDetectionLogger - INFO - Percentage of points inside the ROI: 33.00%
2024-04-14 14:29:32,882 - ObjectDetectionLogger - INFO - 'person' detected inside the region of interest
2024-04-14 14:29:32,883 - ObjectDetectionLogger - INFO - 'car' detected in the frame with confidence: 0.84
2024-04-14 14:29:32,883 - ObjectDetectionLogger - INFO - Grid coordinates of bounding box computed successfully
2024-04-14 14:29:32,884 - ObjectDetectionLogger - INFO - Percentage of points inside the ROI: 0.00%
2024-04-14 14:29:32,884 - ObjectDetectionLogger - INFO - Saving frame to: 'C:\Users\aido\Desktop\Github Repos\Sequre\data\output\2024-04-14\7f7ff8144630be978f4da38238b5876800e3bcee3f78063edc231a70861cfb59\person-2024-04-14-14:29:32.jpg'
2024-04-14 14:29:32,884 - ObjectDetectionLogger - INFO - 'car' detected in the frame with confidence: 0.82
2024-04-14 14:29:32,885 - ObjectDetectionLogger - INFO - Grid coordinates of bounding box computed successfully
2024-04-14 14:29:32,885 - ObjectDetectionLogger - INFO - Percentage of points inside the ROI: 68.00%
2024-04-14 14:29:32,885 - ObjectDetectionLogger - INFO - 'car' detected inside the region of interest
2024-04-14 14:29:32,886 - ObjectDetectionLogger - INFO - 'car' detected in the frame with confidence: 0.44
2024-04-14 14:29:32,886 - ObjectDetectionLogger - INFO - Grid coordinates of bounding box computed successfully
2024-04-14 14:29:32,887 - ObjectDetectionLogger - INFO - Frame saved successfully
2024-04-14 14:29:32,887 - ObjectDetectionLogger - INFO - Saving frame to: 'C:\Users\aido\Desktop\Github Repos\Sequre\data\output\2024-04-14\7f7ff8144630be978f4da38238b5876800e3bcee3f78063edc231a70861cfb59\car-2024-04-14-14:29:32.jpg'
2024-04-14 14:29:32,887 - ObjectDetectionLogger - INFO - Percentage of points inside the ROI: 12.00%
2024-04-14 14:29:32,887 - ObjectDetectionLogger - INFO - 'car' detected inside the region of interest
2024-04-14 14:29:32,888 - ObjectDetectionLogger - INFO - Saving frame to: 'C:\Users\aido\Desktop\Github Repos\Sequre\data\output\2024-04-14\7f7ff8144630be978f4da38238b5876800e3bcee3f78063edc231a70861cfb59\car-2024-04-14-14:29:32.jpg'
2024-04-14 14:29:32,889 - ObjectDetectionLogger - INFO - Frame saved successfully
2024-04-14 14:29:32,890 - ObjectDetectionLogger - INFO - Frame saved successfully
2024-04-14 14:29:32,893 - ObjectDetectionLogger - INFO - Exiting the video processing..
2024-04-14 14:29:32,918 - ObjectDetectionLogger - INFO - Video processing completed
